40.0 APEX_CODE,FINEST;APEX_PROFILING,INFO;CALLOUT,INFO;DB,INFO;SYSTEM,DEBUG;VALIDATION,INFO;VISUALFORCE,INFO;WAVE,INFO;WORKFLOW,INFO
18:51:44.0 (54510)|USER_INFO|[EXTERNAL]|00528000001JBjQ|ramu.veligeti@yahoo.co.in|Pacific Standard Time|GMT-07:00
18:51:44.0 (85038)|EXECUTION_STARTED
18:51:44.0 (88147)|CODE_UNIT_STARTED|[EXTERNAL]|Aura
18:51:44.0 (527591)|HEAP_ALLOCATE|[72]|Bytes:3
18:51:44.0 (591116)|HEAP_ALLOCATE|[77]|Bytes:152
18:51:44.0 (603434)|HEAP_ALLOCATE|[342]|Bytes:408
18:51:44.0 (616758)|HEAP_ALLOCATE|[355]|Bytes:408
18:51:44.0 (629362)|HEAP_ALLOCATE|[467]|Bytes:48
18:51:44.0 (671879)|HEAP_ALLOCATE|[139]|Bytes:6
18:51:44.0 (685238)|HEAP_ALLOCATE|[EXTERNAL]|Bytes:18
18:51:44.0 (701470)|HEAP_ALLOCATE|[EXTERNAL]|Bytes:4
18:51:44.0 (961832)|HEAP_ALLOCATE|[EXTERNAL]|Bytes:12
18:51:44.0 (970622)|HEAP_ALLOCATE|[EXTERNAL]|Bytes:12
18:51:44.0 (1705466)|CODE_UNIT_STARTED|[EXTERNAL]|01p2800000FELrp|RecentlyViewedRecords.queryCompactLayout
18:51:44.0 (1763444)|VARIABLE_SCOPE_BEGIN|[2]|RecentlyViewedRecords.FIELDSET_NAME|String|false|true
18:51:44.0 (2015133)|VARIABLE_SCOPE_BEGIN|[3]|RecentlyViewedRecords.private_apiFieldNames|Map<String,Set<String>>|true|true
18:51:44.0 (2025549)|VARIABLE_SCOPE_BEGIN|[5]|RecentlyViewedRecords.rvi|Recently_Viewed__c|true|true
18:51:44.0 (2032185)|VARIABLE_SCOPE_BEGIN|[4]|RecentlyViewedRecords.schemaMap|Map<String,Schema.SObjectType>|true|true
18:51:44.0 (2073973)|HEAP_ALLOCATE|[EXTERNAL]|Bytes:35
18:51:44.0 (2081686)|HEAP_ALLOCATE|[EXTERNAL]|Bytes:20
18:51:44.0 (2085685)|HEAP_ALLOCATE|[EXTERNAL]|Bytes:38
18:51:44.0 (2154452)|METHOD_ENTRY|[1]|01p2800000FELrp|RecentlyViewedRecords.RecentlyViewedRecords()
18:51:44.0 (2161508)|STATEMENT_EXECUTE|[1]
18:51:44.0 (2165825)|STATEMENT_EXECUTE|[1]
18:51:44.0 (2166937)|STATEMENT_EXECUTE|[2]
18:51:44.0 (2177423)|HEAP_ALLOCATE|[2]|Bytes:19
18:51:44.0 (2206688)|VARIABLE_ASSIGNMENT|[2]|RecentlyViewedRecords.FIELDSET_NAME|"RecentlyViewedHover"
18:51:44.0 (2214803)|STATEMENT_EXECUTE|[3]
18:51:44.0 (2220145)|HEAP_ALLOCATE|[3]|Bytes:4
18:51:44.0 (2262778)|VARIABLE_ASSIGNMENT|[3]|RecentlyViewedRecords.private_apiFieldNames|{}|0x659c9d25
18:51:44.0 (2272384)|STATEMENT_EXECUTE|[4]
18:51:44.0 (2307632)|HEAP_ALLOCATE|[50]|Bytes:5
18:51:44.0 (2325982)|HEAP_ALLOCATE|[56]|Bytes:5
18:51:44.0 (2333482)|HEAP_ALLOCATE|[64]|Bytes:7
18:51:44.0 (19067840)|HEAP_ALLOCATE|[4]|Bytes:1456
18:51:44.0 (19478738)|VARIABLE_ASSIGNMENT|[4]|RecentlyViewedRecords.schemaMap|"{acceptedeventrelation=AcceptedEventRelation, acchierarchy__account_hierarchy__mdt=accHierarchy__Account_Hierarchy__mdt, acchierarchy__account_hierarchy_setup__c=accHierarchy__Account_Hierarchy_Setup__c, account=Account, accountcleaninfo=AccountCleanInfo, accountcontactrole=AccountContactRole, accountfeed=AccountFeed, accounthistory=AccountHistory, accountpartner=AccountPartner, accountshare=AccountShare, ...}"|0x792191c7
18:51:44.0 (19506146)|STATEMENT_EXECUTE|[5]
18:51:44.0 (20568507)|HEAP_ALLOCATE|[5]|Bytes:20
18:51:44.0 (20614265)|VARIABLE_ASSIGNMENT|[5]|RecentlyViewedRecords.rvi|{"IsDeleted":false,"Name":"a0d28000002ZKNz","SetupOwnerId":"00528000001JBjQAAW","Records_to_Display__ (1 more) ...":"20"}|0x1e179639
18:51:44.0 (20627774)|STATEMENT_EXECUTE|[147]
18:51:44.0 (20629863)|STATEMENT_EXECUTE|[167]
18:51:44.0 (20660253)|METHOD_EXIT|[1]|RecentlyViewedRecords
18:51:44.0 (20672621)|HEAP_ALLOCATE|[EXTERNAL]|Bytes:4
18:51:44.0 (20678543)|HEAP_ALLOCATE|[EXTERNAL]|Bytes:12
18:51:44.0 (20688994)|SYSTEM_MODE_ENTER|false
18:51:44.0 (20701473)|VARIABLE_SCOPE_BEGIN|[33]|rvId|Id|false|false
18:51:44.0 (20783288)|VARIABLE_ASSIGNMENT|[33]|rvId|"a0f28000008b0TVAAY"
18:51:44.0 (20794358)|VARIABLE_SCOPE_BEGIN|[33]|objName|String|false|false
18:51:44.0 (20813765)|VARIABLE_ASSIGNMENT|[33]|objName|"Scheduler__c"
18:51:44.0 (20834678)|STATEMENT_EXECUTE|[33]
18:51:44.0 (20836998)|STATEMENT_EXECUTE|[34]
18:51:44.0 (20847221)|HEAP_ALLOCATE|[34]|Bytes:4
18:51:44.0 (20868140)|VARIABLE_SCOPE_BEGIN|[34]|objMap|Map<String,String>|true|false
18:51:44.0 (20891790)|VARIABLE_ASSIGNMENT|[34]|objMap|{}|0x1f63456b
18:51:44.0 (20900766)|STATEMENT_EXECUTE|[35]
18:51:44.0 (21036403)|HEAP_ALLOCATE|[35]|Bytes:4
18:51:44.0 (21180188)|VARIABLE_SCOPE_BEGIN|[35]|owList|List<RecentlyViewedRecords.objectWrapper>|true|false
18:51:44.0 (21216714)|HEAP_ALLOCATE|[EXTERNAL]|Bytes:4
18:51:44.0 (21230991)|VARIABLE_ASSIGNMENT|[35]|owList|[]|0x6a3950e9
18:51:44.0 (21240743)|STATEMENT_EXECUTE|[36]
18:51:44.0 (29812447)|HEAP_ALLOCATE|[36]|Bytes:1628
18:51:44.0 (29849158)|VARIABLE_SCOPE_BEGIN|[36]|globalDescribeMap|Map<String,Schema.SObjectType>|true|false
18:51:44.0 (30067256)|VARIABLE_ASSIGNMENT|[36]|globalDescribeMap|"{acceptedeventrelation=AcceptedEventRelation, acchierarchy__account_hierarchy__mdt=accHierarchy__Account_Hierarchy__mdt, acchierarchy__account_hierarchy_setup__c=accHierarchy__Account_Hierarchy_Setup__c, account=Account, accountcleaninfo=AccountCleanInfo, accountcontactrole=AccountContactRole, accountfeed=AccountFeed, accounthistory=AccountHistory, accountpartner=AccountPartner, accountshare=AccountShare, ...}"|0x7dc75321
18:51:44.0 (30083848)|STATEMENT_EXECUTE|[37]
18:51:44.0 (30160692)|VARIABLE_SCOPE_BEGIN|[37]|SObjectTypeObj|Schema.SObjectType|true|false
18:51:44.0 (30211965)|VARIABLE_ASSIGNMENT|[37]|SObjectTypeObj|"common.apex.runtime.impl.ApexSObjectTypeToken@5f43b4fe"|0x5f43b4fe
18:51:44.0 (30218818)|STATEMENT_EXECUTE|[38]
18:51:44.0 (30416268)|HEAP_ALLOCATE|[38]|Bytes:4
18:51:44.0 (30442811)|VARIABLE_SCOPE_BEGIN|[38]|describeSObjectResultObj|Schema.DescribeSObjectResult|true|false
18:51:44.0 (30503963)|VARIABLE_ASSIGNMENT|[38]|describeSObjectResultObj|"common.api.soap.wsdl.DescribeSObjectResult@315dff72"|0x3d094de8
18:51:44.0 (30511651)|STATEMENT_EXECUTE|[39]
18:51:44.0 (30517010)|HEAP_ALLOCATE|[39]|Bytes:15
18:51:44.0 (30525446)|HEAP_ALLOCATE|[39]|Bytes:2
18:51:44.0 (30640145)|HEAP_ALLOCATE|[39]|Bytes:378
18:51:44.0 (30660426)|HEAP_ALLOCATE|[39]|Bytes:414
18:51:44.0 (30681529)|USER_DEBUG|[39]|DEBUG|FIELDSET_NAME==RecentlyViewedHover==Schema.DescribeSObjectResult[getHasSubtypes=false;getKeyPrefix=a0f;getLabel=Scheduler;getLabelPlural=Scheduler;getName=Scheduler__c;isAccessible=true;isCreateable=true;isCustom=true;isCustomSetting=false;isDeletable=true;isDeprecatedAndHidden=false;isFeedEnabled=false;isMergeable=false;isMruEnabled=true;isQueryable=true;isSearchable=true;isUndeletable=true;isUpdateable=true;]
18:51:44.0 (30694355)|STATEMENT_EXECUTE|[40]
18:51:44.0 (32028269)|HEAP_ALLOCATE|[40]|Bytes:4
18:51:44.0 (32108814)|VARIABLE_SCOPE_BEGIN|[40]|fieldSetObj|Schema.FieldSet|true|false
18:51:44.0 (32129686)|VARIABLE_ASSIGNMENT|[40]|fieldSetObj|null|
18:51:44.0 (32138275)|STATEMENT_EXECUTE|[41]
18:51:44.0 (32144054)|HEAP_ALLOCATE|[41]|Bytes:13
18:51:44.0 (32211541)|HEAP_ALLOCATE|[41]|Bytes:17
18:51:44.0 (32230104)|USER_DEBUG|[41]|DEBUG|fieldSetObj==null
18:51:44.0 (32241700)|STATEMENT_EXECUTE|[42]
18:51:44.0 (32253587)|HEAP_ALLOCATE|[42]|Bytes:4
18:51:44.0 (32292824)|VARIABLE_SCOPE_BEGIN|[42]|fieldApis|List<String>|true|false
18:51:44.0 (32334082)|HEAP_ALLOCATE|[EXTERNAL]|Bytes:4
18:51:44.0 (32350670)|VARIABLE_ASSIGNMENT|[42]|fieldApis|[]|0x2a093150
18:51:44.0 (32360991)|STATEMENT_EXECUTE|[43]
18:51:44.0 (32371875)|HEAP_ALLOCATE|[43]|Bytes:4
18:51:44.0 (32406799)|VARIABLE_SCOPE_BEGIN|[43]|refFieldToIgnore|Set<String>|true|false
18:51:44.0 (32441394)|VARIABLE_ASSIGNMENT|[43]|refFieldToIgnore|[]|0x5d184ff4
18:51:44.0 (32451422)|STATEMENT_EXECUTE|[44]
18:51:44.0 (32458538)|HEAP_ALLOCATE|[44]|Bytes:4
18:51:44.0 (32469705)|VARIABLE_SCOPE_BEGIN|[44]|refMap|Map<String,String>|true|false
18:51:44.0 (32490389)|VARIABLE_ASSIGNMENT|[44]|refMap|{}|0x5de05ed6
18:51:44.0 (32499977)|STATEMENT_EXECUTE|[45]
18:51:44.0 (32504321)|VARIABLE_SCOPE_BEGIN|[45]|query|String|false|false
18:51:44.0 (32518584)|VARIABLE_ASSIGNMENT|[45]|query|null
18:51:44.0 (32526313)|STATEMENT_EXECUTE|[66]
18:51:44.0 (32530427)|HEAP_ALLOCATE|[67]|Bytes:4
18:51:44.0 (32586407)|STATEMENT_EXECUTE|[67]
18:51:44.0 (32588868)|STATEMENT_EXECUTE|[68]
18:51:44.0 (32592768)|HEAP_ALLOCATE|[68]|Bytes:4
18:51:44.0 (32630974)|HEAP_ALLOCATE|[EXTERNAL]|Bytes:4
18:51:44.0 (32641925)|STATEMENT_EXECUTE|[69]
18:51:44.0 (32645508)|HEAP_ALLOCATE|[69]|Bytes:20
18:51:44.0 (32651337)|HEAP_ALLOCATE|[69]|Bytes:13
18:51:44.0 (32680955)|HEAP_ALLOCATE|[69]|Bytes:18
18:51:44.0 (32695799)|HEAP_ALLOCATE|[69]|Bytes:1
18:51:44.0 (32709272)|HEAP_ALLOCATE|[69]|Bytes:64
18:51:44.0 (32724859)|VARIABLE_ASSIGNMENT|[69]|query|"Select Id,Name from  (44 more) ..."
18:51:44.0 (32734023)|STATEMENT_EXECUTE|[85]
18:51:44.0 (32737315)|HEAP_ALLOCATE|[85]|Bytes:7
18:51:44.0 (32747020)|HEAP_ALLOCATE|[85]|Bytes:71
18:51:44.0 (32972429)|USER_DEBUG|[85]|DEBUG|query==Select Id,Name from Scheduler__c where Id = 'a0f28000008b0TVAAY'
18:51:44.0 (32989090)|STATEMENT_EXECUTE|[86]
18:51:44.0 (33237129)|SOQL_EXECUTE_BEGIN|[86]|Aggregations:0|Select Id,Name from Scheduler__c where Id = 'a0f28000008b0TVAAY'
18:51:44.0 (34863750)|SOQL_EXECUTE_END|[86]|Rows:1
18:51:44.0 (34887465)|HEAP_ALLOCATE|[86]|Bytes:8
18:51:44.0 (34903902)|HEAP_ALLOCATE|[86]|Bytes:47
18:51:44.0 (34959999)|HEAP_ALLOCATE|[86]|Bytes:8
18:51:44.0 (34976717)|HEAP_ALLOCATE|[86]|Bytes:33
18:51:44.0 (35041233)|HEAP_ALLOCATE|[86]|Bytes:12
18:51:44.0 (35049348)|VARIABLE_SCOPE_BEGIN|[86]|so|SObject|true|false
18:51:44.0 (35068382)|VARIABLE_ASSIGNMENT|[86]|so|{"Id":"a0f28000008b0TVAAY","Name":"SCH-000008"}|0x9386d11
18:51:44.0 (35075336)|STATEMENT_EXECUTE|[87]
18:51:44.0 (35078205)|HEAP_ALLOCATE|[87]|Bytes:4
18:51:44.0 (35134529)|HEAP_ALLOCATE|[87]|Bytes:53
18:51:44.0 (35149532)|HEAP_ALLOCATE|[87]|Bytes:57
18:51:44.0 (35168403)|USER_DEBUG|[87]|DEBUG|so==Scheduler__c:{Id=a0f28000008b0TVAAY, Name=SCH-000008}
18:51:44.0 (35263261)|HEAP_ALLOCATE|[88]|Bytes:5
18:51:44.0 (35276727)|HEAP_ALLOCATE|[88]|Bytes:4
18:51:44.0 (35285014)|VARIABLE_SCOPE_BEGIN|[88]|st|String|false|false
18:51:44.0 (35295355)|VARIABLE_ASSIGNMENT|[88]|st|"name"
18:51:44.0 (35300538)|STATEMENT_EXECUTE|[88]
18:51:44.0 (35327269)|STATEMENT_EXECUTE|[89]
18:51:44.0 (35328849)|STATEMENT_EXECUTE|[90]
18:51:44.0 (35341145)|METHOD_ENTRY|[90]|01p2800000FELrp|RecentlyViewedRecords.findFieldInfo(String, String)
18:51:44.0 (35356730)|VARIABLE_SCOPE_BEGIN|[136]|objName|String|false|false
18:51:44.0 (35365911)|VARIABLE_ASSIGNMENT|[136]|objName|"Scheduler__c"
18:51:44.0 (35370294)|VARIABLE_SCOPE_BEGIN|[136]|fieldApi|String|false|false
18:51:44.0 (35381039)|VARIABLE_ASSIGNMENT|[136]|fieldApi|"name"
18:51:44.0 (35388145)|STATEMENT_EXECUTE|[136]
18:51:44.0 (35389346)|STATEMENT_EXECUTE|[137]
18:51:44.0 (35420605)|VARIABLE_SCOPE_BEGIN|[137]|leadSchema|Schema.SObjectType|true|false
18:51:44.0 (35493860)|VARIABLE_ASSIGNMENT|[137]|leadSchema|"common.apex.runtime.impl.ApexSObjectTypeToken@5f43b4fe"|0x5f43b4fe
18:51:44.0 (35501221)|STATEMENT_EXECUTE|[138]
18:51:44.0 (35538510)|HEAP_ALLOCATE|[138]|Bytes:4
18:51:44.0 (35709607)|HEAP_ALLOCATE|[138]|Bytes:64
18:51:44.0 (35722004)|METHOD_EXIT|[90]|01p2800000FELrp|RecentlyViewedRecords.findFieldInfo(String, String)
18:51:44.0 (35729212)|VARIABLE_SCOPE_BEGIN|[90]|fieldMap|Map<String,Schema.SObjectField>|true|false
18:51:44.0 (35846599)|VARIABLE_ASSIGNMENT|[90]|fieldMap|"{createdbyid=CreatedById, createddate=CreatedDate, filter_wrapper_json__c=Filter_Wrapper_JSON__c, id=Id, isdeleted=IsDeleted, lastmodifiedbyid=LastModifiedById, lastmodifieddate=LastModifiedDate, lastreferenceddate=LastReferencedDate, lastvieweddate=LastViewedDate, name=Name, ...}"|0x5fc8de03
18:51:44.0 (35858357)|STATEMENT_EXECUTE|[91]
18:51:44.0 (35873246)|HEAP_ALLOCATE|[91]|Bytes:180
18:51:44.0 (35880512)|HEAP_ALLOCATE|[91]|Bytes:23
18:51:44.0 (35894152)|HEAP_ALLOCATE|[91]|Bytes:28
18:51:44.0 (35906447)|CONSTRUCTOR_ENTRY|[91]|01p2800000FELrp|<init>()
18:51:44.0 (35922430)|VARIABLE_SCOPE_BEGIN|[167]|this|RecentlyViewedRecords.objectWrapper|true|false
18:51:44.0 (35957652)|VARIABLE_ASSIGNMENT|[167]|this|{}|0x1e38a71c
18:51:44.0 (35968476)|HEAP_ALLOCATE|[EXTERNAL]|Bytes:6
18:51:44.0 (35992746)|STATEMENT_EXECUTE|[167]
18:51:44.0 (35994178)|STATEMENT_EXECUTE|[169]
18:51:44.0 (35995631)|STATEMENT_EXECUTE|[171]
18:51:44.0 (35996444)|STATEMENT_EXECUTE|[173]
18:51:44.0 (35997305)|STATEMENT_EXECUTE|[175]
18:51:44.0 (35998184)|STATEMENT_EXECUTE|[177]
18:51:44.0 (35999042)|STATEMENT_EXECUTE|[179]
18:51:44.0 (36002813)|CONSTRUCTOR_EXIT|[91]|01p2800000FELrp|<init>()
18:51:44.0 (36009402)|VARIABLE_SCOPE_BEGIN|[91]|ow|RecentlyViewedRecords.objectWrapper|true|false
18:51:44.0 (36026201)|VARIABLE_ASSIGNMENT|[91]|ow|{}|0x1e38a71c
18:51:44.0 (36031579)|STATEMENT_EXECUTE|[92]
18:51:44.0 (36254730)|HEAP_ALLOCATE|[92]|Bytes:8
18:51:44.0 (36277507)|HEAP_ALLOCATE|[92]|Bytes:14
18:51:44.0 (36307262)|VARIABLE_ASSIGNMENT|[EXTERNAL]|this|{}|0x1e38a71c
18:51:44.0 (36316233)|VARIABLE_ASSIGNMENT|[EXTERNAL]|value|"Scheduler Name"
18:51:44.0 (36327028)|VARIABLE_ASSIGNMENT|[169]|this.label|"Scheduler Name"|0x1e38a71c
18:51:44.0 (36335267)|STATEMENT_EXECUTE|[93]
18:51:44.0 (36388059)|HEAP_ALLOCATE|[93]|Bytes:10
18:51:44.0 (36406739)|HEAP_ALLOCATE|[93]|Bytes:10
18:51:44.0 (36433868)|VARIABLE_ASSIGNMENT|[EXTERNAL]|this|{"label":"Scheduler Name"}|0x1e38a71c
18:51:44.0 (36441312)|VARIABLE_ASSIGNMENT|[EXTERNAL]|value|"SCH-000008"
18:51:44.0 (36449077)|VARIABLE_ASSIGNMENT|[171]|this.value|"SCH-000008"|0x1e38a71c
18:51:44.0 (36456299)|STATEMENT_EXECUTE|[94]
18:51:44.0 (36501707)|VARIABLE_ASSIGNMENT|[EXTERNAL]|this|{"label":"Scheduler Name","value":"SCH-000008"}|0x1e38a71c
18:51:44.0 (36510806)|VARIABLE_ASSIGNMENT|[EXTERNAL]|value|null
18:51:44.0 (36517741)|VARIABLE_ASSIGNMENT|[173]|this.refName|null|0x1e38a71c
18:51:44.0 (36525254)|STATEMENT_EXECUTE|[95]
18:51:44.0 (36548195)|VARIABLE_ASSIGNMENT|[EXTERNAL]|this|{"label":"Scheduler Name","value":"SCH-000008"}|0x1e38a71c
18:51:44.0 (36556330)|VARIABLE_ASSIGNMENT|[EXTERNAL]|value|"name"
18:51:44.0 (36562752)|VARIABLE_ASSIGNMENT|[175]|this.api|"name"|0x1e38a71c
18:51:44.0 (36569750)|STATEMENT_EXECUTE|[96]
18:51:44.0 (36617715)|HEAP_ALLOCATE|[96]|Bytes:8
18:51:44.0 (37373416)|HEAP_ALLOCATE|[96]|Bytes:12
18:51:44.0 (37406478)|HEAP_ALLOCATE|[96]|Bytes:6
18:51:44.0 (37443763)|VARIABLE_ASSIGNMENT|[EXTERNAL]|this|{"api":"name","label":"Scheduler Name","value":"SCH-000008"}|0x1e38a71c
18:51:44.0 (37452744)|VARIABLE_ASSIGNMENT|[EXTERNAL]|value|"STRING"
18:51:44.0 (37461264)|VARIABLE_ASSIGNMENT|[177]|this.type|"STRING"|0x1e38a71c
18:51:44.0 (37469412)|STATEMENT_EXECUTE|[98]
18:51:44.0 (37472303)|HEAP_ALLOCATE|[98]|Bytes:4
18:51:44.0 (37516602)|HEAP_ALLOCATE|[98]|Bytes:105
18:51:44.0 (37529620)|HEAP_ALLOCATE|[98]|Bytes:109
18:51:44.0 (37539891)|USER_DEBUG|[98]|DEBUG|ow==objectWrapper:[api=name, iconUrl=null, label=Scheduler Name, refName=null, type=STRING, value=SCH-000008]
18:51:44.0 (37547455)|STATEMENT_EXECUTE|[99]
18:51:44.0 (37571322)|HEAP_ALLOCATE|[EXTERNAL]|Bytes:4
18:51:44.0 (37587975)|HEAP_ALLOCATE|[88]|Bytes:5
18:51:44.0 (37598795)|VARIABLE_ASSIGNMENT|[88]|st|null
18:51:44.0 (37603525)|STATEMENT_EXECUTE|[102]
18:51:44.0 (37610170)|SYSTEM_MODE_EXIT|false
18:51:44.37 (37631220)|CUMULATIVE_LIMIT_USAGE
18:51:44.37 (37631220)|LIMIT_USAGE_FOR_NS|(default)|
  Number of SOQL queries: 1 out of 100
  Number of query rows: 1 out of 50000
  Number of SOSL queries: 0 out of 20
  Number of DML statements: 0 out of 150
  Number of DML rows: 0 out of 10000
  Maximum CPU time: 0 out of 10000
  Maximum heap size: 0 out of 6000000
  Number of callouts: 0 out of 100
  Number of Email Invocations: 0 out of 10
  Number of future calls: 0 out of 50
  Number of queueable jobs added to the queue: 0 out of 50
  Number of Mobile Apex push calls: 0 out of 10

18:51:44.37 (37631220)|CUMULATIVE_LIMIT_USAGE_END

18:51:44.0 (37662220)|CODE_UNIT_FINISHED|RecentlyViewedRecords.queryCompactLayout
18:51:44.0 (38737806)|CODE_UNIT_STARTED|[EXTERNAL]|Aura
18:51:44.0 (38773359)|CODE_UNIT_FINISHED|Aura
18:51:44.0 (38797905)|CODE_UNIT_FINISHED|Aura
18:51:44.0 (39640460)|EXECUTION_FINISHED
18:51:44.40 (40972659)|USER_INFO|[EXTERNAL]|00528000001JBjQ|ramu.veligeti@yahoo.co.in|Pacific Standard Time|GMT-07:00
18:51:44.40 (40986883)|EXECUTION_STARTED
18:51:44.40 (40989109)|CODE_UNIT_STARTED|[EXTERNAL]|Aura
18:51:44.40 (41086921)|HEAP_ALLOCATE|[EXTERNAL]|Bytes:18
18:51:44.40 (41098055)|HEAP_ALLOCATE|[EXTERNAL]|Bytes:4
18:51:44.40 (41147907)|HEAP_ALLOCATE|[EXTERNAL]|Bytes:12
18:51:44.40 (41153748)|HEAP_ALLOCATE|[EXTERNAL]|Bytes:12
18:51:44.40 (41792059)|CODE_UNIT_STARTED|[EXTERNAL]|01p2800000FELrp|RecentlyViewedRecords.queryCompactLayout
18:51:44.40 (41824900)|HEAP_ALLOCATE|[EXTERNAL]|Bytes:4
18:51:44.40 (41829815)|HEAP_ALLOCATE|[EXTERNAL]|Bytes:12
18:51:44.40 (41836647)|SYSTEM_MODE_ENTER|false
18:51:44.40 (41844435)|VARIABLE_SCOPE_BEGIN|[33]|rvId|Id|false|false
18:51:44.40 (41947676)|VARIABLE_ASSIGNMENT|[33]|rvId|"a0f28000008b0TVAAY"
18:51:44.40 (41954624)|VARIABLE_SCOPE_BEGIN|[33]|objName|String|false|false
18:51:44.40 (41965921)|VARIABLE_ASSIGNMENT|[33]|objName|"Scheduler__c"
18:51:44.40 (41974845)|STATEMENT_EXECUTE|[33]
18:51:44.40 (41976452)|STATEMENT_EXECUTE|[34]
18:51:44.40 (41981065)|HEAP_ALLOCATE|[34]|Bytes:4
18:51:44.40 (41992572)|VARIABLE_SCOPE_BEGIN|[34]|objMap|Map<String,String>|true|false
18:51:44.40 (42007463)|VARIABLE_ASSIGNMENT|[34]|objMap|{}|0x609e5329
18:51:44.40 (42013252)|STATEMENT_EXECUTE|[35]
18:51:44.40 (42017301)|HEAP_ALLOCATE|[35]|Bytes:4
18:51:44.40 (42030573)|VARIABLE_SCOPE_BEGIN|[35]|owList|List<RecentlyViewedRecords.objectWrapper>|true|false
18:51:44.40 (42053334)|HEAP_ALLOCATE|[EXTERNAL]|Bytes:4
18:51:44.40 (42062011)|VARIABLE_ASSIGNMENT|[35]|owList|[]|0x1abac477
18:51:44.40 (42067347)|STATEMENT_EXECUTE|[36]
18:51:44.40 (47139973)|HEAP_ALLOCATE|[36]|Bytes:1628
18:51:44.40 (47161812)|VARIABLE_SCOPE_BEGIN|[36]|globalDescribeMap|Map<String,Schema.SObjectType>|true|false
18:51:44.40 (47343337)|VARIABLE_ASSIGNMENT|[36]|globalDescribeMap|"{acceptedeventrelation=AcceptedEventRelation, acchierarchy__account_hierarchy__mdt=accHierarchy__Account_Hierarchy__mdt, acchierarchy__account_hierarchy_setup__c=accHierarchy__Account_Hierarchy_Setup__c, account=Account, accountcleaninfo=AccountCleanInfo, accountcontactrole=AccountContactRole, accountfeed=AccountFeed, accounthistory=AccountHistory, accountpartner=AccountPartner, accountshare=AccountShare, ...}"|0x5b899ae9
18:51:44.40 (47357978)|STATEMENT_EXECUTE|[37]
18:51:44.40 (47382530)|VARIABLE_SCOPE_BEGIN|[37]|SObjectTypeObj|Schema.SObjectType|true|false
18:51:44.40 (47430205)|VARIABLE_ASSIGNMENT|[37]|SObjectTypeObj|"common.apex.runtime.impl.ApexSObjectTypeToken@5f43b4fe"|0x5f43b4fe
18:51:44.40 (47437576)|STATEMENT_EXECUTE|[38]
18:51:44.40 (47462842)|HEAP_ALLOCATE|[38]|Bytes:4
18:51:44.40 (47470954)|VARIABLE_SCOPE_BEGIN|[38]|describeSObjectResultObj|Schema.DescribeSObjectResult|true|false
18:51:44.40 (47523555)|VARIABLE_ASSIGNMENT|[38]|describeSObjectResultObj|"common.api.soap.wsdl.DescribeSObjectResult@315dff72"|0x459979cd
18:51:44.40 (47530423)|STATEMENT_EXECUTE|[39]
18:51:44.40 (47624978)|HEAP_ALLOCATE|[39]|Bytes:378
18:51:44.40 (47642411)|HEAP_ALLOCATE|[39]|Bytes:414
18:51:44.40 (47652344)|USER_DEBUG|[39]|DEBUG|FIELDSET_NAME==RecentlyViewedHover==Schema.DescribeSObjectResult[getHasSubtypes=false;getKeyPrefix=a0f;getLabel=Scheduler;getLabelPlural=Scheduler;getName=Scheduler__c;isAccessible=true;isCreateable=true;isCustom=true;isCustomSetting=false;isDeletable=true;isDeprecatedAndHidden=false;isFeedEnabled=false;isMergeable=false;isMruEnabled=true;isQueryable=true;isSearchable=true;isUndeletable=true;isUpdateable=true;]
18:51:44.40 (47665589)|STATEMENT_EXECUTE|[40]
18:51:44.40 (48431198)|HEAP_ALLOCATE|[40]|Bytes:4
18:51:44.40 (48456146)|VARIABLE_SCOPE_BEGIN|[40]|fieldSetObj|Schema.FieldSet|true|false
18:51:44.40 (48467728)|VARIABLE_ASSIGNMENT|[40]|fieldSetObj|null|
18:51:44.40 (48472467)|STATEMENT_EXECUTE|[41]
18:51:44.40 (48493931)|HEAP_ALLOCATE|[41]|Bytes:17
18:51:44.40 (48502672)|USER_DEBUG|[41]|DEBUG|fieldSetObj==null
18:51:44.40 (48509426)|STATEMENT_EXECUTE|[42]
18:51:44.40 (48513730)|HEAP_ALLOCATE|[42]|Bytes:4
18:51:44.40 (48525648)|VARIABLE_SCOPE_BEGIN|[42]|fieldApis|List<String>|true|false
18:51:44.40 (48550739)|HEAP_ALLOCATE|[EXTERNAL]|Bytes:4
18:51:44.40 (48560110)|VARIABLE_ASSIGNMENT|[42]|fieldApis|[]|0x570c6d4c
18:51:44.40 (48565735)|STATEMENT_EXECUTE|[43]
18:51:44.40 (48571024)|HEAP_ALLOCATE|[43]|Bytes:4
18:51:44.40 (48583213)|VARIABLE_SCOPE_BEGIN|[43]|refFieldToIgnore|Set<String>|true|false
18:51:44.40 (48602842)|VARIABLE_ASSIGNMENT|[43]|refFieldToIgnore|[]|0x1bd992a6
18:51:44.40 (48608351)|STATEMENT_EXECUTE|[44]
18:51:44.40 (48611751)|HEAP_ALLOCATE|[44]|Bytes:4
18:51:44.40 (48617578)|VARIABLE_SCOPE_BEGIN|[44]|refMap|Map<String,String>|true|false
18:51:44.40 (48630579)|VARIABLE_ASSIGNMENT|[44]|refMap|{}|0xc100de6
18:51:44.40 (48635396)|STATEMENT_EXECUTE|[45]
18:51:44.40 (48637947)|VARIABLE_SCOPE_BEGIN|[45]|query|String|false|false
18:51:44.40 (48645445)|VARIABLE_ASSIGNMENT|[45]|query|null
18:51:44.40 (48649759)|STATEMENT_EXECUTE|[66]
18:51:44.40 (48668619)|STATEMENT_EXECUTE|[67]
18:51:44.40 (48669874)|STATEMENT_EXECUTE|[68]
18:51:44.40 (48677592)|HEAP_ALLOCATE|[EXTERNAL]|Bytes:4
18:51:44.40 (48682642)|STATEMENT_EXECUTE|[69]
18:51:44.40 (48692602)|HEAP_ALLOCATE|[69]|Bytes:18
18:51:44.40 (48703970)|HEAP_ALLOCATE|[69]|Bytes:64
18:51:44.40 (48723783)|VARIABLE_ASSIGNMENT|[69]|query|"Select Id,Name from  (44 more) ..."
18:51:44.40 (48728808)|STATEMENT_EXECUTE|[85]
18:51:44.40 (48733412)|HEAP_ALLOCATE|[85]|Bytes:71
18:51:44.40 (48741561)|USER_DEBUG|[85]|DEBUG|query==Select Id,Name from Scheduler__c where Id = 'a0f28000008b0TVAAY'
18:51:44.40 (48747432)|STATEMENT_EXECUTE|[86]
18:51:44.40 (48922727)|SOQL_EXECUTE_BEGIN|[86]|Aggregations:0|Select Id,Name from Scheduler__c where Id = 'a0f28000008b0TVAAY'
18:51:44.40 (50360625)|SOQL_EXECUTE_END|[86]|Rows:1
18:51:44.40 (50377788)|HEAP_ALLOCATE|[86]|Bytes:8
18:51:44.40 (50391415)|HEAP_ALLOCATE|[86]|Bytes:47
18:51:44.40 (50411491)|HEAP_ALLOCATE|[86]|Bytes:8
18:51:44.40 (50443642)|HEAP_ALLOCATE|[86]|Bytes:12
18:51:44.40 (50450734)|VARIABLE_SCOPE_BEGIN|[86]|so|SObject|true|false
18:51:44.40 (50468714)|VARIABLE_ASSIGNMENT|[86]|so|{"Id":"a0f28000008b0TVAAY","Name":"SCH-000008"}|0x25cd74d9
18:51:44.40 (50475476)|STATEMENT_EXECUTE|[87]
18:51:44.40 (50512636)|HEAP_ALLOCATE|[87]|Bytes:53
18:51:44.40 (50526438)|HEAP_ALLOCATE|[87]|Bytes:57
18:51:44.40 (50534620)|USER_DEBUG|[87]|DEBUG|so==Scheduler__c:{Id=a0f28000008b0TVAAY, Name=SCH-000008}
18:51:44.40 (50561078)|HEAP_ALLOCATE|[88]|Bytes:5
18:51:44.40 (50571140)|HEAP_ALLOCATE|[88]|Bytes:4
18:51:44.40 (50578028)|VARIABLE_SCOPE_BEGIN|[88]|st|String|false|false
18:51:44.40 (50587217)|VARIABLE_ASSIGNMENT|[88]|st|"name"
18:51:44.40 (50592307)|STATEMENT_EXECUTE|[88]
18:51:44.40 (50602580)|STATEMENT_EXECUTE|[89]
18:51:44.40 (50603704)|STATEMENT_EXECUTE|[90]
18:51:44.40 (50612436)|METHOD_ENTRY|[90]|01p2800000FELrp|RecentlyViewedRecords.findFieldInfo(String, String)
18:51:44.40 (50623924)|VARIABLE_SCOPE_BEGIN|[136]|objName|String|false|false
18:51:44.40 (50632141)|VARIABLE_ASSIGNMENT|[136]|objName|"Scheduler__c"
18:51:44.40 (50636117)|VARIABLE_SCOPE_BEGIN|[136]|fieldApi|String|false|false
18:51:44.40 (50641993)|VARIABLE_ASSIGNMENT|[136]|fieldApi|"name"
18:51:44.40 (50647092)|STATEMENT_EXECUTE|[136]
18:51:44.40 (50648313)|STATEMENT_EXECUTE|[137]
18:51:44.40 (50663226)|VARIABLE_SCOPE_BEGIN|[137]|leadSchema|Schema.SObjectType|true|false
18:51:44.40 (50717878)|VARIABLE_ASSIGNMENT|[137]|leadSchema|"common.apex.runtime.impl.ApexSObjectTypeToken@5f43b4fe"|0x5f43b4fe
18:51:44.40 (50724872)|STATEMENT_EXECUTE|[138]
18:51:44.40 (50742389)|HEAP_ALLOCATE|[138]|Bytes:4
18:51:44.40 (50859523)|HEAP_ALLOCATE|[138]|Bytes:64
18:51:44.40 (50869883)|METHOD_EXIT|[90]|01p2800000FELrp|RecentlyViewedRecords.findFieldInfo(String, String)
18:51:44.40 (50877448)|VARIABLE_SCOPE_BEGIN|[90]|fieldMap|Map<String,Schema.SObjectField>|true|false
18:51:44.40 (51001050)|VARIABLE_ASSIGNMENT|[90]|fieldMap|"{createdbyid=CreatedById, createddate=CreatedDate, filter_wrapper_json__c=Filter_Wrapper_JSON__c, id=Id, isdeleted=IsDeleted, lastmodifiedbyid=LastModifiedById, lastmodifieddate=LastModifiedDate, lastreferenceddate=LastReferencedDate, lastvieweddate=LastViewedDate, name=Name, ...}"|0x65421247
18:51:44.40 (51013155)|STATEMENT_EXECUTE|[91]
18:51:44.40 (51019097)|HEAP_ALLOCATE|[91]|Bytes:28
18:51:44.40 (51028904)|CONSTRUCTOR_ENTRY|[91]|01p2800000FELrp|<init>()
18:51:44.40 (51035381)|VARIABLE_SCOPE_BEGIN|[167]|this|RecentlyViewedRecords.objectWrapper|true|false
18:51:44.40 (51066062)|VARIABLE_ASSIGNMENT|[167]|this|{}|0x32361e79
18:51:44.40 (51082231)|STATEMENT_EXECUTE|[167]
18:51:44.40 (51083446)|STATEMENT_EXECUTE|[169]
18:51:44.40 (51084495)|STATEMENT_EXECUTE|[171]
18:51:44.40 (51085391)|STATEMENT_EXECUTE|[173]
18:51:44.40 (51086591)|STATEMENT_EXECUTE|[175]
18:51:44.40 (51087687)|STATEMENT_EXECUTE|[177]
18:51:44.40 (51088630)|STATEMENT_EXECUTE|[179]
18:51:44.40 (51091954)|CONSTRUCTOR_EXIT|[91]|01p2800000FELrp|<init>()
18:51:44.40 (51097489)|VARIABLE_SCOPE_BEGIN|[91]|ow|RecentlyViewedRecords.objectWrapper|true|false
18:51:44.40 (51112705)|VARIABLE_ASSIGNMENT|[91]|ow|{}|0x32361e79
18:51:44.40 (51117787)|STATEMENT_EXECUTE|[92]
18:51:44.40 (51170524)|HEAP_ALLOCATE|[92]|Bytes:8
18:51:44.40 (51183095)|HEAP_ALLOCATE|[92]|Bytes:14
18:51:44.40 (51202429)|VARIABLE_ASSIGNMENT|[EXTERNAL]|this|{}|0x32361e79
18:51:44.40 (51210656)|VARIABLE_ASSIGNMENT|[EXTERNAL]|value|"Scheduler Name"
18:51:44.40 (51220088)|VARIABLE_ASSIGNMENT|[169]|this.label|"Scheduler Name"|0x32361e79
18:51:44.40 (51227658)|STATEMENT_EXECUTE|[93]
18:51:44.40 (51258778)|HEAP_ALLOCATE|[93]|Bytes:10
18:51:44.40 (51279472)|HEAP_ALLOCATE|[93]|Bytes:10
18:51:44.40 (51302825)|VARIABLE_ASSIGNMENT|[EXTERNAL]|this|{"label":"Scheduler Name"}|0x32361e79
18:51:44.40 (51310195)|VARIABLE_ASSIGNMENT|[EXTERNAL]|value|"SCH-000008"
18:51:44.40 (51317130)|VARIABLE_ASSIGNMENT|[171]|this.value|"SCH-000008"|0x32361e79
18:51:44.40 (51323979)|STATEMENT_EXECUTE|[94]
18:51:44.40 (51348692)|VARIABLE_ASSIGNMENT|[EXTERNAL]|this|{"label":"Scheduler Name","value":"SCH-000008"}|0x32361e79
18:51:44.40 (51356687)|VARIABLE_ASSIGNMENT|[EXTERNAL]|value|null
18:51:44.40 (51362670)|VARIABLE_ASSIGNMENT|[173]|this.refName|null|0x32361e79
18:51:44.40 (51369667)|STATEMENT_EXECUTE|[95]
18:51:44.40 (51383601)|VARIABLE_ASSIGNMENT|[EXTERNAL]|this|{"label":"Scheduler Name","value":"SCH-000008"}|0x32361e79
18:51:44.40 (51391213)|VARIABLE_ASSIGNMENT|[EXTERNAL]|value|"name"
18:51:44.40 (51397019)|VARIABLE_ASSIGNMENT|[175]|this.api|"name"|0x32361e79
18:51:44.40 (51403665)|STATEMENT_EXECUTE|[96]
18:51:44.40 (51430891)|HEAP_ALLOCATE|[96]|Bytes:8
18:51:44.40 (51475151)|HEAP_ALLOCATE|[96]|Bytes:12
18:51:44.40 (51494280)|HEAP_ALLOCATE|[96]|Bytes:6
18:51:44.40 (51520075)|VARIABLE_ASSIGNMENT|[EXTERNAL]|this|{"api":"name","label":"Scheduler Name","value":"SCH-000008"}|0x32361e79
18:51:44.40 (51527589)|VARIABLE_ASSIGNMENT|[EXTERNAL]|value|"STRING"
18:51:44.40 (51534927)|VARIABLE_ASSIGNMENT|[177]|this.type|"STRING"|0x32361e79
18:51:44.40 (51541621)|STATEMENT_EXECUTE|[98]
18:51:44.40 (51566713)|HEAP_ALLOCATE|[98]|Bytes:105
18:51:44.40 (51577739)|HEAP_ALLOCATE|[98]|Bytes:109
18:51:44.40 (51586033)|USER_DEBUG|[98]|DEBUG|ow==objectWrapper:[api=name, iconUrl=null, label=Scheduler Name, refName=null, type=STRING, value=SCH-000008]
18:51:44.40 (51592875)|STATEMENT_EXECUTE|[99]
18:51:44.40 (51600034)|HEAP_ALLOCATE|[EXTERNAL]|Bytes:4
18:51:44.40 (51612228)|HEAP_ALLOCATE|[88]|Bytes:5
18:51:44.40 (51621470)|VARIABLE_ASSIGNMENT|[88]|st|null
18:51:44.40 (51626571)|STATEMENT_EXECUTE|[102]
18:51:44.40 (51632964)|SYSTEM_MODE_EXIT|false
18:51:44.51 (51651263)|CUMULATIVE_LIMIT_USAGE
18:51:44.51 (51651263)|LIMIT_USAGE_FOR_NS|(default)|
  Number of SOQL queries: 2 out of 100
  Number of query rows: 2 out of 50000
  Number of SOSL queries: 0 out of 20
  Number of DML statements: 0 out of 150
  Number of DML rows: 0 out of 10000
  Maximum CPU time: 0 out of 10000
  Maximum heap size: 0 out of 6000000
  Number of callouts: 0 out of 100
  Number of Email Invocations: 0 out of 10
  Number of future calls: 0 out of 50
  Number of queueable jobs added to the queue: 0 out of 50
  Number of Mobile Apex push calls: 0 out of 10

18:51:44.51 (51651263)|CUMULATIVE_LIMIT_USAGE_END

18:51:44.40 (51679957)|CODE_UNIT_FINISHED|RecentlyViewedRecords.queryCompactLayout
18:51:44.40 (52680112)|CODE_UNIT_STARTED|[EXTERNAL]|Aura
18:51:44.40 (52714745)|CODE_UNIT_FINISHED|Aura
18:51:44.40 (52737205)|CODE_UNIT_FINISHED|Aura
18:51:44.40 (53418749)|EXECUTION_FINISHED
