40.0 APEX_CODE,FINEST;APEX_PROFILING,INFO;CALLOUT,INFO;DB,INFO;SYSTEM,DEBUG;VALIDATION,INFO;VISUALFORCE,INFO;WAVE,INFO;WORKFLOW,INFO
18:55:49.0 (63009)|USER_INFO|[EXTERNAL]|00528000001JBjQ|ramu.veligeti@yahoo.co.in|Pacific Standard Time|GMT-07:00
18:55:49.0 (95476)|EXECUTION_STARTED
18:55:49.0 (104281)|CODE_UNIT_STARTED|[EXTERNAL]|Aura
18:55:49.0 (529962)|HEAP_ALLOCATE|[72]|Bytes:3
18:55:49.0 (566271)|HEAP_ALLOCATE|[77]|Bytes:152
18:55:49.0 (580873)|HEAP_ALLOCATE|[342]|Bytes:408
18:55:49.0 (595150)|HEAP_ALLOCATE|[355]|Bytes:408
18:55:49.0 (607434)|HEAP_ALLOCATE|[467]|Bytes:48
18:55:49.0 (631104)|HEAP_ALLOCATE|[139]|Bytes:6
18:55:49.0 (643801)|HEAP_ALLOCATE|[EXTERNAL]|Bytes:18
18:55:49.0 (652141)|HEAP_ALLOCATE|[EXTERNAL]|Bytes:4
18:55:49.0 (852293)|HEAP_ALLOCATE|[EXTERNAL]|Bytes:12
18:55:49.0 (859203)|HEAP_ALLOCATE|[EXTERNAL]|Bytes:12
18:55:49.0 (2062048)|CODE_UNIT_STARTED|[EXTERNAL]|01p2800000FELrp|RecentlyViewedRecords.queryCompactLayout
18:55:49.0 (2110089)|VARIABLE_SCOPE_BEGIN|[2]|RecentlyViewedRecords.FIELDSET_NAME|String|false|true
18:55:49.0 (2122881)|VARIABLE_SCOPE_BEGIN|[3]|RecentlyViewedRecords.private_apiFieldNames|Map<String,Set<String>>|true|true
18:55:49.0 (2134881)|VARIABLE_SCOPE_BEGIN|[5]|RecentlyViewedRecords.rvi|Recently_Viewed__c|true|true
18:55:49.0 (2142386)|VARIABLE_SCOPE_BEGIN|[4]|RecentlyViewedRecords.schemaMap|Map<String,Schema.SObjectType>|true|true
18:55:49.0 (2200294)|HEAP_ALLOCATE|[EXTERNAL]|Bytes:35
18:55:49.0 (2209901)|HEAP_ALLOCATE|[EXTERNAL]|Bytes:20
18:55:49.0 (2214600)|HEAP_ALLOCATE|[EXTERNAL]|Bytes:38
18:55:49.0 (2273129)|METHOD_ENTRY|[1]|01p2800000FELrp|RecentlyViewedRecords.RecentlyViewedRecords()
18:55:49.0 (2279989)|STATEMENT_EXECUTE|[1]
18:55:49.0 (2284454)|STATEMENT_EXECUTE|[1]
18:55:49.0 (2285449)|STATEMENT_EXECUTE|[2]
18:55:49.0 (2288700)|HEAP_ALLOCATE|[2]|Bytes:19
18:55:49.0 (2311684)|VARIABLE_ASSIGNMENT|[2]|RecentlyViewedRecords.FIELDSET_NAME|"RecentlyViewedHover"
18:55:49.0 (2316920)|STATEMENT_EXECUTE|[3]
18:55:49.0 (2322539)|HEAP_ALLOCATE|[3]|Bytes:4
18:55:49.0 (2348174)|VARIABLE_ASSIGNMENT|[3]|RecentlyViewedRecords.private_apiFieldNames|{}|0x6123dc
18:55:49.0 (2354283)|STATEMENT_EXECUTE|[4]
18:55:49.0 (2386696)|HEAP_ALLOCATE|[50]|Bytes:5
18:55:49.0 (2410200)|HEAP_ALLOCATE|[56]|Bytes:5
18:55:49.0 (2416863)|HEAP_ALLOCATE|[64]|Bytes:7
18:55:49.0 (16263926)|HEAP_ALLOCATE|[4]|Bytes:1456
18:55:49.0 (16537953)|VARIABLE_ASSIGNMENT|[4]|RecentlyViewedRecords.schemaMap|"{acceptedeventrelation=AcceptedEventRelation, acchierarchy__account_hierarchy__mdt=accHierarchy__Account_Hierarchy__mdt, acchierarchy__account_hierarchy_setup__c=accHierarchy__Account_Hierarchy_Setup__c, account=Account, accountcleaninfo=AccountCleanInfo, accountcontactrole=AccountContactRole, accountfeed=AccountFeed, accounthistory=AccountHistory, accountpartner=AccountPartner, accountshare=AccountShare, ...}"|0x3aa9121a
18:55:49.0 (16557542)|STATEMENT_EXECUTE|[5]
18:55:49.0 (17496296)|HEAP_ALLOCATE|[5]|Bytes:20
18:55:49.0 (17542434)|VARIABLE_ASSIGNMENT|[5]|RecentlyViewedRecords.rvi|{"IsDeleted":false,"Name":"a0d28000002ZKNz","SetupOwnerId":"00528000001JBjQAAW","Records_to_Display__ (1 more) ...":"20"}|0x5881dee0
18:55:49.0 (17551589)|STATEMENT_EXECUTE|[147]
18:55:49.0 (17552948)|STATEMENT_EXECUTE|[167]
18:55:49.0 (17566207)|METHOD_EXIT|[1]|RecentlyViewedRecords
18:55:49.0 (17575778)|HEAP_ALLOCATE|[EXTERNAL]|Bytes:4
18:55:49.0 (17580252)|HEAP_ALLOCATE|[EXTERNAL]|Bytes:12
18:55:49.0 (17585804)|SYSTEM_MODE_ENTER|false
18:55:49.0 (17595583)|VARIABLE_SCOPE_BEGIN|[33]|rvId|Id|false|false
18:55:49.0 (17664617)|VARIABLE_ASSIGNMENT|[33]|rvId|"a0f28000008b0MyAAI"
18:55:49.0 (17671393)|VARIABLE_SCOPE_BEGIN|[33]|objName|String|false|false
18:55:49.0 (17680389)|VARIABLE_ASSIGNMENT|[33]|objName|"Scheduler__c"
18:55:49.0 (17691826)|STATEMENT_EXECUTE|[33]
18:55:49.0 (17693209)|STATEMENT_EXECUTE|[34]
18:55:49.0 (17702516)|HEAP_ALLOCATE|[34]|Bytes:4
18:55:49.0 (17722167)|VARIABLE_SCOPE_BEGIN|[34]|objMap|Map<String,String>|true|false
18:55:49.0 (17738838)|VARIABLE_ASSIGNMENT|[34]|objMap|{}|0x517769ef
18:55:49.0 (17744564)|STATEMENT_EXECUTE|[35]
18:55:49.0 (17875800)|HEAP_ALLOCATE|[35]|Bytes:4
18:55:49.0 (17939764)|VARIABLE_SCOPE_BEGIN|[35]|owList|List<RecentlyViewedRecords.objectWrapper>|true|false
18:55:49.0 (17964242)|HEAP_ALLOCATE|[EXTERNAL]|Bytes:4
18:55:49.0 (17974195)|VARIABLE_ASSIGNMENT|[35]|owList|[]|0x233c8819
18:55:49.0 (17980356)|STATEMENT_EXECUTE|[36]
18:55:49.0 (26589283)|HEAP_ALLOCATE|[36]|Bytes:1628
18:55:49.0 (26633282)|VARIABLE_SCOPE_BEGIN|[36]|globalDescribeMap|Map<String,Schema.SObjectType>|true|false
18:55:49.0 (26938493)|VARIABLE_ASSIGNMENT|[36]|globalDescribeMap|"{acceptedeventrelation=AcceptedEventRelation, acchierarchy__account_hierarchy__mdt=accHierarchy__Account_Hierarchy__mdt, acchierarchy__account_hierarchy_setup__c=accHierarchy__Account_Hierarchy_Setup__c, account=Account, accountcleaninfo=AccountCleanInfo, accountcontactrole=AccountContactRole, accountfeed=AccountFeed, accounthistory=AccountHistory, accountpartner=AccountPartner, accountshare=AccountShare, ...}"|0x109d1bdf
18:55:49.0 (26964991)|STATEMENT_EXECUTE|[37]
18:55:49.0 (27071906)|VARIABLE_SCOPE_BEGIN|[37]|SObjectTypeObj|Schema.SObjectType|true|false
18:55:49.0 (27141536)|VARIABLE_ASSIGNMENT|[37]|SObjectTypeObj|"common.apex.runtime.impl.ApexSObjectTypeToken@46bda1f2"|0x46bda1f2
18:55:49.0 (27150005)|STATEMENT_EXECUTE|[38]
18:55:49.0 (27407709)|HEAP_ALLOCATE|[38]|Bytes:4
18:55:49.0 (27446507)|VARIABLE_SCOPE_BEGIN|[38]|describeSObjectResultObj|Schema.DescribeSObjectResult|true|false
18:55:49.0 (27549483)|VARIABLE_ASSIGNMENT|[38]|describeSObjectResultObj|"common.api.soap.wsdl.DescribeSObjectResult@315dff72"|0x13ef0459
18:55:49.0 (27561635)|STATEMENT_EXECUTE|[39]
18:55:49.0 (27569848)|HEAP_ALLOCATE|[39]|Bytes:15
18:55:49.0 (27584729)|HEAP_ALLOCATE|[39]|Bytes:2
18:55:49.0 (27715027)|HEAP_ALLOCATE|[39]|Bytes:378
18:55:49.0 (27737351)|HEAP_ALLOCATE|[39]|Bytes:414
18:55:49.0 (27761402)|USER_DEBUG|[39]|DEBUG|FIELDSET_NAME==RecentlyViewedHover==Schema.DescribeSObjectResult[getHasSubtypes=false;getKeyPrefix=a0f;getLabel=Scheduler;getLabelPlural=Scheduler;getName=Scheduler__c;isAccessible=true;isCreateable=true;isCustom=true;isCustomSetting=false;isDeletable=true;isDeprecatedAndHidden=false;isFeedEnabled=false;isMergeable=false;isMruEnabled=true;isQueryable=true;isSearchable=true;isUndeletable=true;isUpdateable=true;]
18:55:49.0 (27774820)|STATEMENT_EXECUTE|[40]
18:55:49.0 (29278338)|HEAP_ALLOCATE|[40]|Bytes:4
18:55:49.0 (29338976)|VARIABLE_SCOPE_BEGIN|[40]|fieldSetObj|Schema.FieldSet|true|false
18:55:49.0 (29352262)|VARIABLE_ASSIGNMENT|[40]|fieldSetObj|null|
18:55:49.0 (29359529)|STATEMENT_EXECUTE|[41]
18:55:49.0 (29363497)|HEAP_ALLOCATE|[41]|Bytes:13
18:55:49.0 (29418622)|HEAP_ALLOCATE|[41]|Bytes:17
18:55:49.0 (29433972)|USER_DEBUG|[41]|DEBUG|fieldSetObj==null
18:55:49.0 (29441424)|STATEMENT_EXECUTE|[42]
18:55:49.0 (29451149)|HEAP_ALLOCATE|[42]|Bytes:4
18:55:49.0 (29479095)|VARIABLE_SCOPE_BEGIN|[42]|fieldApis|List<String>|true|false
18:55:49.0 (29510049)|HEAP_ALLOCATE|[EXTERNAL]|Bytes:4
18:55:49.0 (29523561)|VARIABLE_ASSIGNMENT|[42]|fieldApis|[]|0x269df33d
18:55:49.0 (29532557)|STATEMENT_EXECUTE|[43]
18:55:49.0 (29540414)|HEAP_ALLOCATE|[43]|Bytes:4
18:55:49.0 (29564759)|VARIABLE_SCOPE_BEGIN|[43]|refFieldToIgnore|Set<String>|true|false
18:55:49.0 (29591502)|VARIABLE_ASSIGNMENT|[43]|refFieldToIgnore|[]|0x4dbbf67b
18:55:49.0 (29597428)|STATEMENT_EXECUTE|[44]
18:55:49.0 (29602178)|HEAP_ALLOCATE|[44]|Bytes:4
18:55:49.0 (29611629)|VARIABLE_SCOPE_BEGIN|[44]|refMap|Map<String,String>|true|false
18:55:49.0 (29627327)|VARIABLE_ASSIGNMENT|[44]|refMap|{}|0x416e9b86
18:55:49.0 (29632605)|STATEMENT_EXECUTE|[45]
18:55:49.0 (29635151)|VARIABLE_SCOPE_BEGIN|[45]|query|String|false|false
18:55:49.0 (29643473)|VARIABLE_ASSIGNMENT|[45]|query|null
18:55:49.0 (29647934)|STATEMENT_EXECUTE|[66]
18:55:49.0 (29650825)|HEAP_ALLOCATE|[67]|Bytes:4
18:55:49.0 (29686477)|STATEMENT_EXECUTE|[67]
18:55:49.0 (29688215)|STATEMENT_EXECUTE|[68]
18:55:49.0 (29690948)|HEAP_ALLOCATE|[68]|Bytes:4
18:55:49.0 (29714449)|HEAP_ALLOCATE|[EXTERNAL]|Bytes:4
18:55:49.0 (29720923)|STATEMENT_EXECUTE|[69]
18:55:49.0 (29723026)|HEAP_ALLOCATE|[69]|Bytes:20
18:55:49.0 (29727430)|HEAP_ALLOCATE|[69]|Bytes:13
18:55:49.0 (29743282)|HEAP_ALLOCATE|[69]|Bytes:18
18:55:49.0 (29752221)|HEAP_ALLOCATE|[69]|Bytes:1
18:55:49.0 (29761226)|HEAP_ALLOCATE|[69]|Bytes:64
18:55:49.0 (29770315)|VARIABLE_ASSIGNMENT|[69]|query|"Select Id,Name from  (44 more) ..."
18:55:49.0 (29775369)|STATEMENT_EXECUTE|[85]
18:55:49.0 (29777954)|HEAP_ALLOCATE|[85]|Bytes:7
18:55:49.0 (29782999)|HEAP_ALLOCATE|[85]|Bytes:71
18:55:49.0 (29803382)|USER_DEBUG|[85]|DEBUG|query==Select Id,Name from Scheduler__c where Id = 'a0f28000008b0MyAAI'
18:55:49.0 (29811327)|STATEMENT_EXECUTE|[86]
18:55:49.0 (29963243)|SOQL_EXECUTE_BEGIN|[86]|Aggregations:0|Select Id,Name from Scheduler__c where Id = 'a0f28000008b0MyAAI'
18:55:49.0 (31593932)|SOQL_EXECUTE_END|[86]|Rows:1
18:55:49.0 (31612941)|HEAP_ALLOCATE|[86]|Bytes:8
18:55:49.0 (31629847)|HEAP_ALLOCATE|[86]|Bytes:47
18:55:49.0 (31696573)|HEAP_ALLOCATE|[86]|Bytes:8
18:55:49.0 (31715724)|HEAP_ALLOCATE|[86]|Bytes:33
18:55:49.0 (31772588)|HEAP_ALLOCATE|[86]|Bytes:12
18:55:49.0 (31780228)|VARIABLE_SCOPE_BEGIN|[86]|so|SObject|true|false
18:55:49.0 (31801563)|VARIABLE_ASSIGNMENT|[86]|so|{"Id":"a0f28000008b0MyAAI","Name":"SCH-000006"}|0x1c739693
18:55:49.0 (31808806)|STATEMENT_EXECUTE|[87]
18:55:49.0 (31812194)|HEAP_ALLOCATE|[87]|Bytes:4
18:55:49.0 (31870246)|HEAP_ALLOCATE|[87]|Bytes:53
18:55:49.0 (31885235)|HEAP_ALLOCATE|[87]|Bytes:57
18:55:49.0 (31899694)|USER_DEBUG|[87]|DEBUG|so==Scheduler__c:{Id=a0f28000008b0MyAAI, Name=SCH-000006}
18:55:49.0 (31996386)|HEAP_ALLOCATE|[88]|Bytes:5
18:55:49.0 (32017643)|HEAP_ALLOCATE|[88]|Bytes:4
18:55:49.0 (32028944)|VARIABLE_SCOPE_BEGIN|[88]|st|String|false|false
18:55:49.0 (32106549)|VARIABLE_ASSIGNMENT|[88]|st|"name"
18:55:49.0 (32115088)|STATEMENT_EXECUTE|[88]
18:55:49.0 (32169285)|STATEMENT_EXECUTE|[89]
18:55:49.0 (32172447)|STATEMENT_EXECUTE|[90]
18:55:49.0 (32190245)|METHOD_ENTRY|[90]|01p2800000FELrp|RecentlyViewedRecords.findFieldInfo(String, String)
18:55:49.0 (32208465)|VARIABLE_SCOPE_BEGIN|[136]|objName|String|false|false
18:55:49.0 (32220817)|VARIABLE_ASSIGNMENT|[136]|objName|"Scheduler__c"
18:55:49.0 (32225149)|VARIABLE_SCOPE_BEGIN|[136]|fieldApi|String|false|false
18:55:49.0 (32232278)|VARIABLE_ASSIGNMENT|[136]|fieldApi|"name"
18:55:49.0 (32238450)|STATEMENT_EXECUTE|[136]
18:55:49.0 (32239668)|STATEMENT_EXECUTE|[137]
18:55:49.0 (32276148)|VARIABLE_SCOPE_BEGIN|[137]|leadSchema|Schema.SObjectType|true|false
18:55:49.0 (32354105)|VARIABLE_ASSIGNMENT|[137]|leadSchema|"common.apex.runtime.impl.ApexSObjectTypeToken@46bda1f2"|0x46bda1f2
18:55:49.0 (32361824)|STATEMENT_EXECUTE|[138]
18:55:49.0 (32398878)|HEAP_ALLOCATE|[138]|Bytes:4
18:55:49.0 (32579621)|HEAP_ALLOCATE|[138]|Bytes:64
18:55:49.0 (32591132)|METHOD_EXIT|[90]|01p2800000FELrp|RecentlyViewedRecords.findFieldInfo(String, String)
18:55:49.0 (32598087)|VARIABLE_SCOPE_BEGIN|[90]|fieldMap|Map<String,Schema.SObjectField>|true|false
18:55:49.0 (32717023)|VARIABLE_ASSIGNMENT|[90]|fieldMap|"{createdbyid=CreatedById, createddate=CreatedDate, filter_wrapper_json__c=Filter_Wrapper_JSON__c, id=Id, isdeleted=IsDeleted, lastmodifiedbyid=LastModifiedById, lastmodifieddate=LastModifiedDate, lastreferenceddate=LastReferencedDate, lastvieweddate=LastViewedDate, name=Name, ...}"|0x2f0f09b1
18:55:49.0 (32728664)|STATEMENT_EXECUTE|[91]
18:55:49.0 (32748822)|HEAP_ALLOCATE|[91]|Bytes:180
18:55:49.0 (32756577)|HEAP_ALLOCATE|[91]|Bytes:23
18:55:49.0 (32764829)|HEAP_ALLOCATE|[91]|Bytes:28
18:55:49.0 (32778527)|CONSTRUCTOR_ENTRY|[91]|01p2800000FELrp|<init>()
18:55:49.0 (32797553)|VARIABLE_SCOPE_BEGIN|[167]|this|RecentlyViewedRecords.objectWrapper|true|false
18:55:49.0 (32834019)|VARIABLE_ASSIGNMENT|[167]|this|{}|0x29251b01
18:55:49.0 (32845356)|HEAP_ALLOCATE|[EXTERNAL]|Bytes:6
18:55:49.0 (32872279)|STATEMENT_EXECUTE|[167]
18:55:49.0 (32873786)|STATEMENT_EXECUTE|[169]
18:55:49.0 (32875145)|STATEMENT_EXECUTE|[171]
18:55:49.0 (32876021)|STATEMENT_EXECUTE|[173]
18:55:49.0 (32877152)|STATEMENT_EXECUTE|[175]
18:55:49.0 (32878038)|STATEMENT_EXECUTE|[177]
18:55:49.0 (32878955)|STATEMENT_EXECUTE|[179]
18:55:49.0 (32882405)|CONSTRUCTOR_EXIT|[91]|01p2800000FELrp|<init>()
18:55:49.0 (32888581)|VARIABLE_SCOPE_BEGIN|[91]|ow|RecentlyViewedRecords.objectWrapper|true|false
18:55:49.0 (32910214)|VARIABLE_ASSIGNMENT|[91]|ow|{}|0x29251b01
18:55:49.0 (32915612)|STATEMENT_EXECUTE|[92]
18:55:49.0 (33159298)|HEAP_ALLOCATE|[92]|Bytes:8
18:55:49.0 (33182989)|HEAP_ALLOCATE|[92]|Bytes:14
18:55:49.0 (33216644)|VARIABLE_ASSIGNMENT|[EXTERNAL]|this|{}|0x29251b01
18:55:49.0 (33226239)|VARIABLE_ASSIGNMENT|[EXTERNAL]|value|"Scheduler Name"
18:55:49.0 (33238492)|VARIABLE_ASSIGNMENT|[169]|this.label|"Scheduler Name"|0x29251b01
18:55:49.0 (33247382)|STATEMENT_EXECUTE|[93]
18:55:49.0 (33303983)|HEAP_ALLOCATE|[93]|Bytes:10
18:55:49.0 (33324602)|HEAP_ALLOCATE|[93]|Bytes:10
18:55:49.0 (33351938)|VARIABLE_ASSIGNMENT|[EXTERNAL]|this|{"label":"Scheduler Name"}|0x29251b01
18:55:49.0 (33359945)|VARIABLE_ASSIGNMENT|[EXTERNAL]|value|"SCH-000006"
18:55:49.0 (33367879)|VARIABLE_ASSIGNMENT|[171]|this.value|"SCH-000006"|0x29251b01
18:55:49.0 (33375330)|STATEMENT_EXECUTE|[94]
18:55:49.0 (33418435)|VARIABLE_ASSIGNMENT|[EXTERNAL]|this|{"label":"Scheduler Name","value":"SCH-000006"}|0x29251b01
18:55:49.0 (33427326)|VARIABLE_ASSIGNMENT|[EXTERNAL]|value|null
18:55:49.0 (33433918)|VARIABLE_ASSIGNMENT|[173]|this.refName|null|0x29251b01
18:55:49.0 (33440480)|STATEMENT_EXECUTE|[95]
18:55:49.0 (33464549)|VARIABLE_ASSIGNMENT|[EXTERNAL]|this|{"label":"Scheduler Name","value":"SCH-000006"}|0x29251b01
18:55:49.0 (33472076)|VARIABLE_ASSIGNMENT|[EXTERNAL]|value|"name"
18:55:49.0 (33478836)|VARIABLE_ASSIGNMENT|[175]|this.api|"name"|0x29251b01
18:55:49.0 (33485784)|STATEMENT_EXECUTE|[96]
18:55:49.0 (33532840)|HEAP_ALLOCATE|[96]|Bytes:8
18:55:49.0 (34293664)|HEAP_ALLOCATE|[96]|Bytes:12
18:55:49.0 (34325292)|HEAP_ALLOCATE|[96]|Bytes:6
18:55:49.0 (34363302)|VARIABLE_ASSIGNMENT|[EXTERNAL]|this|{"api":"name","label":"Scheduler Name","value":"SCH-000006"}|0x29251b01
18:55:49.0 (34371721)|VARIABLE_ASSIGNMENT|[EXTERNAL]|value|"STRING"
18:55:49.0 (34381122)|VARIABLE_ASSIGNMENT|[177]|this.type|"STRING"|0x29251b01
18:55:49.0 (34389346)|STATEMENT_EXECUTE|[98]
18:55:49.0 (34392605)|HEAP_ALLOCATE|[98]|Bytes:4
18:55:49.0 (34435365)|HEAP_ALLOCATE|[98]|Bytes:105
18:55:49.0 (34448335)|HEAP_ALLOCATE|[98]|Bytes:109
18:55:49.0 (34458070)|USER_DEBUG|[98]|DEBUG|ow==objectWrapper:[api=name, iconUrl=null, label=Scheduler Name, refName=null, type=STRING, value=SCH-000006]
18:55:49.0 (34464736)|STATEMENT_EXECUTE|[99]
18:55:49.0 (34487816)|HEAP_ALLOCATE|[EXTERNAL]|Bytes:4
18:55:49.0 (34503012)|HEAP_ALLOCATE|[88]|Bytes:5
18:55:49.0 (34513852)|VARIABLE_ASSIGNMENT|[88]|st|null
18:55:49.0 (34519626)|STATEMENT_EXECUTE|[102]
18:55:49.0 (34526151)|SYSTEM_MODE_EXIT|false
18:55:49.34 (34544847)|CUMULATIVE_LIMIT_USAGE
18:55:49.34 (34544847)|LIMIT_USAGE_FOR_NS|(default)|
  Number of SOQL queries: 1 out of 100
  Number of query rows: 1 out of 50000
  Number of SOSL queries: 0 out of 20
  Number of DML statements: 0 out of 150
  Number of DML rows: 0 out of 10000
  Maximum CPU time: 0 out of 10000
  Maximum heap size: 0 out of 6000000
  Number of callouts: 0 out of 100
  Number of Email Invocations: 0 out of 10
  Number of future calls: 0 out of 50
  Number of queueable jobs added to the queue: 0 out of 50
  Number of Mobile Apex push calls: 0 out of 10

18:55:49.34 (34544847)|CUMULATIVE_LIMIT_USAGE_END

18:55:49.0 (34576365)|CODE_UNIT_FINISHED|RecentlyViewedRecords.queryCompactLayout
18:55:49.0 (35660750)|CODE_UNIT_STARTED|[EXTERNAL]|Aura
18:55:49.0 (35693938)|CODE_UNIT_FINISHED|Aura
18:55:49.0 (35720667)|CODE_UNIT_FINISHED|Aura
18:55:49.0 (36364338)|EXECUTION_FINISHED
18:55:49.37 (37732519)|USER_INFO|[EXTERNAL]|00528000001JBjQ|ramu.veligeti@yahoo.co.in|Pacific Standard Time|GMT-07:00
18:55:49.37 (37760391)|EXECUTION_STARTED
18:55:49.37 (37764214)|CODE_UNIT_STARTED|[EXTERNAL]|Aura
18:55:49.37 (37917010)|HEAP_ALLOCATE|[EXTERNAL]|Bytes:18
18:55:49.37 (37931548)|HEAP_ALLOCATE|[EXTERNAL]|Bytes:4
18:55:49.37 (37985741)|HEAP_ALLOCATE|[EXTERNAL]|Bytes:12
18:55:49.37 (37993272)|HEAP_ALLOCATE|[EXTERNAL]|Bytes:12
18:55:49.37 (38645556)|CODE_UNIT_STARTED|[EXTERNAL]|01p2800000FELrp|RecentlyViewedRecords.queryCompactLayout
18:55:49.37 (38695226)|HEAP_ALLOCATE|[EXTERNAL]|Bytes:4
18:55:49.37 (38702064)|HEAP_ALLOCATE|[EXTERNAL]|Bytes:12
18:55:49.37 (38712776)|SYSTEM_MODE_ENTER|false
18:55:49.37 (38724926)|VARIABLE_SCOPE_BEGIN|[33]|rvId|Id|false|false
18:55:49.37 (38856613)|VARIABLE_ASSIGNMENT|[33]|rvId|"a0f28000008b0MyAAI"
18:55:49.37 (38866938)|VARIABLE_SCOPE_BEGIN|[33]|objName|String|false|false
18:55:49.37 (38880692)|VARIABLE_ASSIGNMENT|[33]|objName|"Scheduler__c"
18:55:49.37 (38894917)|STATEMENT_EXECUTE|[33]
18:55:49.37 (38897282)|STATEMENT_EXECUTE|[34]
18:55:49.37 (38906318)|HEAP_ALLOCATE|[34]|Bytes:4
18:55:49.37 (38925151)|VARIABLE_SCOPE_BEGIN|[34]|objMap|Map<String,String>|true|false
18:55:49.37 (38950354)|VARIABLE_ASSIGNMENT|[34]|objMap|{}|0x7698b825
18:55:49.37 (38959769)|STATEMENT_EXECUTE|[35]
18:55:49.37 (38965088)|HEAP_ALLOCATE|[35]|Bytes:4
18:55:49.37 (38983915)|VARIABLE_SCOPE_BEGIN|[35]|owList|List<RecentlyViewedRecords.objectWrapper>|true|false
18:55:49.37 (39020430)|HEAP_ALLOCATE|[EXTERNAL]|Bytes:4
18:55:49.37 (39032656)|VARIABLE_ASSIGNMENT|[35]|owList|[]|0x35799043
18:55:49.37 (39040592)|STATEMENT_EXECUTE|[36]
18:55:49.37 (47312699)|HEAP_ALLOCATE|[36]|Bytes:1628
18:55:49.37 (47350700)|VARIABLE_SCOPE_BEGIN|[36]|globalDescribeMap|Map<String,Schema.SObjectType>|true|false
18:55:49.37 (47647051)|VARIABLE_ASSIGNMENT|[36]|globalDescribeMap|"{acceptedeventrelation=AcceptedEventRelation, acchierarchy__account_hierarchy__mdt=accHierarchy__Account_Hierarchy__mdt, acchierarchy__account_hierarchy_setup__c=accHierarchy__Account_Hierarchy_Setup__c, account=Account, accountcleaninfo=AccountCleanInfo, accountcontactrole=AccountContactRole, accountfeed=AccountFeed, accounthistory=AccountHistory, accountpartner=AccountPartner, accountshare=AccountShare, ...}"|0x3b3185d7
18:55:49.37 (47672632)|STATEMENT_EXECUTE|[37]
18:55:49.37 (47708831)|VARIABLE_SCOPE_BEGIN|[37]|SObjectTypeObj|Schema.SObjectType|true|false
18:55:49.37 (47783291)|VARIABLE_ASSIGNMENT|[37]|SObjectTypeObj|"common.apex.runtime.impl.ApexSObjectTypeToken@46bda1f2"|0x46bda1f2
18:55:49.37 (47793625)|STATEMENT_EXECUTE|[38]
18:55:49.37 (47826899)|HEAP_ALLOCATE|[38]|Bytes:4
18:55:49.37 (47839667)|VARIABLE_SCOPE_BEGIN|[38]|describeSObjectResultObj|Schema.DescribeSObjectResult|true|false
18:55:49.37 (47918235)|VARIABLE_ASSIGNMENT|[38]|describeSObjectResultObj|"common.api.soap.wsdl.DescribeSObjectResult@315dff72"|0x45ce8fe2
18:55:49.37 (47929076)|STATEMENT_EXECUTE|[39]
18:55:49.37 (48056717)|HEAP_ALLOCATE|[39]|Bytes:378
18:55:49.37 (48085071)|HEAP_ALLOCATE|[39]|Bytes:414
18:55:49.37 (48101644)|USER_DEBUG|[39]|DEBUG|FIELDSET_NAME==RecentlyViewedHover==Schema.DescribeSObjectResult[getHasSubtypes=false;getKeyPrefix=a0f;getLabel=Scheduler;getLabelPlural=Scheduler;getName=Scheduler__c;isAccessible=true;isCreateable=true;isCustom=true;isCustomSetting=false;isDeletable=true;isDeprecatedAndHidden=false;isFeedEnabled=false;isMergeable=false;isMruEnabled=true;isQueryable=true;isSearchable=true;isUndeletable=true;isUpdateable=true;]
18:55:49.37 (48122798)|STATEMENT_EXECUTE|[40]
18:55:49.37 (49044522)|HEAP_ALLOCATE|[40]|Bytes:4
18:55:49.37 (49078517)|VARIABLE_SCOPE_BEGIN|[40]|fieldSetObj|Schema.FieldSet|true|false
18:55:49.37 (49096265)|VARIABLE_ASSIGNMENT|[40]|fieldSetObj|null|
18:55:49.37 (49103606)|STATEMENT_EXECUTE|[41]
18:55:49.37 (49132910)|HEAP_ALLOCATE|[41]|Bytes:17
18:55:49.37 (49146830)|USER_DEBUG|[41]|DEBUG|fieldSetObj==null
18:55:49.37 (49156013)|STATEMENT_EXECUTE|[42]
18:55:49.37 (49161798)|HEAP_ALLOCATE|[42]|Bytes:4
18:55:49.37 (49180999)|VARIABLE_SCOPE_BEGIN|[42]|fieldApis|List<String>|true|false
18:55:49.37 (49226129)|HEAP_ALLOCATE|[EXTERNAL]|Bytes:4
18:55:49.37 (49242284)|VARIABLE_ASSIGNMENT|[42]|fieldApis|[]|0x76a44eee
18:55:49.37 (49251682)|STATEMENT_EXECUTE|[43]
18:55:49.37 (49258272)|HEAP_ALLOCATE|[43]|Bytes:4
18:55:49.37 (49275024)|VARIABLE_SCOPE_BEGIN|[43]|refFieldToIgnore|Set<String>|true|false
18:55:49.37 (49302224)|VARIABLE_ASSIGNMENT|[43]|refFieldToIgnore|[]|0xfa633f1
18:55:49.37 (49311406)|STATEMENT_EXECUTE|[44]
18:55:49.37 (49316633)|HEAP_ALLOCATE|[44]|Bytes:4
18:55:49.37 (49325962)|VARIABLE_SCOPE_BEGIN|[44]|refMap|Map<String,String>|true|false
18:55:49.37 (49346195)|VARIABLE_ASSIGNMENT|[44]|refMap|{}|0x388e00ef
18:55:49.37 (49353837)|STATEMENT_EXECUTE|[45]
18:55:49.37 (49357670)|VARIABLE_SCOPE_BEGIN|[45]|query|String|false|false
18:55:49.37 (49368716)|VARIABLE_ASSIGNMENT|[45]|query|null
18:55:49.37 (49375678)|STATEMENT_EXECUTE|[66]
18:55:49.37 (49404285)|STATEMENT_EXECUTE|[67]
18:55:49.37 (49406386)|STATEMENT_EXECUTE|[68]
18:55:49.37 (49417533)|HEAP_ALLOCATE|[EXTERNAL]|Bytes:4
18:55:49.37 (49425300)|STATEMENT_EXECUTE|[69]
18:55:49.37 (49439197)|HEAP_ALLOCATE|[69]|Bytes:18
18:55:49.37 (49456449)|HEAP_ALLOCATE|[69]|Bytes:64
18:55:49.37 (49468492)|VARIABLE_ASSIGNMENT|[69]|query|"Select Id,Name from  (44 more) ..."
18:55:49.37 (49475322)|STATEMENT_EXECUTE|[85]
18:55:49.37 (49481629)|HEAP_ALLOCATE|[85]|Bytes:71
18:55:49.37 (49492157)|USER_DEBUG|[85]|DEBUG|query==Select Id,Name from Scheduler__c where Id = 'a0f28000008b0MyAAI'
18:55:49.37 (49501790)|STATEMENT_EXECUTE|[86]
18:55:49.37 (49723407)|SOQL_EXECUTE_BEGIN|[86]|Aggregations:0|Select Id,Name from Scheduler__c where Id = 'a0f28000008b0MyAAI'
18:55:49.37 (51712133)|SOQL_EXECUTE_END|[86]|Rows:1
18:55:49.37 (51739734)|HEAP_ALLOCATE|[86]|Bytes:8
18:55:49.37 (51759634)|HEAP_ALLOCATE|[86]|Bytes:47
18:55:49.37 (51793297)|HEAP_ALLOCATE|[86]|Bytes:8
18:55:49.37 (51840363)|HEAP_ALLOCATE|[86]|Bytes:12
18:55:49.37 (51852307)|VARIABLE_SCOPE_BEGIN|[86]|so|SObject|true|false
18:55:49.37 (51881044)|VARIABLE_ASSIGNMENT|[86]|so|{"Id":"a0f28000008b0MyAAI","Name":"SCH-000006"}|0x4c0ab02f
18:55:49.37 (51891646)|STATEMENT_EXECUTE|[87]
18:55:49.37 (51943571)|HEAP_ALLOCATE|[87]|Bytes:53
18:55:49.37 (51967280)|HEAP_ALLOCATE|[87]|Bytes:57
18:55:49.37 (51980157)|USER_DEBUG|[87]|DEBUG|so==Scheduler__c:{Id=a0f28000008b0MyAAI, Name=SCH-000006}
18:55:49.37 (52023681)|HEAP_ALLOCATE|[88]|Bytes:5
18:55:49.37 (52044607)|HEAP_ALLOCATE|[88]|Bytes:4
18:55:49.37 (52055393)|VARIABLE_SCOPE_BEGIN|[88]|st|String|false|false
18:55:49.37 (52069539)|VARIABLE_ASSIGNMENT|[88]|st|"name"
18:55:49.37 (52078032)|STATEMENT_EXECUTE|[88]
18:55:49.37 (52095599)|STATEMENT_EXECUTE|[89]
18:55:49.37 (52097427)|STATEMENT_EXECUTE|[90]
18:55:49.37 (52115727)|METHOD_ENTRY|[90]|01p2800000FELrp|RecentlyViewedRecords.findFieldInfo(String, String)
18:55:49.37 (52129234)|VARIABLE_SCOPE_BEGIN|[136]|objName|String|false|false
18:55:49.37 (52142412)|VARIABLE_ASSIGNMENT|[136]|objName|"Scheduler__c"
18:55:49.37 (52148399)|VARIABLE_SCOPE_BEGIN|[136]|fieldApi|String|false|false
18:55:49.37 (52157682)|VARIABLE_ASSIGNMENT|[136]|fieldApi|"name"
18:55:49.37 (52167000)|STATEMENT_EXECUTE|[136]
18:55:49.37 (52168802)|STATEMENT_EXECUTE|[137]
18:55:49.37 (52201688)|VARIABLE_SCOPE_BEGIN|[137]|leadSchema|Schema.SObjectType|true|false
18:55:49.37 (52306509)|VARIABLE_ASSIGNMENT|[137]|leadSchema|"common.apex.runtime.impl.ApexSObjectTypeToken@46bda1f2"|0x46bda1f2
18:55:49.37 (52318489)|STATEMENT_EXECUTE|[138]
18:55:49.37 (52352777)|HEAP_ALLOCATE|[138]|Bytes:4
18:55:49.37 (52536618)|HEAP_ALLOCATE|[138]|Bytes:64
18:55:49.37 (52552234)|METHOD_EXIT|[90]|01p2800000FELrp|RecentlyViewedRecords.findFieldInfo(String, String)
18:55:49.37 (52562862)|VARIABLE_SCOPE_BEGIN|[90]|fieldMap|Map<String,Schema.SObjectField>|true|false
18:55:49.37 (52725374)|VARIABLE_ASSIGNMENT|[90]|fieldMap|"{createdbyid=CreatedById, createddate=CreatedDate, filter_wrapper_json__c=Filter_Wrapper_JSON__c, id=Id, isdeleted=IsDeleted, lastmodifiedbyid=LastModifiedById, lastmodifieddate=LastModifiedDate, lastreferenceddate=LastReferencedDate, lastvieweddate=LastViewedDate, name=Name, ...}"|0x7aba998b
18:55:49.37 (52742098)|STATEMENT_EXECUTE|[91]
18:55:49.37 (52750949)|HEAP_ALLOCATE|[91]|Bytes:28
18:55:49.37 (52765591)|CONSTRUCTOR_ENTRY|[91]|01p2800000FELrp|<init>()
18:55:49.37 (52776942)|VARIABLE_SCOPE_BEGIN|[167]|this|RecentlyViewedRecords.objectWrapper|true|false
18:55:49.37 (52819166)|VARIABLE_ASSIGNMENT|[167]|this|{}|0x766e1441
18:55:49.37 (52847193)|STATEMENT_EXECUTE|[167]
18:55:49.37 (52849257)|STATEMENT_EXECUTE|[169]
18:55:49.37 (52850868)|STATEMENT_EXECUTE|[171]
18:55:49.37 (52852161)|STATEMENT_EXECUTE|[173]
18:55:49.37 (52853541)|STATEMENT_EXECUTE|[175]
18:55:49.37 (52855792)|STATEMENT_EXECUTE|[177]
18:55:49.37 (52857193)|STATEMENT_EXECUTE|[179]
18:55:49.37 (52862102)|CONSTRUCTOR_EXIT|[91]|01p2800000FELrp|<init>()
18:55:49.37 (52871463)|VARIABLE_SCOPE_BEGIN|[91]|ow|RecentlyViewedRecords.objectWrapper|true|false
18:55:49.37 (52897145)|VARIABLE_ASSIGNMENT|[91]|ow|{}|0x766e1441
18:55:49.37 (52905728)|STATEMENT_EXECUTE|[92]
18:55:49.37 (52985095)|HEAP_ALLOCATE|[92]|Bytes:8
18:55:49.37 (53007295)|HEAP_ALLOCATE|[92]|Bytes:14
18:55:49.37 (53038008)|VARIABLE_ASSIGNMENT|[EXTERNAL]|this|{}|0x766e1441
18:55:49.37 (53050692)|VARIABLE_ASSIGNMENT|[EXTERNAL]|value|"Scheduler Name"
18:55:49.37 (53067553)|VARIABLE_ASSIGNMENT|[169]|this.label|"Scheduler Name"|0x766e1441
18:55:49.37 (53082463)|STATEMENT_EXECUTE|[93]
18:55:49.37 (53127321)|HEAP_ALLOCATE|[93]|Bytes:10
18:55:49.37 (53152554)|HEAP_ALLOCATE|[93]|Bytes:10
18:55:49.37 (53193902)|VARIABLE_ASSIGNMENT|[EXTERNAL]|this|{"label":"Scheduler Name"}|0x766e1441
18:55:49.37 (53213318)|VARIABLE_ASSIGNMENT|[EXTERNAL]|value|"SCH-000006"
18:55:49.37 (53226567)|VARIABLE_ASSIGNMENT|[171]|this.value|"SCH-000006"|0x766e1441
18:55:49.37 (53243145)|STATEMENT_EXECUTE|[94]
18:55:49.37 (53282296)|VARIABLE_ASSIGNMENT|[EXTERNAL]|this|{"label":"Scheduler Name","value":"SCH-000006"}|0x766e1441
18:55:49.37 (53295259)|VARIABLE_ASSIGNMENT|[EXTERNAL]|value|null
18:55:49.37 (53306644)|VARIABLE_ASSIGNMENT|[173]|this.refName|null|0x766e1441
18:55:49.37 (53322152)|STATEMENT_EXECUTE|[95]
18:55:49.37 (53345457)|VARIABLE_ASSIGNMENT|[EXTERNAL]|this|{"label":"Scheduler Name","value":"SCH-000006"}|0x766e1441
18:55:49.37 (53355172)|VARIABLE_ASSIGNMENT|[EXTERNAL]|value|"name"
18:55:49.37 (53364840)|VARIABLE_ASSIGNMENT|[175]|this.api|"name"|0x766e1441
18:55:49.37 (53376348)|STATEMENT_EXECUTE|[96]
18:55:49.37 (53421910)|HEAP_ALLOCATE|[96]|Bytes:8
18:55:49.37 (53483939)|HEAP_ALLOCATE|[96]|Bytes:12
18:55:49.37 (53513642)|HEAP_ALLOCATE|[96]|Bytes:6
18:55:49.37 (53552327)|VARIABLE_ASSIGNMENT|[EXTERNAL]|this|{"api":"name","label":"Scheduler Name","value":"SCH-000006"}|0x766e1441
18:55:49.37 (53564767)|VARIABLE_ASSIGNMENT|[EXTERNAL]|value|"STRING"
18:55:49.37 (53575487)|VARIABLE_ASSIGNMENT|[177]|this.type|"STRING"|0x766e1441
18:55:49.37 (53585022)|STATEMENT_EXECUTE|[98]
18:55:49.37 (53618102)|HEAP_ALLOCATE|[98]|Bytes:105
18:55:49.37 (53635577)|HEAP_ALLOCATE|[98]|Bytes:109
18:55:49.37 (53647232)|USER_DEBUG|[98]|DEBUG|ow==objectWrapper:[api=name, iconUrl=null, label=Scheduler Name, refName=null, type=STRING, value=SCH-000006]
18:55:49.37 (53657493)|STATEMENT_EXECUTE|[99]
18:55:49.37 (53669933)|HEAP_ALLOCATE|[EXTERNAL]|Bytes:4
18:55:49.37 (53693755)|HEAP_ALLOCATE|[88]|Bytes:5
18:55:49.37 (53711969)|VARIABLE_ASSIGNMENT|[88]|st|null
18:55:49.37 (53721266)|STATEMENT_EXECUTE|[102]
18:55:49.37 (53731525)|SYSTEM_MODE_EXIT|false
18:55:49.53 (53763109)|CUMULATIVE_LIMIT_USAGE
18:55:49.53 (53763109)|LIMIT_USAGE_FOR_NS|(default)|
  Number of SOQL queries: 2 out of 100
  Number of query rows: 2 out of 50000
  Number of SOSL queries: 0 out of 20
  Number of DML statements: 0 out of 150
  Number of DML rows: 0 out of 10000
  Maximum CPU time: 0 out of 10000
  Maximum heap size: 0 out of 6000000
  Number of callouts: 0 out of 100
  Number of Email Invocations: 0 out of 10
  Number of future calls: 0 out of 50
  Number of queueable jobs added to the queue: 0 out of 50
  Number of Mobile Apex push calls: 0 out of 10

18:55:49.53 (53763109)|CUMULATIVE_LIMIT_USAGE_END

18:55:49.37 (53807369)|CODE_UNIT_FINISHED|RecentlyViewedRecords.queryCompactLayout
18:55:49.37 (54950629)|CODE_UNIT_STARTED|[EXTERNAL]|Aura
18:55:49.37 (54996081)|CODE_UNIT_FINISHED|Aura
18:55:49.37 (55022246)|CODE_UNIT_FINISHED|Aura
18:55:49.37 (55701663)|EXECUTION_FINISHED
