40.0 APEX_CODE,FINEST;APEX_PROFILING,INFO;CALLOUT,INFO;DB,INFO;SYSTEM,DEBUG;VALIDATION,INFO;VISUALFORCE,INFO;WAVE,INFO;WORKFLOW,INFO
18:57:55.0 (55839)|USER_INFO|[EXTERNAL]|00528000001JBjQ|ramu.veligeti@yahoo.co.in|Pacific Standard Time|GMT-07:00
18:57:55.0 (87102)|EXECUTION_STARTED
18:57:55.0 (90103)|CODE_UNIT_STARTED|[EXTERNAL]|Aura
18:57:55.0 (10249577)|HEAP_ALLOCATE|[72]|Bytes:3
18:57:55.0 (10283710)|HEAP_ALLOCATE|[77]|Bytes:152
18:57:55.0 (10306450)|HEAP_ALLOCATE|[342]|Bytes:408
18:57:55.0 (10329858)|HEAP_ALLOCATE|[355]|Bytes:408
18:57:55.0 (10353672)|HEAP_ALLOCATE|[467]|Bytes:48
18:57:55.0 (10386773)|HEAP_ALLOCATE|[139]|Bytes:6
18:57:55.0 (10406057)|HEAP_ALLOCATE|[EXTERNAL]|Bytes:18
18:57:55.0 (10414765)|HEAP_ALLOCATE|[EXTERNAL]|Bytes:4
18:57:55.0 (10640066)|HEAP_ALLOCATE|[EXTERNAL]|Bytes:4
18:57:55.0 (10649963)|HEAP_ALLOCATE|[EXTERNAL]|Bytes:4
18:57:55.0 (11966029)|CODE_UNIT_STARTED|[EXTERNAL]|01p2800000FELrp|RecentlyViewedRecords.queryCompactLayout
18:57:55.0 (12018156)|VARIABLE_SCOPE_BEGIN|[2]|RecentlyViewedRecords.FIELDSET_NAME|String|false|true
18:57:55.0 (12034381)|VARIABLE_SCOPE_BEGIN|[3]|RecentlyViewedRecords.private_apiFieldNames|Map<String,Set<String>>|true|true
18:57:55.0 (12051346)|VARIABLE_SCOPE_BEGIN|[5]|RecentlyViewedRecords.rvi|Recently_Viewed__c|true|true
18:57:55.0 (12064379)|VARIABLE_SCOPE_BEGIN|[4]|RecentlyViewedRecords.schemaMap|Map<String,Schema.SObjectType>|true|true
18:57:55.0 (12120321)|HEAP_ALLOCATE|[EXTERNAL]|Bytes:35
18:57:55.0 (12129998)|HEAP_ALLOCATE|[EXTERNAL]|Bytes:20
18:57:55.0 (12133786)|HEAP_ALLOCATE|[EXTERNAL]|Bytes:38
18:57:55.0 (12230964)|METHOD_ENTRY|[1]|01p2800000FELrp|RecentlyViewedRecords.RecentlyViewedRecords()
18:57:55.0 (12238181)|STATEMENT_EXECUTE|[1]
18:57:55.0 (12242890)|STATEMENT_EXECUTE|[1]
18:57:55.0 (12243866)|STATEMENT_EXECUTE|[2]
18:57:55.0 (12247224)|HEAP_ALLOCATE|[2]|Bytes:19
18:57:55.0 (12270684)|VARIABLE_ASSIGNMENT|[2]|RecentlyViewedRecords.FIELDSET_NAME|"RecentlyViewedHover"
18:57:55.0 (12275928)|STATEMENT_EXECUTE|[3]
18:57:55.0 (12279390)|HEAP_ALLOCATE|[3]|Bytes:4
18:57:55.0 (12301086)|VARIABLE_ASSIGNMENT|[3]|RecentlyViewedRecords.private_apiFieldNames|{}|0x93d6bed
18:57:55.0 (12306598)|STATEMENT_EXECUTE|[4]
18:57:55.0 (12338173)|HEAP_ALLOCATE|[50]|Bytes:5
18:57:55.0 (12360379)|HEAP_ALLOCATE|[56]|Bytes:5
18:57:55.0 (12368339)|HEAP_ALLOCATE|[64]|Bytes:7
18:57:55.0 (27028410)|HEAP_ALLOCATE|[4]|Bytes:1456
18:57:55.0 (27298763)|VARIABLE_ASSIGNMENT|[4]|RecentlyViewedRecords.schemaMap|"{acceptedeventrelation=AcceptedEventRelation, acchierarchy__account_hierarchy__mdt=accHierarchy__Account_Hierarchy__mdt, acchierarchy__account_hierarchy_setup__c=accHierarchy__Account_Hierarchy_Setup__c, account=Account, accountcleaninfo=AccountCleanInfo, accountcontactrole=AccountContactRole, accountfeed=AccountFeed, accounthistory=AccountHistory, accountpartner=AccountPartner, accountshare=AccountShare, ...}"|0x5e435a3d
18:57:55.0 (27317250)|STATEMENT_EXECUTE|[5]
18:57:55.0 (28160607)|HEAP_ALLOCATE|[5]|Bytes:20
18:57:55.0 (28198934)|VARIABLE_ASSIGNMENT|[5]|RecentlyViewedRecords.rvi|{"IsDeleted":false,"Name":"a0d28000002ZKNz","SetupOwnerId":"00528000001JBjQAAW","Records_to_Display__ (1 more) ...":"20"}|0x7e274adf
18:57:55.0 (28207443)|STATEMENT_EXECUTE|[147]
18:57:55.0 (28208841)|STATEMENT_EXECUTE|[167]
18:57:55.0 (28216476)|METHOD_EXIT|[1]|RecentlyViewedRecords
18:57:55.0 (28224107)|HEAP_ALLOCATE|[EXTERNAL]|Bytes:4
18:57:55.0 (28227705)|HEAP_ALLOCATE|[EXTERNAL]|Bytes:4
18:57:55.0 (28236396)|SYSTEM_MODE_ENTER|false
18:57:55.0 (28244596)|VARIABLE_SCOPE_BEGIN|[33]|rvId|Id|false|false
18:57:55.0 (28300873)|VARIABLE_ASSIGNMENT|[33]|rvId|"00528000001JBjQAAW"
18:57:55.0 (28307346)|VARIABLE_SCOPE_BEGIN|[33]|objName|String|false|false
18:57:55.0 (28315927)|VARIABLE_ASSIGNMENT|[33]|objName|"User"
18:57:55.0 (28324565)|STATEMENT_EXECUTE|[33]
18:57:55.0 (28325870)|STATEMENT_EXECUTE|[34]
18:57:55.0 (28332551)|HEAP_ALLOCATE|[34]|Bytes:4
18:57:55.0 (28346167)|VARIABLE_SCOPE_BEGIN|[34]|objMap|Map<String,String>|true|false
18:57:55.0 (28361963)|VARIABLE_ASSIGNMENT|[34]|objMap|{}|0x1c2724f5
18:57:55.0 (28367539)|STATEMENT_EXECUTE|[35]
18:57:55.0 (28470438)|HEAP_ALLOCATE|[35]|Bytes:4
18:57:55.0 (28528250)|VARIABLE_SCOPE_BEGIN|[35]|owList|List<RecentlyViewedRecords.objectWrapper>|true|false
18:57:55.0 (28549709)|HEAP_ALLOCATE|[EXTERNAL]|Bytes:4
18:57:55.0 (28559504)|VARIABLE_ASSIGNMENT|[35]|owList|[]|0x587107fe
18:57:55.0 (28565615)|STATEMENT_EXECUTE|[36]
18:57:55.0 (34944526)|HEAP_ALLOCATE|[36]|Bytes:1628
18:57:55.0 (34968363)|VARIABLE_SCOPE_BEGIN|[36]|globalDescribeMap|Map<String,Schema.SObjectType>|true|false
18:57:55.0 (35172405)|VARIABLE_ASSIGNMENT|[36]|globalDescribeMap|"{acceptedeventrelation=AcceptedEventRelation, acchierarchy__account_hierarchy__mdt=accHierarchy__Account_Hierarchy__mdt, acchierarchy__account_hierarchy_setup__c=accHierarchy__Account_Hierarchy_Setup__c, account=Account, accountcleaninfo=AccountCleanInfo, accountcontactrole=AccountContactRole, accountfeed=AccountFeed, accounthistory=AccountHistory, accountpartner=AccountPartner, accountshare=AccountShare, ...}"|0x1431674d
18:57:55.0 (35187900)|STATEMENT_EXECUTE|[37]
18:57:55.0 (35249125)|VARIABLE_SCOPE_BEGIN|[37]|SObjectTypeObj|Schema.SObjectType|true|false
18:57:55.0 (35300307)|VARIABLE_ASSIGNMENT|[37]|SObjectTypeObj|"common.apex.runtime.impl.ApexSObjectTypeToken@5004b6a6"|0x5004b6a6
18:57:55.0 (35308716)|STATEMENT_EXECUTE|[38]
18:57:55.0 (35440952)|HEAP_ALLOCATE|[38]|Bytes:4
18:57:55.0 (35464888)|VARIABLE_SCOPE_BEGIN|[38]|describeSObjectResultObj|Schema.DescribeSObjectResult|true|false
18:57:55.0 (35525184)|VARIABLE_ASSIGNMENT|[38]|describeSObjectResultObj|"common.api.soap.wsdl.DescribeSObjectResult@1b46225b"|0x3a2b9797
18:57:55.0 (35533057)|STATEMENT_EXECUTE|[39]
18:57:55.0 (35537568)|HEAP_ALLOCATE|[39]|Bytes:15
18:57:55.0 (35545514)|HEAP_ALLOCATE|[39]|Bytes:2
18:57:55.0 (35653647)|HEAP_ALLOCATE|[39]|Bytes:363
18:57:55.0 (35673902)|HEAP_ALLOCATE|[39]|Bytes:399
18:57:55.0 (35692225)|USER_DEBUG|[39]|DEBUG|FIELDSET_NAME==RecentlyViewedHover==Schema.DescribeSObjectResult[getHasSubtypes=false;getKeyPrefix=005;getLabel=User;getLabelPlural=Users;getName=User;isAccessible=true;isCreateable=true;isCustom=false;isCustomSetting=false;isDeletable=false;isDeprecatedAndHidden=false;isFeedEnabled=true;isMergeable=false;isMruEnabled=true;isQueryable=true;isSearchable=true;isUndeletable=false;isUpdateable=true;]
18:57:55.0 (35705353)|STATEMENT_EXECUTE|[40]
18:57:55.0 (37163776)|HEAP_ALLOCATE|[40]|Bytes:4
18:57:55.0 (37231719)|VARIABLE_SCOPE_BEGIN|[40]|fieldSetObj|Schema.FieldSet|true|false
18:57:55.0 (37251304)|VARIABLE_ASSIGNMENT|[40]|fieldSetObj|null|
18:57:55.0 (37258771)|STATEMENT_EXECUTE|[41]
18:57:55.0 (37263952)|HEAP_ALLOCATE|[41]|Bytes:13
18:57:55.0 (37321814)|HEAP_ALLOCATE|[41]|Bytes:17
18:57:55.0 (37337390)|USER_DEBUG|[41]|DEBUG|fieldSetObj==null
18:57:55.0 (37347943)|STATEMENT_EXECUTE|[42]
18:57:55.0 (37354931)|HEAP_ALLOCATE|[42]|Bytes:4
18:57:55.0 (37383614)|VARIABLE_SCOPE_BEGIN|[42]|fieldApis|List<String>|true|false
18:57:55.0 (37413758)|HEAP_ALLOCATE|[EXTERNAL]|Bytes:4
18:57:55.0 (37427757)|VARIABLE_ASSIGNMENT|[42]|fieldApis|[]|0x6ae9440b
18:57:55.0 (37435951)|STATEMENT_EXECUTE|[43]
18:57:55.0 (37444076)|HEAP_ALLOCATE|[43]|Bytes:4
18:57:55.0 (37472376)|VARIABLE_SCOPE_BEGIN|[43]|refFieldToIgnore|Set<String>|true|false
18:57:55.0 (37502481)|VARIABLE_ASSIGNMENT|[43]|refFieldToIgnore|[]|0xc98e1ee
18:57:55.0 (37514790)|STATEMENT_EXECUTE|[44]
18:57:55.0 (37519599)|HEAP_ALLOCATE|[44]|Bytes:4
18:57:55.0 (37528214)|VARIABLE_SCOPE_BEGIN|[44]|refMap|Map<String,String>|true|false
18:57:55.0 (37549193)|VARIABLE_ASSIGNMENT|[44]|refMap|{}|0x3e7a17a8
18:57:55.0 (37556924)|STATEMENT_EXECUTE|[45]
18:57:55.0 (37560277)|VARIABLE_SCOPE_BEGIN|[45]|query|String|false|false
18:57:55.0 (37572542)|VARIABLE_ASSIGNMENT|[45]|query|null
18:57:55.0 (37579149)|STATEMENT_EXECUTE|[66]
18:57:55.0 (37582615)|HEAP_ALLOCATE|[67]|Bytes:4
18:57:55.0 (37629967)|STATEMENT_EXECUTE|[67]
18:57:55.0 (37632214)|STATEMENT_EXECUTE|[68]
18:57:55.0 (37635331)|HEAP_ALLOCATE|[68]|Bytes:4
18:57:55.0 (37665755)|HEAP_ALLOCATE|[EXTERNAL]|Bytes:4
18:57:55.0 (37674714)|STATEMENT_EXECUTE|[69]
18:57:55.0 (37677808)|HEAP_ALLOCATE|[69]|Bytes:20
18:57:55.0 (37683309)|HEAP_ALLOCATE|[69]|Bytes:13
18:57:55.0 (37708951)|HEAP_ALLOCATE|[69]|Bytes:18
18:57:55.0 (37721376)|HEAP_ALLOCATE|[69]|Bytes:1
18:57:55.0 (37731603)|HEAP_ALLOCATE|[69]|Bytes:56
18:57:55.0 (37743525)|VARIABLE_ASSIGNMENT|[69]|query|"Select Id,Name from  (36 more) ..."
18:57:55.0 (37751135)|STATEMENT_EXECUTE|[85]
18:57:55.0 (37753834)|HEAP_ALLOCATE|[85]|Bytes:7
18:57:55.0 (37773885)|HEAP_ALLOCATE|[85]|Bytes:63
18:57:55.0 (37796383)|USER_DEBUG|[85]|DEBUG|query==Select Id,Name from User where Id = '00528000001JBjQAAW'
18:57:55.0 (37806706)|STATEMENT_EXECUTE|[86]
18:57:55.0 (38635620)|SOQL_EXECUTE_BEGIN|[86]|Aggregations:0|Select Id,Name from User where Id = '00528000001JBjQAAW'
18:57:55.0 (45864674)|SOQL_EXECUTE_END|[86]|Rows:1
18:57:55.0 (45888485)|HEAP_ALLOCATE|[86]|Bytes:8
18:57:55.0 (45906261)|HEAP_ALLOCATE|[86]|Bytes:50
18:57:55.0 (45970300)|HEAP_ALLOCATE|[86]|Bytes:8
18:57:55.0 (45992303)|HEAP_ALLOCATE|[86]|Bytes:33
18:57:55.0 (46064591)|HEAP_ALLOCATE|[86]|Bytes:12
18:57:55.0 (46077551)|VARIABLE_SCOPE_BEGIN|[86]|so|SObject|true|false
18:57:55.0 (46105068)|VARIABLE_ASSIGNMENT|[86]|so|{"Id":"00528000001JBjQAAW","Name":"Ramu Veligeti"}|0x3adaa8a0
18:57:55.0 (46115678)|STATEMENT_EXECUTE|[87]
18:57:55.0 (46119753)|HEAP_ALLOCATE|[87]|Bytes:4
18:57:55.0 (46197589)|HEAP_ALLOCATE|[87]|Bytes:48
18:57:55.0 (46215330)|HEAP_ALLOCATE|[87]|Bytes:52
18:57:55.0 (46226971)|USER_DEBUG|[87]|DEBUG|so==User:{Id=00528000001JBjQAAW, Name=Ramu Veligeti}
18:57:55.0 (46322870)|HEAP_ALLOCATE|[88]|Bytes:5
18:57:55.0 (46337093)|HEAP_ALLOCATE|[88]|Bytes:4
18:57:55.0 (46344791)|VARIABLE_SCOPE_BEGIN|[88]|st|String|false|false
18:57:55.0 (46355200)|VARIABLE_ASSIGNMENT|[88]|st|"name"
18:57:55.0 (46360276)|STATEMENT_EXECUTE|[88]
18:57:55.0 (46386409)|STATEMENT_EXECUTE|[89]
18:57:55.0 (46388127)|STATEMENT_EXECUTE|[90]
18:57:55.0 (46399605)|METHOD_ENTRY|[90]|01p2800000FELrp|RecentlyViewedRecords.findFieldInfo(String, String)
18:57:55.0 (46416790)|VARIABLE_SCOPE_BEGIN|[136]|objName|String|false|false
18:57:55.0 (46430353)|VARIABLE_ASSIGNMENT|[136]|objName|"User"
18:57:55.0 (46437607)|VARIABLE_SCOPE_BEGIN|[136]|fieldApi|String|false|false
18:57:55.0 (46448760)|VARIABLE_ASSIGNMENT|[136]|fieldApi|"name"
18:57:55.0 (46457478)|STATEMENT_EXECUTE|[136]
18:57:55.0 (46459613)|STATEMENT_EXECUTE|[137]
18:57:55.0 (46497755)|VARIABLE_SCOPE_BEGIN|[137]|leadSchema|Schema.SObjectType|true|false
18:57:55.0 (46569015)|VARIABLE_ASSIGNMENT|[137]|leadSchema|"common.apex.runtime.impl.ApexSObjectTypeToken@5004b6a6"|0x5004b6a6
18:57:55.0 (46576688)|STATEMENT_EXECUTE|[138]
18:57:55.0 (46611724)|HEAP_ALLOCATE|[138]|Bytes:4
18:57:55.0 (47454619)|HEAP_ALLOCATE|[138]|Bytes:640
18:57:55.0 (47472641)|METHOD_EXIT|[90]|01p2800000FELrp|RecentlyViewedRecords.findFieldInfo(String, String)
18:57:55.0 (47480838)|VARIABLE_SCOPE_BEGIN|[90]|fieldMap|Map<String,Schema.SObjectField>|true|false
18:57:55.0 (47667904)|VARIABLE_ASSIGNMENT|[90]|fieldMap|"{aboutme=AboutMe, accountid=AccountId, address=Address, alias=Alias, badgetext=BadgeText, bannerphotourl=BannerPhotoUrl, bksl2__about_us__c=BKSL2__About_us__c, bksl2__booking_social_account2__c=BKSL2__Booking_Social_Account2__c, bksl2__booking_social_account__c=BKSL2__Booking_Social_Account__c, bksl2__expert__c=BKSL2__Expert__c, ...}"|0xe035fb
18:57:55.0 (47683570)|STATEMENT_EXECUTE|[91]
18:57:55.0 (47699130)|HEAP_ALLOCATE|[91]|Bytes:180
18:57:55.0 (47707313)|HEAP_ALLOCATE|[91]|Bytes:23
18:57:55.0 (47714665)|HEAP_ALLOCATE|[91]|Bytes:28
18:57:55.0 (47734848)|CONSTRUCTOR_ENTRY|[91]|01p2800000FELrp|<init>()
18:57:55.0 (47753407)|VARIABLE_SCOPE_BEGIN|[167]|this|RecentlyViewedRecords.objectWrapper|true|false
18:57:55.0 (47788602)|VARIABLE_ASSIGNMENT|[167]|this|{}|0x779b08c5
18:57:55.0 (47799683)|HEAP_ALLOCATE|[EXTERNAL]|Bytes:6
18:57:55.0 (47823788)|STATEMENT_EXECUTE|[167]
18:57:55.0 (47825296)|STATEMENT_EXECUTE|[169]
18:57:55.0 (47826343)|STATEMENT_EXECUTE|[171]
18:57:55.0 (47827173)|STATEMENT_EXECUTE|[173]
18:57:55.0 (47828075)|STATEMENT_EXECUTE|[175]
18:57:55.0 (47828936)|STATEMENT_EXECUTE|[177]
18:57:55.0 (47836913)|STATEMENT_EXECUTE|[179]
18:57:55.0 (47853277)|CONSTRUCTOR_EXIT|[91]|01p2800000FELrp|<init>()
18:57:55.0 (47859833)|VARIABLE_SCOPE_BEGIN|[91]|ow|RecentlyViewedRecords.objectWrapper|true|false
18:57:55.0 (47879380)|VARIABLE_ASSIGNMENT|[91]|ow|{}|0x779b08c5
18:57:55.0 (47885384)|STATEMENT_EXECUTE|[92]
18:57:55.0 (48141124)|HEAP_ALLOCATE|[92]|Bytes:8
18:57:55.0 (48165554)|HEAP_ALLOCATE|[92]|Bytes:9
18:57:55.0 (48196053)|VARIABLE_ASSIGNMENT|[EXTERNAL]|this|{}|0x779b08c5
18:57:55.0 (48205126)|VARIABLE_ASSIGNMENT|[EXTERNAL]|value|"Full Name"
18:57:55.0 (48219876)|VARIABLE_ASSIGNMENT|[169]|this.label|"Full Name"|0x779b08c5
18:57:55.0 (48228561)|STATEMENT_EXECUTE|[93]
18:57:55.0 (48283262)|HEAP_ALLOCATE|[93]|Bytes:13
18:57:55.0 (48304800)|HEAP_ALLOCATE|[93]|Bytes:13
18:57:55.0 (48334253)|VARIABLE_ASSIGNMENT|[EXTERNAL]|this|{"label":"Full Name"}|0x779b08c5
18:57:55.0 (48343478)|VARIABLE_ASSIGNMENT|[EXTERNAL]|value|"Ramu Veligeti"
18:57:55.0 (48351690)|VARIABLE_ASSIGNMENT|[171]|this.value|"Ramu Veligeti"|0x779b08c5
18:57:55.0 (48359090)|STATEMENT_EXECUTE|[94]
18:57:55.0 (48407611)|VARIABLE_ASSIGNMENT|[EXTERNAL]|this|{"label":"Full Name","value":"Ramu Veligeti"}|0x779b08c5
18:57:55.0 (48417224)|VARIABLE_ASSIGNMENT|[EXTERNAL]|value|null
18:57:55.0 (48425488)|VARIABLE_ASSIGNMENT|[173]|this.refName|null|0x779b08c5
18:57:55.0 (48432951)|STATEMENT_EXECUTE|[95]
18:57:55.0 (48456541)|VARIABLE_ASSIGNMENT|[EXTERNAL]|this|{"label":"Full Name","value":"Ramu Veligeti"}|0x779b08c5
18:57:55.0 (48464023)|VARIABLE_ASSIGNMENT|[EXTERNAL]|value|"name"
18:57:55.0 (48470752)|VARIABLE_ASSIGNMENT|[175]|this.api|"name"|0x779b08c5
18:57:55.0 (48477351)|STATEMENT_EXECUTE|[96]
18:57:55.0 (48528715)|HEAP_ALLOCATE|[96]|Bytes:8
18:57:55.0 (49266861)|HEAP_ALLOCATE|[96]|Bytes:12
18:57:55.0 (49299916)|HEAP_ALLOCATE|[96]|Bytes:6
18:57:55.0 (49337070)|VARIABLE_ASSIGNMENT|[EXTERNAL]|this|{"api":"name","label":"Full Name","value":"Ramu Veligeti"}|0x779b08c5
18:57:55.0 (49345835)|VARIABLE_ASSIGNMENT|[EXTERNAL]|value|"STRING"
18:57:55.0 (49353663)|VARIABLE_ASSIGNMENT|[177]|this.type|"STRING"|0x779b08c5
18:57:55.0 (49361058)|STATEMENT_EXECUTE|[98]
18:57:55.0 (49367856)|HEAP_ALLOCATE|[98]|Bytes:4
18:57:55.0 (49412278)|HEAP_ALLOCATE|[98]|Bytes:103
18:57:55.0 (49425348)|HEAP_ALLOCATE|[98]|Bytes:107
18:57:55.0 (49435777)|USER_DEBUG|[98]|DEBUG|ow==objectWrapper:[api=name, iconUrl=null, label=Full Name, refName=null, type=STRING, value=Ramu Veligeti]
18:57:55.0 (49443377)|STATEMENT_EXECUTE|[99]
18:57:55.0 (49468389)|HEAP_ALLOCATE|[EXTERNAL]|Bytes:4
18:57:55.0 (49483835)|HEAP_ALLOCATE|[88]|Bytes:5
18:57:55.0 (49495213)|VARIABLE_ASSIGNMENT|[88]|st|null
18:57:55.0 (49500754)|STATEMENT_EXECUTE|[102]
18:57:55.0 (49507806)|SYSTEM_MODE_EXIT|false
18:57:55.49 (49526646)|CUMULATIVE_LIMIT_USAGE
18:57:55.49 (49526646)|LIMIT_USAGE_FOR_NS|(default)|
  Number of SOQL queries: 1 out of 100
  Number of query rows: 1 out of 50000
  Number of SOSL queries: 0 out of 20
  Number of DML statements: 0 out of 150
  Number of DML rows: 0 out of 10000
  Maximum CPU time: 0 out of 10000
  Maximum heap size: 0 out of 6000000
  Number of callouts: 0 out of 100
  Number of Email Invocations: 0 out of 10
  Number of future calls: 0 out of 50
  Number of queueable jobs added to the queue: 0 out of 50
  Number of Mobile Apex push calls: 0 out of 10

18:57:55.49 (49526646)|CUMULATIVE_LIMIT_USAGE_END

18:57:55.0 (49555363)|CODE_UNIT_FINISHED|RecentlyViewedRecords.queryCompactLayout
18:57:55.0 (50689556)|CODE_UNIT_STARTED|[EXTERNAL]|Aura
18:57:55.0 (50725811)|CODE_UNIT_FINISHED|Aura
18:57:55.0 (50749378)|CODE_UNIT_FINISHED|Aura
18:57:55.0 (51558901)|EXECUTION_FINISHED
