40.0 APEX_CODE,FINEST;APEX_PROFILING,INFO;CALLOUT,INFO;DB,INFO;SYSTEM,DEBUG;VALIDATION,INFO;VISUALFORCE,INFO;WAVE,INFO;WORKFLOW,INFO
18:54:09.0 (54331)|USER_INFO|[EXTERNAL]|00528000001JBjQ|ramu.veligeti@yahoo.co.in|Pacific Standard Time|GMT-07:00
18:54:09.0 (92024)|EXECUTION_STARTED
18:54:09.0 (95187)|CODE_UNIT_STARTED|[EXTERNAL]|Aura
18:54:09.0 (9042705)|HEAP_ALLOCATE|[72]|Bytes:3
18:54:09.0 (9077153)|HEAP_ALLOCATE|[77]|Bytes:152
18:54:09.0 (9092075)|HEAP_ALLOCATE|[342]|Bytes:408
18:54:09.0 (9106261)|HEAP_ALLOCATE|[355]|Bytes:408
18:54:09.0 (9118847)|HEAP_ALLOCATE|[467]|Bytes:48
18:54:09.0 (9142322)|HEAP_ALLOCATE|[139]|Bytes:6
18:54:09.0 (9154039)|HEAP_ALLOCATE|[EXTERNAL]|Bytes:18
18:54:09.0 (9161563)|HEAP_ALLOCATE|[EXTERNAL]|Bytes:4
18:54:09.0 (9358430)|HEAP_ALLOCATE|[EXTERNAL]|Bytes:7
18:54:09.0 (9365407)|HEAP_ALLOCATE|[EXTERNAL]|Bytes:7
18:54:09.0 (10543575)|CODE_UNIT_STARTED|[EXTERNAL]|01p2800000FELrp|RecentlyViewedRecords.queryCompactLayout
18:54:09.0 (10591424)|VARIABLE_SCOPE_BEGIN|[2]|RecentlyViewedRecords.FIELDSET_NAME|String|false|true
18:54:09.0 (10602790)|VARIABLE_SCOPE_BEGIN|[3]|RecentlyViewedRecords.private_apiFieldNames|Map<String,Set<String>>|true|true
18:54:09.0 (10610150)|VARIABLE_SCOPE_BEGIN|[5]|RecentlyViewedRecords.rvi|Recently_Viewed__c|true|true
18:54:09.0 (10616562)|VARIABLE_SCOPE_BEGIN|[4]|RecentlyViewedRecords.schemaMap|Map<String,Schema.SObjectType>|true|true
18:54:09.0 (10673567)|HEAP_ALLOCATE|[EXTERNAL]|Bytes:35
18:54:09.0 (10681365)|HEAP_ALLOCATE|[EXTERNAL]|Bytes:20
18:54:09.0 (10685005)|HEAP_ALLOCATE|[EXTERNAL]|Bytes:38
18:54:09.0 (10795601)|METHOD_ENTRY|[1]|01p2800000FELrp|RecentlyViewedRecords.RecentlyViewedRecords()
18:54:09.0 (10802659)|STATEMENT_EXECUTE|[1]
18:54:09.0 (10807237)|STATEMENT_EXECUTE|[1]
18:54:09.0 (10808438)|STATEMENT_EXECUTE|[2]
18:54:09.0 (10811614)|HEAP_ALLOCATE|[2]|Bytes:19
18:54:09.0 (10834803)|VARIABLE_ASSIGNMENT|[2]|RecentlyViewedRecords.FIELDSET_NAME|"RecentlyViewedHover"
18:54:09.0 (10840038)|STATEMENT_EXECUTE|[3]
18:54:09.0 (10846073)|HEAP_ALLOCATE|[3]|Bytes:4
18:54:09.0 (10871149)|VARIABLE_ASSIGNMENT|[3]|RecentlyViewedRecords.private_apiFieldNames|{}|0x16363c3f
18:54:09.0 (10877315)|STATEMENT_EXECUTE|[4]
18:54:09.0 (10907438)|HEAP_ALLOCATE|[50]|Bytes:5
18:54:09.0 (10927311)|HEAP_ALLOCATE|[56]|Bytes:5
18:54:09.0 (10934212)|HEAP_ALLOCATE|[64]|Bytes:7
18:54:09.0 (24366516)|HEAP_ALLOCATE|[4]|Bytes:1456
18:54:09.0 (24630301)|VARIABLE_ASSIGNMENT|[4]|RecentlyViewedRecords.schemaMap|"{acceptedeventrelation=AcceptedEventRelation, acchierarchy__account_hierarchy__mdt=accHierarchy__Account_Hierarchy__mdt, acchierarchy__account_hierarchy_setup__c=accHierarchy__Account_Hierarchy_Setup__c, account=Account, accountcleaninfo=AccountCleanInfo, accountcontactrole=AccountContactRole, accountfeed=AccountFeed, accounthistory=AccountHistory, accountpartner=AccountPartner, accountshare=AccountShare, ...}"|0x2bd5184b
18:54:09.0 (24647088)|STATEMENT_EXECUTE|[5]
18:54:09.0 (25515383)|HEAP_ALLOCATE|[5]|Bytes:20
18:54:09.0 (25552727)|VARIABLE_ASSIGNMENT|[5]|RecentlyViewedRecords.rvi|{"IsDeleted":false,"Name":"a0d28000002ZKNz","SetupOwnerId":"00528000001JBjQAAW","Records_to_Display__ (1 more) ...":"20"}|0x4bdfdeee
18:54:09.0 (25560695)|STATEMENT_EXECUTE|[147]
18:54:09.0 (25562082)|STATEMENT_EXECUTE|[167]
18:54:09.0 (25569102)|METHOD_EXIT|[1]|RecentlyViewedRecords
18:54:09.0 (25577028)|HEAP_ALLOCATE|[EXTERNAL]|Bytes:4
18:54:09.0 (25581697)|HEAP_ALLOCATE|[EXTERNAL]|Bytes:7
18:54:09.0 (25587345)|SYSTEM_MODE_ENTER|false
18:54:09.0 (25595309)|VARIABLE_SCOPE_BEGIN|[33]|rvId|Id|false|false
18:54:09.0 (25651465)|VARIABLE_ASSIGNMENT|[33]|rvId|"00128000007rS6dAAE"
18:54:09.0 (25658841)|VARIABLE_SCOPE_BEGIN|[33]|objName|String|false|false
18:54:09.0 (25667666)|VARIABLE_ASSIGNMENT|[33]|objName|"Account"
18:54:09.0 (25675813)|STATEMENT_EXECUTE|[33]
18:54:09.0 (25677027)|STATEMENT_EXECUTE|[34]
18:54:09.0 (25684762)|HEAP_ALLOCATE|[34]|Bytes:4
18:54:09.0 (25697192)|VARIABLE_SCOPE_BEGIN|[34]|objMap|Map<String,String>|true|false
18:54:09.0 (25711421)|VARIABLE_ASSIGNMENT|[34]|objMap|{}|0x6c2fc46e
18:54:09.0 (25716913)|STATEMENT_EXECUTE|[35]
18:54:09.0 (25837932)|HEAP_ALLOCATE|[35]|Bytes:4
18:54:09.0 (25902010)|VARIABLE_SCOPE_BEGIN|[35]|owList|List<RecentlyViewedRecords.objectWrapper>|true|false
18:54:09.0 (25934645)|HEAP_ALLOCATE|[EXTERNAL]|Bytes:4
18:54:09.0 (25948311)|VARIABLE_ASSIGNMENT|[35]|owList|[]|0x6fbb9ee0
18:54:09.0 (25955223)|STATEMENT_EXECUTE|[36]
18:54:09.0 (32337189)|HEAP_ALLOCATE|[36]|Bytes:1628
18:54:09.0 (32355675)|VARIABLE_SCOPE_BEGIN|[36]|globalDescribeMap|Map<String,Schema.SObjectType>|true|false
18:54:09.0 (32529319)|VARIABLE_ASSIGNMENT|[36]|globalDescribeMap|"{acceptedeventrelation=AcceptedEventRelation, acchierarchy__account_hierarchy__mdt=accHierarchy__Account_Hierarchy__mdt, acchierarchy__account_hierarchy_setup__c=accHierarchy__Account_Hierarchy_Setup__c, account=Account, accountcleaninfo=AccountCleanInfo, accountcontactrole=AccountContactRole, accountfeed=AccountFeed, accounthistory=AccountHistory, accountpartner=AccountPartner, accountshare=AccountShare, ...}"|0x12c2ecda
18:54:09.0 (32544225)|STATEMENT_EXECUTE|[37]
18:54:09.0 (32589329)|VARIABLE_SCOPE_BEGIN|[37]|SObjectTypeObj|Schema.SObjectType|true|false
18:54:09.0 (32641733)|VARIABLE_ASSIGNMENT|[37]|SObjectTypeObj|"common.apex.runtime.impl.ApexSObjectTypeToken@275f78c2"|0x275f78c2
18:54:09.0 (32649590)|STATEMENT_EXECUTE|[38]
18:54:09.0 (32822471)|HEAP_ALLOCATE|[38]|Bytes:4
18:54:09.0 (32845594)|VARIABLE_SCOPE_BEGIN|[38]|describeSObjectResultObj|Schema.DescribeSObjectResult|true|false
18:54:09.0 (32904319)|VARIABLE_ASSIGNMENT|[38]|describeSObjectResultObj|"common.api.soap.wsdl.DescribeSObjectResult@e81ed298"|0x31f8804
18:54:09.0 (32912310)|STATEMENT_EXECUTE|[39]
18:54:09.0 (32916462)|HEAP_ALLOCATE|[39]|Bytes:15
18:54:09.0 (32924859)|HEAP_ALLOCATE|[39]|Bytes:2
18:54:09.0 (33027258)|HEAP_ALLOCATE|[39]|Bytes:369
18:54:09.0 (33049475)|HEAP_ALLOCATE|[39]|Bytes:405
18:54:09.0 (33068153)|USER_DEBUG|[39]|DEBUG|FIELDSET_NAME==RecentlyViewedHover==Schema.DescribeSObjectResult[getHasSubtypes=false;getKeyPrefix=001;getLabel=Account;getLabelPlural=Accounts;getName=Account;isAccessible=true;isCreateable=true;isCustom=false;isCustomSetting=false;isDeletable=true;isDeprecatedAndHidden=false;isFeedEnabled=true;isMergeable=true;isMruEnabled=true;isQueryable=true;isSearchable=true;isUndeletable=true;isUpdateable=true;]
18:54:09.0 (33081934)|STATEMENT_EXECUTE|[40]
18:54:09.0 (34050888)|HEAP_ALLOCATE|[40]|Bytes:8
18:54:09.0 (34139528)|VARIABLE_SCOPE_BEGIN|[40]|fieldSetObj|Schema.FieldSet|true|false
18:54:09.0 (34201683)|VARIABLE_ASSIGNMENT|[40]|fieldSetObj|"common.api.soap.wsdl.FieldSet@124ed314"|0x6d6e36f1
18:54:09.0 (34209922)|STATEMENT_EXECUTE|[41]
18:54:09.0 (34214235)|HEAP_ALLOCATE|[41]|Bytes:13
18:54:09.0 (34416178)|HEAP_ALLOCATE|[EXTERNAL]|Bytes:24
18:54:09.0 (34944591)|HEAP_ALLOCATE|[41]|Bytes:777
18:54:09.0 (34974002)|HEAP_ALLOCATE|[41]|Bytes:790
18:54:09.0 (34986054)|USER_DEBUG|[41]|DEBUG|fieldSetObj==Schema.FieldSet[getDescription=test;getFields=(Schema.FieldSetMember[getDbRequired=true;getFieldPath=Name;getLabel=Account Name;getRequired=false;getType=STRING;], Schema.FieldSetMember[getDbRequired=false;getFieldPath=AccountNumber;getLabel=Account Number;getRequired=false;getType=STRING;], Schema.FieldSetMember[getDbRequired=false;getFieldPath=Active__c;getLabel=Active;getRequired=false;getType=PICKLIST;], Schema.FieldSetMember[getDbRequired=false;getFieldPath=CustomerPriority__c;getLabel=Customer Priority;getRequired=false;getType=PICKLIST;], Schema.FieldSetMember[getDbRequired=true;getFieldPath=CreatedDate;getLabel=Created Date;getRequired=false;getType=DATETIME;]);getLabel=RecentlyViewedHover;getName=RecentlyViewedHover;getNameSpace=null;getSObjectType=Account;]
18:54:09.0 (35004637)|STATEMENT_EXECUTE|[42]
18:54:09.0 (35011774)|HEAP_ALLOCATE|[42]|Bytes:4
18:54:09.0 (35035725)|VARIABLE_SCOPE_BEGIN|[42]|fieldApis|List<String>|true|false
18:54:09.0 (35060636)|HEAP_ALLOCATE|[EXTERNAL]|Bytes:4
18:54:09.0 (35070602)|VARIABLE_ASSIGNMENT|[42]|fieldApis|[]|0x4de288b5
18:54:09.0 (35076367)|STATEMENT_EXECUTE|[43]
18:54:09.0 (35083535)|HEAP_ALLOCATE|[43]|Bytes:4
18:54:09.0 (35105914)|VARIABLE_SCOPE_BEGIN|[43]|refFieldToIgnore|Set<String>|true|false
18:54:09.0 (35126735)|VARIABLE_ASSIGNMENT|[43]|refFieldToIgnore|[]|0x486eac40
18:54:09.0 (35132878)|STATEMENT_EXECUTE|[44]
18:54:09.0 (35137228)|HEAP_ALLOCATE|[44]|Bytes:4
18:54:09.0 (35143600)|VARIABLE_SCOPE_BEGIN|[44]|refMap|Map<String,String>|true|false
18:54:09.0 (35156781)|VARIABLE_ASSIGNMENT|[44]|refMap|{}|0x712909e3
18:54:09.0 (35161692)|STATEMENT_EXECUTE|[45]
18:54:09.0 (35164058)|VARIABLE_SCOPE_BEGIN|[45]|query|String|false|false
18:54:09.0 (35172641)|VARIABLE_ASSIGNMENT|[45]|query|null
18:54:09.0 (35176857)|STATEMENT_EXECUTE|[46]
18:54:09.0 (35225321)|HEAP_ALLOCATE|[47]|Bytes:24
18:54:09.0 (35371330)|HEAP_ALLOCATE|[47]|Bytes:5
18:54:09.0 (35434768)|HEAP_ALLOCATE|[47]|Bytes:24
18:54:09.0 (35454132)|VARIABLE_SCOPE_BEGIN|[47]|fieldSetMemberObj|Schema.FieldSetMember|true|false
18:54:09.0 (35509649)|VARIABLE_ASSIGNMENT|[47]|fieldSetMemberObj|"Name"|0x7683a34e
18:54:09.0 (35517293)|STATEMENT_EXECUTE|[47]
18:54:09.0 (35518373)|STATEMENT_EXECUTE|[48]
18:54:09.0 (35529215)|HEAP_ALLOCATE|[48]|Bytes:4
18:54:09.0 (35559065)|HEAP_ALLOCATE|[48]|Bytes:4
18:54:09.0 (35569922)|VARIABLE_SCOPE_BEGIN|[48]|apiName|String|false|false
18:54:09.0 (35579417)|VARIABLE_ASSIGNMENT|[48]|apiName|"name"
18:54:09.0 (35583611)|STATEMENT_EXECUTE|[49]
18:54:09.0 (35591274)|METHOD_ENTRY|[49]|01p2800000FELrp|RecentlyViewedRecords.findFieldInfo(String, String)
18:54:09.0 (35604998)|VARIABLE_SCOPE_BEGIN|[136]|objName|String|false|false
18:54:09.0 (35613115)|VARIABLE_ASSIGNMENT|[136]|objName|"Account"
18:54:09.0 (35617216)|VARIABLE_SCOPE_BEGIN|[136]|fieldApi|String|false|false
18:54:09.0 (35624299)|VARIABLE_ASSIGNMENT|[136]|fieldApi|"name"
18:54:09.0 (35629474)|STATEMENT_EXECUTE|[136]
18:54:09.0 (35630964)|STATEMENT_EXECUTE|[137]
18:54:09.0 (35660585)|VARIABLE_SCOPE_BEGIN|[137]|leadSchema|Schema.SObjectType|true|false
18:54:09.0 (35708494)|VARIABLE_ASSIGNMENT|[137]|leadSchema|"common.apex.runtime.impl.ApexSObjectTypeToken@275f78c2"|0x275f78c2
18:54:09.0 (35715732)|STATEMENT_EXECUTE|[138]
18:54:09.0 (35742123)|HEAP_ALLOCATE|[138]|Bytes:4
18:54:09.0 (36291209)|HEAP_ALLOCATE|[138]|Bytes:296
18:54:09.0 (36307048)|METHOD_EXIT|[49]|01p2800000FELrp|RecentlyViewedRecords.findFieldInfo(String, String)
18:54:09.0 (36315120)|VARIABLE_SCOPE_BEGIN|[49]|fieldMap1|Map<String,Schema.SObjectField>|true|false
18:54:09.0 (36477252)|VARIABLE_ASSIGNMENT|[49]|fieldMap1|"{acchierarchy__haschildwithchanges__c=accHierarchy__hasChildWithChanges__c, acchierarchy__hierarchy_parents__c=accHierarchy__Hierarchy_Parents__c, acchierarchy__on_previous_hierarchy_level__c=accHierarchy__On_Previous_Hierarchy_Level__c, acchierarchy__topparentid__c=accHierarchy__TopParentId__c, accountnumber=AccountNumber, accountsource=AccountSource, active__c=Active__c, annualrevenue=AnnualRevenue, billingaddress=BillingAddress, billingcity=BillingCity, ...}"|0x3b20dc7f
18:54:09.0 (36492381)|STATEMENT_EXECUTE|[50]
18:54:09.0 (36685108)|HEAP_ALLOCATE|[50]|Bytes:8
18:54:09.0 (36934389)|HEAP_ALLOCATE|[50]|Bytes:12
18:54:09.0 (36959257)|HEAP_ALLOCATE|[50]|Bytes:6
18:54:09.0 (36970101)|VARIABLE_SCOPE_BEGIN|[50]|fType|String|false|false
18:54:09.0 (36981508)|VARIABLE_ASSIGNMENT|[50]|fType|"STRING"
18:54:09.0 (36987837)|HEAP_ALLOCATE|[51]|Bytes:9
18:54:09.0 (37018722)|STATEMENT_EXECUTE|[51]
18:54:09.0 (37021172)|STATEMENT_EXECUTE|[62]
18:54:09.0 (37041117)|HEAP_ALLOCATE|[EXTERNAL]|Bytes:4
18:54:09.0 (37055712)|HEAP_ALLOCATE|[47]|Bytes:5
18:54:09.0 (37067028)|HEAP_ALLOCATE|[47]|Bytes:24
18:54:09.0 (37083511)|VARIABLE_SCOPE_BEGIN|[47]|fieldSetMemberObj|Schema.FieldSetMember|true|false
18:54:09.0 (37138094)|VARIABLE_ASSIGNMENT|[47]|fieldSetMemberObj|"AccountNumber"|0x14058fb7
18:54:09.0 (37145790)|STATEMENT_EXECUTE|[47]
18:54:09.0 (37146940)|STATEMENT_EXECUTE|[48]
18:54:09.0 (37152293)|HEAP_ALLOCATE|[48]|Bytes:13
18:54:09.0 (37166977)|HEAP_ALLOCATE|[48]|Bytes:13
18:54:09.0 (37175925)|VARIABLE_SCOPE_BEGIN|[48]|apiName|String|false|false
18:54:09.0 (37185403)|VARIABLE_ASSIGNMENT|[48]|apiName|"accountnumber"
18:54:09.0 (37189694)|STATEMENT_EXECUTE|[49]
18:54:09.0 (37194892)|METHOD_ENTRY|[49]|01p2800000FELrp|RecentlyViewedRecords.findFieldInfo(String, String)
18:54:09.0 (37200216)|VARIABLE_SCOPE_BEGIN|[136]|objName|String|false|false
18:54:09.0 (37207263)|VARIABLE_ASSIGNMENT|[136]|objName|"Account"
18:54:09.0 (37210348)|VARIABLE_SCOPE_BEGIN|[136]|fieldApi|String|false|false
18:54:09.0 (37220824)|VARIABLE_ASSIGNMENT|[136]|fieldApi|"accountnumber"
18:54:09.0 (37226319)|STATEMENT_EXECUTE|[136]
18:54:09.0 (37227456)|STATEMENT_EXECUTE|[137]
18:54:09.0 (37241183)|VARIABLE_SCOPE_BEGIN|[137]|leadSchema|Schema.SObjectType|true|false
18:54:09.0 (37288790)|VARIABLE_ASSIGNMENT|[137]|leadSchema|"common.apex.runtime.impl.ApexSObjectTypeToken@275f78c2"|0x275f78c2
18:54:09.0 (37295938)|STATEMENT_EXECUTE|[138]
18:54:09.0 (37312256)|HEAP_ALLOCATE|[138]|Bytes:4
18:54:09.0 (37528906)|HEAP_ALLOCATE|[138]|Bytes:296
18:54:09.0 (37540293)|METHOD_EXIT|[49]|01p2800000FELrp|RecentlyViewedRecords.findFieldInfo(String, String)
18:54:09.0 (37547444)|VARIABLE_SCOPE_BEGIN|[49]|fieldMap1|Map<String,Schema.SObjectField>|true|false
18:54:09.0 (37687220)|VARIABLE_ASSIGNMENT|[49]|fieldMap1|"{acchierarchy__haschildwithchanges__c=accHierarchy__hasChildWithChanges__c, acchierarchy__hierarchy_parents__c=accHierarchy__Hierarchy_Parents__c, acchierarchy__on_previous_hierarchy_level__c=accHierarchy__On_Previous_Hierarchy_Level__c, acchierarchy__topparentid__c=accHierarchy__TopParentId__c, accountnumber=AccountNumber, accountsource=AccountSource, active__c=Active__c, annualrevenue=AnnualRevenue, billingaddress=BillingAddress, billingcity=BillingCity, ...}"|0x297b7a6c
18:54:09.0 (37701346)|STATEMENT_EXECUTE|[50]
18:54:09.0 (37946308)|HEAP_ALLOCATE|[50]|Bytes:8
18:54:09.0 (37976569)|HEAP_ALLOCATE|[50]|Bytes:12
18:54:09.0 (37998550)|HEAP_ALLOCATE|[50]|Bytes:6
18:54:09.0 (38009177)|VARIABLE_SCOPE_BEGIN|[50]|fType|String|false|false
18:54:09.0 (38021931)|VARIABLE_ASSIGNMENT|[50]|fType|"STRING"
18:54:09.0 (38038388)|STATEMENT_EXECUTE|[51]
18:54:09.0 (38039965)|STATEMENT_EXECUTE|[62]
18:54:09.0 (38045731)|HEAP_ALLOCATE|[EXTERNAL]|Bytes:4
18:54:09.0 (38058138)|HEAP_ALLOCATE|[47]|Bytes:5
18:54:09.0 (38068685)|HEAP_ALLOCATE|[47]|Bytes:24
18:54:09.0 (38084994)|VARIABLE_SCOPE_BEGIN|[47]|fieldSetMemberObj|Schema.FieldSetMember|true|false
18:54:09.0 (38138947)|VARIABLE_ASSIGNMENT|[47]|fieldSetMemberObj|"Active__c"|0x31b91e3d
18:54:09.0 (38146855)|STATEMENT_EXECUTE|[47]
18:54:09.0 (38147909)|STATEMENT_EXECUTE|[48]
18:54:09.0 (38152985)|HEAP_ALLOCATE|[48]|Bytes:9
18:54:09.0 (38167166)|HEAP_ALLOCATE|[48]|Bytes:9
18:54:09.0 (38176062)|VARIABLE_SCOPE_BEGIN|[48]|apiName|String|false|false
18:54:09.0 (38185263)|VARIABLE_ASSIGNMENT|[48]|apiName|"active__c"
18:54:09.0 (38189115)|STATEMENT_EXECUTE|[49]
18:54:09.0 (38194439)|METHOD_ENTRY|[49]|01p2800000FELrp|RecentlyViewedRecords.findFieldInfo(String, String)
18:54:09.0 (38199776)|VARIABLE_SCOPE_BEGIN|[136]|objName|String|false|false
18:54:09.0 (38207400)|VARIABLE_ASSIGNMENT|[136]|objName|"Account"
18:54:09.0 (38211175)|VARIABLE_SCOPE_BEGIN|[136]|fieldApi|String|false|false
18:54:09.0 (38222729)|VARIABLE_ASSIGNMENT|[136]|fieldApi|"active__c"
18:54:09.0 (38227815)|STATEMENT_EXECUTE|[136]
18:54:09.0 (38229244)|STATEMENT_EXECUTE|[137]
18:54:09.0 (38243534)|VARIABLE_SCOPE_BEGIN|[137]|leadSchema|Schema.SObjectType|true|false
18:54:09.0 (38290323)|VARIABLE_ASSIGNMENT|[137]|leadSchema|"common.apex.runtime.impl.ApexSObjectTypeToken@275f78c2"|0x275f78c2
18:54:09.0 (38297231)|STATEMENT_EXECUTE|[138]
18:54:09.0 (38313354)|HEAP_ALLOCATE|[138]|Bytes:4
18:54:09.0 (38524616)|HEAP_ALLOCATE|[138]|Bytes:296
18:54:09.0 (38537017)|METHOD_EXIT|[49]|01p2800000FELrp|RecentlyViewedRecords.findFieldInfo(String, String)
18:54:09.0 (38544123)|VARIABLE_SCOPE_BEGIN|[49]|fieldMap1|Map<String,Schema.SObjectField>|true|false
18:54:09.0 (38681809)|VARIABLE_ASSIGNMENT|[49]|fieldMap1|"{acchierarchy__haschildwithchanges__c=accHierarchy__hasChildWithChanges__c, acchierarchy__hierarchy_parents__c=accHierarchy__Hierarchy_Parents__c, acchierarchy__on_previous_hierarchy_level__c=accHierarchy__On_Previous_Hierarchy_Level__c, acchierarchy__topparentid__c=accHierarchy__TopParentId__c, accountnumber=AccountNumber, accountsource=AccountSource, active__c=Active__c, annualrevenue=AnnualRevenue, billingaddress=BillingAddress, billingcity=BillingCity, ...}"|0x43e3aa7c
18:54:09.0 (38696545)|STATEMENT_EXECUTE|[50]
18:54:09.0 (38808363)|HEAP_ALLOCATE|[50]|Bytes:8
18:54:09.0 (38837017)|HEAP_ALLOCATE|[50]|Bytes:12
18:54:09.0 (38858645)|HEAP_ALLOCATE|[50]|Bytes:8
18:54:09.0 (38869712)|VARIABLE_SCOPE_BEGIN|[50]|fType|String|false|false
18:54:09.0 (38881187)|VARIABLE_ASSIGNMENT|[50]|fType|"PICKLIST"
18:54:09.0 (38897580)|STATEMENT_EXECUTE|[51]
18:54:09.0 (38899290)|STATEMENT_EXECUTE|[62]
18:54:09.0 (38904983)|HEAP_ALLOCATE|[EXTERNAL]|Bytes:4
18:54:09.0 (38917527)|HEAP_ALLOCATE|[47]|Bytes:5
18:54:09.0 (38927817)|HEAP_ALLOCATE|[47]|Bytes:24
18:54:09.0 (38943540)|VARIABLE_SCOPE_BEGIN|[47]|fieldSetMemberObj|Schema.FieldSetMember|true|false
18:54:09.0 (38998234)|VARIABLE_ASSIGNMENT|[47]|fieldSetMemberObj|"CustomerPriority__c"|0x27d6fd30
18:54:09.0 (39005883)|STATEMENT_EXECUTE|[47]
18:54:09.0 (39007675)|STATEMENT_EXECUTE|[48]
18:54:09.0 (39012642)|HEAP_ALLOCATE|[48]|Bytes:19
18:54:09.0 (39027456)|HEAP_ALLOCATE|[48]|Bytes:19
18:54:09.0 (39035612)|VARIABLE_SCOPE_BEGIN|[48]|apiName|String|false|false
18:54:09.0 (39045227)|VARIABLE_ASSIGNMENT|[48]|apiName|"customerpriority__c"
18:54:09.0 (39049373)|STATEMENT_EXECUTE|[49]
18:54:09.0 (39054649)|METHOD_ENTRY|[49]|01p2800000FELrp|RecentlyViewedRecords.findFieldInfo(String, String)
18:54:09.0 (39060447)|VARIABLE_SCOPE_BEGIN|[136]|objName|String|false|false
18:54:09.0 (39067473)|VARIABLE_ASSIGNMENT|[136]|objName|"Account"
18:54:09.0 (39071172)|VARIABLE_SCOPE_BEGIN|[136]|fieldApi|String|false|false
18:54:09.0 (39077774)|VARIABLE_ASSIGNMENT|[136]|fieldApi|"customerpriority__c"
18:54:09.0 (39082003)|STATEMENT_EXECUTE|[136]
18:54:09.0 (39083113)|STATEMENT_EXECUTE|[137]
18:54:09.0 (39095782)|VARIABLE_SCOPE_BEGIN|[137]|leadSchema|Schema.SObjectType|true|false
18:54:09.0 (39141457)|VARIABLE_ASSIGNMENT|[137]|leadSchema|"common.apex.runtime.impl.ApexSObjectTypeToken@275f78c2"|0x275f78c2
18:54:09.0 (39149076)|STATEMENT_EXECUTE|[138]
18:54:09.0 (39164083)|HEAP_ALLOCATE|[138]|Bytes:4
18:54:09.0 (39378862)|HEAP_ALLOCATE|[138]|Bytes:296
18:54:09.0 (39390605)|METHOD_EXIT|[49]|01p2800000FELrp|RecentlyViewedRecords.findFieldInfo(String, String)
18:54:09.0 (39397891)|VARIABLE_SCOPE_BEGIN|[49]|fieldMap1|Map<String,Schema.SObjectField>|true|false
18:54:09.0 (39535812)|VARIABLE_ASSIGNMENT|[49]|fieldMap1|"{acchierarchy__haschildwithchanges__c=accHierarchy__hasChildWithChanges__c, acchierarchy__hierarchy_parents__c=accHierarchy__Hierarchy_Parents__c, acchierarchy__on_previous_hierarchy_level__c=accHierarchy__On_Previous_Hierarchy_Level__c, acchierarchy__topparentid__c=accHierarchy__TopParentId__c, accountnumber=AccountNumber, accountsource=AccountSource, active__c=Active__c, annualrevenue=AnnualRevenue, billingaddress=BillingAddress, billingcity=BillingCity, ...}"|0x79b803fc
18:54:09.0 (39550261)|STATEMENT_EXECUTE|[50]
18:54:09.0 (39660497)|HEAP_ALLOCATE|[50]|Bytes:8
18:54:09.0 (39689979)|HEAP_ALLOCATE|[50]|Bytes:12
18:54:09.0 (39711378)|HEAP_ALLOCATE|[50]|Bytes:8
18:54:09.0 (39721520)|VARIABLE_SCOPE_BEGIN|[50]|fType|String|false|false
18:54:09.0 (39732582)|VARIABLE_ASSIGNMENT|[50]|fType|"PICKLIST"
18:54:09.0 (39748599)|STATEMENT_EXECUTE|[51]
18:54:09.0 (39750088)|STATEMENT_EXECUTE|[62]
18:54:09.0 (39755545)|HEAP_ALLOCATE|[EXTERNAL]|Bytes:4
18:54:09.0 (39767853)|HEAP_ALLOCATE|[47]|Bytes:5
18:54:09.0 (39779256)|HEAP_ALLOCATE|[47]|Bytes:24
18:54:09.0 (39795068)|VARIABLE_SCOPE_BEGIN|[47]|fieldSetMemberObj|Schema.FieldSetMember|true|false
18:54:09.0 (39847602)|VARIABLE_ASSIGNMENT|[47]|fieldSetMemberObj|"CreatedDate"|0x5f687d11
18:54:09.0 (39855065)|STATEMENT_EXECUTE|[47]
18:54:09.0 (39856098)|STATEMENT_EXECUTE|[48]
18:54:09.0 (39861327)|HEAP_ALLOCATE|[48]|Bytes:11
18:54:09.0 (39875622)|HEAP_ALLOCATE|[48]|Bytes:11
18:54:09.0 (39884253)|VARIABLE_SCOPE_BEGIN|[48]|apiName|String|false|false
18:54:09.0 (39893494)|VARIABLE_ASSIGNMENT|[48]|apiName|"createddate"
18:54:09.0 (39897872)|STATEMENT_EXECUTE|[49]
18:54:09.0 (39902769)|METHOD_ENTRY|[49]|01p2800000FELrp|RecentlyViewedRecords.findFieldInfo(String, String)
18:54:09.0 (39908554)|VARIABLE_SCOPE_BEGIN|[136]|objName|String|false|false
18:54:09.0 (39916371)|VARIABLE_ASSIGNMENT|[136]|objName|"Account"
18:54:09.0 (39922659)|VARIABLE_SCOPE_BEGIN|[136]|fieldApi|String|false|false
18:54:09.0 (39928655)|VARIABLE_ASSIGNMENT|[136]|fieldApi|"createddate"
18:54:09.0 (39933037)|STATEMENT_EXECUTE|[136]
18:54:09.0 (39934220)|STATEMENT_EXECUTE|[137]
18:54:09.0 (39947709)|VARIABLE_SCOPE_BEGIN|[137]|leadSchema|Schema.SObjectType|true|false
18:54:09.0 (39992370)|VARIABLE_ASSIGNMENT|[137]|leadSchema|"common.apex.runtime.impl.ApexSObjectTypeToken@275f78c2"|0x275f78c2
18:54:09.0 (39999040)|STATEMENT_EXECUTE|[138]
18:54:09.0 (40015035)|HEAP_ALLOCATE|[138]|Bytes:4
18:54:09.0 (40228333)|HEAP_ALLOCATE|[138]|Bytes:296
18:54:09.0 (40240508)|METHOD_EXIT|[49]|01p2800000FELrp|RecentlyViewedRecords.findFieldInfo(String, String)
18:54:09.0 (40246987)|VARIABLE_SCOPE_BEGIN|[49]|fieldMap1|Map<String,Schema.SObjectField>|true|false
18:54:09.0 (40382489)|VARIABLE_ASSIGNMENT|[49]|fieldMap1|"{acchierarchy__haschildwithchanges__c=accHierarchy__hasChildWithChanges__c, acchierarchy__hierarchy_parents__c=accHierarchy__Hierarchy_Parents__c, acchierarchy__on_previous_hierarchy_level__c=accHierarchy__On_Previous_Hierarchy_Level__c, acchierarchy__topparentid__c=accHierarchy__TopParentId__c, accountnumber=AccountNumber, accountsource=AccountSource, active__c=Active__c, annualrevenue=AnnualRevenue, billingaddress=BillingAddress, billingcity=BillingCity, ...}"|0x66f622e3
18:54:09.0 (40395877)|STATEMENT_EXECUTE|[50]
18:54:09.0 (40516872)|HEAP_ALLOCATE|[50]|Bytes:8
18:54:09.0 (40544487)|HEAP_ALLOCATE|[50]|Bytes:12
18:54:09.0 (40565264)|HEAP_ALLOCATE|[50]|Bytes:8
18:54:09.0 (40575606)|VARIABLE_SCOPE_BEGIN|[50]|fType|String|false|false
18:54:09.0 (40586746)|VARIABLE_ASSIGNMENT|[50]|fType|"DATETIME"
18:54:09.0 (40602555)|STATEMENT_EXECUTE|[51]
18:54:09.0 (40604070)|STATEMENT_EXECUTE|[62]
18:54:09.0 (40609590)|HEAP_ALLOCATE|[EXTERNAL]|Bytes:4
18:54:09.0 (40621724)|HEAP_ALLOCATE|[47]|Bytes:5
18:54:09.0 (40632661)|VARIABLE_ASSIGNMENT|[47]|fieldSetMemberObj|null|
18:54:09.0 (40637579)|STATEMENT_EXECUTE|[65]
18:54:09.0 (40639987)|HEAP_ALLOCATE|[65]|Bytes:11
18:54:09.0 (40644161)|HEAP_ALLOCATE|[65]|Bytes:1
18:54:09.0 (40688520)|HEAP_ALLOCATE|[65]|Bytes:5
18:54:09.0 (40694637)|HEAP_ALLOCATE|[65]|Bytes:4
18:54:09.0 (40699059)|HEAP_ALLOCATE|[65]|Bytes:5
18:54:09.0 (40702209)|HEAP_ALLOCATE|[65]|Bytes:13
18:54:09.0 (40705434)|HEAP_ALLOCATE|[65]|Bytes:5
18:54:09.0 (40708701)|HEAP_ALLOCATE|[65]|Bytes:9
18:54:09.0 (40711965)|HEAP_ALLOCATE|[65]|Bytes:5
18:54:09.0 (40715005)|HEAP_ALLOCATE|[65]|Bytes:19
18:54:09.0 (40718098)|HEAP_ALLOCATE|[65]|Bytes:5
18:54:09.0 (40721689)|HEAP_ALLOCATE|[65]|Bytes:11
18:54:09.0 (40724646)|HEAP_ALLOCATE|[65]|Bytes:5
18:54:09.0 (40727527)|HEAP_ALLOCATE|[65]|Bytes:60
18:54:09.0 (40736795)|HEAP_ALLOCATE|[65]|Bytes:6
18:54:09.0 (40740583)|HEAP_ALLOCATE|[65]|Bytes:13
18:54:09.0 (40750208)|HEAP_ALLOCATE|[65]|Bytes:18
18:54:09.0 (40761073)|HEAP_ALLOCATE|[65]|Bytes:115
18:54:09.0 (40764926)|HEAP_ALLOCATE|[65]|Bytes:1
18:54:09.0 (40769096)|HEAP_ALLOCATE|[65]|Bytes:116
18:54:09.0 (40777319)|VARIABLE_ASSIGNMENT|[65]|query|"Select Id, name,acco (96 more) ..."
18:54:09.0 (40781867)|STATEMENT_EXECUTE|[85]
18:54:09.0 (40783734)|HEAP_ALLOCATE|[85]|Bytes:7
18:54:09.0 (40788143)|HEAP_ALLOCATE|[85]|Bytes:123
18:54:09.0 (40810307)|USER_DEBUG|[85]|DEBUG|query==Select Id, name,accountnumber,active__c,customerpriority__c,createddate from Account where Id = '00128000007rS6dAAE'
18:54:09.0 (40818297)|STATEMENT_EXECUTE|[86]
18:54:09.0 (41034566)|SOQL_EXECUTE_BEGIN|[86]|Aggregations:0|Select Id, name,accountnumber,active__c,customerpriority__c,createddate from Account where Id = '00128000007rS6dAAE'
18:54:09.0 (57154805)|SOQL_EXECUTE_END|[86]|Rows:1
18:54:09.0 (57177286)|HEAP_ALLOCATE|[86]|Bytes:8
18:54:09.0 (57196138)|HEAP_ALLOCATE|[86]|Bytes:116
18:54:09.0 (57254939)|HEAP_ALLOCATE|[86]|Bytes:8
18:54:09.0 (57271570)|HEAP_ALLOCATE|[86]|Bytes:33
18:54:09.0 (57317906)|HEAP_ALLOCATE|[86]|Bytes:20
18:54:09.0 (57325649)|VARIABLE_SCOPE_BEGIN|[86]|so|SObject|true|false
18:54:09.0 (57354857)|VARIABLE_ASSIGNMENT|[86]|so|{"Id":"00128000007rS6dAAE","Name":"Burlington Textiles  (15 more) ...","AccountNumber":"CD656092","CreatedDate":"2015-09-25T10:27:41.000Z"}|0x53e18ec
18:54:09.0 (57363084)|STATEMENT_EXECUTE|[87]
18:54:09.0 (57366052)|HEAP_ALLOCATE|[87]|Bytes:4
18:54:09.0 (57443895)|HEAP_ALLOCATE|[87]|Bytes:130
18:54:09.0 (57462806)|HEAP_ALLOCATE|[87]|Bytes:134
18:54:09.0 (57480224)|USER_DEBUG|[87]|DEBUG|so==Account:{Id=00128000007rS6dAAE, Name=Burlington Textiles Corp of America, AccountNumber=CD656092, CreatedDate=2015-09-25 10:27:41}
18:54:09.0 (57525585)|HEAP_ALLOCATE|[88]|Bytes:5
18:54:09.0 (57540789)|HEAP_ALLOCATE|[88]|Bytes:4
18:54:09.0 (57548182)|VARIABLE_SCOPE_BEGIN|[88]|st|String|false|false
18:54:09.0 (57558494)|VARIABLE_ASSIGNMENT|[88]|st|"name"
18:54:09.0 (57563151)|STATEMENT_EXECUTE|[88]
18:54:09.0 (57589031)|STATEMENT_EXECUTE|[89]
18:54:09.0 (57590334)|STATEMENT_EXECUTE|[90]
18:54:09.0 (57597457)|METHOD_ENTRY|[90]|01p2800000FELrp|RecentlyViewedRecords.findFieldInfo(String, String)
18:54:09.0 (57609880)|VARIABLE_SCOPE_BEGIN|[136]|objName|String|false|false
18:54:09.0 (57618565)|VARIABLE_ASSIGNMENT|[136]|objName|"Account"
18:54:09.0 (57622147)|VARIABLE_SCOPE_BEGIN|[136]|fieldApi|String|false|false
18:54:09.0 (57627741)|VARIABLE_ASSIGNMENT|[136]|fieldApi|"name"
18:54:09.0 (57632162)|STATEMENT_EXECUTE|[136]
18:54:09.0 (57633283)|STATEMENT_EXECUTE|[137]
18:54:09.0 (57650155)|VARIABLE_SCOPE_BEGIN|[137]|leadSchema|Schema.SObjectType|true|false
18:54:09.0 (57712939)|VARIABLE_ASSIGNMENT|[137]|leadSchema|"common.apex.runtime.impl.ApexSObjectTypeToken@275f78c2"|0x275f78c2
18:54:09.0 (57719454)|STATEMENT_EXECUTE|[138]
18:54:09.0 (57739675)|HEAP_ALLOCATE|[138]|Bytes:4
18:54:09.0 (58055368)|HEAP_ALLOCATE|[138]|Bytes:296
18:54:09.0 (58068767)|METHOD_EXIT|[90]|01p2800000FELrp|RecentlyViewedRecords.findFieldInfo(String, String)
18:54:09.0 (58076476)|VARIABLE_SCOPE_BEGIN|[90]|fieldMap|Map<String,Schema.SObjectField>|true|false
18:54:09.0 (58244775)|VARIABLE_ASSIGNMENT|[90]|fieldMap|"{acchierarchy__haschildwithchanges__c=accHierarchy__hasChildWithChanges__c, acchierarchy__hierarchy_parents__c=accHierarchy__Hierarchy_Parents__c, acchierarchy__on_previous_hierarchy_level__c=accHierarchy__On_Previous_Hierarchy_Level__c, acchierarchy__topparentid__c=accHierarchy__TopParentId__c, accountnumber=AccountNumber, accountsource=AccountSource, active__c=Active__c, annualrevenue=AnnualRevenue, billingaddress=BillingAddress, billingcity=BillingCity, ...}"|0x466a694c
18:54:09.0 (58259203)|STATEMENT_EXECUTE|[91]
18:54:09.0 (58356426)|HEAP_ALLOCATE|[91]|Bytes:180
18:54:09.0 (58368276)|HEAP_ALLOCATE|[91]|Bytes:23
18:54:09.0 (58384390)|HEAP_ALLOCATE|[91]|Bytes:28
18:54:09.0 (58404461)|CONSTRUCTOR_ENTRY|[91]|01p2800000FELrp|<init>()
18:54:09.0 (58432037)|VARIABLE_SCOPE_BEGIN|[167]|this|RecentlyViewedRecords.objectWrapper|true|false
18:54:09.0 (58482157)|VARIABLE_ASSIGNMENT|[167]|this|{}|0x54ad1c57
18:54:09.0 (58492653)|HEAP_ALLOCATE|[EXTERNAL]|Bytes:6
18:54:09.0 (58515320)|STATEMENT_EXECUTE|[167]
18:54:09.0 (58517225)|STATEMENT_EXECUTE|[169]
18:54:09.0 (58518460)|STATEMENT_EXECUTE|[171]
18:54:09.0 (58519246)|STATEMENT_EXECUTE|[173]
18:54:09.0 (58520056)|STATEMENT_EXECUTE|[175]
18:54:09.0 (58520874)|STATEMENT_EXECUTE|[177]
18:54:09.0 (58521691)|STATEMENT_EXECUTE|[179]
18:54:09.0 (58525019)|CONSTRUCTOR_EXIT|[91]|01p2800000FELrp|<init>()
18:54:09.0 (58531196)|VARIABLE_SCOPE_BEGIN|[91]|ow|RecentlyViewedRecords.objectWrapper|true|false
18:54:09.0 (58548492)|VARIABLE_ASSIGNMENT|[91]|ow|{}|0x54ad1c57
18:54:09.0 (58553699)|STATEMENT_EXECUTE|[92]
18:54:09.0 (58635339)|HEAP_ALLOCATE|[92]|Bytes:8
18:54:09.0 (58653958)|HEAP_ALLOCATE|[92]|Bytes:12
18:54:09.0 (58687519)|VARIABLE_ASSIGNMENT|[EXTERNAL]|this|{}|0x54ad1c57
18:54:09.0 (58696815)|VARIABLE_ASSIGNMENT|[EXTERNAL]|value|"Account Name"
18:54:09.0 (58706963)|VARIABLE_ASSIGNMENT|[169]|this.label|"Account Name"|0x54ad1c57
18:54:09.0 (58715084)|STATEMENT_EXECUTE|[93]
18:54:09.0 (58769115)|HEAP_ALLOCATE|[93]|Bytes:35
18:54:09.0 (58787849)|HEAP_ALLOCATE|[93]|Bytes:35
18:54:09.0 (58819775)|VARIABLE_ASSIGNMENT|[EXTERNAL]|this|{"label":"Account Name"}|0x54ad1c57
18:54:09.0 (58829843)|VARIABLE_ASSIGNMENT|[EXTERNAL]|value|"Burlington Textiles  (15 more) ..."
18:54:09.0 (58839100)|VARIABLE_ASSIGNMENT|[171]|this.value|"Burlington Textiles  (15 more) ..."|0x54ad1c57
18:54:09.0 (58846189)|STATEMENT_EXECUTE|[94]
18:54:09.0 (58893822)|VARIABLE_ASSIGNMENT|[EXTERNAL]|this|{"label":"Account Name","value":"Burlington Textiles  (15 more) ..."}|0x54ad1c57
18:54:09.0 (58903469)|VARIABLE_ASSIGNMENT|[EXTERNAL]|value|null
18:54:09.0 (58910656)|VARIABLE_ASSIGNMENT|[173]|this.refName|null|0x54ad1c57
18:54:09.0 (58918281)|STATEMENT_EXECUTE|[95]
18:54:09.0 (58955612)|VARIABLE_ASSIGNMENT|[EXTERNAL]|this|{"label":"Account Name","value":"Burlington Textiles  (15 more) ..."}|0x54ad1c57
18:54:09.0 (58962919)|VARIABLE_ASSIGNMENT|[EXTERNAL]|value|"name"
18:54:09.0 (58969771)|VARIABLE_ASSIGNMENT|[175]|this.api|"name"|0x54ad1c57
18:54:09.0 (58976736)|STATEMENT_EXECUTE|[96]
18:54:09.0 (59024375)|HEAP_ALLOCATE|[96]|Bytes:8
18:54:09.0 (59072213)|HEAP_ALLOCATE|[96]|Bytes:12
18:54:09.0 (59092811)|HEAP_ALLOCATE|[96]|Bytes:6
18:54:09.0 (59126191)|VARIABLE_ASSIGNMENT|[EXTERNAL]|this|{"api":"name","label":"Account Name","value":"Burlington Textiles  (15 more) ..."}|0x54ad1c57
18:54:09.0 (59134002)|VARIABLE_ASSIGNMENT|[EXTERNAL]|value|"STRING"
18:54:09.0 (59141578)|VARIABLE_ASSIGNMENT|[177]|this.type|"STRING"|0x54ad1c57
18:54:09.0 (59148822)|STATEMENT_EXECUTE|[98]
18:54:09.0 (59151576)|HEAP_ALLOCATE|[98]|Bytes:4
18:54:09.0 (59202079)|HEAP_ALLOCATE|[98]|Bytes:128
18:54:09.0 (59215936)|HEAP_ALLOCATE|[98]|Bytes:132
18:54:09.0 (59228285)|USER_DEBUG|[98]|DEBUG|ow==objectWrapper:[api=name, iconUrl=null, label=Account Name, refName=null, type=STRING, value=Burlington Textiles Corp of America]
18:54:09.0 (59235982)|STATEMENT_EXECUTE|[99]
18:54:09.0 (59257081)|HEAP_ALLOCATE|[EXTERNAL]|Bytes:4
18:54:09.0 (59271749)|HEAP_ALLOCATE|[88]|Bytes:5
18:54:09.0 (59280795)|HEAP_ALLOCATE|[88]|Bytes:13
18:54:09.0 (59287238)|VARIABLE_SCOPE_BEGIN|[88]|st|String|false|false
18:54:09.0 (59301242)|VARIABLE_ASSIGNMENT|[88]|st|"accountnumber"
18:54:09.0 (59305831)|STATEMENT_EXECUTE|[88]
18:54:09.0 (59314651)|STATEMENT_EXECUTE|[89]
18:54:09.0 (59315604)|STATEMENT_EXECUTE|[90]
18:54:09.0 (59320154)|METHOD_ENTRY|[90]|01p2800000FELrp|RecentlyViewedRecords.findFieldInfo(String, String)
18:54:09.0 (59325674)|VARIABLE_SCOPE_BEGIN|[136]|objName|String|false|false
18:54:09.0 (59333084)|VARIABLE_ASSIGNMENT|[136]|objName|"Account"
18:54:09.0 (59336752)|VARIABLE_SCOPE_BEGIN|[136]|fieldApi|String|false|false
18:54:09.0 (59342198)|VARIABLE_ASSIGNMENT|[136]|fieldApi|"accountnumber"
18:54:09.0 (59346442)|STATEMENT_EXECUTE|[136]
18:54:09.0 (59347541)|STATEMENT_EXECUTE|[137]
18:54:09.0 (59359711)|VARIABLE_SCOPE_BEGIN|[137]|leadSchema|Schema.SObjectType|true|false
18:54:09.0 (59411985)|VARIABLE_ASSIGNMENT|[137]|leadSchema|"common.apex.runtime.impl.ApexSObjectTypeToken@275f78c2"|0x275f78c2
18:54:09.0 (59418629)|STATEMENT_EXECUTE|[138]
18:54:09.0 (59435447)|HEAP_ALLOCATE|[138]|Bytes:4
18:54:09.0 (59690477)|HEAP_ALLOCATE|[138]|Bytes:296
18:54:09.0 (59702958)|METHOD_EXIT|[90]|01p2800000FELrp|RecentlyViewedRecords.findFieldInfo(String, String)
18:54:09.0 (59709837)|VARIABLE_SCOPE_BEGIN|[90]|fieldMap|Map<String,Schema.SObjectField>|true|false
18:54:09.0 (59858897)|VARIABLE_ASSIGNMENT|[90]|fieldMap|"{acchierarchy__haschildwithchanges__c=accHierarchy__hasChildWithChanges__c, acchierarchy__hierarchy_parents__c=accHierarchy__Hierarchy_Parents__c, acchierarchy__on_previous_hierarchy_level__c=accHierarchy__On_Previous_Hierarchy_Level__c, acchierarchy__topparentid__c=accHierarchy__TopParentId__c, accountnumber=AccountNumber, accountsource=AccountSource, active__c=Active__c, annualrevenue=AnnualRevenue, billingaddress=BillingAddress, billingcity=BillingCity, ...}"|0x7d7b9580
18:54:09.0 (59872499)|STATEMENT_EXECUTE|[91]
18:54:09.0 (59877603)|HEAP_ALLOCATE|[91]|Bytes:28
18:54:09.0 (59885290)|CONSTRUCTOR_ENTRY|[91]|01p2800000FELrp|<init>()
18:54:09.0 (59891573)|VARIABLE_SCOPE_BEGIN|[167]|this|RecentlyViewedRecords.objectWrapper|true|false
18:54:09.0 (59913211)|VARIABLE_ASSIGNMENT|[167]|this|{}|0x1457d23c
18:54:09.0 (59931066)|STATEMENT_EXECUTE|[167]
18:54:09.0 (59932256)|STATEMENT_EXECUTE|[169]
18:54:09.0 (59933241)|STATEMENT_EXECUTE|[171]
18:54:09.0 (59934107)|STATEMENT_EXECUTE|[173]
18:54:09.0 (59935009)|STATEMENT_EXECUTE|[175]
18:54:09.0 (59936079)|STATEMENT_EXECUTE|[177]
18:54:09.0 (59936961)|STATEMENT_EXECUTE|[179]
18:54:09.0 (59939855)|CONSTRUCTOR_EXIT|[91]|01p2800000FELrp|<init>()
18:54:09.0 (59946012)|VARIABLE_SCOPE_BEGIN|[91]|ow|RecentlyViewedRecords.objectWrapper|true|false
18:54:09.0 (59962079)|VARIABLE_ASSIGNMENT|[91]|ow|{}|0x1457d23c
18:54:09.0 (59967772)|STATEMENT_EXECUTE|[92]
18:54:09.0 (60006209)|HEAP_ALLOCATE|[92]|Bytes:8
18:54:09.0 (60018071)|HEAP_ALLOCATE|[92]|Bytes:14
18:54:09.0 (60037095)|VARIABLE_ASSIGNMENT|[EXTERNAL]|this|{}|0x1457d23c
18:54:09.0 (60045013)|VARIABLE_ASSIGNMENT|[EXTERNAL]|value|"Account Number"
18:54:09.0 (60053426)|VARIABLE_ASSIGNMENT|[169]|this.label|"Account Number"|0x1457d23c
18:54:09.0 (60060798)|STATEMENT_EXECUTE|[93]
18:54:09.0 (60087178)|HEAP_ALLOCATE|[93]|Bytes:8
18:54:09.0 (60103832)|HEAP_ALLOCATE|[93]|Bytes:8
18:54:09.0 (60126474)|VARIABLE_ASSIGNMENT|[EXTERNAL]|this|{"label":"Account Number"}|0x1457d23c
18:54:09.0 (60133774)|VARIABLE_ASSIGNMENT|[EXTERNAL]|value|"CD656092"
18:54:09.0 (60140598)|VARIABLE_ASSIGNMENT|[171]|this.value|"CD656092"|0x1457d23c
18:54:09.0 (60147625)|STATEMENT_EXECUTE|[94]
18:54:09.0 (60169379)|VARIABLE_ASSIGNMENT|[EXTERNAL]|this|{"label":"Account Number","value":"CD656092"}|0x1457d23c
18:54:09.0 (60176756)|VARIABLE_ASSIGNMENT|[EXTERNAL]|value|null
18:54:09.0 (60182791)|VARIABLE_ASSIGNMENT|[173]|this.refName|null|0x1457d23c
18:54:09.0 (60189227)|STATEMENT_EXECUTE|[95]
18:54:09.0 (60201918)|VARIABLE_ASSIGNMENT|[EXTERNAL]|this|{"label":"Account Number","value":"CD656092"}|0x1457d23c
18:54:09.0 (60208731)|VARIABLE_ASSIGNMENT|[EXTERNAL]|value|"accountnumber"
18:54:09.0 (60214102)|VARIABLE_ASSIGNMENT|[175]|this.api|"accountnumber"|0x1457d23c
18:54:09.0 (60222628)|STATEMENT_EXECUTE|[96]
18:54:09.0 (60250305)|HEAP_ALLOCATE|[96]|Bytes:8
18:54:09.0 (60274441)|HEAP_ALLOCATE|[96]|Bytes:12
18:54:09.0 (60295416)|HEAP_ALLOCATE|[96]|Bytes:6
18:54:09.0 (60322297)|VARIABLE_ASSIGNMENT|[EXTERNAL]|this|{"api":"accountnumber","label":"Account Number","value":"CD656092"}|0x1457d23c
18:54:09.0 (60329870)|VARIABLE_ASSIGNMENT|[EXTERNAL]|value|"STRING"
18:54:09.0 (60337135)|VARIABLE_ASSIGNMENT|[177]|this.type|"STRING"|0x1457d23c
18:54:09.0 (60344185)|STATEMENT_EXECUTE|[98]
18:54:09.0 (60366545)|HEAP_ALLOCATE|[98]|Bytes:112
18:54:09.0 (60378698)|HEAP_ALLOCATE|[98]|Bytes:116
18:54:09.0 (60386895)|USER_DEBUG|[98]|DEBUG|ow==objectWrapper:[api=accountnumber, iconUrl=null, label=Account Number, refName=null, type=STRING, value=CD656092]
18:54:09.0 (60393438)|STATEMENT_EXECUTE|[99]
18:54:09.0 (60399314)|HEAP_ALLOCATE|[EXTERNAL]|Bytes:4
18:54:09.0 (60410762)|HEAP_ALLOCATE|[88]|Bytes:5
18:54:09.0 (60419136)|HEAP_ALLOCATE|[88]|Bytes:9
18:54:09.0 (60425205)|VARIABLE_SCOPE_BEGIN|[88]|st|String|false|false
18:54:09.0 (60434127)|VARIABLE_ASSIGNMENT|[88]|st|"active__c"
18:54:09.0 (60438508)|STATEMENT_EXECUTE|[88]
18:54:09.0 (60446663)|STATEMENT_EXECUTE|[89]
18:54:09.0 (60447702)|STATEMENT_EXECUTE|[90]
18:54:09.0 (60452090)|METHOD_ENTRY|[90]|01p2800000FELrp|RecentlyViewedRecords.findFieldInfo(String, String)
18:54:09.0 (60457540)|VARIABLE_SCOPE_BEGIN|[136]|objName|String|false|false
18:54:09.0 (60464372)|VARIABLE_ASSIGNMENT|[136]|objName|"Account"
18:54:09.0 (60468005)|VARIABLE_SCOPE_BEGIN|[136]|fieldApi|String|false|false
18:54:09.0 (60474795)|VARIABLE_ASSIGNMENT|[136]|fieldApi|"active__c"
18:54:09.0 (60478891)|STATEMENT_EXECUTE|[136]
18:54:09.0 (60480006)|STATEMENT_EXECUTE|[137]
18:54:09.0 (60491682)|VARIABLE_SCOPE_BEGIN|[137]|leadSchema|Schema.SObjectType|true|false
18:54:09.0 (60543070)|VARIABLE_ASSIGNMENT|[137]|leadSchema|"common.apex.runtime.impl.ApexSObjectTypeToken@275f78c2"|0x275f78c2
18:54:09.0 (60550436)|STATEMENT_EXECUTE|[138]
18:54:09.0 (60565823)|HEAP_ALLOCATE|[138]|Bytes:4
18:54:09.0 (60785814)|HEAP_ALLOCATE|[138]|Bytes:296
18:54:09.0 (60797830)|METHOD_EXIT|[90]|01p2800000FELrp|RecentlyViewedRecords.findFieldInfo(String, String)
18:54:09.0 (60804876)|VARIABLE_SCOPE_BEGIN|[90]|fieldMap|Map<String,Schema.SObjectField>|true|false
18:54:09.0 (60951666)|VARIABLE_ASSIGNMENT|[90]|fieldMap|"{acchierarchy__haschildwithchanges__c=accHierarchy__hasChildWithChanges__c, acchierarchy__hierarchy_parents__c=accHierarchy__Hierarchy_Parents__c, acchierarchy__on_previous_hierarchy_level__c=accHierarchy__On_Previous_Hierarchy_Level__c, acchierarchy__topparentid__c=accHierarchy__TopParentId__c, accountnumber=AccountNumber, accountsource=AccountSource, active__c=Active__c, annualrevenue=AnnualRevenue, billingaddress=BillingAddress, billingcity=BillingCity, ...}"|0x6d8588db
18:54:09.0 (60966299)|STATEMENT_EXECUTE|[91]
18:54:09.0 (60971225)|HEAP_ALLOCATE|[91]|Bytes:28
18:54:09.0 (60978960)|CONSTRUCTOR_ENTRY|[91]|01p2800000FELrp|<init>()
18:54:09.0 (60985136)|VARIABLE_SCOPE_BEGIN|[167]|this|RecentlyViewedRecords.objectWrapper|true|false
18:54:09.0 (61006744)|VARIABLE_ASSIGNMENT|[167]|this|{}|0x4ccde18d
18:54:09.0 (61022418)|STATEMENT_EXECUTE|[167]
18:54:09.0 (61023585)|STATEMENT_EXECUTE|[169]
18:54:09.0 (61024516)|STATEMENT_EXECUTE|[171]
18:54:09.0 (61025302)|STATEMENT_EXECUTE|[173]
18:54:09.0 (61026144)|STATEMENT_EXECUTE|[175]
18:54:09.0 (61026948)|STATEMENT_EXECUTE|[177]
18:54:09.0 (61027846)|STATEMENT_EXECUTE|[179]
18:54:09.0 (61030791)|CONSTRUCTOR_EXIT|[91]|01p2800000FELrp|<init>()
18:54:09.0 (61036560)|VARIABLE_SCOPE_BEGIN|[91]|ow|RecentlyViewedRecords.objectWrapper|true|false
18:54:09.0 (61052953)|VARIABLE_ASSIGNMENT|[91]|ow|{}|0x4ccde18d
18:54:09.0 (61058911)|STATEMENT_EXECUTE|[92]
18:54:09.0 (61099684)|HEAP_ALLOCATE|[92]|Bytes:8
18:54:09.0 (61111360)|HEAP_ALLOCATE|[92]|Bytes:6
18:54:09.0 (61130385)|VARIABLE_ASSIGNMENT|[EXTERNAL]|this|{}|0x4ccde18d
18:54:09.0 (61138076)|VARIABLE_ASSIGNMENT|[EXTERNAL]|value|"Active"
18:54:09.0 (61145190)|VARIABLE_ASSIGNMENT|[169]|this.label|"Active"|0x4ccde18d
18:54:09.0 (61152206)|STATEMENT_EXECUTE|[93]
18:54:09.0 (61207528)|VARIABLE_ASSIGNMENT|[EXTERNAL]|this|{"label":"Active"}|0x4ccde18d
18:54:09.0 (61215787)|VARIABLE_ASSIGNMENT|[EXTERNAL]|value|null
18:54:09.0 (61224793)|VARIABLE_ASSIGNMENT|[171]|this.value|null|0x4ccde18d
18:54:09.0 (61232962)|STATEMENT_EXECUTE|[94]
18:54:09.0 (61253876)|VARIABLE_ASSIGNMENT|[EXTERNAL]|this|{"label":"Active"}|0x4ccde18d
18:54:09.0 (61260270)|VARIABLE_ASSIGNMENT|[EXTERNAL]|value|null
18:54:09.0 (61265544)|VARIABLE_ASSIGNMENT|[173]|this.refName|null|0x4ccde18d
18:54:09.0 (61272284)|STATEMENT_EXECUTE|[95]
18:54:09.0 (61284143)|VARIABLE_ASSIGNMENT|[EXTERNAL]|this|{"label":"Active"}|0x4ccde18d
18:54:09.0 (61295351)|VARIABLE_ASSIGNMENT|[EXTERNAL]|value|"active__c"
18:54:09.0 (61301598)|VARIABLE_ASSIGNMENT|[175]|this.api|"active__c"|0x4ccde18d
18:54:09.0 (61308053)|STATEMENT_EXECUTE|[96]
18:54:09.0 (61337919)|HEAP_ALLOCATE|[96]|Bytes:8
18:54:09.0 (61363330)|HEAP_ALLOCATE|[96]|Bytes:12
18:54:09.0 (61380573)|HEAP_ALLOCATE|[96]|Bytes:8
18:54:09.0 (61406070)|VARIABLE_ASSIGNMENT|[EXTERNAL]|this|{"api":"active__c","label":"Active"}|0x4ccde18d
18:54:09.0 (61414017)|VARIABLE_ASSIGNMENT|[EXTERNAL]|value|"PICKLIST"
18:54:09.0 (61420724)|VARIABLE_ASSIGNMENT|[177]|this.type|"PICKLIST"|0x4ccde18d
18:54:09.0 (61427705)|STATEMENT_EXECUTE|[98]
18:54:09.0 (61449398)|HEAP_ALLOCATE|[98]|Bytes:98
18:54:09.0 (61460278)|HEAP_ALLOCATE|[98]|Bytes:102
18:54:09.0 (61468219)|USER_DEBUG|[98]|DEBUG|ow==objectWrapper:[api=active__c, iconUrl=null, label=Active, refName=null, type=PICKLIST, value=null]
18:54:09.0 (61474719)|STATEMENT_EXECUTE|[99]
18:54:09.0 (61480803)|HEAP_ALLOCATE|[EXTERNAL]|Bytes:4
18:54:09.0 (61491820)|HEAP_ALLOCATE|[88]|Bytes:5
18:54:09.0 (61500489)|HEAP_ALLOCATE|[88]|Bytes:19
18:54:09.0 (61507087)|VARIABLE_SCOPE_BEGIN|[88]|st|String|false|false
18:54:09.0 (61516802)|VARIABLE_ASSIGNMENT|[88]|st|"customerpriority__c"
18:54:09.0 (61521400)|STATEMENT_EXECUTE|[88]
18:54:09.0 (61528882)|STATEMENT_EXECUTE|[89]
18:54:09.0 (61529872)|STATEMENT_EXECUTE|[90]
18:54:09.0 (61534033)|METHOD_ENTRY|[90]|01p2800000FELrp|RecentlyViewedRecords.findFieldInfo(String, String)
18:54:09.0 (61539636)|VARIABLE_SCOPE_BEGIN|[136]|objName|String|false|false
18:54:09.0 (61547185)|VARIABLE_ASSIGNMENT|[136]|objName|"Account"
18:54:09.0 (61550963)|VARIABLE_SCOPE_BEGIN|[136]|fieldApi|String|false|false
18:54:09.0 (61557463)|VARIABLE_ASSIGNMENT|[136]|fieldApi|"customerpriority__c"
18:54:09.0 (61561708)|STATEMENT_EXECUTE|[136]
18:54:09.0 (61562768)|STATEMENT_EXECUTE|[137]
18:54:09.0 (61573809)|VARIABLE_SCOPE_BEGIN|[137]|leadSchema|Schema.SObjectType|true|false
18:54:09.0 (61624689)|VARIABLE_ASSIGNMENT|[137]|leadSchema|"common.apex.runtime.impl.ApexSObjectTypeToken@275f78c2"|0x275f78c2
18:54:09.0 (61632353)|STATEMENT_EXECUTE|[138]
18:54:09.0 (61651904)|HEAP_ALLOCATE|[138]|Bytes:4
18:54:09.0 (61925132)|HEAP_ALLOCATE|[138]|Bytes:296
18:54:09.0 (61941349)|METHOD_EXIT|[90]|01p2800000FELrp|RecentlyViewedRecords.findFieldInfo(String, String)
18:54:09.0 (61949219)|VARIABLE_SCOPE_BEGIN|[90]|fieldMap|Map<String,Schema.SObjectField>|true|false
18:54:09.0 (62112713)|VARIABLE_ASSIGNMENT|[90]|fieldMap|"{acchierarchy__haschildwithchanges__c=accHierarchy__hasChildWithChanges__c, acchierarchy__hierarchy_parents__c=accHierarchy__Hierarchy_Parents__c, acchierarchy__on_previous_hierarchy_level__c=accHierarchy__On_Previous_Hierarchy_Level__c, acchierarchy__topparentid__c=accHierarchy__TopParentId__c, accountnumber=AccountNumber, accountsource=AccountSource, active__c=Active__c, annualrevenue=AnnualRevenue, billingaddress=BillingAddress, billingcity=BillingCity, ...}"|0x6d3bba01
18:54:09.0 (62128222)|STATEMENT_EXECUTE|[91]
18:54:09.0 (62133467)|HEAP_ALLOCATE|[91]|Bytes:28
18:54:09.0 (62141606)|CONSTRUCTOR_ENTRY|[91]|01p2800000FELrp|<init>()
18:54:09.0 (62148189)|VARIABLE_SCOPE_BEGIN|[167]|this|RecentlyViewedRecords.objectWrapper|true|false
18:54:09.0 (62178622)|VARIABLE_ASSIGNMENT|[167]|this|{}|0x475753a8
18:54:09.0 (62194200)|STATEMENT_EXECUTE|[167]
18:54:09.0 (62195437)|STATEMENT_EXECUTE|[169]
18:54:09.0 (62196387)|STATEMENT_EXECUTE|[171]
18:54:09.0 (62197593)|STATEMENT_EXECUTE|[173]
18:54:09.0 (62198515)|STATEMENT_EXECUTE|[175]
18:54:09.0 (62199322)|STATEMENT_EXECUTE|[177]
18:54:09.0 (62200147)|STATEMENT_EXECUTE|[179]
18:54:09.0 (62203049)|CONSTRUCTOR_EXIT|[91]|01p2800000FELrp|<init>()
18:54:09.0 (62209260)|VARIABLE_SCOPE_BEGIN|[91]|ow|RecentlyViewedRecords.objectWrapper|true|false
18:54:09.0 (62227245)|VARIABLE_ASSIGNMENT|[91]|ow|{}|0x475753a8
18:54:09.0 (62233187)|STATEMENT_EXECUTE|[92]
18:54:09.0 (62274134)|HEAP_ALLOCATE|[92]|Bytes:8
18:54:09.0 (62285600)|HEAP_ALLOCATE|[92]|Bytes:17
18:54:09.0 (62312642)|VARIABLE_ASSIGNMENT|[EXTERNAL]|this|{}|0x475753a8
18:54:09.0 (62321259)|VARIABLE_ASSIGNMENT|[EXTERNAL]|value|"Customer Priority"
18:54:09.0 (62330317)|VARIABLE_ASSIGNMENT|[169]|this.label|"Customer Priority"|0x475753a8
18:54:09.0 (62338191)|STATEMENT_EXECUTE|[93]
18:54:09.0 (62397568)|VARIABLE_ASSIGNMENT|[EXTERNAL]|this|{"label":"Customer Priority"}|0x475753a8
18:54:09.0 (62405824)|VARIABLE_ASSIGNMENT|[EXTERNAL]|value|null
18:54:09.0 (62416217)|VARIABLE_ASSIGNMENT|[171]|this.value|null|0x475753a8
18:54:09.0 (62428888)|STATEMENT_EXECUTE|[94]
18:54:09.0 (62455300)|VARIABLE_ASSIGNMENT|[EXTERNAL]|this|{"label":"Customer Priority"}|0x475753a8
18:54:09.0 (62462364)|VARIABLE_ASSIGNMENT|[EXTERNAL]|value|null
18:54:09.0 (62468490)|VARIABLE_ASSIGNMENT|[173]|this.refName|null|0x475753a8
18:54:09.0 (62475187)|STATEMENT_EXECUTE|[95]
18:54:09.0 (62487552)|VARIABLE_ASSIGNMENT|[EXTERNAL]|this|{"label":"Customer Priority"}|0x475753a8
18:54:09.0 (62494074)|VARIABLE_ASSIGNMENT|[EXTERNAL]|value|"customerpriority__c"
18:54:09.0 (62499954)|VARIABLE_ASSIGNMENT|[175]|this.api|"customerpriority__c"|0x475753a8
18:54:09.0 (62505991)|STATEMENT_EXECUTE|[96]
18:54:09.0 (62543332)|HEAP_ALLOCATE|[96]|Bytes:8
18:54:09.0 (62568699)|HEAP_ALLOCATE|[96]|Bytes:12
18:54:09.0 (62587099)|HEAP_ALLOCATE|[96]|Bytes:8
18:54:09.0 (62613368)|VARIABLE_ASSIGNMENT|[EXTERNAL]|this|{"api":"customerpriority__c","label":"Customer Priority"}|0x475753a8
18:54:09.0 (62621492)|VARIABLE_ASSIGNMENT|[EXTERNAL]|value|"PICKLIST"
18:54:09.0 (62628130)|VARIABLE_ASSIGNMENT|[177]|this.type|"PICKLIST"|0x475753a8
18:54:09.0 (62635196)|STATEMENT_EXECUTE|[98]
18:54:09.0 (62663978)|HEAP_ALLOCATE|[98]|Bytes:119
18:54:09.0 (62677054)|HEAP_ALLOCATE|[98]|Bytes:123
18:54:09.0 (62685296)|USER_DEBUG|[98]|DEBUG|ow==objectWrapper:[api=customerpriority__c, iconUrl=null, label=Customer Priority, refName=null, type=PICKLIST, value=null]
18:54:09.0 (62692429)|STATEMENT_EXECUTE|[99]
18:54:09.0 (62698596)|HEAP_ALLOCATE|[EXTERNAL]|Bytes:4
18:54:09.0 (62710460)|HEAP_ALLOCATE|[88]|Bytes:5
18:54:09.0 (62719355)|HEAP_ALLOCATE|[88]|Bytes:11
18:54:09.0 (62725469)|VARIABLE_SCOPE_BEGIN|[88]|st|String|false|false
18:54:09.0 (62735667)|VARIABLE_ASSIGNMENT|[88]|st|"createddate"
18:54:09.0 (62739903)|STATEMENT_EXECUTE|[88]
18:54:09.0 (62747708)|STATEMENT_EXECUTE|[89]
18:54:09.0 (62748679)|STATEMENT_EXECUTE|[90]
18:54:09.0 (62752967)|METHOD_ENTRY|[90]|01p2800000FELrp|RecentlyViewedRecords.findFieldInfo(String, String)
18:54:09.0 (62758291)|VARIABLE_SCOPE_BEGIN|[136]|objName|String|false|false
18:54:09.0 (62765535)|VARIABLE_ASSIGNMENT|[136]|objName|"Account"
18:54:09.0 (62768928)|VARIABLE_SCOPE_BEGIN|[136]|fieldApi|String|false|false
18:54:09.0 (62775472)|VARIABLE_ASSIGNMENT|[136]|fieldApi|"createddate"
18:54:09.0 (62779788)|STATEMENT_EXECUTE|[136]
18:54:09.0 (62780852)|STATEMENT_EXECUTE|[137]
18:54:09.0 (62792813)|VARIABLE_SCOPE_BEGIN|[137]|leadSchema|Schema.SObjectType|true|false
18:54:09.0 (62844089)|VARIABLE_ASSIGNMENT|[137]|leadSchema|"common.apex.runtime.impl.ApexSObjectTypeToken@275f78c2"|0x275f78c2
18:54:09.0 (62851366)|STATEMENT_EXECUTE|[138]
18:54:09.0 (62867244)|HEAP_ALLOCATE|[138]|Bytes:4
18:54:09.0 (63090491)|HEAP_ALLOCATE|[138]|Bytes:296
18:54:09.0 (63103676)|METHOD_EXIT|[90]|01p2800000FELrp|RecentlyViewedRecords.findFieldInfo(String, String)
18:54:09.0 (63110862)|VARIABLE_SCOPE_BEGIN|[90]|fieldMap|Map<String,Schema.SObjectField>|true|false
18:54:09.0 (63258794)|VARIABLE_ASSIGNMENT|[90]|fieldMap|"{acchierarchy__haschildwithchanges__c=accHierarchy__hasChildWithChanges__c, acchierarchy__hierarchy_parents__c=accHierarchy__Hierarchy_Parents__c, acchierarchy__on_previous_hierarchy_level__c=accHierarchy__On_Previous_Hierarchy_Level__c, acchierarchy__topparentid__c=accHierarchy__TopParentId__c, accountnumber=AccountNumber, accountsource=AccountSource, active__c=Active__c, annualrevenue=AnnualRevenue, billingaddress=BillingAddress, billingcity=BillingCity, ...}"|0x6d5c8c9
18:54:09.0 (63272872)|STATEMENT_EXECUTE|[91]
18:54:09.0 (63277835)|HEAP_ALLOCATE|[91]|Bytes:28
18:54:09.0 (63285752)|CONSTRUCTOR_ENTRY|[91]|01p2800000FELrp|<init>()
18:54:09.0 (63296931)|VARIABLE_SCOPE_BEGIN|[167]|this|RecentlyViewedRecords.objectWrapper|true|false
18:54:09.0 (63318750)|VARIABLE_ASSIGNMENT|[167]|this|{}|0x25b78017
18:54:09.0 (63332986)|STATEMENT_EXECUTE|[167]
18:54:09.0 (63334190)|STATEMENT_EXECUTE|[169]
18:54:09.0 (63335145)|STATEMENT_EXECUTE|[171]
18:54:09.0 (63335942)|STATEMENT_EXECUTE|[173]
18:54:09.0 (63336748)|STATEMENT_EXECUTE|[175]
18:54:09.0 (63337567)|STATEMENT_EXECUTE|[177]
18:54:09.0 (63338400)|STATEMENT_EXECUTE|[179]
18:54:09.0 (63341228)|CONSTRUCTOR_EXIT|[91]|01p2800000FELrp|<init>()
18:54:09.0 (63347737)|VARIABLE_SCOPE_BEGIN|[91]|ow|RecentlyViewedRecords.objectWrapper|true|false
18:54:09.0 (63363340)|VARIABLE_ASSIGNMENT|[91]|ow|{}|0x25b78017
18:54:09.0 (63368133)|STATEMENT_EXECUTE|[92]
18:54:09.0 (63406355)|HEAP_ALLOCATE|[92]|Bytes:8
18:54:09.0 (63418071)|HEAP_ALLOCATE|[92]|Bytes:12
18:54:09.0 (63436847)|VARIABLE_ASSIGNMENT|[EXTERNAL]|this|{}|0x25b78017
18:54:09.0 (63445085)|VARIABLE_ASSIGNMENT|[EXTERNAL]|value|"Created Date"
18:54:09.0 (63452764)|VARIABLE_ASSIGNMENT|[169]|this.label|"Created Date"|0x25b78017
18:54:09.0 (63460281)|STATEMENT_EXECUTE|[93]
18:54:09.0 (63490087)|HEAP_ALLOCATE|[93]|Bytes:56
18:54:09.0 (63511584)|HEAP_ALLOCATE|[93]|Bytes:19
18:54:09.0 (63535983)|VARIABLE_ASSIGNMENT|[EXTERNAL]|this|{"label":"Created Date"}|0x25b78017
18:54:09.0 (63543646)|VARIABLE_ASSIGNMENT|[EXTERNAL]|value|"2015-09-25 10:27:41"
18:54:09.0 (63550946)|VARIABLE_ASSIGNMENT|[171]|this.value|"2015-09-25 10:27:41"|0x25b78017
18:54:09.0 (63557530)|STATEMENT_EXECUTE|[94]
18:54:09.0 (63579542)|VARIABLE_ASSIGNMENT|[EXTERNAL]|this|{"label":"Created Date","value":"2015-09-25 10:27:41"}|0x25b78017
18:54:09.0 (63586671)|VARIABLE_ASSIGNMENT|[EXTERNAL]|value|null
18:54:09.0 (63592584)|VARIABLE_ASSIGNMENT|[173]|this.refName|null|0x25b78017
18:54:09.0 (63598952)|STATEMENT_EXECUTE|[95]
18:54:09.0 (63612330)|VARIABLE_ASSIGNMENT|[EXTERNAL]|this|{"label":"Created Date","value":"2015-09-25 10:27:41"}|0x25b78017
18:54:09.0 (63619598)|VARIABLE_ASSIGNMENT|[EXTERNAL]|value|"createddate"
18:54:09.0 (63625081)|VARIABLE_ASSIGNMENT|[175]|this.api|"createddate"|0x25b78017
18:54:09.0 (63631342)|STATEMENT_EXECUTE|[96]
18:54:09.0 (63660525)|HEAP_ALLOCATE|[96]|Bytes:8
18:54:09.0 (63683561)|HEAP_ALLOCATE|[96]|Bytes:12
18:54:09.0 (63700470)|HEAP_ALLOCATE|[96]|Bytes:8
18:54:09.0 (63725845)|VARIABLE_ASSIGNMENT|[EXTERNAL]|this|{"api":"createddate","label":"Created Date","value":"2015-09-25 10:27:41"}|0x25b78017
18:54:09.0 (63733995)|VARIABLE_ASSIGNMENT|[EXTERNAL]|value|"DATETIME"
18:54:09.0 (63740769)|VARIABLE_ASSIGNMENT|[177]|this.type|"DATETIME"|0x25b78017
18:54:09.0 (63747386)|STATEMENT_EXECUTE|[98]
18:54:09.0 (63768492)|HEAP_ALLOCATE|[98]|Bytes:121
18:54:09.0 (63779136)|HEAP_ALLOCATE|[98]|Bytes:125
18:54:09.0 (63787983)|USER_DEBUG|[98]|DEBUG|ow==objectWrapper:[api=createddate, iconUrl=null, label=Created Date, refName=null, type=DATETIME, value=2015-09-25 10:27:41]
18:54:09.0 (63795275)|STATEMENT_EXECUTE|[99]
18:54:09.0 (63801258)|HEAP_ALLOCATE|[EXTERNAL]|Bytes:4
18:54:09.0 (63813322)|HEAP_ALLOCATE|[88]|Bytes:5
18:54:09.0 (63823346)|VARIABLE_ASSIGNMENT|[88]|st|null
18:54:09.0 (63827914)|STATEMENT_EXECUTE|[102]
18:54:09.0 (63833538)|SYSTEM_MODE_EXIT|false
18:54:09.63 (63856004)|CUMULATIVE_LIMIT_USAGE
18:54:09.63 (63856004)|LIMIT_USAGE_FOR_NS|(default)|
  Number of SOQL queries: 1 out of 100
  Number of query rows: 1 out of 50000
  Number of SOSL queries: 0 out of 20
  Number of DML statements: 0 out of 150
  Number of DML rows: 0 out of 10000
  Maximum CPU time: 0 out of 10000
  Maximum heap size: 0 out of 6000000
  Number of callouts: 0 out of 100
  Number of Email Invocations: 0 out of 10
  Number of future calls: 0 out of 50
  Number of queueable jobs added to the queue: 0 out of 50
  Number of Mobile Apex push calls: 0 out of 10

18:54:09.63 (63856004)|CUMULATIVE_LIMIT_USAGE_END

18:54:09.0 (63884692)|CODE_UNIT_FINISHED|RecentlyViewedRecords.queryCompactLayout
18:54:09.0 (65364866)|CODE_UNIT_STARTED|[EXTERNAL]|Aura
18:54:09.0 (65401182)|CODE_UNIT_FINISHED|Aura
18:54:09.0 (66222586)|CODE_UNIT_STARTED|[EXTERNAL]|Aura
18:54:09.0 (66247576)|CODE_UNIT_FINISHED|Aura
18:54:09.0 (67041367)|CODE_UNIT_STARTED|[EXTERNAL]|Aura
18:54:09.0 (67062777)|CODE_UNIT_FINISHED|Aura
18:54:09.0 (67710774)|CODE_UNIT_STARTED|[EXTERNAL]|Aura
18:54:09.0 (67733004)|CODE_UNIT_FINISHED|Aura
18:54:09.0 (68694955)|CODE_UNIT_STARTED|[EXTERNAL]|Aura
18:54:09.0 (68723003)|CODE_UNIT_FINISHED|Aura
18:54:09.0 (68742328)|CODE_UNIT_FINISHED|Aura
18:54:09.0 (69527984)|EXECUTION_FINISHED
