40.0 APEX_CODE,FINEST;APEX_PROFILING,INFO;CALLOUT,INFO;DB,INFO;SYSTEM,DEBUG;VALIDATION,INFO;VISUALFORCE,INFO;WAVE,INFO;WORKFLOW,INFO
18:54:29.0 (75376)|USER_INFO|[EXTERNAL]|00528000001JBjQ|ramu.veligeti@yahoo.co.in|Pacific Standard Time|GMT-07:00
18:54:29.0 (119682)|EXECUTION_STARTED
18:54:29.0 (124451)|CODE_UNIT_STARTED|[EXTERNAL]|Aura
18:54:29.0 (9978369)|HEAP_ALLOCATE|[72]|Bytes:3
18:54:29.0 (10013201)|HEAP_ALLOCATE|[77]|Bytes:152
18:54:29.0 (10028539)|HEAP_ALLOCATE|[342]|Bytes:408
18:54:29.0 (10042227)|HEAP_ALLOCATE|[355]|Bytes:408
18:54:29.0 (10055028)|HEAP_ALLOCATE|[467]|Bytes:48
18:54:29.0 (10077116)|HEAP_ALLOCATE|[139]|Bytes:6
18:54:29.0 (10088743)|HEAP_ALLOCATE|[EXTERNAL]|Bytes:18
18:54:29.0 (10096092)|HEAP_ALLOCATE|[EXTERNAL]|Bytes:4
18:54:29.0 (10286758)|HEAP_ALLOCATE|[EXTERNAL]|Bytes:12
18:54:29.0 (10294278)|HEAP_ALLOCATE|[EXTERNAL]|Bytes:12
18:54:29.0 (11133999)|CODE_UNIT_STARTED|[EXTERNAL]|01p2800000FELrp|RecentlyViewedRecords.queryCompactLayout
18:54:29.0 (11178386)|VARIABLE_SCOPE_BEGIN|[2]|RecentlyViewedRecords.FIELDSET_NAME|String|false|true
18:54:29.0 (11188922)|VARIABLE_SCOPE_BEGIN|[3]|RecentlyViewedRecords.private_apiFieldNames|Map<String,Set<String>>|true|true
18:54:29.0 (11196953)|VARIABLE_SCOPE_BEGIN|[5]|RecentlyViewedRecords.rvi|Recently_Viewed__c|true|true
18:54:29.0 (11204634)|VARIABLE_SCOPE_BEGIN|[4]|RecentlyViewedRecords.schemaMap|Map<String,Schema.SObjectType>|true|true
18:54:29.0 (11250913)|HEAP_ALLOCATE|[EXTERNAL]|Bytes:35
18:54:29.0 (11258502)|HEAP_ALLOCATE|[EXTERNAL]|Bytes:20
18:54:29.0 (11262187)|HEAP_ALLOCATE|[EXTERNAL]|Bytes:38
18:54:29.0 (11362319)|METHOD_ENTRY|[1]|01p2800000FELrp|RecentlyViewedRecords.RecentlyViewedRecords()
18:54:29.0 (11369473)|STATEMENT_EXECUTE|[1]
18:54:29.0 (11374256)|STATEMENT_EXECUTE|[1]
18:54:29.0 (11375155)|STATEMENT_EXECUTE|[2]
18:54:29.0 (11378377)|HEAP_ALLOCATE|[2]|Bytes:19
18:54:29.0 (11399604)|VARIABLE_ASSIGNMENT|[2]|RecentlyViewedRecords.FIELDSET_NAME|"RecentlyViewedHover"
18:54:29.0 (11404858)|STATEMENT_EXECUTE|[3]
18:54:29.0 (11410074)|HEAP_ALLOCATE|[3]|Bytes:4
18:54:29.0 (11433326)|VARIABLE_ASSIGNMENT|[3]|RecentlyViewedRecords.private_apiFieldNames|{}|0x7eaf5d1f
18:54:29.0 (11438905)|STATEMENT_EXECUTE|[4]
18:54:29.0 (11468291)|HEAP_ALLOCATE|[50]|Bytes:5
18:54:29.0 (11487558)|HEAP_ALLOCATE|[56]|Bytes:5
18:54:29.0 (11493920)|HEAP_ALLOCATE|[64]|Bytes:7
18:54:29.0 (24512163)|HEAP_ALLOCATE|[4]|Bytes:1456
18:54:29.0 (24774863)|VARIABLE_ASSIGNMENT|[4]|RecentlyViewedRecords.schemaMap|"{acceptedeventrelation=AcceptedEventRelation, acchierarchy__account_hierarchy__mdt=accHierarchy__Account_Hierarchy__mdt, acchierarchy__account_hierarchy_setup__c=accHierarchy__Account_Hierarchy_Setup__c, account=Account, accountcleaninfo=AccountCleanInfo, accountcontactrole=AccountContactRole, accountfeed=AccountFeed, accounthistory=AccountHistory, accountpartner=AccountPartner, accountshare=AccountShare, ...}"|0x20a91307
18:54:29.0 (24792374)|STATEMENT_EXECUTE|[5]
18:54:29.0 (25558728)|HEAP_ALLOCATE|[5]|Bytes:20
18:54:29.0 (25594975)|VARIABLE_ASSIGNMENT|[5]|RecentlyViewedRecords.rvi|{"IsDeleted":false,"Name":"a0d28000002ZKNz","SetupOwnerId":"00528000001JBjQAAW","Records_to_Display__ (1 more) ...":"20"}|0x6199726f
18:54:29.0 (25604621)|STATEMENT_EXECUTE|[147]
18:54:29.0 (25606090)|STATEMENT_EXECUTE|[167]
18:54:29.0 (25613764)|METHOD_EXIT|[1]|RecentlyViewedRecords
18:54:29.0 (25621564)|HEAP_ALLOCATE|[EXTERNAL]|Bytes:4
18:54:29.0 (25625764)|HEAP_ALLOCATE|[EXTERNAL]|Bytes:12
18:54:29.0 (25631731)|SYSTEM_MODE_ENTER|false
18:54:29.0 (25640712)|VARIABLE_SCOPE_BEGIN|[33]|rvId|Id|false|false
18:54:29.0 (25701424)|VARIABLE_ASSIGNMENT|[33]|rvId|"a0f28000008b0NDAAY"
18:54:29.0 (25707870)|VARIABLE_SCOPE_BEGIN|[33]|objName|String|false|false
18:54:29.0 (25716948)|VARIABLE_ASSIGNMENT|[33]|objName|"Scheduler__c"
18:54:29.0 (25726442)|STATEMENT_EXECUTE|[33]
18:54:29.0 (25727672)|STATEMENT_EXECUTE|[34]
18:54:29.0 (25734257)|HEAP_ALLOCATE|[34]|Bytes:4
18:54:29.0 (25746260)|VARIABLE_SCOPE_BEGIN|[34]|objMap|Map<String,String>|true|false
18:54:29.0 (25763456)|VARIABLE_ASSIGNMENT|[34]|objMap|{}|0x655a9ce6
18:54:29.0 (25769368)|STATEMENT_EXECUTE|[35]
18:54:29.0 (25870720)|HEAP_ALLOCATE|[35]|Bytes:4
18:54:29.0 (25927816)|VARIABLE_SCOPE_BEGIN|[35]|owList|List<RecentlyViewedRecords.objectWrapper>|true|false
18:54:29.0 (25947220)|HEAP_ALLOCATE|[EXTERNAL]|Bytes:4
18:54:29.0 (25956698)|VARIABLE_ASSIGNMENT|[35]|owList|[]|0xd039a61
18:54:29.0 (25962643)|STATEMENT_EXECUTE|[36]
18:54:29.0 (33551581)|HEAP_ALLOCATE|[36]|Bytes:1628
18:54:29.0 (33582039)|VARIABLE_SCOPE_BEGIN|[36]|globalDescribeMap|Map<String,Schema.SObjectType>|true|false
18:54:29.0 (33823327)|VARIABLE_ASSIGNMENT|[36]|globalDescribeMap|"{acceptedeventrelation=AcceptedEventRelation, acchierarchy__account_hierarchy__mdt=accHierarchy__Account_Hierarchy__mdt, acchierarchy__account_hierarchy_setup__c=accHierarchy__Account_Hierarchy_Setup__c, account=Account, accountcleaninfo=AccountCleanInfo, accountcontactrole=AccountContactRole, accountfeed=AccountFeed, accounthistory=AccountHistory, accountpartner=AccountPartner, accountshare=AccountShare, ...}"|0x50fe8c9b
18:54:29.0 (33839521)|STATEMENT_EXECUTE|[37]
18:54:29.0 (33904048)|VARIABLE_SCOPE_BEGIN|[37]|SObjectTypeObj|Schema.SObjectType|true|false
18:54:29.0 (33956209)|VARIABLE_ASSIGNMENT|[37]|SObjectTypeObj|"common.apex.runtime.impl.ApexSObjectTypeToken@7a5e96e1"|0x7a5e96e1
18:54:29.0 (33963681)|STATEMENT_EXECUTE|[38]
18:54:29.0 (34149186)|HEAP_ALLOCATE|[38]|Bytes:4
18:54:29.0 (34175089)|VARIABLE_SCOPE_BEGIN|[38]|describeSObjectResultObj|Schema.DescribeSObjectResult|true|false
18:54:29.0 (34237078)|VARIABLE_ASSIGNMENT|[38]|describeSObjectResultObj|"common.api.soap.wsdl.DescribeSObjectResult@315dff72"|0x7e2d16f4
18:54:29.0 (34245054)|STATEMENT_EXECUTE|[39]
18:54:29.0 (34249579)|HEAP_ALLOCATE|[39]|Bytes:15
18:54:29.0 (34258311)|HEAP_ALLOCATE|[39]|Bytes:2
18:54:29.0 (34372313)|HEAP_ALLOCATE|[39]|Bytes:378
18:54:29.0 (34392119)|HEAP_ALLOCATE|[39]|Bytes:414
18:54:29.0 (34409859)|USER_DEBUG|[39]|DEBUG|FIELDSET_NAME==RecentlyViewedHover==Schema.DescribeSObjectResult[getHasSubtypes=false;getKeyPrefix=a0f;getLabel=Scheduler;getLabelPlural=Scheduler;getName=Scheduler__c;isAccessible=true;isCreateable=true;isCustom=true;isCustomSetting=false;isDeletable=true;isDeprecatedAndHidden=false;isFeedEnabled=false;isMergeable=false;isMruEnabled=true;isQueryable=true;isSearchable=true;isUndeletable=true;isUpdateable=true;]
18:54:29.0 (34422961)|STATEMENT_EXECUTE|[40]
18:54:29.0 (35620627)|HEAP_ALLOCATE|[40]|Bytes:4
18:54:29.0 (35659729)|VARIABLE_SCOPE_BEGIN|[40]|fieldSetObj|Schema.FieldSet|true|false
18:54:29.0 (35675192)|VARIABLE_ASSIGNMENT|[40]|fieldSetObj|null|
18:54:29.0 (35680358)|STATEMENT_EXECUTE|[41]
18:54:29.0 (35683917)|HEAP_ALLOCATE|[41]|Bytes:13
18:54:29.0 (35725319)|HEAP_ALLOCATE|[41]|Bytes:17
18:54:29.0 (35741013)|USER_DEBUG|[41]|DEBUG|fieldSetObj==null
18:54:29.0 (35748600)|STATEMENT_EXECUTE|[42]
18:54:29.0 (35754503)|HEAP_ALLOCATE|[42]|Bytes:4
18:54:29.0 (35777262)|VARIABLE_SCOPE_BEGIN|[42]|fieldApis|List<String>|true|false
18:54:29.0 (35799811)|HEAP_ALLOCATE|[EXTERNAL]|Bytes:4
18:54:29.0 (35810395)|VARIABLE_ASSIGNMENT|[42]|fieldApis|[]|0x6bcc7b2d
18:54:29.0 (35816398)|STATEMENT_EXECUTE|[43]
18:54:29.0 (35821995)|HEAP_ALLOCATE|[43]|Bytes:4
18:54:29.0 (35842936)|VARIABLE_SCOPE_BEGIN|[43]|refFieldToIgnore|Set<String>|true|false
18:54:29.0 (35864813)|VARIABLE_ASSIGNMENT|[43]|refFieldToIgnore|[]|0x7dc04a16
18:54:29.0 (35870882)|STATEMENT_EXECUTE|[44]
18:54:29.0 (35874333)|HEAP_ALLOCATE|[44]|Bytes:4
18:54:29.0 (35881099)|VARIABLE_SCOPE_BEGIN|[44]|refMap|Map<String,String>|true|false
18:54:29.0 (35895070)|VARIABLE_ASSIGNMENT|[44]|refMap|{}|0x5e5bf3ee
18:54:29.0 (35899868)|STATEMENT_EXECUTE|[45]
18:54:29.0 (35901880)|VARIABLE_SCOPE_BEGIN|[45]|query|String|false|false
18:54:29.0 (35909985)|VARIABLE_ASSIGNMENT|[45]|query|null
18:54:29.0 (35918082)|STATEMENT_EXECUTE|[66]
18:54:29.0 (35920720)|HEAP_ALLOCATE|[67]|Bytes:4
18:54:29.0 (35954342)|STATEMENT_EXECUTE|[67]
18:54:29.0 (35955757)|STATEMENT_EXECUTE|[68]
18:54:29.0 (35958128)|HEAP_ALLOCATE|[68]|Bytes:4
18:54:29.0 (35979099)|HEAP_ALLOCATE|[EXTERNAL]|Bytes:4
18:54:29.0 (35985246)|STATEMENT_EXECUTE|[69]
18:54:29.0 (35987288)|HEAP_ALLOCATE|[69]|Bytes:20
18:54:29.0 (35991593)|HEAP_ALLOCATE|[69]|Bytes:13
18:54:29.0 (36008932)|HEAP_ALLOCATE|[69]|Bytes:18
18:54:29.0 (36017558)|HEAP_ALLOCATE|[69]|Bytes:1
18:54:29.0 (36025371)|HEAP_ALLOCATE|[69]|Bytes:64
18:54:29.0 (36033757)|VARIABLE_ASSIGNMENT|[69]|query|"Select Id,Name from  (44 more) ..."
18:54:29.0 (36038108)|STATEMENT_EXECUTE|[85]
18:54:29.0 (36040033)|HEAP_ALLOCATE|[85]|Bytes:7
18:54:29.0 (36045094)|HEAP_ALLOCATE|[85]|Bytes:71
18:54:29.0 (36062559)|USER_DEBUG|[85]|DEBUG|query==Select Id,Name from Scheduler__c where Id = 'a0f28000008b0NDAAY'
18:54:29.0 (36070626)|STATEMENT_EXECUTE|[86]
18:54:29.0 (36314741)|SOQL_EXECUTE_BEGIN|[86]|Aggregations:0|Select Id,Name from Scheduler__c where Id = 'a0f28000008b0NDAAY'
18:54:29.0 (37771907)|SOQL_EXECUTE_END|[86]|Rows:1
18:54:29.0 (37791868)|HEAP_ALLOCATE|[86]|Bytes:8
18:54:29.0 (37807010)|HEAP_ALLOCATE|[86]|Bytes:47
18:54:29.0 (37855609)|HEAP_ALLOCATE|[86]|Bytes:8
18:54:29.0 (37870971)|HEAP_ALLOCATE|[86]|Bytes:33
18:54:29.0 (37912472)|HEAP_ALLOCATE|[86]|Bytes:12
18:54:29.0 (37920667)|VARIABLE_SCOPE_BEGIN|[86]|so|SObject|true|false
18:54:29.0 (37939862)|VARIABLE_ASSIGNMENT|[86]|so|{"Id":"a0f28000008b0NDAAY","Name":"SCH-000007"}|0x4d4f3a90
18:54:29.0 (37946367)|STATEMENT_EXECUTE|[87]
18:54:29.0 (37949508)|HEAP_ALLOCATE|[87]|Bytes:4
18:54:29.0 (38020910)|HEAP_ALLOCATE|[87]|Bytes:53
18:54:29.0 (38042141)|HEAP_ALLOCATE|[87]|Bytes:57
18:54:29.0 (38057279)|USER_DEBUG|[87]|DEBUG|so==Scheduler__c:{Id=a0f28000008b0NDAAY, Name=SCH-000007}
18:54:29.0 (38155039)|HEAP_ALLOCATE|[88]|Bytes:5
18:54:29.0 (38181170)|HEAP_ALLOCATE|[88]|Bytes:4
18:54:29.0 (38191588)|VARIABLE_SCOPE_BEGIN|[88]|st|String|false|false
18:54:29.0 (38205629)|VARIABLE_ASSIGNMENT|[88]|st|"name"
18:54:29.0 (38214024)|STATEMENT_EXECUTE|[88]
18:54:29.0 (38252766)|STATEMENT_EXECUTE|[89]
18:54:29.0 (38255074)|STATEMENT_EXECUTE|[90]
18:54:29.0 (38269959)|METHOD_ENTRY|[90]|01p2800000FELrp|RecentlyViewedRecords.findFieldInfo(String, String)
18:54:29.0 (38293515)|VARIABLE_SCOPE_BEGIN|[136]|objName|String|false|false
18:54:29.0 (38308306)|VARIABLE_ASSIGNMENT|[136]|objName|"Scheduler__c"
18:54:29.0 (38314209)|VARIABLE_SCOPE_BEGIN|[136]|fieldApi|String|false|false
18:54:29.0 (38323567)|VARIABLE_ASSIGNMENT|[136]|fieldApi|"name"
18:54:29.0 (38332027)|STATEMENT_EXECUTE|[136]
18:54:29.0 (38334129)|STATEMENT_EXECUTE|[137]
18:54:29.0 (38388630)|VARIABLE_SCOPE_BEGIN|[137]|leadSchema|Schema.SObjectType|true|false
18:54:29.0 (38486777)|VARIABLE_ASSIGNMENT|[137]|leadSchema|"common.apex.runtime.impl.ApexSObjectTypeToken@7a5e96e1"|0x7a5e96e1
18:54:29.0 (38497435)|STATEMENT_EXECUTE|[138]
18:54:29.0 (38541701)|HEAP_ALLOCATE|[138]|Bytes:4
18:54:29.0 (38816373)|HEAP_ALLOCATE|[138]|Bytes:64
18:54:29.0 (38833494)|METHOD_EXIT|[90]|01p2800000FELrp|RecentlyViewedRecords.findFieldInfo(String, String)
18:54:29.0 (38844255)|VARIABLE_SCOPE_BEGIN|[90]|fieldMap|Map<String,Schema.SObjectField>|true|false
18:54:29.0 (39026923)|VARIABLE_ASSIGNMENT|[90]|fieldMap|"{createdbyid=CreatedById, createddate=CreatedDate, filter_wrapper_json__c=Filter_Wrapper_JSON__c, id=Id, isdeleted=IsDeleted, lastmodifiedbyid=LastModifiedById, lastmodifieddate=LastModifiedDate, lastreferenceddate=LastReferencedDate, lastvieweddate=LastViewedDate, name=Name, ...}"|0x1fb19c1
18:54:29.0 (39045709)|STATEMENT_EXECUTE|[91]
18:54:29.0 (39062967)|HEAP_ALLOCATE|[91]|Bytes:180
18:54:29.0 (39079224)|HEAP_ALLOCATE|[91]|Bytes:23
18:54:29.0 (39088540)|HEAP_ALLOCATE|[91]|Bytes:28
18:54:29.0 (39102911)|CONSTRUCTOR_ENTRY|[91]|01p2800000FELrp|<init>()
18:54:29.0 (39125433)|VARIABLE_SCOPE_BEGIN|[167]|this|RecentlyViewedRecords.objectWrapper|true|false
18:54:29.0 (39166559)|VARIABLE_ASSIGNMENT|[167]|this|{}|0x40916c91
18:54:29.0 (39180281)|HEAP_ALLOCATE|[EXTERNAL]|Bytes:6
18:54:29.0 (39214051)|STATEMENT_EXECUTE|[167]
18:54:29.0 (39216570)|STATEMENT_EXECUTE|[169]
18:54:29.0 (39218209)|STATEMENT_EXECUTE|[171]
18:54:29.0 (39219642)|STATEMENT_EXECUTE|[173]
18:54:29.0 (39221107)|STATEMENT_EXECUTE|[175]
18:54:29.0 (39222573)|STATEMENT_EXECUTE|[177]
18:54:29.0 (39224270)|STATEMENT_EXECUTE|[179]
18:54:29.0 (39229392)|CONSTRUCTOR_EXIT|[91]|01p2800000FELrp|<init>()
18:54:29.0 (39238440)|VARIABLE_SCOPE_BEGIN|[91]|ow|RecentlyViewedRecords.objectWrapper|true|false
18:54:29.0 (39262195)|VARIABLE_ASSIGNMENT|[91]|ow|{}|0x40916c91
18:54:29.0 (39270188)|STATEMENT_EXECUTE|[92]
18:54:29.0 (39594812)|HEAP_ALLOCATE|[92]|Bytes:8
18:54:29.0 (39630539)|HEAP_ALLOCATE|[92]|Bytes:14
18:54:29.0 (39671860)|VARIABLE_ASSIGNMENT|[EXTERNAL]|this|{}|0x40916c91
18:54:29.0 (39685842)|VARIABLE_ASSIGNMENT|[EXTERNAL]|value|"Scheduler Name"
18:54:29.0 (39702705)|VARIABLE_ASSIGNMENT|[169]|this.label|"Scheduler Name"|0x40916c91
18:54:29.0 (39715590)|STATEMENT_EXECUTE|[93]
18:54:29.0 (39796360)|HEAP_ALLOCATE|[93]|Bytes:10
18:54:29.0 (39830267)|HEAP_ALLOCATE|[93]|Bytes:10
18:54:29.0 (39868363)|VARIABLE_ASSIGNMENT|[EXTERNAL]|this|{"label":"Scheduler Name"}|0x40916c91
18:54:29.0 (39880048)|VARIABLE_ASSIGNMENT|[EXTERNAL]|value|"SCH-000007"
18:54:29.0 (39891141)|VARIABLE_ASSIGNMENT|[171]|this.value|"SCH-000007"|0x40916c91
18:54:29.0 (39909462)|STATEMENT_EXECUTE|[94]
18:54:29.0 (39968657)|VARIABLE_ASSIGNMENT|[EXTERNAL]|this|{"label":"Scheduler Name","value":"SCH-000007"}|0x40916c91
18:54:29.0 (39981451)|VARIABLE_ASSIGNMENT|[EXTERNAL]|value|null
18:54:29.0 (39991100)|VARIABLE_ASSIGNMENT|[173]|this.refName|null|0x40916c91
18:54:29.0 (40009355)|STATEMENT_EXECUTE|[95]
18:54:29.0 (40044413)|VARIABLE_ASSIGNMENT|[EXTERNAL]|this|{"label":"Scheduler Name","value":"SCH-000007"}|0x40916c91
18:54:29.0 (40055719)|VARIABLE_ASSIGNMENT|[EXTERNAL]|value|"name"
18:54:29.0 (40065524)|VARIABLE_ASSIGNMENT|[175]|this.api|"name"|0x40916c91
18:54:29.0 (40075831)|STATEMENT_EXECUTE|[96]
18:54:29.0 (40150593)|HEAP_ALLOCATE|[96]|Bytes:8
18:54:29.0 (41222371)|HEAP_ALLOCATE|[96]|Bytes:12
18:54:29.0 (41266634)|HEAP_ALLOCATE|[96]|Bytes:6
18:54:29.0 (41312777)|VARIABLE_ASSIGNMENT|[EXTERNAL]|this|{"api":"name","label":"Scheduler Name","value":"SCH-000007"}|0x40916c91
18:54:29.0 (41333675)|VARIABLE_ASSIGNMENT|[EXTERNAL]|value|"STRING"
18:54:29.0 (41347764)|VARIABLE_ASSIGNMENT|[177]|this.type|"STRING"|0x40916c91
18:54:29.0 (41360118)|STATEMENT_EXECUTE|[98]
18:54:29.0 (41364566)|HEAP_ALLOCATE|[98]|Bytes:4
18:54:29.0 (41433550)|HEAP_ALLOCATE|[98]|Bytes:105
18:54:29.0 (41455407)|HEAP_ALLOCATE|[98]|Bytes:109
18:54:29.0 (41471221)|USER_DEBUG|[98]|DEBUG|ow==objectWrapper:[api=name, iconUrl=null, label=Scheduler Name, refName=null, type=STRING, value=SCH-000007]
18:54:29.0 (41481512)|STATEMENT_EXECUTE|[99]
18:54:29.0 (41521045)|HEAP_ALLOCATE|[EXTERNAL]|Bytes:4
18:54:29.0 (41542837)|HEAP_ALLOCATE|[88]|Bytes:5
18:54:29.0 (41558407)|VARIABLE_ASSIGNMENT|[88]|st|null
18:54:29.0 (41565747)|STATEMENT_EXECUTE|[102]
18:54:29.0 (41574085)|SYSTEM_MODE_EXIT|false
18:54:29.41 (41602826)|CUMULATIVE_LIMIT_USAGE
18:54:29.41 (41602826)|LIMIT_USAGE_FOR_NS|(default)|
  Number of SOQL queries: 1 out of 100
  Number of query rows: 1 out of 50000
  Number of SOSL queries: 0 out of 20
  Number of DML statements: 0 out of 150
  Number of DML rows: 0 out of 10000
  Maximum CPU time: 0 out of 10000
  Maximum heap size: 0 out of 6000000
  Number of callouts: 0 out of 100
  Number of Email Invocations: 0 out of 10
  Number of future calls: 0 out of 50
  Number of queueable jobs added to the queue: 0 out of 50
  Number of Mobile Apex push calls: 0 out of 10

18:54:29.41 (41602826)|CUMULATIVE_LIMIT_USAGE_END

18:54:29.0 (41649877)|CODE_UNIT_FINISHED|RecentlyViewedRecords.queryCompactLayout
18:54:29.0 (43263949)|CODE_UNIT_STARTED|[EXTERNAL]|Aura
18:54:29.0 (43319371)|CODE_UNIT_FINISHED|Aura
18:54:29.0 (43353682)|CODE_UNIT_FINISHED|Aura
18:54:29.0 (44406505)|EXECUTION_FINISHED
