40.0 APEX_CODE,FINEST;APEX_PROFILING,INFO;CALLOUT,INFO;DB,INFO;SYSTEM,DEBUG;VALIDATION,INFO;VISUALFORCE,INFO;WAVE,INFO;WORKFLOW,INFO
19:21:40.0 (58658)|USER_INFO|[EXTERNAL]|00528000001JBjQ|ramu.veligeti@yahoo.co.in|Pacific Standard Time|GMT-07:00
19:21:40.0 (92783)|EXECUTION_STARTED
19:21:40.0 (95927)|CODE_UNIT_STARTED|[EXTERNAL]|Aura
19:21:40.0 (11211740)|HEAP_ALLOCATE|[72]|Bytes:3
19:21:40.0 (11245048)|HEAP_ALLOCATE|[77]|Bytes:152
19:21:40.0 (11259070)|HEAP_ALLOCATE|[342]|Bytes:408
19:21:40.0 (11272555)|HEAP_ALLOCATE|[355]|Bytes:408
19:21:40.0 (11289032)|HEAP_ALLOCATE|[467]|Bytes:48
19:21:40.0 (11313389)|HEAP_ALLOCATE|[139]|Bytes:6
19:21:40.0 (11325966)|HEAP_ALLOCATE|[EXTERNAL]|Bytes:18
19:21:40.0 (11333534)|HEAP_ALLOCATE|[EXTERNAL]|Bytes:4
19:21:40.0 (11517641)|HEAP_ALLOCATE|[EXTERNAL]|Bytes:12
19:21:40.0 (11524705)|HEAP_ALLOCATE|[EXTERNAL]|Bytes:12
19:21:40.0 (12576054)|CODE_UNIT_STARTED|[EXTERNAL]|01p2800000FELrp|RecentlyViewedRecords.queryCompactLayout
19:21:40.0 (12632100)|VARIABLE_SCOPE_BEGIN|[2]|RecentlyViewedRecords.FIELDSET_NAME|String|false|true
19:21:40.0 (12642656)|VARIABLE_SCOPE_BEGIN|[3]|RecentlyViewedRecords.private_apiFieldNames|Map<String,Set<String>>|true|true
19:21:40.0 (12650527)|VARIABLE_SCOPE_BEGIN|[5]|RecentlyViewedRecords.rvi|Recently_Viewed__c|true|true
19:21:40.0 (12657066)|VARIABLE_SCOPE_BEGIN|[4]|RecentlyViewedRecords.schemaMap|Map<String,Schema.SObjectType>|true|true
19:21:40.0 (12710444)|HEAP_ALLOCATE|[EXTERNAL]|Bytes:35
19:21:40.0 (12718990)|HEAP_ALLOCATE|[EXTERNAL]|Bytes:20
19:21:40.0 (12722612)|HEAP_ALLOCATE|[EXTERNAL]|Bytes:38
19:21:40.0 (12817852)|METHOD_ENTRY|[1]|01p2800000FELrp|RecentlyViewedRecords.RecentlyViewedRecords()
19:21:40.0 (12824833)|STATEMENT_EXECUTE|[1]
19:21:40.0 (12828973)|STATEMENT_EXECUTE|[1]
19:21:40.0 (12829970)|STATEMENT_EXECUTE|[2]
19:21:40.0 (12833065)|HEAP_ALLOCATE|[2]|Bytes:19
19:21:40.0 (12853410)|VARIABLE_ASSIGNMENT|[2]|RecentlyViewedRecords.FIELDSET_NAME|"RecentlyViewedHover"
19:21:40.0 (12858378)|STATEMENT_EXECUTE|[3]
19:21:40.0 (12862151)|HEAP_ALLOCATE|[3]|Bytes:4
19:21:40.0 (12881516)|VARIABLE_ASSIGNMENT|[3]|RecentlyViewedRecords.private_apiFieldNames|{}|0x1873f936
19:21:40.0 (12886648)|STATEMENT_EXECUTE|[4]
19:21:40.0 (12917855)|HEAP_ALLOCATE|[50]|Bytes:5
19:21:40.0 (12936315)|HEAP_ALLOCATE|[56]|Bytes:5
19:21:40.0 (12945790)|HEAP_ALLOCATE|[64]|Bytes:7
19:21:40.0 (26925725)|HEAP_ALLOCATE|[4]|Bytes:1456
19:21:40.0 (27177495)|VARIABLE_ASSIGNMENT|[4]|RecentlyViewedRecords.schemaMap|"{acceptedeventrelation=AcceptedEventRelation, acchierarchy__account_hierarchy__mdt=accHierarchy__Account_Hierarchy__mdt, acchierarchy__account_hierarchy_setup__c=accHierarchy__Account_Hierarchy_Setup__c, account=Account, accountcleaninfo=AccountCleanInfo, accountcontactrole=AccountContactRole, accountfeed=AccountFeed, accounthistory=AccountHistory, accountpartner=AccountPartner, accountshare=AccountShare, ...}"|0x15c8fba9
19:21:40.0 (27199618)|STATEMENT_EXECUTE|[5]
19:21:40.0 (28041890)|HEAP_ALLOCATE|[5]|Bytes:20
19:21:40.0 (28094089)|VARIABLE_ASSIGNMENT|[5]|RecentlyViewedRecords.rvi|{"IsDeleted":false,"Name":"a0d28000002ZKNz","SetupOwnerId":"00528000001JBjQAAW","Records_to_Display__ (1 more) ...":"20"}|0x16ec7119
19:21:40.0 (28103327)|STATEMENT_EXECUTE|[147]
19:21:40.0 (28104716)|STATEMENT_EXECUTE|[167]
19:21:40.0 (28113349)|METHOD_EXIT|[1]|RecentlyViewedRecords
19:21:40.0 (28121568)|HEAP_ALLOCATE|[EXTERNAL]|Bytes:4
19:21:40.0 (28125356)|HEAP_ALLOCATE|[EXTERNAL]|Bytes:12
19:21:40.0 (28131934)|SYSTEM_MODE_ENTER|false
19:21:40.0 (28141106)|VARIABLE_SCOPE_BEGIN|[33]|rvId|Id|false|false
19:21:40.0 (28199626)|VARIABLE_ASSIGNMENT|[33]|rvId|"a0f28000008b0ARAAY"
19:21:40.0 (28206408)|VARIABLE_SCOPE_BEGIN|[33]|objName|String|false|false
19:21:40.0 (28215357)|VARIABLE_ASSIGNMENT|[33]|objName|"Scheduler__c"
19:21:40.0 (28227600)|STATEMENT_EXECUTE|[33]
19:21:40.0 (28228872)|STATEMENT_EXECUTE|[34]
19:21:40.0 (28238009)|HEAP_ALLOCATE|[34]|Bytes:4
19:21:40.0 (28251755)|VARIABLE_SCOPE_BEGIN|[34]|objMap|Map<String,String>|true|false
19:21:40.0 (28267781)|VARIABLE_ASSIGNMENT|[34]|objMap|{}|0x115180bb
19:21:40.0 (28272742)|STATEMENT_EXECUTE|[35]
19:21:40.0 (28408975)|HEAP_ALLOCATE|[35]|Bytes:4
19:21:40.0 (28472367)|VARIABLE_SCOPE_BEGIN|[35]|owList|List<RecentlyViewedRecords.objectWrapper>|true|false
19:21:40.0 (28495805)|HEAP_ALLOCATE|[EXTERNAL]|Bytes:4
19:21:40.0 (28505244)|VARIABLE_ASSIGNMENT|[35]|owList|[]|0x4396248b
19:21:40.0 (28511227)|STATEMENT_EXECUTE|[36]
19:21:40.0 (35696712)|HEAP_ALLOCATE|[36]|Bytes:1628
19:21:40.0 (35735566)|VARIABLE_SCOPE_BEGIN|[36]|globalDescribeMap|Map<String,Schema.SObjectType>|true|false
19:21:40.0 (36007694)|VARIABLE_ASSIGNMENT|[36]|globalDescribeMap|"{acceptedeventrelation=AcceptedEventRelation, acchierarchy__account_hierarchy__mdt=accHierarchy__Account_Hierarchy__mdt, acchierarchy__account_hierarchy_setup__c=accHierarchy__Account_Hierarchy_Setup__c, account=Account, accountcleaninfo=AccountCleanInfo, accountcontactrole=AccountContactRole, accountfeed=AccountFeed, accounthistory=AccountHistory, accountpartner=AccountPartner, accountshare=AccountShare, ...}"|0x1365652e
19:21:40.0 (36035277)|STATEMENT_EXECUTE|[37]
19:21:40.0 (36147363)|VARIABLE_SCOPE_BEGIN|[37]|SObjectTypeObj|Schema.SObjectType|true|false
19:21:40.0 (36243663)|VARIABLE_ASSIGNMENT|[37]|SObjectTypeObj|"common.apex.runtime.impl.ApexSObjectTypeToken@6674aae2"|0x6674aae2
19:21:40.0 (36256670)|STATEMENT_EXECUTE|[38]
19:21:40.0 (36481516)|HEAP_ALLOCATE|[38]|Bytes:4
19:21:40.0 (36518519)|VARIABLE_SCOPE_BEGIN|[38]|describeSObjectResultObj|Schema.DescribeSObjectResult|true|false
19:21:40.0 (36604623)|VARIABLE_ASSIGNMENT|[38]|describeSObjectResultObj|"common.api.soap.wsdl.DescribeSObjectResult@315dff72"|0x3189235b
19:21:40.0 (36616793)|STATEMENT_EXECUTE|[39]
19:21:40.0 (36622674)|HEAP_ALLOCATE|[39]|Bytes:15
19:21:40.0 (36635291)|HEAP_ALLOCATE|[39]|Bytes:2
19:21:40.0 (36794439)|HEAP_ALLOCATE|[39]|Bytes:378
19:21:40.0 (36828953)|HEAP_ALLOCATE|[39]|Bytes:414
19:21:40.0 (36856780)|USER_DEBUG|[39]|DEBUG|FIELDSET_NAME==RecentlyViewedHover==Schema.DescribeSObjectResult[getHasSubtypes=false;getKeyPrefix=a0f;getLabel=Scheduler;getLabelPlural=Scheduler;getName=Scheduler__c;isAccessible=true;isCreateable=true;isCustom=true;isCustomSetting=false;isDeletable=true;isDeprecatedAndHidden=false;isFeedEnabled=false;isMergeable=false;isMruEnabled=true;isQueryable=true;isSearchable=true;isUndeletable=true;isUpdateable=true;]
19:21:40.0 (36880613)|STATEMENT_EXECUTE|[40]
19:21:40.0 (38152545)|HEAP_ALLOCATE|[40]|Bytes:4
19:21:40.0 (38211115)|VARIABLE_SCOPE_BEGIN|[40]|fieldSetObj|Schema.FieldSet|true|false
19:21:40.0 (38224313)|VARIABLE_ASSIGNMENT|[40]|fieldSetObj|null|
19:21:40.0 (38229578)|STATEMENT_EXECUTE|[41]
19:21:40.0 (38233750)|HEAP_ALLOCATE|[41]|Bytes:13
19:21:40.0 (38280101)|HEAP_ALLOCATE|[41]|Bytes:17
19:21:40.0 (38292593)|USER_DEBUG|[41]|DEBUG|fieldSetObj==null
19:21:40.0 (38299955)|STATEMENT_EXECUTE|[42]
19:21:40.0 (38308055)|HEAP_ALLOCATE|[42]|Bytes:4
19:21:40.0 (38333383)|VARIABLE_SCOPE_BEGIN|[42]|fieldApis|List<String>|true|false
19:21:40.0 (38359140)|HEAP_ALLOCATE|[EXTERNAL]|Bytes:4
19:21:40.0 (38369537)|VARIABLE_ASSIGNMENT|[42]|fieldApis|[]|0x651b3ac
19:21:40.0 (38375090)|STATEMENT_EXECUTE|[43]
19:21:40.0 (38382814)|HEAP_ALLOCATE|[43]|Bytes:4
19:21:40.0 (38405285)|VARIABLE_SCOPE_BEGIN|[43]|refFieldToIgnore|Set<String>|true|false
19:21:40.0 (38427863)|VARIABLE_ASSIGNMENT|[43]|refFieldToIgnore|[]|0x7e3acbc6
19:21:40.0 (38433373)|STATEMENT_EXECUTE|[44]
19:21:40.0 (38437956)|HEAP_ALLOCATE|[44]|Bytes:4
19:21:40.0 (38444763)|VARIABLE_SCOPE_BEGIN|[44]|refMap|Map<String,String>|true|false
19:21:40.0 (38458899)|VARIABLE_ASSIGNMENT|[44]|refMap|{}|0x410d700f
19:21:40.0 (38463616)|STATEMENT_EXECUTE|[45]
19:21:40.0 (38466179)|VARIABLE_SCOPE_BEGIN|[45]|query|String|false|false
19:21:40.0 (38474341)|VARIABLE_ASSIGNMENT|[45]|query|null
19:21:40.0 (38478905)|STATEMENT_EXECUTE|[66]
19:21:40.0 (38481684)|HEAP_ALLOCATE|[67]|Bytes:4
19:21:40.0 (38515110)|STATEMENT_EXECUTE|[67]
19:21:40.0 (38516566)|STATEMENT_EXECUTE|[68]
19:21:40.0 (38518811)|HEAP_ALLOCATE|[68]|Bytes:4
19:21:40.0 (38541500)|HEAP_ALLOCATE|[EXTERNAL]|Bytes:4
19:21:40.0 (38547967)|STATEMENT_EXECUTE|[69]
19:21:40.0 (38549993)|HEAP_ALLOCATE|[69]|Bytes:20
19:21:40.0 (38554053)|HEAP_ALLOCATE|[69]|Bytes:13
19:21:40.0 (38570299)|HEAP_ALLOCATE|[69]|Bytes:18
19:21:40.0 (38578223)|HEAP_ALLOCATE|[69]|Bytes:1
19:21:40.0 (38586160)|HEAP_ALLOCATE|[69]|Bytes:64
19:21:40.0 (38594396)|VARIABLE_ASSIGNMENT|[69]|query|"Select Id,Name from  (44 more) ..."
19:21:40.0 (38598870)|STATEMENT_EXECUTE|[85]
19:21:40.0 (38600612)|HEAP_ALLOCATE|[85]|Bytes:7
19:21:40.0 (38605048)|HEAP_ALLOCATE|[85]|Bytes:71
19:21:40.0 (38622508)|USER_DEBUG|[85]|DEBUG|query==Select Id,Name from Scheduler__c where Id = 'a0f28000008b0ARAAY'
19:21:40.0 (38629722)|STATEMENT_EXECUTE|[86]
19:21:40.0 (38931450)|SOQL_EXECUTE_BEGIN|[86]|Aggregations:0|Select Id,Name from Scheduler__c where Id = 'a0f28000008b0ARAAY'
19:21:40.0 (40622169)|SOQL_EXECUTE_END|[86]|Rows:1
19:21:40.0 (40645578)|HEAP_ALLOCATE|[86]|Bytes:8
19:21:40.0 (40668665)|HEAP_ALLOCATE|[86]|Bytes:47
19:21:40.0 (40732617)|HEAP_ALLOCATE|[86]|Bytes:8
19:21:40.0 (40748153)|HEAP_ALLOCATE|[86]|Bytes:33
19:21:40.0 (40799319)|HEAP_ALLOCATE|[86]|Bytes:12
19:21:40.0 (40806901)|VARIABLE_SCOPE_BEGIN|[86]|so|SObject|true|false
19:21:40.0 (40825752)|VARIABLE_ASSIGNMENT|[86]|so|{"Id":"a0f28000008b0ARAAY","Name":"SCH-000001"}|0x71723696
19:21:40.0 (40837452)|STATEMENT_EXECUTE|[87]
19:21:40.0 (40840688)|HEAP_ALLOCATE|[87]|Bytes:4
19:21:40.0 (40898609)|HEAP_ALLOCATE|[87]|Bytes:53
19:21:40.0 (40913963)|HEAP_ALLOCATE|[87]|Bytes:57
19:21:40.0 (40923910)|USER_DEBUG|[87]|DEBUG|so==Scheduler__c:{Id=a0f28000008b0ARAAY, Name=SCH-000001}
19:21:40.0 (41012318)|HEAP_ALLOCATE|[88]|Bytes:5
19:21:40.0 (41029799)|HEAP_ALLOCATE|[88]|Bytes:4
19:21:40.0 (41037863)|VARIABLE_SCOPE_BEGIN|[88]|st|String|false|false
19:21:40.0 (41048373)|VARIABLE_ASSIGNMENT|[88]|st|"name"
19:21:40.0 (41053535)|STATEMENT_EXECUTE|[88]
19:21:40.0 (41081143)|STATEMENT_EXECUTE|[89]
19:21:40.0 (41082512)|STATEMENT_EXECUTE|[90]
19:21:40.0 (41094658)|METHOD_ENTRY|[90]|01p2800000FELrp|RecentlyViewedRecords.findFieldInfo(String, String)
19:21:40.0 (41111008)|VARIABLE_SCOPE_BEGIN|[136]|objName|String|false|false
19:21:40.0 (41120597)|VARIABLE_ASSIGNMENT|[136]|objName|"Scheduler__c"
19:21:40.0 (41124887)|VARIABLE_SCOPE_BEGIN|[136]|fieldApi|String|false|false
19:21:40.0 (41135036)|VARIABLE_ASSIGNMENT|[136]|fieldApi|"name"
19:21:40.0 (41141746)|STATEMENT_EXECUTE|[136]
19:21:40.0 (41143014)|STATEMENT_EXECUTE|[137]
19:21:40.0 (41173046)|VARIABLE_SCOPE_BEGIN|[137]|leadSchema|Schema.SObjectType|true|false
19:21:40.0 (41254550)|VARIABLE_ASSIGNMENT|[137]|leadSchema|"common.apex.runtime.impl.ApexSObjectTypeToken@6674aae2"|0x6674aae2
19:21:40.0 (41262894)|STATEMENT_EXECUTE|[138]
19:21:40.0 (41296588)|HEAP_ALLOCATE|[138]|Bytes:4
19:21:40.0 (41468382)|HEAP_ALLOCATE|[138]|Bytes:64
19:21:40.0 (41480272)|METHOD_EXIT|[90]|01p2800000FELrp|RecentlyViewedRecords.findFieldInfo(String, String)
19:21:40.0 (41487661)|VARIABLE_SCOPE_BEGIN|[90]|fieldMap|Map<String,Schema.SObjectField>|true|false
19:21:40.0 (41607793)|VARIABLE_ASSIGNMENT|[90]|fieldMap|"{createdbyid=CreatedById, createddate=CreatedDate, filter_wrapper_json__c=Filter_Wrapper_JSON__c, id=Id, isdeleted=IsDeleted, lastmodifiedbyid=LastModifiedById, lastmodifieddate=LastModifiedDate, lastreferenceddate=LastReferencedDate, lastvieweddate=LastViewedDate, name=Name, ...}"|0x3e14d805
19:21:40.0 (41619322)|STATEMENT_EXECUTE|[91]
19:21:40.0 (41633918)|HEAP_ALLOCATE|[91]|Bytes:180
19:21:40.0 (41640958)|HEAP_ALLOCATE|[91]|Bytes:23
19:21:40.0 (41648654)|HEAP_ALLOCATE|[91]|Bytes:28
19:21:40.0 (41661117)|CONSTRUCTOR_ENTRY|[91]|01p2800000FELrp|<init>()
19:21:40.0 (41678733)|VARIABLE_SCOPE_BEGIN|[167]|this|RecentlyViewedRecords.objectWrapper|true|false
19:21:40.0 (41709952)|VARIABLE_ASSIGNMENT|[167]|this|{}|0x278ff1d2
19:21:40.0 (41720665)|HEAP_ALLOCATE|[EXTERNAL]|Bytes:6
19:21:40.0 (41742621)|STATEMENT_EXECUTE|[167]
19:21:40.0 (41744081)|STATEMENT_EXECUTE|[169]
19:21:40.0 (41745131)|STATEMENT_EXECUTE|[171]
19:21:40.0 (41746221)|STATEMENT_EXECUTE|[173]
19:21:40.0 (41747246)|STATEMENT_EXECUTE|[175]
19:21:40.0 (41748205)|STATEMENT_EXECUTE|[177]
19:21:40.0 (41749094)|STATEMENT_EXECUTE|[179]
19:21:40.0 (41752817)|CONSTRUCTOR_EXIT|[91]|01p2800000FELrp|<init>()
19:21:40.0 (41758569)|VARIABLE_SCOPE_BEGIN|[91]|ow|RecentlyViewedRecords.objectWrapper|true|false
19:21:40.0 (41775054)|VARIABLE_ASSIGNMENT|[91]|ow|{}|0x278ff1d2
19:21:40.0 (41781363)|STATEMENT_EXECUTE|[92]
19:21:40.0 (42047760)|HEAP_ALLOCATE|[92]|Bytes:8
19:21:40.0 (42071005)|HEAP_ALLOCATE|[92]|Bytes:14
19:21:40.0 (42101442)|VARIABLE_ASSIGNMENT|[EXTERNAL]|this|{}|0x278ff1d2
19:21:40.0 (42111110)|VARIABLE_ASSIGNMENT|[EXTERNAL]|value|"Scheduler Name"
19:21:40.0 (42122225)|VARIABLE_ASSIGNMENT|[169]|this.label|"Scheduler Name"|0x278ff1d2
19:21:40.0 (42130677)|STATEMENT_EXECUTE|[93]
19:21:40.0 (42182310)|HEAP_ALLOCATE|[93]|Bytes:10
19:21:40.0 (42200356)|HEAP_ALLOCATE|[93]|Bytes:10
19:21:40.0 (42225629)|VARIABLE_ASSIGNMENT|[EXTERNAL]|this|{"label":"Scheduler Name"}|0x278ff1d2
19:21:40.0 (42233299)|VARIABLE_ASSIGNMENT|[EXTERNAL]|value|"SCH-000001"
19:21:40.0 (42240545)|VARIABLE_ASSIGNMENT|[171]|this.value|"SCH-000001"|0x278ff1d2
19:21:40.0 (42247406)|STATEMENT_EXECUTE|[94]
19:21:40.0 (42295302)|VARIABLE_ASSIGNMENT|[EXTERNAL]|this|{"label":"Scheduler Name","value":"SCH-000001"}|0x278ff1d2
19:21:40.0 (42306017)|VARIABLE_ASSIGNMENT|[EXTERNAL]|value|null
19:21:40.0 (42313411)|VARIABLE_ASSIGNMENT|[173]|this.refName|null|0x278ff1d2
19:21:40.0 (42320229)|STATEMENT_EXECUTE|[95]
19:21:40.0 (42344405)|VARIABLE_ASSIGNMENT|[EXTERNAL]|this|{"label":"Scheduler Name","value":"SCH-000001"}|0x278ff1d2
19:21:40.0 (42351827)|VARIABLE_ASSIGNMENT|[EXTERNAL]|value|"name"
19:21:40.0 (42358658)|VARIABLE_ASSIGNMENT|[175]|this.api|"name"|0x278ff1d2
19:21:40.0 (42366119)|STATEMENT_EXECUTE|[96]
19:21:40.0 (42415344)|HEAP_ALLOCATE|[96]|Bytes:8
19:21:40.0 (43138499)|HEAP_ALLOCATE|[96]|Bytes:12
19:21:40.0 (43168612)|HEAP_ALLOCATE|[96]|Bytes:6
19:21:40.0 (43202452)|VARIABLE_ASSIGNMENT|[EXTERNAL]|this|{"api":"name","label":"Scheduler Name","value":"SCH-000001"}|0x278ff1d2
19:21:40.0 (43210406)|VARIABLE_ASSIGNMENT|[EXTERNAL]|value|"STRING"
19:21:40.0 (43219139)|VARIABLE_ASSIGNMENT|[177]|this.type|"STRING"|0x278ff1d2
19:21:40.0 (43228047)|STATEMENT_EXECUTE|[98]
19:21:40.0 (43231608)|HEAP_ALLOCATE|[98]|Bytes:4
19:21:40.0 (43273697)|HEAP_ALLOCATE|[98]|Bytes:105
19:21:40.0 (43287269)|HEAP_ALLOCATE|[98]|Bytes:109
19:21:40.0 (43297565)|USER_DEBUG|[98]|DEBUG|ow==objectWrapper:[api=name, iconUrl=null, label=Scheduler Name, refName=null, type=STRING, value=SCH-000001]
19:21:40.0 (43305245)|STATEMENT_EXECUTE|[99]
19:21:40.0 (43327496)|HEAP_ALLOCATE|[EXTERNAL]|Bytes:4
19:21:40.0 (43343538)|HEAP_ALLOCATE|[88]|Bytes:5
19:21:40.0 (43354041)|VARIABLE_ASSIGNMENT|[88]|st|null
19:21:40.0 (43359491)|STATEMENT_EXECUTE|[102]
19:21:40.0 (43365327)|SYSTEM_MODE_EXIT|false
19:21:40.43 (43382979)|CUMULATIVE_LIMIT_USAGE
19:21:40.43 (43382979)|LIMIT_USAGE_FOR_NS|(default)|
  Number of SOQL queries: 1 out of 100
  Number of query rows: 1 out of 50000
  Number of SOSL queries: 0 out of 20
  Number of DML statements: 0 out of 150
  Number of DML rows: 0 out of 10000
  Maximum CPU time: 0 out of 10000
  Maximum heap size: 0 out of 6000000
  Number of callouts: 0 out of 100
  Number of Email Invocations: 0 out of 10
  Number of future calls: 0 out of 50
  Number of queueable jobs added to the queue: 0 out of 50
  Number of Mobile Apex push calls: 0 out of 10

19:21:40.43 (43382979)|CUMULATIVE_LIMIT_USAGE_END

19:21:40.0 (43414634)|CODE_UNIT_FINISHED|RecentlyViewedRecords.queryCompactLayout
19:21:40.0 (44480184)|CODE_UNIT_STARTED|[EXTERNAL]|Aura
19:21:40.0 (44523874)|CODE_UNIT_FINISHED|Aura
19:21:40.0 (44555416)|CODE_UNIT_FINISHED|Aura
19:21:40.0 (45358745)|EXECUTION_FINISHED
