40.0 APEX_CODE,FINEST;APEX_PROFILING,INFO;CALLOUT,INFO;DB,INFO;SYSTEM,DEBUG;VALIDATION,INFO;VISUALFORCE,INFO;WAVE,INFO;WORKFLOW,INFO
19:21:40.0 (66238)|USER_INFO|[EXTERNAL]|00528000001JBjQ|ramu.veligeti@yahoo.co.in|Pacific Standard Time|GMT-07:00
19:21:40.0 (110318)|EXECUTION_STARTED
19:21:40.0 (114964)|CODE_UNIT_STARTED|[EXTERNAL]|Aura
19:21:40.0 (8879037)|HEAP_ALLOCATE|[72]|Bytes:3
19:21:40.0 (8912992)|HEAP_ALLOCATE|[77]|Bytes:152
19:21:40.0 (8926762)|HEAP_ALLOCATE|[342]|Bytes:408
19:21:40.0 (8940629)|HEAP_ALLOCATE|[355]|Bytes:408
19:21:40.0 (8952772)|HEAP_ALLOCATE|[467]|Bytes:48
19:21:40.0 (8975327)|HEAP_ALLOCATE|[139]|Bytes:6
19:21:40.0 (8987830)|HEAP_ALLOCATE|[EXTERNAL]|Bytes:18
19:21:40.0 (8996135)|HEAP_ALLOCATE|[EXTERNAL]|Bytes:4
19:21:40.0 (9177575)|HEAP_ALLOCATE|[EXTERNAL]|Bytes:12
19:21:40.0 (9184705)|HEAP_ALLOCATE|[EXTERNAL]|Bytes:12
19:21:40.0 (10070171)|CODE_UNIT_STARTED|[EXTERNAL]|01p2800000FELrp|RecentlyViewedRecords.queryCompactLayout
19:21:40.0 (10122016)|VARIABLE_SCOPE_BEGIN|[2]|RecentlyViewedRecords.FIELDSET_NAME|String|false|true
19:21:40.0 (10132136)|VARIABLE_SCOPE_BEGIN|[3]|RecentlyViewedRecords.private_apiFieldNames|Map<String,Set<String>>|true|true
19:21:40.0 (10139954)|VARIABLE_SCOPE_BEGIN|[5]|RecentlyViewedRecords.rvi|Recently_Viewed__c|true|true
19:21:40.0 (10146553)|VARIABLE_SCOPE_BEGIN|[4]|RecentlyViewedRecords.schemaMap|Map<String,Schema.SObjectType>|true|true
19:21:40.0 (10202514)|HEAP_ALLOCATE|[EXTERNAL]|Bytes:35
19:21:40.0 (10210598)|HEAP_ALLOCATE|[EXTERNAL]|Bytes:20
19:21:40.0 (10214774)|HEAP_ALLOCATE|[EXTERNAL]|Bytes:38
19:21:40.0 (10323910)|METHOD_ENTRY|[1]|01p2800000FELrp|RecentlyViewedRecords.RecentlyViewedRecords()
19:21:40.0 (10332433)|STATEMENT_EXECUTE|[1]
19:21:40.0 (10336467)|STATEMENT_EXECUTE|[1]
19:21:40.0 (10337640)|STATEMENT_EXECUTE|[2]
19:21:40.0 (10341538)|HEAP_ALLOCATE|[2]|Bytes:19
19:21:40.0 (10363505)|VARIABLE_ASSIGNMENT|[2]|RecentlyViewedRecords.FIELDSET_NAME|"RecentlyViewedHover"
19:21:40.0 (10368239)|STATEMENT_EXECUTE|[3]
19:21:40.0 (10372975)|HEAP_ALLOCATE|[3]|Bytes:4
19:21:40.0 (10396277)|VARIABLE_ASSIGNMENT|[3]|RecentlyViewedRecords.private_apiFieldNames|{}|0x545daee6
19:21:40.0 (10401996)|STATEMENT_EXECUTE|[4]
19:21:40.0 (10432763)|HEAP_ALLOCATE|[50]|Bytes:5
19:21:40.0 (10451174)|HEAP_ALLOCATE|[56]|Bytes:5
19:21:40.0 (10458444)|HEAP_ALLOCATE|[64]|Bytes:7
19:21:40.0 (23882684)|HEAP_ALLOCATE|[4]|Bytes:1456
19:21:40.0 (24148362)|VARIABLE_ASSIGNMENT|[4]|RecentlyViewedRecords.schemaMap|"{acceptedeventrelation=AcceptedEventRelation, acchierarchy__account_hierarchy__mdt=accHierarchy__Account_Hierarchy__mdt, acchierarchy__account_hierarchy_setup__c=accHierarchy__Account_Hierarchy_Setup__c, account=Account, accountcleaninfo=AccountCleanInfo, accountcontactrole=AccountContactRole, accountfeed=AccountFeed, accounthistory=AccountHistory, accountpartner=AccountPartner, accountshare=AccountShare, ...}"|0x2964c2b7
19:21:40.0 (24166242)|STATEMENT_EXECUTE|[5]
19:21:40.0 (24986877)|HEAP_ALLOCATE|[5]|Bytes:20
19:21:40.0 (25025840)|VARIABLE_ASSIGNMENT|[5]|RecentlyViewedRecords.rvi|{"IsDeleted":false,"Name":"a0d28000002ZKNz","SetupOwnerId":"00528000001JBjQAAW","Records_to_Display__ (1 more) ...":"20"}|0x19df1df0
19:21:40.0 (25035024)|STATEMENT_EXECUTE|[147]
19:21:40.0 (25036311)|STATEMENT_EXECUTE|[167]
19:21:40.0 (25046168)|METHOD_EXIT|[1]|RecentlyViewedRecords
19:21:40.0 (25055368)|HEAP_ALLOCATE|[EXTERNAL]|Bytes:4
19:21:40.0 (25058784)|HEAP_ALLOCATE|[EXTERNAL]|Bytes:12
19:21:40.0 (25066170)|SYSTEM_MODE_ENTER|false
19:21:40.0 (25076336)|VARIABLE_SCOPE_BEGIN|[33]|rvId|Id|false|false
19:21:40.0 (25138200)|VARIABLE_ASSIGNMENT|[33]|rvId|"a0f28000008b0ARAAY"
19:21:40.0 (25144569)|VARIABLE_SCOPE_BEGIN|[33]|objName|String|false|false
19:21:40.0 (25153178)|VARIABLE_ASSIGNMENT|[33]|objName|"Scheduler__c"
19:21:40.0 (25164336)|STATEMENT_EXECUTE|[33]
19:21:40.0 (25165676)|STATEMENT_EXECUTE|[34]
19:21:40.0 (25175039)|HEAP_ALLOCATE|[34]|Bytes:4
19:21:40.0 (25189883)|VARIABLE_SCOPE_BEGIN|[34]|objMap|Map<String,String>|true|false
19:21:40.0 (25208064)|VARIABLE_ASSIGNMENT|[34]|objMap|{}|0x20ccaab3
19:21:40.0 (25214242)|STATEMENT_EXECUTE|[35]
19:21:40.0 (25355633)|HEAP_ALLOCATE|[35]|Bytes:4
19:21:40.0 (25421781)|VARIABLE_SCOPE_BEGIN|[35]|owList|List<RecentlyViewedRecords.objectWrapper>|true|false
19:21:40.0 (25445341)|HEAP_ALLOCATE|[EXTERNAL]|Bytes:4
19:21:40.0 (25454512)|VARIABLE_ASSIGNMENT|[35]|owList|[]|0x2f32a567
19:21:40.0 (25460768)|STATEMENT_EXECUTE|[36]
19:21:40.0 (32416109)|HEAP_ALLOCATE|[36]|Bytes:1628
19:21:40.0 (32441990)|VARIABLE_SCOPE_BEGIN|[36]|globalDescribeMap|Map<String,Schema.SObjectType>|true|false
19:21:40.0 (32637759)|VARIABLE_ASSIGNMENT|[36]|globalDescribeMap|"{acceptedeventrelation=AcceptedEventRelation, acchierarchy__account_hierarchy__mdt=accHierarchy__Account_Hierarchy__mdt, acchierarchy__account_hierarchy_setup__c=accHierarchy__Account_Hierarchy_Setup__c, account=Account, accountcleaninfo=AccountCleanInfo, accountcontactrole=AccountContactRole, accountfeed=AccountFeed, accounthistory=AccountHistory, accountpartner=AccountPartner, accountshare=AccountShare, ...}"|0x45d2faf6
19:21:40.0 (32652895)|STATEMENT_EXECUTE|[37]
19:21:40.0 (32705854)|VARIABLE_SCOPE_BEGIN|[37]|SObjectTypeObj|Schema.SObjectType|true|false
19:21:40.0 (32755234)|VARIABLE_ASSIGNMENT|[37]|SObjectTypeObj|"common.apex.runtime.impl.ApexSObjectTypeToken@24034f21"|0x24034f21
19:21:40.0 (32762223)|STATEMENT_EXECUTE|[38]
19:21:40.0 (32930364)|HEAP_ALLOCATE|[38]|Bytes:4
19:21:40.0 (32955871)|VARIABLE_SCOPE_BEGIN|[38]|describeSObjectResultObj|Schema.DescribeSObjectResult|true|false
19:21:40.0 (33017002)|VARIABLE_ASSIGNMENT|[38]|describeSObjectResultObj|"common.api.soap.wsdl.DescribeSObjectResult@315dff72"|0x9ab2c22
19:21:40.0 (33025232)|STATEMENT_EXECUTE|[39]
19:21:40.0 (33030091)|HEAP_ALLOCATE|[39]|Bytes:15
19:21:40.0 (33038986)|HEAP_ALLOCATE|[39]|Bytes:2
19:21:40.0 (33143776)|HEAP_ALLOCATE|[39]|Bytes:378
19:21:40.0 (33164426)|HEAP_ALLOCATE|[39]|Bytes:414
19:21:40.0 (33184418)|USER_DEBUG|[39]|DEBUG|FIELDSET_NAME==RecentlyViewedHover==Schema.DescribeSObjectResult[getHasSubtypes=false;getKeyPrefix=a0f;getLabel=Scheduler;getLabelPlural=Scheduler;getName=Scheduler__c;isAccessible=true;isCreateable=true;isCustom=true;isCustomSetting=false;isDeletable=true;isDeprecatedAndHidden=false;isFeedEnabled=false;isMergeable=false;isMruEnabled=true;isQueryable=true;isSearchable=true;isUndeletable=true;isUpdateable=true;]
19:21:40.0 (33199215)|STATEMENT_EXECUTE|[40]
19:21:40.0 (34575614)|HEAP_ALLOCATE|[40]|Bytes:4
19:21:40.0 (34627107)|VARIABLE_SCOPE_BEGIN|[40]|fieldSetObj|Schema.FieldSet|true|false
19:21:40.0 (34639373)|VARIABLE_ASSIGNMENT|[40]|fieldSetObj|null|
19:21:40.0 (34644967)|STATEMENT_EXECUTE|[41]
19:21:40.0 (34648265)|HEAP_ALLOCATE|[41]|Bytes:13
19:21:40.0 (34691461)|HEAP_ALLOCATE|[41]|Bytes:17
19:21:40.0 (34703062)|USER_DEBUG|[41]|DEBUG|fieldSetObj==null
19:21:40.0 (34710557)|STATEMENT_EXECUTE|[42]
19:21:40.0 (34716860)|HEAP_ALLOCATE|[42]|Bytes:4
19:21:40.0 (34739844)|VARIABLE_SCOPE_BEGIN|[42]|fieldApis|List<String>|true|false
19:21:40.0 (34766341)|HEAP_ALLOCATE|[EXTERNAL]|Bytes:4
19:21:40.0 (34776882)|VARIABLE_ASSIGNMENT|[42]|fieldApis|[]|0x11ace6f8
19:21:40.0 (34782498)|STATEMENT_EXECUTE|[43]
19:21:40.0 (34791036)|HEAP_ALLOCATE|[43]|Bytes:4
19:21:40.0 (34813060)|VARIABLE_SCOPE_BEGIN|[43]|refFieldToIgnore|Set<String>|true|false
19:21:40.0 (34835604)|VARIABLE_ASSIGNMENT|[43]|refFieldToIgnore|[]|0x413612d3
19:21:40.0 (34841636)|STATEMENT_EXECUTE|[44]
19:21:40.0 (34845445)|HEAP_ALLOCATE|[44]|Bytes:4
19:21:40.0 (34852024)|VARIABLE_SCOPE_BEGIN|[44]|refMap|Map<String,String>|true|false
19:21:40.0 (34863510)|VARIABLE_ASSIGNMENT|[44]|refMap|{}|0xe15ee1c
19:21:40.0 (34868991)|STATEMENT_EXECUTE|[45]
19:21:40.0 (34871181)|VARIABLE_SCOPE_BEGIN|[45]|query|String|false|false
19:21:40.0 (34879396)|VARIABLE_ASSIGNMENT|[45]|query|null
19:21:40.0 (34884509)|STATEMENT_EXECUTE|[66]
19:21:40.0 (34887139)|HEAP_ALLOCATE|[67]|Bytes:4
19:21:40.0 (34919939)|STATEMENT_EXECUTE|[67]
19:21:40.0 (34921401)|STATEMENT_EXECUTE|[68]
19:21:40.0 (34923717)|HEAP_ALLOCATE|[68]|Bytes:4
19:21:40.0 (34944769)|HEAP_ALLOCATE|[EXTERNAL]|Bytes:4
19:21:40.0 (34951517)|STATEMENT_EXECUTE|[69]
19:21:40.0 (34953489)|HEAP_ALLOCATE|[69]|Bytes:20
19:21:40.0 (34957773)|HEAP_ALLOCATE|[69]|Bytes:13
19:21:40.0 (34979095)|HEAP_ALLOCATE|[69]|Bytes:18
19:21:40.0 (34987528)|HEAP_ALLOCATE|[69]|Bytes:1
19:21:40.0 (34995290)|HEAP_ALLOCATE|[69]|Bytes:64
19:21:40.0 (35003421)|VARIABLE_ASSIGNMENT|[69]|query|"Select Id,Name from  (44 more) ..."
19:21:40.0 (35008353)|STATEMENT_EXECUTE|[85]
19:21:40.0 (35010675)|HEAP_ALLOCATE|[85]|Bytes:7
19:21:40.0 (35015673)|HEAP_ALLOCATE|[85]|Bytes:71
19:21:40.0 (35032545)|USER_DEBUG|[85]|DEBUG|query==Select Id,Name from Scheduler__c where Id = 'a0f28000008b0ARAAY'
19:21:40.0 (35039637)|STATEMENT_EXECUTE|[86]
19:21:40.0 (35297670)|SOQL_EXECUTE_BEGIN|[86]|Aggregations:0|Select Id,Name from Scheduler__c where Id = 'a0f28000008b0ARAAY'
19:21:40.0 (37468916)|SOQL_EXECUTE_END|[86]|Rows:1
19:21:40.0 (37486786)|HEAP_ALLOCATE|[86]|Bytes:8
19:21:40.0 (37499877)|HEAP_ALLOCATE|[86]|Bytes:47
19:21:40.0 (37548245)|HEAP_ALLOCATE|[86]|Bytes:8
19:21:40.0 (37563163)|HEAP_ALLOCATE|[86]|Bytes:33
19:21:40.0 (37613665)|HEAP_ALLOCATE|[86]|Bytes:12
19:21:40.0 (37621050)|VARIABLE_SCOPE_BEGIN|[86]|so|SObject|true|false
19:21:40.0 (37643151)|VARIABLE_ASSIGNMENT|[86]|so|{"Id":"a0f28000008b0ARAAY","Name":"SCH-000001"}|0x3fcbe8ad
19:21:40.0 (37652006)|STATEMENT_EXECUTE|[87]
19:21:40.0 (37655589)|HEAP_ALLOCATE|[87]|Bytes:4
19:21:40.0 (37714792)|HEAP_ALLOCATE|[87]|Bytes:53
19:21:40.0 (37729422)|HEAP_ALLOCATE|[87]|Bytes:57
19:21:40.0 (37739359)|USER_DEBUG|[87]|DEBUG|so==Scheduler__c:{Id=a0f28000008b0ARAAY, Name=SCH-000001}
19:21:40.0 (37822380)|HEAP_ALLOCATE|[88]|Bytes:5
19:21:40.0 (37834538)|HEAP_ALLOCATE|[88]|Bytes:4
19:21:40.0 (37841783)|VARIABLE_SCOPE_BEGIN|[88]|st|String|false|false
19:21:40.0 (37852406)|VARIABLE_ASSIGNMENT|[88]|st|"name"
19:21:40.0 (37857231)|STATEMENT_EXECUTE|[88]
19:21:40.0 (37882892)|STATEMENT_EXECUTE|[89]
19:21:40.0 (37884208)|STATEMENT_EXECUTE|[90]
19:21:40.0 (37894426)|METHOD_ENTRY|[90]|01p2800000FELrp|RecentlyViewedRecords.findFieldInfo(String, String)
19:21:40.0 (37911167)|VARIABLE_SCOPE_BEGIN|[136]|objName|String|false|false
19:21:40.0 (37919943)|VARIABLE_ASSIGNMENT|[136]|objName|"Scheduler__c"
19:21:40.0 (37924086)|VARIABLE_SCOPE_BEGIN|[136]|fieldApi|String|false|false
19:21:40.0 (37930275)|VARIABLE_ASSIGNMENT|[136]|fieldApi|"name"
19:21:40.0 (37936390)|STATEMENT_EXECUTE|[136]
19:21:40.0 (37937596)|STATEMENT_EXECUTE|[137]
19:21:40.0 (37964178)|VARIABLE_SCOPE_BEGIN|[137]|leadSchema|Schema.SObjectType|true|false
19:21:40.0 (38026755)|VARIABLE_ASSIGNMENT|[137]|leadSchema|"common.apex.runtime.impl.ApexSObjectTypeToken@24034f21"|0x24034f21
19:21:40.0 (38034910)|STATEMENT_EXECUTE|[138]
19:21:40.0 (38066109)|HEAP_ALLOCATE|[138]|Bytes:4
19:21:40.0 (38241341)|HEAP_ALLOCATE|[138]|Bytes:64
19:21:40.0 (38253288)|METHOD_EXIT|[90]|01p2800000FELrp|RecentlyViewedRecords.findFieldInfo(String, String)
19:21:40.0 (38260057)|VARIABLE_SCOPE_BEGIN|[90]|fieldMap|Map<String,Schema.SObjectField>|true|false
19:21:40.0 (38382999)|VARIABLE_ASSIGNMENT|[90]|fieldMap|"{createdbyid=CreatedById, createddate=CreatedDate, filter_wrapper_json__c=Filter_Wrapper_JSON__c, id=Id, isdeleted=IsDeleted, lastmodifiedbyid=LastModifiedById, lastmodifieddate=LastModifiedDate, lastreferenceddate=LastReferencedDate, lastvieweddate=LastViewedDate, name=Name, ...}"|0x18b63095
19:21:40.0 (38394878)|STATEMENT_EXECUTE|[91]
19:21:40.0 (38409069)|HEAP_ALLOCATE|[91]|Bytes:180
19:21:40.0 (38416194)|HEAP_ALLOCATE|[91]|Bytes:23
19:21:40.0 (38424242)|HEAP_ALLOCATE|[91]|Bytes:28
19:21:40.0 (38435980)|CONSTRUCTOR_ENTRY|[91]|01p2800000FELrp|<init>()
19:21:40.0 (38453238)|VARIABLE_SCOPE_BEGIN|[167]|this|RecentlyViewedRecords.objectWrapper|true|false
19:21:40.0 (38487220)|VARIABLE_ASSIGNMENT|[167]|this|{}|0x7918d3d8
19:21:40.0 (38497225)|HEAP_ALLOCATE|[EXTERNAL]|Bytes:6
19:21:40.0 (38519787)|STATEMENT_EXECUTE|[167]
19:21:40.0 (38521131)|STATEMENT_EXECUTE|[169]
19:21:40.0 (38522147)|STATEMENT_EXECUTE|[171]
19:21:40.0 (38523200)|STATEMENT_EXECUTE|[173]
19:21:40.0 (38524269)|STATEMENT_EXECUTE|[175]
19:21:40.0 (38525132)|STATEMENT_EXECUTE|[177]
19:21:40.0 (38526001)|STATEMENT_EXECUTE|[179]
19:21:40.0 (38529661)|CONSTRUCTOR_EXIT|[91]|01p2800000FELrp|<init>()
19:21:40.0 (38536809)|VARIABLE_SCOPE_BEGIN|[91]|ow|RecentlyViewedRecords.objectWrapper|true|false
19:21:40.0 (38554032)|VARIABLE_ASSIGNMENT|[91]|ow|{}|0x7918d3d8
19:21:40.0 (38559379)|STATEMENT_EXECUTE|[92]
19:21:40.0 (38803613)|HEAP_ALLOCATE|[92]|Bytes:8
19:21:40.0 (38825024)|HEAP_ALLOCATE|[92]|Bytes:14
19:21:40.0 (38854825)|VARIABLE_ASSIGNMENT|[EXTERNAL]|this|{}|0x7918d3d8
19:21:40.0 (38863787)|VARIABLE_ASSIGNMENT|[EXTERNAL]|value|"Scheduler Name"
19:21:40.0 (38874698)|VARIABLE_ASSIGNMENT|[169]|this.label|"Scheduler Name"|0x7918d3d8
19:21:40.0 (38882665)|STATEMENT_EXECUTE|[93]
19:21:40.0 (38935756)|HEAP_ALLOCATE|[93]|Bytes:10
19:21:40.0 (38954408)|HEAP_ALLOCATE|[93]|Bytes:10
19:21:40.0 (38980528)|VARIABLE_ASSIGNMENT|[EXTERNAL]|this|{"label":"Scheduler Name"}|0x7918d3d8
19:21:40.0 (38987994)|VARIABLE_ASSIGNMENT|[EXTERNAL]|value|"SCH-000001"
19:21:40.0 (38995970)|VARIABLE_ASSIGNMENT|[171]|this.value|"SCH-000001"|0x7918d3d8
19:21:40.0 (39003771)|STATEMENT_EXECUTE|[94]
19:21:40.0 (39047513)|VARIABLE_ASSIGNMENT|[EXTERNAL]|this|{"label":"Scheduler Name","value":"SCH-000001"}|0x7918d3d8
19:21:40.0 (39056218)|VARIABLE_ASSIGNMENT|[EXTERNAL]|value|null
19:21:40.0 (39062540)|VARIABLE_ASSIGNMENT|[173]|this.refName|null|0x7918d3d8
19:21:40.0 (39069705)|STATEMENT_EXECUTE|[95]
19:21:40.0 (39093404)|VARIABLE_ASSIGNMENT|[EXTERNAL]|this|{"label":"Scheduler Name","value":"SCH-000001"}|0x7918d3d8
19:21:40.0 (39100551)|VARIABLE_ASSIGNMENT|[EXTERNAL]|value|"name"
19:21:40.0 (39106855)|VARIABLE_ASSIGNMENT|[175]|this.api|"name"|0x7918d3d8
19:21:40.0 (39113507)|STATEMENT_EXECUTE|[96]
19:21:40.0 (39160846)|HEAP_ALLOCATE|[96]|Bytes:8
19:21:40.0 (39909387)|HEAP_ALLOCATE|[96]|Bytes:12
19:21:40.0 (39940253)|HEAP_ALLOCATE|[96]|Bytes:6
19:21:40.0 (39976546)|VARIABLE_ASSIGNMENT|[EXTERNAL]|this|{"api":"name","label":"Scheduler Name","value":"SCH-000001"}|0x7918d3d8
19:21:40.0 (39984787)|VARIABLE_ASSIGNMENT|[EXTERNAL]|value|"STRING"
19:21:40.0 (39992561)|VARIABLE_ASSIGNMENT|[177]|this.type|"STRING"|0x7918d3d8
19:21:40.0 (40000612)|STATEMENT_EXECUTE|[98]
19:21:40.0 (40004348)|HEAP_ALLOCATE|[98]|Bytes:4
19:21:40.0 (40046321)|HEAP_ALLOCATE|[98]|Bytes:105
19:21:40.0 (40058980)|HEAP_ALLOCATE|[98]|Bytes:109
19:21:40.0 (40069206)|USER_DEBUG|[98]|DEBUG|ow==objectWrapper:[api=name, iconUrl=null, label=Scheduler Name, refName=null, type=STRING, value=SCH-000001]
19:21:40.0 (40076616)|STATEMENT_EXECUTE|[99]
19:21:40.0 (40099980)|HEAP_ALLOCATE|[EXTERNAL]|Bytes:4
19:21:40.0 (40117273)|HEAP_ALLOCATE|[88]|Bytes:5
19:21:40.0 (40128315)|VARIABLE_ASSIGNMENT|[88]|st|null
19:21:40.0 (40133023)|STATEMENT_EXECUTE|[102]
19:21:40.0 (40139824)|SYSTEM_MODE_EXIT|false
19:21:40.40 (40157672)|CUMULATIVE_LIMIT_USAGE
19:21:40.40 (40157672)|LIMIT_USAGE_FOR_NS|(default)|
  Number of SOQL queries: 1 out of 100
  Number of query rows: 1 out of 50000
  Number of SOSL queries: 0 out of 20
  Number of DML statements: 0 out of 150
  Number of DML rows: 0 out of 10000
  Maximum CPU time: 0 out of 10000
  Maximum heap size: 0 out of 6000000
  Number of callouts: 0 out of 100
  Number of Email Invocations: 0 out of 10
  Number of future calls: 0 out of 50
  Number of queueable jobs added to the queue: 0 out of 50
  Number of Mobile Apex push calls: 0 out of 10

19:21:40.40 (40157672)|CUMULATIVE_LIMIT_USAGE_END

19:21:40.0 (40190566)|CODE_UNIT_FINISHED|RecentlyViewedRecords.queryCompactLayout
19:21:40.0 (41801009)|CODE_UNIT_STARTED|[EXTERNAL]|Aura
19:21:40.0 (41848479)|CODE_UNIT_FINISHED|Aura
19:21:40.0 (41877796)|CODE_UNIT_FINISHED|Aura
19:21:40.0 (42629938)|EXECUTION_FINISHED
