40.0 APEX_CODE,FINEST;APEX_PROFILING,INFO;CALLOUT,INFO;DB,INFO;SYSTEM,DEBUG;VALIDATION,INFO;VISUALFORCE,INFO;WAVE,INFO;WORKFLOW,INFO
19:30:48.0 (61777)|USER_INFO|[EXTERNAL]|00528000001JBjQ|ramu.veligeti@yahoo.co.in|Pacific Standard Time|GMT-07:00
19:30:48.0 (102550)|EXECUTION_STARTED
19:30:48.0 (106610)|CODE_UNIT_STARTED|[EXTERNAL]|Aura
19:30:48.0 (10320682)|HEAP_ALLOCATE|[72]|Bytes:3
19:30:48.0 (10346969)|HEAP_ALLOCATE|[77]|Bytes:152
19:30:48.0 (10359869)|HEAP_ALLOCATE|[342]|Bytes:408
19:30:48.0 (10373705)|HEAP_ALLOCATE|[355]|Bytes:408
19:30:48.0 (10386572)|HEAP_ALLOCATE|[467]|Bytes:48
19:30:48.0 (10406963)|HEAP_ALLOCATE|[139]|Bytes:6
19:30:48.0 (10419275)|HEAP_ALLOCATE|[EXTERNAL]|Bytes:18
19:30:48.0 (10427874)|HEAP_ALLOCATE|[EXTERNAL]|Bytes:4
19:30:48.0 (10638963)|HEAP_ALLOCATE|[EXTERNAL]|Bytes:12
19:30:48.0 (10646015)|HEAP_ALLOCATE|[EXTERNAL]|Bytes:12
19:30:48.0 (11482702)|CODE_UNIT_STARTED|[EXTERNAL]|01p2800000FELrp|RecentlyViewedRecords.queryCompactLayout
19:30:48.0 (11526090)|VARIABLE_SCOPE_BEGIN|[2]|RecentlyViewedRecords.FIELDSET_NAME|String|false|true
19:30:48.0 (11535482)|VARIABLE_SCOPE_BEGIN|[3]|RecentlyViewedRecords.private_apiFieldNames|Map<String,Set<String>>|true|true
19:30:48.0 (11543288)|VARIABLE_SCOPE_BEGIN|[5]|RecentlyViewedRecords.rvi|Recently_Viewed__c|true|true
19:30:48.0 (11550493)|VARIABLE_SCOPE_BEGIN|[4]|RecentlyViewedRecords.schemaMap|Map<String,Schema.SObjectType>|true|true
19:30:48.0 (11593000)|HEAP_ALLOCATE|[EXTERNAL]|Bytes:35
19:30:48.0 (11600968)|HEAP_ALLOCATE|[EXTERNAL]|Bytes:20
19:30:48.0 (11604265)|HEAP_ALLOCATE|[EXTERNAL]|Bytes:38
19:30:48.0 (11660045)|METHOD_ENTRY|[1]|01p2800000FELrp|RecentlyViewedRecords.RecentlyViewedRecords()
19:30:48.0 (11666236)|STATEMENT_EXECUTE|[1]
19:30:48.0 (11670041)|STATEMENT_EXECUTE|[1]
19:30:48.0 (11671144)|STATEMENT_EXECUTE|[2]
19:30:48.0 (11674945)|HEAP_ALLOCATE|[2]|Bytes:19
19:30:48.0 (11695143)|VARIABLE_ASSIGNMENT|[2]|RecentlyViewedRecords.FIELDSET_NAME|"RecentlyViewedHover"
19:30:48.0 (11700203)|STATEMENT_EXECUTE|[3]
19:30:48.0 (11705693)|HEAP_ALLOCATE|[3]|Bytes:4
19:30:48.0 (11729341)|VARIABLE_ASSIGNMENT|[3]|RecentlyViewedRecords.private_apiFieldNames|{}|0x6903b659
19:30:48.0 (11735188)|STATEMENT_EXECUTE|[4]
19:30:48.0 (11764889)|HEAP_ALLOCATE|[50]|Bytes:5
19:30:48.0 (11782767)|HEAP_ALLOCATE|[56]|Bytes:5
19:30:48.0 (11789536)|HEAP_ALLOCATE|[64]|Bytes:7
19:30:48.0 (25377776)|HEAP_ALLOCATE|[4]|Bytes:1456
19:30:48.0 (25606631)|VARIABLE_ASSIGNMENT|[4]|RecentlyViewedRecords.schemaMap|"{acceptedeventrelation=AcceptedEventRelation, acchierarchy__account_hierarchy__mdt=accHierarchy__Account_Hierarchy__mdt, acchierarchy__account_hierarchy_setup__c=accHierarchy__Account_Hierarchy_Setup__c, account=Account, accountcleaninfo=AccountCleanInfo, accountcontactrole=AccountContactRole, accountfeed=AccountFeed, accounthistory=AccountHistory, accountpartner=AccountPartner, accountshare=AccountShare, ...}"|0x1bef8c1c
19:30:48.0 (25622390)|STATEMENT_EXECUTE|[5]
19:30:48.0 (26502805)|HEAP_ALLOCATE|[5]|Bytes:20
19:30:48.0 (26538194)|VARIABLE_ASSIGNMENT|[5]|RecentlyViewedRecords.rvi|{"IsDeleted":false,"Name":"a0d28000002ZKNz","SetupOwnerId":"00528000001JBjQAAW","Records_to_Display__ (1 more) ...":"20"}|0x490068fa
19:30:48.0 (26547430)|STATEMENT_EXECUTE|[147]
19:30:48.0 (26548821)|STATEMENT_EXECUTE|[167]
19:30:48.0 (26556390)|METHOD_EXIT|[1]|RecentlyViewedRecords
19:30:48.0 (26564375)|HEAP_ALLOCATE|[EXTERNAL]|Bytes:4
19:30:48.0 (26567922)|HEAP_ALLOCATE|[EXTERNAL]|Bytes:12
19:30:48.0 (26574080)|SYSTEM_MODE_ENTER|false
19:30:48.0 (26581530)|VARIABLE_SCOPE_BEGIN|[33]|rvId|Id|false|false
19:30:48.0 (26635281)|VARIABLE_ASSIGNMENT|[33]|rvId|"a0f28000008b0MyAAI"
19:30:48.0 (26641494)|VARIABLE_SCOPE_BEGIN|[33]|objName|String|false|false
19:30:48.0 (26650146)|VARIABLE_ASSIGNMENT|[33]|objName|"Scheduler__c"
19:30:48.0 (26660098)|STATEMENT_EXECUTE|[33]
19:30:48.0 (26661293)|STATEMENT_EXECUTE|[34]
19:30:48.0 (26668969)|HEAP_ALLOCATE|[34]|Bytes:4
19:30:48.0 (26681626)|VARIABLE_SCOPE_BEGIN|[34]|objMap|Map<String,String>|true|false
19:30:48.0 (26695661)|VARIABLE_ASSIGNMENT|[34]|objMap|{}|0x3dc5aefd
19:30:48.0 (26701033)|STATEMENT_EXECUTE|[35]
19:30:48.0 (26797199)|HEAP_ALLOCATE|[35]|Bytes:4
19:30:48.0 (26855121)|VARIABLE_SCOPE_BEGIN|[35]|owList|List<RecentlyViewedRecords.objectWrapper>|true|false
19:30:48.0 (26875216)|HEAP_ALLOCATE|[EXTERNAL]|Bytes:4
19:30:48.0 (26883852)|VARIABLE_ASSIGNMENT|[35]|owList|[]|0x5aad4a35
19:30:48.0 (26889417)|STATEMENT_EXECUTE|[36]
19:30:48.0 (33641405)|HEAP_ALLOCATE|[36]|Bytes:1628
19:30:48.0 (33661662)|VARIABLE_SCOPE_BEGIN|[36]|globalDescribeMap|Map<String,Schema.SObjectType>|true|false
19:30:48.0 (33839952)|VARIABLE_ASSIGNMENT|[36]|globalDescribeMap|"{acceptedeventrelation=AcceptedEventRelation, acchierarchy__account_hierarchy__mdt=accHierarchy__Account_Hierarchy__mdt, acchierarchy__account_hierarchy_setup__c=accHierarchy__Account_Hierarchy_Setup__c, account=Account, accountcleaninfo=AccountCleanInfo, accountcontactrole=AccountContactRole, accountfeed=AccountFeed, accounthistory=AccountHistory, accountpartner=AccountPartner, accountshare=AccountShare, ...}"|0x39fdbffc
19:30:48.0 (33854857)|STATEMENT_EXECUTE|[37]
19:30:48.0 (33912881)|VARIABLE_SCOPE_BEGIN|[37]|SObjectTypeObj|Schema.SObjectType|true|false
19:30:48.0 (33963019)|VARIABLE_ASSIGNMENT|[37]|SObjectTypeObj|"common.apex.runtime.impl.ApexSObjectTypeToken@73f04781"|0x73f04781
19:30:48.0 (33970701)|STATEMENT_EXECUTE|[38]
19:30:48.0 (34154053)|HEAP_ALLOCATE|[38]|Bytes:4
19:30:48.0 (34180679)|VARIABLE_SCOPE_BEGIN|[38]|describeSObjectResultObj|Schema.DescribeSObjectResult|true|false
19:30:48.0 (34239356)|VARIABLE_ASSIGNMENT|[38]|describeSObjectResultObj|"common.api.soap.wsdl.DescribeSObjectResult@315dff72"|0x7c8e839
19:30:48.0 (34247923)|STATEMENT_EXECUTE|[39]
19:30:48.0 (34251880)|HEAP_ALLOCATE|[39]|Bytes:15
19:30:48.0 (34260522)|HEAP_ALLOCATE|[39]|Bytes:2
19:30:48.0 (34376279)|HEAP_ALLOCATE|[39]|Bytes:378
19:30:48.0 (34397281)|HEAP_ALLOCATE|[39]|Bytes:414
19:30:48.0 (34414503)|USER_DEBUG|[39]|DEBUG|FIELDSET_NAME==RecentlyViewedHover==Schema.DescribeSObjectResult[getHasSubtypes=false;getKeyPrefix=a0f;getLabel=Scheduler;getLabelPlural=Scheduler;getName=Scheduler__c;isAccessible=true;isCreateable=true;isCustom=true;isCustomSetting=false;isDeletable=true;isDeprecatedAndHidden=false;isFeedEnabled=false;isMergeable=false;isMruEnabled=true;isQueryable=true;isSearchable=true;isUndeletable=true;isUpdateable=true;]
19:30:48.0 (34429864)|STATEMENT_EXECUTE|[40]
19:30:48.0 (35889141)|HEAP_ALLOCATE|[40]|Bytes:4
19:30:48.0 (35962127)|VARIABLE_SCOPE_BEGIN|[40]|fieldSetObj|Schema.FieldSet|true|false
19:30:48.0 (35976897)|VARIABLE_ASSIGNMENT|[40]|fieldSetObj|null|
19:30:48.0 (35982549)|STATEMENT_EXECUTE|[41]
19:30:48.0 (35986811)|HEAP_ALLOCATE|[41]|Bytes:13
19:30:48.0 (36034811)|HEAP_ALLOCATE|[41]|Bytes:17
19:30:48.0 (36046600)|USER_DEBUG|[41]|DEBUG|fieldSetObj==null
19:30:48.0 (36065617)|STATEMENT_EXECUTE|[42]
19:30:48.0 (36074811)|HEAP_ALLOCATE|[42]|Bytes:4
19:30:48.0 (36102112)|VARIABLE_SCOPE_BEGIN|[42]|fieldApis|List<String>|true|false
19:30:48.0 (36130083)|HEAP_ALLOCATE|[EXTERNAL]|Bytes:4
19:30:48.0 (36148164)|VARIABLE_ASSIGNMENT|[42]|fieldApis|[]|0x26fc5680
19:30:48.0 (36154492)|STATEMENT_EXECUTE|[43]
19:30:48.0 (36162662)|HEAP_ALLOCATE|[43]|Bytes:4
19:30:48.0 (36185927)|VARIABLE_SCOPE_BEGIN|[43]|refFieldToIgnore|Set<String>|true|false
19:30:48.0 (36208176)|VARIABLE_ASSIGNMENT|[43]|refFieldToIgnore|[]|0x6635fb46
19:30:48.0 (36214127)|STATEMENT_EXECUTE|[44]
19:30:48.0 (36218925)|HEAP_ALLOCATE|[44]|Bytes:4
19:30:48.0 (36225924)|VARIABLE_SCOPE_BEGIN|[44]|refMap|Map<String,String>|true|false
19:30:48.0 (36240717)|VARIABLE_ASSIGNMENT|[44]|refMap|{}|0x3bc54195
19:30:48.0 (36245723)|STATEMENT_EXECUTE|[45]
19:30:48.0 (36248201)|VARIABLE_SCOPE_BEGIN|[45]|query|String|false|false
19:30:48.0 (36256220)|VARIABLE_ASSIGNMENT|[45]|query|null
19:30:48.0 (36261518)|STATEMENT_EXECUTE|[66]
19:30:48.0 (36264095)|HEAP_ALLOCATE|[67]|Bytes:4
19:30:48.0 (36298778)|STATEMENT_EXECUTE|[67]
19:30:48.0 (36300281)|STATEMENT_EXECUTE|[68]
19:30:48.0 (36302855)|HEAP_ALLOCATE|[68]|Bytes:4
19:30:48.0 (36330068)|HEAP_ALLOCATE|[EXTERNAL]|Bytes:4
19:30:48.0 (36337142)|STATEMENT_EXECUTE|[69]
19:30:48.0 (36339319)|HEAP_ALLOCATE|[69]|Bytes:20
19:30:48.0 (36343292)|HEAP_ALLOCATE|[69]|Bytes:13
19:30:48.0 (36379097)|HEAP_ALLOCATE|[69]|Bytes:18
19:30:48.0 (36403940)|HEAP_ALLOCATE|[69]|Bytes:1
19:30:48.0 (36416653)|HEAP_ALLOCATE|[69]|Bytes:64
19:30:48.0 (36429643)|VARIABLE_ASSIGNMENT|[69]|query|"Select Id,Name from  (44 more) ..."
19:30:48.0 (36436112)|STATEMENT_EXECUTE|[85]
19:30:48.0 (36438835)|HEAP_ALLOCATE|[85]|Bytes:7
19:30:48.0 (36445908)|HEAP_ALLOCATE|[85]|Bytes:71
19:30:48.0 (36469191)|USER_DEBUG|[85]|DEBUG|query==Select Id,Name from Scheduler__c where Id = 'a0f28000008b0MyAAI'
19:30:48.0 (36480796)|STATEMENT_EXECUTE|[86]
19:30:48.0 (36793180)|SOQL_EXECUTE_BEGIN|[86]|Aggregations:0|Select Id,Name from Scheduler__c where Id = 'a0f28000008b0MyAAI'
19:30:48.0 (38339307)|SOQL_EXECUTE_END|[86]|Rows:1
19:30:48.0 (38358915)|HEAP_ALLOCATE|[86]|Bytes:8
19:30:48.0 (38374477)|HEAP_ALLOCATE|[86]|Bytes:47
19:30:48.0 (38428184)|HEAP_ALLOCATE|[86]|Bytes:8
19:30:48.0 (38442638)|HEAP_ALLOCATE|[86]|Bytes:33
19:30:48.0 (38497150)|HEAP_ALLOCATE|[86]|Bytes:12
19:30:48.0 (38507358)|VARIABLE_SCOPE_BEGIN|[86]|so|SObject|true|false
19:30:48.0 (38532137)|VARIABLE_ASSIGNMENT|[86]|so|{"Id":"a0f28000008b0MyAAI","Name":"SCH-000006"}|0x6becda48
19:30:48.0 (38545730)|STATEMENT_EXECUTE|[87]
19:30:48.0 (38550531)|HEAP_ALLOCATE|[87]|Bytes:4
19:30:48.0 (38628262)|HEAP_ALLOCATE|[87]|Bytes:53
19:30:48.0 (38650937)|HEAP_ALLOCATE|[87]|Bytes:57
19:30:48.0 (38665862)|USER_DEBUG|[87]|DEBUG|so==Scheduler__c:{Id=a0f28000008b0MyAAI, Name=SCH-000006}
19:30:48.0 (38767619)|HEAP_ALLOCATE|[88]|Bytes:5
19:30:48.0 (38783176)|HEAP_ALLOCATE|[88]|Bytes:4
19:30:48.0 (38793253)|VARIABLE_SCOPE_BEGIN|[88]|st|String|false|false
19:30:48.0 (38806703)|VARIABLE_ASSIGNMENT|[88]|st|"name"
19:30:48.0 (38813624)|STATEMENT_EXECUTE|[88]
19:30:48.0 (38850047)|STATEMENT_EXECUTE|[89]
19:30:48.0 (38852046)|STATEMENT_EXECUTE|[90]
19:30:48.0 (38866024)|METHOD_ENTRY|[90]|01p2800000FELrp|RecentlyViewedRecords.findFieldInfo(String, String)
19:30:48.0 (38889092)|VARIABLE_SCOPE_BEGIN|[136]|objName|String|false|false
19:30:48.0 (38902948)|VARIABLE_ASSIGNMENT|[136]|objName|"Scheduler__c"
19:30:48.0 (38914394)|VARIABLE_SCOPE_BEGIN|[136]|fieldApi|String|false|false
19:30:48.0 (38923427)|VARIABLE_ASSIGNMENT|[136]|fieldApi|"name"
19:30:48.0 (38931922)|STATEMENT_EXECUTE|[136]
19:30:48.0 (38933456)|STATEMENT_EXECUTE|[137]
19:30:48.0 (38973425)|VARIABLE_SCOPE_BEGIN|[137]|leadSchema|Schema.SObjectType|true|false
19:30:48.0 (39054740)|VARIABLE_ASSIGNMENT|[137]|leadSchema|"common.apex.runtime.impl.ApexSObjectTypeToken@73f04781"|0x73f04781
19:30:48.0 (39066712)|STATEMENT_EXECUTE|[138]
19:30:48.0 (39106348)|HEAP_ALLOCATE|[138]|Bytes:4
19:30:48.0 (39325113)|HEAP_ALLOCATE|[138]|Bytes:64
19:30:48.0 (39341280)|METHOD_EXIT|[90]|01p2800000FELrp|RecentlyViewedRecords.findFieldInfo(String, String)
19:30:48.0 (39350452)|VARIABLE_SCOPE_BEGIN|[90]|fieldMap|Map<String,Schema.SObjectField>|true|false
19:30:48.0 (39516082)|VARIABLE_ASSIGNMENT|[90]|fieldMap|"{createdbyid=CreatedById, createddate=CreatedDate, filter_wrapper_json__c=Filter_Wrapper_JSON__c, id=Id, isdeleted=IsDeleted, lastmodifiedbyid=LastModifiedById, lastmodifieddate=LastModifiedDate, lastreferenceddate=LastReferencedDate, lastvieweddate=LastViewedDate, name=Name, ...}"|0xe3b6a89
19:30:48.0 (39532551)|STATEMENT_EXECUTE|[91]
19:30:48.0 (39549816)|HEAP_ALLOCATE|[91]|Bytes:180
19:30:48.0 (39560147)|HEAP_ALLOCATE|[91]|Bytes:23
19:30:48.0 (39569885)|HEAP_ALLOCATE|[91]|Bytes:28
19:30:48.0 (39583673)|CONSTRUCTOR_ENTRY|[91]|01p2800000FELrp|<init>()
19:30:48.0 (39604916)|VARIABLE_SCOPE_BEGIN|[167]|this|RecentlyViewedRecords.objectWrapper|true|false
19:30:48.0 (39644237)|VARIABLE_ASSIGNMENT|[167]|this|{}|0x28587203
19:30:48.0 (39657781)|HEAP_ALLOCATE|[EXTERNAL]|Bytes:6
19:30:48.0 (39690467)|STATEMENT_EXECUTE|[167]
19:30:48.0 (39692409)|STATEMENT_EXECUTE|[169]
19:30:48.0 (39693907)|STATEMENT_EXECUTE|[171]
19:30:48.0 (39695212)|STATEMENT_EXECUTE|[173]
19:30:48.0 (39696681)|STATEMENT_EXECUTE|[175]
19:30:48.0 (39697804)|STATEMENT_EXECUTE|[177]
19:30:48.0 (39699164)|STATEMENT_EXECUTE|[179]
19:30:48.0 (39704112)|CONSTRUCTOR_EXIT|[91]|01p2800000FELrp|<init>()
19:30:48.0 (39713065)|VARIABLE_SCOPE_BEGIN|[91]|ow|RecentlyViewedRecords.objectWrapper|true|false
19:30:48.0 (39736477)|VARIABLE_ASSIGNMENT|[91]|ow|{}|0x28587203
19:30:48.0 (39745568)|STATEMENT_EXECUTE|[92]
19:30:48.0 (40042052)|HEAP_ALLOCATE|[92]|Bytes:8
19:30:48.0 (40072242)|HEAP_ALLOCATE|[92]|Bytes:14
19:30:48.0 (40103455)|VARIABLE_ASSIGNMENT|[EXTERNAL]|this|{}|0x28587203
19:30:48.0 (40113002)|VARIABLE_ASSIGNMENT|[EXTERNAL]|value|"Scheduler Name"
19:30:48.0 (40123584)|VARIABLE_ASSIGNMENT|[169]|this.label|"Scheduler Name"|0x28587203
19:30:48.0 (40132016)|STATEMENT_EXECUTE|[93]
19:30:48.0 (40187837)|HEAP_ALLOCATE|[93]|Bytes:10
19:30:48.0 (40206673)|HEAP_ALLOCATE|[93]|Bytes:10
19:30:48.0 (40232291)|VARIABLE_ASSIGNMENT|[EXTERNAL]|this|{"label":"Scheduler Name"}|0x28587203
19:30:48.0 (40240194)|VARIABLE_ASSIGNMENT|[EXTERNAL]|value|"SCH-000006"
19:30:48.0 (40247571)|VARIABLE_ASSIGNMENT|[171]|this.value|"SCH-000006"|0x28587203
19:30:48.0 (40255000)|STATEMENT_EXECUTE|[94]
19:30:48.0 (40297143)|VARIABLE_ASSIGNMENT|[EXTERNAL]|this|{"label":"Scheduler Name","value":"SCH-000006"}|0x28587203
19:30:48.0 (40306276)|VARIABLE_ASSIGNMENT|[EXTERNAL]|value|null
19:30:48.0 (40314305)|VARIABLE_ASSIGNMENT|[173]|this.refName|null|0x28587203
19:30:48.0 (40322892)|STATEMENT_EXECUTE|[95]
19:30:48.0 (40346326)|VARIABLE_ASSIGNMENT|[EXTERNAL]|this|{"label":"Scheduler Name","value":"SCH-000006"}|0x28587203
19:30:48.0 (40353824)|VARIABLE_ASSIGNMENT|[EXTERNAL]|value|"name"
19:30:48.0 (40359618)|VARIABLE_ASSIGNMENT|[175]|this.api|"name"|0x28587203
19:30:48.0 (40366055)|STATEMENT_EXECUTE|[96]
19:30:48.0 (40420919)|HEAP_ALLOCATE|[96]|Bytes:8
19:30:48.0 (41188814)|HEAP_ALLOCATE|[96]|Bytes:12
19:30:48.0 (41219032)|HEAP_ALLOCATE|[96]|Bytes:6
19:30:48.0 (41253288)|VARIABLE_ASSIGNMENT|[EXTERNAL]|this|{"api":"name","label":"Scheduler Name","value":"SCH-000006"}|0x28587203
19:30:48.0 (41262140)|VARIABLE_ASSIGNMENT|[EXTERNAL]|value|"STRING"
19:30:48.0 (41270765)|VARIABLE_ASSIGNMENT|[177]|this.type|"STRING"|0x28587203
19:30:48.0 (41279191)|STATEMENT_EXECUTE|[98]
19:30:48.0 (41282470)|HEAP_ALLOCATE|[98]|Bytes:4
19:30:48.0 (41330632)|HEAP_ALLOCATE|[98]|Bytes:105
19:30:48.0 (41344874)|HEAP_ALLOCATE|[98]|Bytes:109
19:30:48.0 (41354563)|USER_DEBUG|[98]|DEBUG|ow==objectWrapper:[api=name, iconUrl=null, label=Scheduler Name, refName=null, type=STRING, value=SCH-000006]
19:30:48.0 (41363588)|STATEMENT_EXECUTE|[99]
19:30:48.0 (41394118)|HEAP_ALLOCATE|[EXTERNAL]|Bytes:4
19:30:48.0 (41412881)|HEAP_ALLOCATE|[88]|Bytes:5
19:30:48.0 (41428019)|VARIABLE_ASSIGNMENT|[88]|st|null
19:30:48.0 (41436644)|STATEMENT_EXECUTE|[102]
19:30:48.0 (41445444)|SYSTEM_MODE_EXIT|false
19:30:48.41 (41471671)|CUMULATIVE_LIMIT_USAGE
19:30:48.41 (41471671)|LIMIT_USAGE_FOR_NS|(default)|
  Number of SOQL queries: 1 out of 100
  Number of query rows: 1 out of 50000
  Number of SOSL queries: 0 out of 20
  Number of DML statements: 0 out of 150
  Number of DML rows: 0 out of 10000
  Maximum CPU time: 0 out of 10000
  Maximum heap size: 0 out of 6000000
  Number of callouts: 0 out of 100
  Number of Email Invocations: 0 out of 10
  Number of future calls: 0 out of 50
  Number of queueable jobs added to the queue: 0 out of 50
  Number of Mobile Apex push calls: 0 out of 10

19:30:48.41 (41471671)|CUMULATIVE_LIMIT_USAGE_END

19:30:48.0 (41513216)|CODE_UNIT_FINISHED|RecentlyViewedRecords.queryCompactLayout
19:30:48.0 (42962037)|CODE_UNIT_STARTED|[EXTERNAL]|Aura
19:30:48.0 (43016113)|CODE_UNIT_FINISHED|Aura
19:30:48.0 (43053349)|CODE_UNIT_FINISHED|Aura
19:30:48.0 (43986516)|EXECUTION_FINISHED
19:30:48.45 (45796611)|USER_INFO|[EXTERNAL]|00528000001JBjQ|ramu.veligeti@yahoo.co.in|Pacific Standard Time|GMT-07:00
19:30:48.45 (45812943)|EXECUTION_STARTED
19:30:48.45 (45816671)|CODE_UNIT_STARTED|[EXTERNAL]|Aura
19:30:48.45 (45927717)|HEAP_ALLOCATE|[EXTERNAL]|Bytes:18
19:30:48.45 (45939235)|HEAP_ALLOCATE|[EXTERNAL]|Bytes:4
19:30:48.45 (45986990)|HEAP_ALLOCATE|[EXTERNAL]|Bytes:12
19:30:48.45 (45995210)|HEAP_ALLOCATE|[EXTERNAL]|Bytes:12
19:30:48.45 (46612605)|CODE_UNIT_STARTED|[EXTERNAL]|01p2800000FELrp|RecentlyViewedRecords.queryCompactLayout
19:30:48.45 (46649949)|HEAP_ALLOCATE|[EXTERNAL]|Bytes:4
19:30:48.45 (46654814)|HEAP_ALLOCATE|[EXTERNAL]|Bytes:12
19:30:48.45 (46661874)|SYSTEM_MODE_ENTER|false
19:30:48.45 (46669964)|VARIABLE_SCOPE_BEGIN|[33]|rvId|Id|false|false
19:30:48.45 (46757088)|VARIABLE_ASSIGNMENT|[33]|rvId|"a0f28000008b0MyAAI"
19:30:48.45 (46765029)|VARIABLE_SCOPE_BEGIN|[33]|objName|String|false|false
19:30:48.45 (46774937)|VARIABLE_ASSIGNMENT|[33]|objName|"Scheduler__c"
19:30:48.45 (46784250)|STATEMENT_EXECUTE|[33]
19:30:48.45 (46785751)|STATEMENT_EXECUTE|[34]
19:30:48.45 (46791166)|HEAP_ALLOCATE|[34]|Bytes:4
19:30:48.45 (46802312)|VARIABLE_SCOPE_BEGIN|[34]|objMap|Map<String,String>|true|false
19:30:48.45 (46817454)|VARIABLE_ASSIGNMENT|[34]|objMap|{}|0x46220505
19:30:48.45 (46822329)|STATEMENT_EXECUTE|[35]
19:30:48.45 (46825425)|HEAP_ALLOCATE|[35]|Bytes:4
19:30:48.45 (46836866)|VARIABLE_SCOPE_BEGIN|[35]|owList|List<RecentlyViewedRecords.objectWrapper>|true|false
19:30:48.45 (46858706)|HEAP_ALLOCATE|[EXTERNAL]|Bytes:4
19:30:48.45 (46867590)|VARIABLE_ASSIGNMENT|[35]|owList|[]|0x7f6a0c74
19:30:48.45 (46873331)|STATEMENT_EXECUTE|[36]
19:30:48.45 (53975638)|HEAP_ALLOCATE|[36]|Bytes:1628
19:30:48.45 (53999747)|VARIABLE_SCOPE_BEGIN|[36]|globalDescribeMap|Map<String,Schema.SObjectType>|true|false
19:30:48.45 (54255268)|VARIABLE_ASSIGNMENT|[36]|globalDescribeMap|"{acceptedeventrelation=AcceptedEventRelation, acchierarchy__account_hierarchy__mdt=accHierarchy__Account_Hierarchy__mdt, acchierarchy__account_hierarchy_setup__c=accHierarchy__Account_Hierarchy_Setup__c, account=Account, accountcleaninfo=AccountCleanInfo, accountcontactrole=AccountContactRole, accountfeed=AccountFeed, accounthistory=AccountHistory, accountpartner=AccountPartner, accountshare=AccountShare, ...}"|0x3c6ebdfd
19:30:48.45 (54273654)|STATEMENT_EXECUTE|[37]
19:30:48.45 (54303355)|VARIABLE_SCOPE_BEGIN|[37]|SObjectTypeObj|Schema.SObjectType|true|false
19:30:48.45 (54372362)|VARIABLE_ASSIGNMENT|[37]|SObjectTypeObj|"common.apex.runtime.impl.ApexSObjectTypeToken@73f04781"|0x73f04781
19:30:48.45 (54383901)|STATEMENT_EXECUTE|[38]
19:30:48.45 (54414759)|HEAP_ALLOCATE|[38]|Bytes:4
19:30:48.45 (54425360)|VARIABLE_SCOPE_BEGIN|[38]|describeSObjectResultObj|Schema.DescribeSObjectResult|true|false
19:30:48.45 (54481016)|VARIABLE_ASSIGNMENT|[38]|describeSObjectResultObj|"common.api.soap.wsdl.DescribeSObjectResult@315dff72"|0x2d4533c6
19:30:48.45 (54488955)|STATEMENT_EXECUTE|[39]
19:30:48.45 (54607195)|HEAP_ALLOCATE|[39]|Bytes:378
19:30:48.45 (54633634)|HEAP_ALLOCATE|[39]|Bytes:414
19:30:48.45 (54642823)|USER_DEBUG|[39]|DEBUG|FIELDSET_NAME==RecentlyViewedHover==Schema.DescribeSObjectResult[getHasSubtypes=false;getKeyPrefix=a0f;getLabel=Scheduler;getLabelPlural=Scheduler;getName=Scheduler__c;isAccessible=true;isCreateable=true;isCustom=true;isCustomSetting=false;isDeletable=true;isDeprecatedAndHidden=false;isFeedEnabled=false;isMergeable=false;isMruEnabled=true;isQueryable=true;isSearchable=true;isUndeletable=true;isUpdateable=true;]
19:30:48.45 (54655789)|STATEMENT_EXECUTE|[40]
19:30:48.45 (55423880)|HEAP_ALLOCATE|[40]|Bytes:4
19:30:48.45 (55449918)|VARIABLE_SCOPE_BEGIN|[40]|fieldSetObj|Schema.FieldSet|true|false
19:30:48.45 (55462944)|VARIABLE_ASSIGNMENT|[40]|fieldSetObj|null|
19:30:48.45 (55468030)|STATEMENT_EXECUTE|[41]
19:30:48.45 (55489933)|HEAP_ALLOCATE|[41]|Bytes:17
19:30:48.45 (55499309)|USER_DEBUG|[41]|DEBUG|fieldSetObj==null
19:30:48.45 (55506253)|STATEMENT_EXECUTE|[42]
19:30:48.45 (55510569)|HEAP_ALLOCATE|[42]|Bytes:4
19:30:48.45 (55524094)|VARIABLE_SCOPE_BEGIN|[42]|fieldApis|List<String>|true|false
19:30:48.45 (55552165)|HEAP_ALLOCATE|[EXTERNAL]|Bytes:4
19:30:48.45 (55564721)|VARIABLE_ASSIGNMENT|[42]|fieldApis|[]|0x7b190146
19:30:48.45 (55571043)|STATEMENT_EXECUTE|[43]
19:30:48.45 (55576723)|HEAP_ALLOCATE|[43]|Bytes:4
19:30:48.45 (55589406)|VARIABLE_SCOPE_BEGIN|[43]|refFieldToIgnore|Set<String>|true|false
19:30:48.45 (55610426)|VARIABLE_ASSIGNMENT|[43]|refFieldToIgnore|[]|0x543fbbfd
19:30:48.45 (55616158)|STATEMENT_EXECUTE|[44]
19:30:48.45 (55619656)|HEAP_ALLOCATE|[44]|Bytes:4
19:30:48.45 (55625601)|VARIABLE_SCOPE_BEGIN|[44]|refMap|Map<String,String>|true|false
19:30:48.45 (55640460)|VARIABLE_ASSIGNMENT|[44]|refMap|{}|0x1df775d2
19:30:48.45 (55645065)|STATEMENT_EXECUTE|[45]
19:30:48.45 (55647882)|VARIABLE_SCOPE_BEGIN|[45]|query|String|false|false
19:30:48.45 (55655407)|VARIABLE_ASSIGNMENT|[45]|query|null
19:30:48.45 (55659592)|STATEMENT_EXECUTE|[66]
19:30:48.45 (55692972)|STATEMENT_EXECUTE|[67]
19:30:48.45 (55695143)|STATEMENT_EXECUTE|[68]
19:30:48.45 (55705895)|HEAP_ALLOCATE|[EXTERNAL]|Bytes:4
19:30:48.45 (55714568)|STATEMENT_EXECUTE|[69]
19:30:48.45 (55729592)|HEAP_ALLOCATE|[69]|Bytes:18
19:30:48.45 (55747522)|HEAP_ALLOCATE|[69]|Bytes:64
19:30:48.45 (55759915)|VARIABLE_ASSIGNMENT|[69]|query|"Select Id,Name from  (44 more) ..."
19:30:48.45 (55766494)|STATEMENT_EXECUTE|[85]
19:30:48.45 (55771642)|HEAP_ALLOCATE|[85]|Bytes:71
19:30:48.45 (55782067)|USER_DEBUG|[85]|DEBUG|query==Select Id,Name from Scheduler__c where Id = 'a0f28000008b0MyAAI'
19:30:48.45 (55791195)|STATEMENT_EXECUTE|[86]
19:30:48.45 (55976741)|SOQL_EXECUTE_BEGIN|[86]|Aggregations:0|Select Id,Name from Scheduler__c where Id = 'a0f28000008b0MyAAI'
19:30:48.45 (57691338)|SOQL_EXECUTE_END|[86]|Rows:1
19:30:48.45 (57716227)|HEAP_ALLOCATE|[86]|Bytes:8
19:30:48.45 (57735695)|HEAP_ALLOCATE|[86]|Bytes:47
19:30:48.45 (57763928)|HEAP_ALLOCATE|[86]|Bytes:8
19:30:48.45 (57800921)|HEAP_ALLOCATE|[86]|Bytes:12
19:30:48.45 (57808723)|VARIABLE_SCOPE_BEGIN|[86]|so|SObject|true|false
19:30:48.45 (57828552)|VARIABLE_ASSIGNMENT|[86]|so|{"Id":"a0f28000008b0MyAAI","Name":"SCH-000006"}|0x731d1dae
19:30:48.45 (57836064)|STATEMENT_EXECUTE|[87]
19:30:48.45 (57872711)|HEAP_ALLOCATE|[87]|Bytes:53
19:30:48.45 (57886788)|HEAP_ALLOCATE|[87]|Bytes:57
19:30:48.45 (57894607)|USER_DEBUG|[87]|DEBUG|so==Scheduler__c:{Id=a0f28000008b0MyAAI, Name=SCH-000006}
19:30:48.45 (57920477)|HEAP_ALLOCATE|[88]|Bytes:5
19:30:48.45 (57930251)|HEAP_ALLOCATE|[88]|Bytes:4
19:30:48.45 (57936718)|VARIABLE_SCOPE_BEGIN|[88]|st|String|false|false
19:30:48.45 (57946311)|VARIABLE_ASSIGNMENT|[88]|st|"name"
19:30:48.45 (57950743)|STATEMENT_EXECUTE|[88]
19:30:48.45 (57961368)|STATEMENT_EXECUTE|[89]
19:30:48.45 (57962411)|STATEMENT_EXECUTE|[90]
19:30:48.45 (57973029)|METHOD_ENTRY|[90]|01p2800000FELrp|RecentlyViewedRecords.findFieldInfo(String, String)
19:30:48.45 (57981274)|VARIABLE_SCOPE_BEGIN|[136]|objName|String|false|false
19:30:48.45 (57988722)|VARIABLE_ASSIGNMENT|[136]|objName|"Scheduler__c"
19:30:48.45 (57992765)|VARIABLE_SCOPE_BEGIN|[136]|fieldApi|String|false|false
19:30:48.45 (57999462)|VARIABLE_ASSIGNMENT|[136]|fieldApi|"name"
19:30:48.45 (58004681)|STATEMENT_EXECUTE|[136]
19:30:48.45 (58006530)|STATEMENT_EXECUTE|[137]
19:30:48.45 (58021748)|VARIABLE_SCOPE_BEGIN|[137]|leadSchema|Schema.SObjectType|true|false
19:30:48.45 (58076932)|VARIABLE_ASSIGNMENT|[137]|leadSchema|"common.apex.runtime.impl.ApexSObjectTypeToken@73f04781"|0x73f04781
19:30:48.45 (58084235)|STATEMENT_EXECUTE|[138]
19:30:48.45 (58102713)|HEAP_ALLOCATE|[138]|Bytes:4
19:30:48.45 (58225277)|HEAP_ALLOCATE|[138]|Bytes:64
19:30:48.45 (58235732)|METHOD_EXIT|[90]|01p2800000FELrp|RecentlyViewedRecords.findFieldInfo(String, String)
19:30:48.45 (58243161)|VARIABLE_SCOPE_BEGIN|[90]|fieldMap|Map<String,Schema.SObjectField>|true|false
19:30:48.45 (58359512)|VARIABLE_ASSIGNMENT|[90]|fieldMap|"{createdbyid=CreatedById, createddate=CreatedDate, filter_wrapper_json__c=Filter_Wrapper_JSON__c, id=Id, isdeleted=IsDeleted, lastmodifiedbyid=LastModifiedById, lastmodifieddate=LastModifiedDate, lastreferenceddate=LastReferencedDate, lastvieweddate=LastViewedDate, name=Name, ...}"|0x61027021
19:30:48.45 (58370405)|STATEMENT_EXECUTE|[91]
19:30:48.45 (58377497)|HEAP_ALLOCATE|[91]|Bytes:28
19:30:48.45 (58392356)|CONSTRUCTOR_ENTRY|[91]|01p2800000FELrp|<init>()
19:30:48.45 (58400926)|VARIABLE_SCOPE_BEGIN|[167]|this|RecentlyViewedRecords.objectWrapper|true|false
19:30:48.45 (58435310)|VARIABLE_ASSIGNMENT|[167]|this|{}|0x7aecd7e0
19:30:48.45 (58453830)|STATEMENT_EXECUTE|[167]
19:30:48.45 (58455492)|STATEMENT_EXECUTE|[169]
19:30:48.45 (58456418)|STATEMENT_EXECUTE|[171]
19:30:48.45 (58457218)|STATEMENT_EXECUTE|[173]
19:30:48.45 (58458482)|STATEMENT_EXECUTE|[175]
19:30:48.45 (58459378)|STATEMENT_EXECUTE|[177]
19:30:48.45 (58460235)|STATEMENT_EXECUTE|[179]
19:30:48.45 (58463352)|CONSTRUCTOR_EXIT|[91]|01p2800000FELrp|<init>()
19:30:48.45 (58470099)|VARIABLE_SCOPE_BEGIN|[91]|ow|RecentlyViewedRecords.objectWrapper|true|false
19:30:48.45 (58485506)|VARIABLE_ASSIGNMENT|[91]|ow|{}|0x7aecd7e0
19:30:48.45 (58490659)|STATEMENT_EXECUTE|[92]
19:30:48.45 (58544461)|HEAP_ALLOCATE|[92]|Bytes:8
19:30:48.45 (58556846)|HEAP_ALLOCATE|[92]|Bytes:14
19:30:48.45 (58575243)|VARIABLE_ASSIGNMENT|[EXTERNAL]|this|{}|0x7aecd7e0
19:30:48.45 (58583240)|VARIABLE_ASSIGNMENT|[EXTERNAL]|value|"Scheduler Name"
19:30:48.45 (58593771)|VARIABLE_ASSIGNMENT|[169]|this.label|"Scheduler Name"|0x7aecd7e0
19:30:48.45 (58601759)|STATEMENT_EXECUTE|[93]
19:30:48.45 (58632866)|HEAP_ALLOCATE|[93]|Bytes:10
19:30:48.45 (58649071)|HEAP_ALLOCATE|[93]|Bytes:10
19:30:48.45 (58671827)|VARIABLE_ASSIGNMENT|[EXTERNAL]|this|{"label":"Scheduler Name"}|0x7aecd7e0
19:30:48.45 (58679257)|VARIABLE_ASSIGNMENT|[EXTERNAL]|value|"SCH-000006"
19:30:48.45 (58687111)|VARIABLE_ASSIGNMENT|[171]|this.value|"SCH-000006"|0x7aecd7e0
19:30:48.45 (58694238)|STATEMENT_EXECUTE|[94]
19:30:48.45 (58717479)|VARIABLE_ASSIGNMENT|[EXTERNAL]|this|{"label":"Scheduler Name","value":"SCH-000006"}|0x7aecd7e0
19:30:48.45 (58728845)|VARIABLE_ASSIGNMENT|[EXTERNAL]|value|null
19:30:48.45 (58735731)|VARIABLE_ASSIGNMENT|[173]|this.refName|null|0x7aecd7e0
19:30:48.45 (58745466)|STATEMENT_EXECUTE|[95]
19:30:48.45 (58759031)|VARIABLE_ASSIGNMENT|[EXTERNAL]|this|{"label":"Scheduler Name","value":"SCH-000006"}|0x7aecd7e0
19:30:48.45 (58765840)|VARIABLE_ASSIGNMENT|[EXTERNAL]|value|"name"
19:30:48.45 (58771747)|VARIABLE_ASSIGNMENT|[175]|this.api|"name"|0x7aecd7e0
19:30:48.45 (58778239)|STATEMENT_EXECUTE|[96]
19:30:48.45 (58809495)|HEAP_ALLOCATE|[96]|Bytes:8
19:30:48.45 (58853306)|HEAP_ALLOCATE|[96]|Bytes:12
19:30:48.45 (58873835)|HEAP_ALLOCATE|[96]|Bytes:6
19:30:48.45 (58897995)|VARIABLE_ASSIGNMENT|[EXTERNAL]|this|{"api":"name","label":"Scheduler Name","value":"SCH-000006"}|0x7aecd7e0
19:30:48.45 (58905197)|VARIABLE_ASSIGNMENT|[EXTERNAL]|value|"STRING"
19:30:48.45 (58912110)|VARIABLE_ASSIGNMENT|[177]|this.type|"STRING"|0x7aecd7e0
19:30:48.45 (58919262)|STATEMENT_EXECUTE|[98]
19:30:48.45 (58943327)|HEAP_ALLOCATE|[98]|Bytes:105
19:30:48.45 (58953548)|HEAP_ALLOCATE|[98]|Bytes:109
19:30:48.45 (58961636)|USER_DEBUG|[98]|DEBUG|ow==objectWrapper:[api=name, iconUrl=null, label=Scheduler Name, refName=null, type=STRING, value=SCH-000006]
19:30:48.45 (58968162)|STATEMENT_EXECUTE|[99]
19:30:48.45 (58976088)|HEAP_ALLOCATE|[EXTERNAL]|Bytes:4
19:30:48.45 (58988426)|HEAP_ALLOCATE|[88]|Bytes:5
19:30:48.45 (58997826)|VARIABLE_ASSIGNMENT|[88]|st|null
19:30:48.45 (59002633)|STATEMENT_EXECUTE|[102]
19:30:48.45 (59010609)|SYSTEM_MODE_EXIT|false
19:30:48.59 (59032601)|CUMULATIVE_LIMIT_USAGE
19:30:48.59 (59032601)|LIMIT_USAGE_FOR_NS|(default)|
  Number of SOQL queries: 2 out of 100
  Number of query rows: 2 out of 50000
  Number of SOSL queries: 0 out of 20
  Number of DML statements: 0 out of 150
  Number of DML rows: 0 out of 10000
  Maximum CPU time: 0 out of 10000
  Maximum heap size: 0 out of 6000000
  Number of callouts: 0 out of 100
  Number of Email Invocations: 0 out of 10
  Number of future calls: 0 out of 50
  Number of queueable jobs added to the queue: 0 out of 50
  Number of Mobile Apex push calls: 0 out of 10

19:30:48.59 (59032601)|CUMULATIVE_LIMIT_USAGE_END

19:30:48.45 (59061188)|CODE_UNIT_FINISHED|RecentlyViewedRecords.queryCompactLayout
19:30:48.45 (60135402)|CODE_UNIT_STARTED|[EXTERNAL]|Aura
19:30:48.45 (60191624)|CODE_UNIT_FINISHED|Aura
19:30:48.45 (60239946)|CODE_UNIT_FINISHED|Aura
19:30:48.45 (60970034)|EXECUTION_FINISHED
