40.0 APEX_CODE,FINEST;APEX_PROFILING,INFO;CALLOUT,INFO;DB,INFO;SYSTEM,DEBUG;VALIDATION,INFO;VISUALFORCE,INFO;WAVE,INFO;WORKFLOW,INFO
18:57:37.0 (51469)|USER_INFO|[EXTERNAL]|00528000001JBjQ|ramu.veligeti@yahoo.co.in|Pacific Standard Time|GMT-07:00
18:57:37.0 (81082)|EXECUTION_STARTED
18:57:37.0 (84286)|CODE_UNIT_STARTED|[EXTERNAL]|Aura
18:57:37.0 (9540694)|HEAP_ALLOCATE|[72]|Bytes:3
18:57:37.0 (9570295)|HEAP_ALLOCATE|[77]|Bytes:152
18:57:37.0 (9583759)|HEAP_ALLOCATE|[342]|Bytes:408
18:57:37.0 (9598184)|HEAP_ALLOCATE|[355]|Bytes:408
18:57:37.0 (9610399)|HEAP_ALLOCATE|[467]|Bytes:48
18:57:37.0 (9633163)|HEAP_ALLOCATE|[139]|Bytes:6
18:57:37.0 (9644774)|HEAP_ALLOCATE|[EXTERNAL]|Bytes:18
18:57:37.0 (9652701)|HEAP_ALLOCATE|[EXTERNAL]|Bytes:4
18:57:37.0 (9836278)|HEAP_ALLOCATE|[EXTERNAL]|Bytes:12
18:57:37.0 (9842893)|HEAP_ALLOCATE|[EXTERNAL]|Bytes:12
18:57:37.0 (10758884)|CODE_UNIT_STARTED|[EXTERNAL]|01p2800000FELrp|RecentlyViewedRecords.queryCompactLayout
18:57:37.0 (10806400)|VARIABLE_SCOPE_BEGIN|[2]|RecentlyViewedRecords.FIELDSET_NAME|String|false|true
18:57:37.0 (10816462)|VARIABLE_SCOPE_BEGIN|[3]|RecentlyViewedRecords.private_apiFieldNames|Map<String,Set<String>>|true|true
18:57:37.0 (10823734)|VARIABLE_SCOPE_BEGIN|[5]|RecentlyViewedRecords.rvi|Recently_Viewed__c|true|true
18:57:37.0 (10831431)|VARIABLE_SCOPE_BEGIN|[4]|RecentlyViewedRecords.schemaMap|Map<String,Schema.SObjectType>|true|true
18:57:37.0 (10878183)|HEAP_ALLOCATE|[EXTERNAL]|Bytes:35
18:57:37.0 (10886061)|HEAP_ALLOCATE|[EXTERNAL]|Bytes:20
18:57:37.0 (10890264)|HEAP_ALLOCATE|[EXTERNAL]|Bytes:38
18:57:37.0 (10939825)|METHOD_ENTRY|[1]|01p2800000FELrp|RecentlyViewedRecords.RecentlyViewedRecords()
18:57:37.0 (10945603)|STATEMENT_EXECUTE|[1]
18:57:37.0 (10949536)|STATEMENT_EXECUTE|[1]
18:57:37.0 (10950671)|STATEMENT_EXECUTE|[2]
18:57:37.0 (10953607)|HEAP_ALLOCATE|[2]|Bytes:19
18:57:37.0 (10971760)|VARIABLE_ASSIGNMENT|[2]|RecentlyViewedRecords.FIELDSET_NAME|"RecentlyViewedHover"
18:57:37.0 (10976706)|STATEMENT_EXECUTE|[3]
18:57:37.0 (10980349)|HEAP_ALLOCATE|[3]|Bytes:4
18:57:37.0 (10998812)|VARIABLE_ASSIGNMENT|[3]|RecentlyViewedRecords.private_apiFieldNames|{}|0x6a5817e7
18:57:37.0 (11005238)|STATEMENT_EXECUTE|[4]
18:57:37.0 (11037142)|HEAP_ALLOCATE|[50]|Bytes:5
18:57:37.0 (11056316)|HEAP_ALLOCATE|[56]|Bytes:5
18:57:37.0 (11063303)|HEAP_ALLOCATE|[64]|Bytes:7
18:57:37.0 (25718769)|HEAP_ALLOCATE|[4]|Bytes:1456
18:57:37.0 (25985599)|VARIABLE_ASSIGNMENT|[4]|RecentlyViewedRecords.schemaMap|"{acceptedeventrelation=AcceptedEventRelation, acchierarchy__account_hierarchy__mdt=accHierarchy__Account_Hierarchy__mdt, acchierarchy__account_hierarchy_setup__c=accHierarchy__Account_Hierarchy_Setup__c, account=Account, accountcleaninfo=AccountCleanInfo, accountcontactrole=AccountContactRole, accountfeed=AccountFeed, accounthistory=AccountHistory, accountpartner=AccountPartner, accountshare=AccountShare, ...}"|0x4c46529f
18:57:37.0 (26002696)|STATEMENT_EXECUTE|[5]
18:57:37.0 (26886544)|HEAP_ALLOCATE|[5]|Bytes:20
18:57:37.0 (26931094)|VARIABLE_ASSIGNMENT|[5]|RecentlyViewedRecords.rvi|{"IsDeleted":false,"Name":"a0d28000002ZKNz","SetupOwnerId":"00528000001JBjQAAW","Records_to_Display__ (1 more) ...":"20"}|0x2c7ec72d
18:57:37.0 (26945385)|STATEMENT_EXECUTE|[147]
18:57:37.0 (26947366)|STATEMENT_EXECUTE|[167]
18:57:37.0 (26956200)|METHOD_EXIT|[1]|RecentlyViewedRecords
18:57:37.0 (26965211)|HEAP_ALLOCATE|[EXTERNAL]|Bytes:4
18:57:37.0 (26970280)|HEAP_ALLOCATE|[EXTERNAL]|Bytes:12
18:57:37.0 (26978582)|SYSTEM_MODE_ENTER|false
18:57:37.0 (26989592)|VARIABLE_SCOPE_BEGIN|[33]|rvId|Id|false|false
18:57:37.0 (27068621)|VARIABLE_ASSIGNMENT|[33]|rvId|"a0f28000008b0NDAAY"
18:57:37.0 (27078599)|VARIABLE_SCOPE_BEGIN|[33]|objName|String|false|false
18:57:37.0 (27090132)|VARIABLE_ASSIGNMENT|[33]|objName|"Scheduler__c"
18:57:37.0 (27102018)|STATEMENT_EXECUTE|[33]
18:57:37.0 (27103977)|STATEMENT_EXECUTE|[34]
18:57:37.0 (27112767)|HEAP_ALLOCATE|[34]|Bytes:4
18:57:37.0 (27127842)|VARIABLE_SCOPE_BEGIN|[34]|objMap|Map<String,String>|true|false
18:57:37.0 (27147099)|VARIABLE_ASSIGNMENT|[34]|objMap|{}|0x6b30a6a
18:57:37.0 (27155727)|STATEMENT_EXECUTE|[35]
18:57:37.0 (27300242)|HEAP_ALLOCATE|[35]|Bytes:4
18:57:37.0 (27369914)|VARIABLE_SCOPE_BEGIN|[35]|owList|List<RecentlyViewedRecords.objectWrapper>|true|false
18:57:37.0 (27400888)|HEAP_ALLOCATE|[EXTERNAL]|Bytes:4
18:57:37.0 (27411932)|VARIABLE_ASSIGNMENT|[35]|owList|[]|0x789f7289
18:57:37.0 (27417737)|STATEMENT_EXECUTE|[36]
18:57:37.0 (35022054)|HEAP_ALLOCATE|[36]|Bytes:1628
18:57:37.0 (35044551)|VARIABLE_SCOPE_BEGIN|[36]|globalDescribeMap|Map<String,Schema.SObjectType>|true|false
18:57:37.0 (35238357)|VARIABLE_ASSIGNMENT|[36]|globalDescribeMap|"{acceptedeventrelation=AcceptedEventRelation, acchierarchy__account_hierarchy__mdt=accHierarchy__Account_Hierarchy__mdt, acchierarchy__account_hierarchy_setup__c=accHierarchy__Account_Hierarchy_Setup__c, account=Account, accountcleaninfo=AccountCleanInfo, accountcontactrole=AccountContactRole, accountfeed=AccountFeed, accounthistory=AccountHistory, accountpartner=AccountPartner, accountshare=AccountShare, ...}"|0x15307aa2
18:57:37.0 (35252409)|STATEMENT_EXECUTE|[37]
18:57:37.0 (35314285)|VARIABLE_SCOPE_BEGIN|[37]|SObjectTypeObj|Schema.SObjectType|true|false
18:57:37.0 (35366617)|VARIABLE_ASSIGNMENT|[37]|SObjectTypeObj|"common.apex.runtime.impl.ApexSObjectTypeToken@4fad8086"|0x4fad8086
18:57:37.0 (35374391)|STATEMENT_EXECUTE|[38]
18:57:37.0 (35552334)|HEAP_ALLOCATE|[38]|Bytes:4
18:57:37.0 (35578186)|VARIABLE_SCOPE_BEGIN|[38]|describeSObjectResultObj|Schema.DescribeSObjectResult|true|false
18:57:37.0 (35637472)|VARIABLE_ASSIGNMENT|[38]|describeSObjectResultObj|"common.api.soap.wsdl.DescribeSObjectResult@315dff72"|0x44288d59
18:57:37.0 (35646545)|STATEMENT_EXECUTE|[39]
18:57:37.0 (35651105)|HEAP_ALLOCATE|[39]|Bytes:15
18:57:37.0 (35659969)|HEAP_ALLOCATE|[39]|Bytes:2
18:57:37.0 (35768354)|HEAP_ALLOCATE|[39]|Bytes:378
18:57:37.0 (35788704)|HEAP_ALLOCATE|[39]|Bytes:414
18:57:37.0 (35805378)|USER_DEBUG|[39]|DEBUG|FIELDSET_NAME==RecentlyViewedHover==Schema.DescribeSObjectResult[getHasSubtypes=false;getKeyPrefix=a0f;getLabel=Scheduler;getLabelPlural=Scheduler;getName=Scheduler__c;isAccessible=true;isCreateable=true;isCustom=true;isCustomSetting=false;isDeletable=true;isDeprecatedAndHidden=false;isFeedEnabled=false;isMergeable=false;isMruEnabled=true;isQueryable=true;isSearchable=true;isUndeletable=true;isUpdateable=true;]
18:57:37.0 (35823785)|STATEMENT_EXECUTE|[40]
18:57:37.0 (37228257)|HEAP_ALLOCATE|[40]|Bytes:4
18:57:37.0 (37279239)|VARIABLE_SCOPE_BEGIN|[40]|fieldSetObj|Schema.FieldSet|true|false
18:57:37.0 (37293002)|VARIABLE_ASSIGNMENT|[40]|fieldSetObj|null|
18:57:37.0 (37298036)|STATEMENT_EXECUTE|[41]
18:57:37.0 (37301480)|HEAP_ALLOCATE|[41]|Bytes:13
18:57:37.0 (37346049)|HEAP_ALLOCATE|[41]|Bytes:17
18:57:37.0 (37357709)|USER_DEBUG|[41]|DEBUG|fieldSetObj==null
18:57:37.0 (37364472)|STATEMENT_EXECUTE|[42]
18:57:37.0 (37371360)|HEAP_ALLOCATE|[42]|Bytes:4
18:57:37.0 (37400999)|VARIABLE_SCOPE_BEGIN|[42]|fieldApis|List<String>|true|false
18:57:37.0 (37425118)|HEAP_ALLOCATE|[EXTERNAL]|Bytes:4
18:57:37.0 (37436219)|VARIABLE_ASSIGNMENT|[42]|fieldApis|[]|0x25b4b200
18:57:37.0 (37441819)|STATEMENT_EXECUTE|[43]
18:57:37.0 (37447774)|HEAP_ALLOCATE|[43]|Bytes:4
18:57:37.0 (37468307)|VARIABLE_SCOPE_BEGIN|[43]|refFieldToIgnore|Set<String>|true|false
18:57:37.0 (37490032)|VARIABLE_ASSIGNMENT|[43]|refFieldToIgnore|[]|0x2576a1aa
18:57:37.0 (37496427)|STATEMENT_EXECUTE|[44]
18:57:37.0 (37500728)|HEAP_ALLOCATE|[44]|Bytes:4
18:57:37.0 (37511419)|VARIABLE_SCOPE_BEGIN|[44]|refMap|Map<String,String>|true|false
18:57:37.0 (37525474)|VARIABLE_ASSIGNMENT|[44]|refMap|{}|0x5640bc32
18:57:37.0 (37530846)|STATEMENT_EXECUTE|[45]
18:57:37.0 (37532924)|VARIABLE_SCOPE_BEGIN|[45]|query|String|false|false
18:57:37.0 (37541388)|VARIABLE_ASSIGNMENT|[45]|query|null
18:57:37.0 (37545710)|STATEMENT_EXECUTE|[66]
18:57:37.0 (37548396)|HEAP_ALLOCATE|[67]|Bytes:4
18:57:37.0 (37581225)|STATEMENT_EXECUTE|[67]
18:57:37.0 (37582971)|STATEMENT_EXECUTE|[68]
18:57:37.0 (37585241)|HEAP_ALLOCATE|[68]|Bytes:4
18:57:37.0 (37611471)|HEAP_ALLOCATE|[EXTERNAL]|Bytes:4
18:57:37.0 (37621494)|STATEMENT_EXECUTE|[69]
18:57:37.0 (37624667)|HEAP_ALLOCATE|[69]|Bytes:20
18:57:37.0 (37631006)|HEAP_ALLOCATE|[69]|Bytes:13
18:57:37.0 (37661036)|HEAP_ALLOCATE|[69]|Bytes:18
18:57:37.0 (37675772)|HEAP_ALLOCATE|[69]|Bytes:1
18:57:37.0 (37688653)|HEAP_ALLOCATE|[69]|Bytes:64
18:57:37.0 (37702812)|VARIABLE_ASSIGNMENT|[69]|query|"Select Id,Name from  (44 more) ..."
18:57:37.0 (37714802)|STATEMENT_EXECUTE|[85]
18:57:37.0 (37718156)|HEAP_ALLOCATE|[85]|Bytes:7
18:57:37.0 (37727871)|HEAP_ALLOCATE|[85]|Bytes:71
18:57:37.0 (37754536)|USER_DEBUG|[85]|DEBUG|query==Select Id,Name from Scheduler__c where Id = 'a0f28000008b0NDAAY'
18:57:37.0 (37766288)|STATEMENT_EXECUTE|[86]
18:57:37.0 (37941473)|SOQL_EXECUTE_BEGIN|[86]|Aggregations:0|Select Id,Name from Scheduler__c where Id = 'a0f28000008b0NDAAY'
18:57:37.0 (39542946)|SOQL_EXECUTE_END|[86]|Rows:1
18:57:37.0 (39562296)|HEAP_ALLOCATE|[86]|Bytes:8
18:57:37.0 (39576777)|HEAP_ALLOCATE|[86]|Bytes:47
18:57:37.0 (39622708)|HEAP_ALLOCATE|[86]|Bytes:8
18:57:37.0 (39637335)|HEAP_ALLOCATE|[86]|Bytes:33
18:57:37.0 (39680187)|HEAP_ALLOCATE|[86]|Bytes:12
18:57:37.0 (39687615)|VARIABLE_SCOPE_BEGIN|[86]|so|SObject|true|false
18:57:37.0 (39709015)|VARIABLE_ASSIGNMENT|[86]|so|{"Id":"a0f28000008b0NDAAY","Name":"SCH-000007"}|0x26882c74
18:57:37.0 (39718352)|STATEMENT_EXECUTE|[87]
18:57:37.0 (39721998)|HEAP_ALLOCATE|[87]|Bytes:4
18:57:37.0 (39779968)|HEAP_ALLOCATE|[87]|Bytes:53
18:57:37.0 (39795370)|HEAP_ALLOCATE|[87]|Bytes:57
18:57:37.0 (39805200)|USER_DEBUG|[87]|DEBUG|so==Scheduler__c:{Id=a0f28000008b0NDAAY, Name=SCH-000007}
18:57:37.0 (39880666)|HEAP_ALLOCATE|[88]|Bytes:5
18:57:37.0 (39891459)|HEAP_ALLOCATE|[88]|Bytes:4
18:57:37.0 (39902664)|VARIABLE_SCOPE_BEGIN|[88]|st|String|false|false
18:57:37.0 (39912853)|VARIABLE_ASSIGNMENT|[88]|st|"name"
18:57:37.0 (39919335)|STATEMENT_EXECUTE|[88]
18:57:37.0 (39946859)|STATEMENT_EXECUTE|[89]
18:57:37.0 (39948525)|STATEMENT_EXECUTE|[90]
18:57:37.0 (39960937)|METHOD_ENTRY|[90]|01p2800000FELrp|RecentlyViewedRecords.findFieldInfo(String, String)
18:57:37.0 (39978794)|VARIABLE_SCOPE_BEGIN|[136]|objName|String|false|false
18:57:37.0 (39987798)|VARIABLE_ASSIGNMENT|[136]|objName|"Scheduler__c"
18:57:37.0 (39991378)|VARIABLE_SCOPE_BEGIN|[136]|fieldApi|String|false|false
18:57:37.0 (39998468)|VARIABLE_ASSIGNMENT|[136]|fieldApi|"name"
18:57:37.0 (40004465)|STATEMENT_EXECUTE|[136]
18:57:37.0 (40006500)|STATEMENT_EXECUTE|[137]
18:57:37.0 (40035684)|VARIABLE_SCOPE_BEGIN|[137]|leadSchema|Schema.SObjectType|true|false
18:57:37.0 (40094777)|VARIABLE_ASSIGNMENT|[137]|leadSchema|"common.apex.runtime.impl.ApexSObjectTypeToken@4fad8086"|0x4fad8086
18:57:37.0 (40101833)|STATEMENT_EXECUTE|[138]
18:57:37.0 (40136995)|HEAP_ALLOCATE|[138]|Bytes:4
18:57:37.0 (40325400)|HEAP_ALLOCATE|[138]|Bytes:64
18:57:37.0 (40338501)|METHOD_EXIT|[90]|01p2800000FELrp|RecentlyViewedRecords.findFieldInfo(String, String)
18:57:37.0 (40345838)|VARIABLE_SCOPE_BEGIN|[90]|fieldMap|Map<String,Schema.SObjectField>|true|false
18:57:37.0 (40468838)|VARIABLE_ASSIGNMENT|[90]|fieldMap|"{createdbyid=CreatedById, createddate=CreatedDate, filter_wrapper_json__c=Filter_Wrapper_JSON__c, id=Id, isdeleted=IsDeleted, lastmodifiedbyid=LastModifiedById, lastmodifieddate=LastModifiedDate, lastreferenceddate=LastReferencedDate, lastvieweddate=LastViewedDate, name=Name, ...}"|0x426a0229
18:57:37.0 (40486700)|STATEMENT_EXECUTE|[91]
18:57:37.0 (40504037)|HEAP_ALLOCATE|[91]|Bytes:180
18:57:37.0 (40514030)|HEAP_ALLOCATE|[91]|Bytes:23
18:57:37.0 (40522791)|HEAP_ALLOCATE|[91]|Bytes:28
18:57:37.0 (40535382)|CONSTRUCTOR_ENTRY|[91]|01p2800000FELrp|<init>()
18:57:37.0 (40554418)|VARIABLE_SCOPE_BEGIN|[167]|this|RecentlyViewedRecords.objectWrapper|true|false
18:57:37.0 (40591249)|VARIABLE_ASSIGNMENT|[167]|this|{}|0x2c58599a
18:57:37.0 (40602758)|HEAP_ALLOCATE|[EXTERNAL]|Bytes:6
18:57:37.0 (40625764)|STATEMENT_EXECUTE|[167]
18:57:37.0 (40627563)|STATEMENT_EXECUTE|[169]
18:57:37.0 (40628554)|STATEMENT_EXECUTE|[171]
18:57:37.0 (40629402)|STATEMENT_EXECUTE|[173]
18:57:37.0 (40630337)|STATEMENT_EXECUTE|[175]
18:57:37.0 (40631226)|STATEMENT_EXECUTE|[177]
18:57:37.0 (40632090)|STATEMENT_EXECUTE|[179]
18:57:37.0 (40635496)|CONSTRUCTOR_EXIT|[91]|01p2800000FELrp|<init>()
18:57:37.0 (40641367)|VARIABLE_SCOPE_BEGIN|[91]|ow|RecentlyViewedRecords.objectWrapper|true|false
18:57:37.0 (40657584)|VARIABLE_ASSIGNMENT|[91]|ow|{}|0x2c58599a
18:57:37.0 (40663196)|STATEMENT_EXECUTE|[92]
18:57:37.0 (40909567)|HEAP_ALLOCATE|[92]|Bytes:8
18:57:37.0 (40931192)|HEAP_ALLOCATE|[92]|Bytes:14
18:57:37.0 (40960907)|VARIABLE_ASSIGNMENT|[EXTERNAL]|this|{}|0x2c58599a
18:57:37.0 (40969659)|VARIABLE_ASSIGNMENT|[EXTERNAL]|value|"Scheduler Name"
18:57:37.0 (40981743)|VARIABLE_ASSIGNMENT|[169]|this.label|"Scheduler Name"|0x2c58599a
18:57:37.0 (40990705)|STATEMENT_EXECUTE|[93]
18:57:37.0 (41043769)|HEAP_ALLOCATE|[93]|Bytes:10
18:57:37.0 (41063188)|HEAP_ALLOCATE|[93]|Bytes:10
18:57:37.0 (41090430)|VARIABLE_ASSIGNMENT|[EXTERNAL]|this|{"label":"Scheduler Name"}|0x2c58599a
18:57:37.0 (41098435)|VARIABLE_ASSIGNMENT|[EXTERNAL]|value|"SCH-000007"
18:57:37.0 (41106197)|VARIABLE_ASSIGNMENT|[171]|this.value|"SCH-000007"|0x2c58599a
18:57:37.0 (41113666)|STATEMENT_EXECUTE|[94]
18:57:37.0 (41156933)|VARIABLE_ASSIGNMENT|[EXTERNAL]|this|{"label":"Scheduler Name","value":"SCH-000007"}|0x2c58599a
18:57:37.0 (41166206)|VARIABLE_ASSIGNMENT|[EXTERNAL]|value|null
18:57:37.0 (41173564)|VARIABLE_ASSIGNMENT|[173]|this.refName|null|0x2c58599a
18:57:37.0 (41180593)|STATEMENT_EXECUTE|[95]
18:57:37.0 (41205705)|VARIABLE_ASSIGNMENT|[EXTERNAL]|this|{"label":"Scheduler Name","value":"SCH-000007"}|0x2c58599a
18:57:37.0 (41214358)|VARIABLE_ASSIGNMENT|[EXTERNAL]|value|"name"
18:57:37.0 (41221548)|VARIABLE_ASSIGNMENT|[175]|this.api|"name"|0x2c58599a
18:57:37.0 (41228347)|STATEMENT_EXECUTE|[96]
18:57:37.0 (41280487)|HEAP_ALLOCATE|[96]|Bytes:8
18:57:37.0 (42001238)|HEAP_ALLOCATE|[96]|Bytes:12
18:57:37.0 (42030617)|HEAP_ALLOCATE|[96]|Bytes:6
18:57:37.0 (42066498)|VARIABLE_ASSIGNMENT|[EXTERNAL]|this|{"api":"name","label":"Scheduler Name","value":"SCH-000007"}|0x2c58599a
18:57:37.0 (42074977)|VARIABLE_ASSIGNMENT|[EXTERNAL]|value|"STRING"
18:57:37.0 (42083028)|VARIABLE_ASSIGNMENT|[177]|this.type|"STRING"|0x2c58599a
18:57:37.0 (42090794)|STATEMENT_EXECUTE|[98]
18:57:37.0 (42094078)|HEAP_ALLOCATE|[98]|Bytes:4
18:57:37.0 (42135032)|HEAP_ALLOCATE|[98]|Bytes:105
18:57:37.0 (42147904)|HEAP_ALLOCATE|[98]|Bytes:109
18:57:37.0 (42157376)|USER_DEBUG|[98]|DEBUG|ow==objectWrapper:[api=name, iconUrl=null, label=Scheduler Name, refName=null, type=STRING, value=SCH-000007]
18:57:37.0 (42164502)|STATEMENT_EXECUTE|[99]
18:57:37.0 (42187140)|HEAP_ALLOCATE|[EXTERNAL]|Bytes:4
18:57:37.0 (42202010)|HEAP_ALLOCATE|[88]|Bytes:5
18:57:37.0 (42214606)|VARIABLE_ASSIGNMENT|[88]|st|null
18:57:37.0 (42219706)|STATEMENT_EXECUTE|[102]
18:57:37.0 (42227118)|SYSTEM_MODE_EXIT|false
18:57:37.42 (42247565)|CUMULATIVE_LIMIT_USAGE
18:57:37.42 (42247565)|LIMIT_USAGE_FOR_NS|(default)|
  Number of SOQL queries: 1 out of 100
  Number of query rows: 1 out of 50000
  Number of SOSL queries: 0 out of 20
  Number of DML statements: 0 out of 150
  Number of DML rows: 0 out of 10000
  Maximum CPU time: 0 out of 10000
  Maximum heap size: 0 out of 6000000
  Number of callouts: 0 out of 100
  Number of Email Invocations: 0 out of 10
  Number of future calls: 0 out of 50
  Number of queueable jobs added to the queue: 0 out of 50
  Number of Mobile Apex push calls: 0 out of 10

18:57:37.42 (42247565)|CUMULATIVE_LIMIT_USAGE_END

18:57:37.0 (42281885)|CODE_UNIT_FINISHED|RecentlyViewedRecords.queryCompactLayout
18:57:37.0 (43337969)|CODE_UNIT_STARTED|[EXTERNAL]|Aura
18:57:37.0 (43372703)|CODE_UNIT_FINISHED|Aura
18:57:37.0 (43397329)|CODE_UNIT_FINISHED|Aura
18:57:37.0 (44122461)|EXECUTION_FINISHED
18:57:37.46 (46350129)|USER_INFO|[EXTERNAL]|00528000001JBjQ|ramu.veligeti@yahoo.co.in|Pacific Standard Time|GMT-07:00
18:57:37.46 (46373371)|EXECUTION_STARTED
18:57:37.46 (46376747)|CODE_UNIT_STARTED|[EXTERNAL]|Aura
18:57:37.46 (46495312)|HEAP_ALLOCATE|[EXTERNAL]|Bytes:18
18:57:37.46 (46507349)|HEAP_ALLOCATE|[EXTERNAL]|Bytes:4
18:57:37.46 (46547206)|HEAP_ALLOCATE|[EXTERNAL]|Bytes:12
18:57:37.46 (46553555)|HEAP_ALLOCATE|[EXTERNAL]|Bytes:12
18:57:37.46 (47276659)|CODE_UNIT_STARTED|[EXTERNAL]|01p2800000FELrp|RecentlyViewedRecords.queryCompactLayout
18:57:37.46 (47314401)|HEAP_ALLOCATE|[EXTERNAL]|Bytes:4
18:57:37.46 (47319301)|HEAP_ALLOCATE|[EXTERNAL]|Bytes:12
18:57:37.46 (47326548)|SYSTEM_MODE_ENTER|false
18:57:37.46 (47334532)|VARIABLE_SCOPE_BEGIN|[33]|rvId|Id|false|false
18:57:37.46 (47413438)|VARIABLE_ASSIGNMENT|[33]|rvId|"a0f28000008b0NDAAY"
18:57:37.46 (47420903)|VARIABLE_SCOPE_BEGIN|[33]|objName|String|false|false
18:57:37.46 (47429600)|VARIABLE_ASSIGNMENT|[33]|objName|"Scheduler__c"
18:57:37.46 (47438786)|STATEMENT_EXECUTE|[33]
18:57:37.46 (47440221)|STATEMENT_EXECUTE|[34]
18:57:37.46 (47444259)|HEAP_ALLOCATE|[34]|Bytes:4
18:57:37.46 (47455636)|VARIABLE_SCOPE_BEGIN|[34]|objMap|Map<String,String>|true|false
18:57:37.46 (47471325)|VARIABLE_ASSIGNMENT|[34]|objMap|{}|0x465a54d4
18:57:37.46 (47477173)|STATEMENT_EXECUTE|[35]
18:57:37.46 (47481317)|HEAP_ALLOCATE|[35]|Bytes:4
18:57:37.46 (47494578)|VARIABLE_SCOPE_BEGIN|[35]|owList|List<RecentlyViewedRecords.objectWrapper>|true|false
18:57:37.46 (47519999)|HEAP_ALLOCATE|[EXTERNAL]|Bytes:4
18:57:37.46 (47528683)|VARIABLE_ASSIGNMENT|[35]|owList|[]|0x1d15a3e6
18:57:37.46 (47534600)|STATEMENT_EXECUTE|[36]
18:57:37.46 (52683130)|HEAP_ALLOCATE|[36]|Bytes:1628
18:57:37.46 (52709023)|VARIABLE_SCOPE_BEGIN|[36]|globalDescribeMap|Map<String,Schema.SObjectType>|true|false
18:57:37.46 (52960011)|VARIABLE_ASSIGNMENT|[36]|globalDescribeMap|"{acceptedeventrelation=AcceptedEventRelation, acchierarchy__account_hierarchy__mdt=accHierarchy__Account_Hierarchy__mdt, acchierarchy__account_hierarchy_setup__c=accHierarchy__Account_Hierarchy_Setup__c, account=Account, accountcleaninfo=AccountCleanInfo, accountcontactrole=AccountContactRole, accountfeed=AccountFeed, accounthistory=AccountHistory, accountpartner=AccountPartner, accountshare=AccountShare, ...}"|0x5afdd84d
18:57:37.46 (52985365)|STATEMENT_EXECUTE|[37]
18:57:37.46 (53014714)|VARIABLE_SCOPE_BEGIN|[37]|SObjectTypeObj|Schema.SObjectType|true|false
18:57:37.46 (53089074)|VARIABLE_ASSIGNMENT|[37]|SObjectTypeObj|"common.apex.runtime.impl.ApexSObjectTypeToken@4fad8086"|0x4fad8086
18:57:37.46 (53100635)|STATEMENT_EXECUTE|[38]
18:57:37.46 (53125147)|HEAP_ALLOCATE|[38]|Bytes:4
18:57:37.46 (53136640)|VARIABLE_SCOPE_BEGIN|[38]|describeSObjectResultObj|Schema.DescribeSObjectResult|true|false
18:57:37.46 (53214968)|VARIABLE_ASSIGNMENT|[38]|describeSObjectResultObj|"common.api.soap.wsdl.DescribeSObjectResult@315dff72"|0xba53033
18:57:37.46 (53226779)|STATEMENT_EXECUTE|[39]
18:57:37.46 (53331009)|HEAP_ALLOCATE|[39]|Bytes:378
18:57:37.46 (53350162)|HEAP_ALLOCATE|[39]|Bytes:414
18:57:37.46 (53358390)|USER_DEBUG|[39]|DEBUG|FIELDSET_NAME==RecentlyViewedHover==Schema.DescribeSObjectResult[getHasSubtypes=false;getKeyPrefix=a0f;getLabel=Scheduler;getLabelPlural=Scheduler;getName=Scheduler__c;isAccessible=true;isCreateable=true;isCustom=true;isCustomSetting=false;isDeletable=true;isDeprecatedAndHidden=false;isFeedEnabled=false;isMergeable=false;isMruEnabled=true;isQueryable=true;isSearchable=true;isUndeletable=true;isUpdateable=true;]
18:57:37.46 (53371337)|STATEMENT_EXECUTE|[40]
18:57:37.46 (54437028)|HEAP_ALLOCATE|[40]|Bytes:4
18:57:37.46 (54469729)|VARIABLE_SCOPE_BEGIN|[40]|fieldSetObj|Schema.FieldSet|true|false
18:57:37.46 (54485914)|VARIABLE_ASSIGNMENT|[40]|fieldSetObj|null|
18:57:37.46 (54493714)|STATEMENT_EXECUTE|[41]
18:57:37.46 (54522533)|HEAP_ALLOCATE|[41]|Bytes:17
18:57:37.46 (54534105)|USER_DEBUG|[41]|DEBUG|fieldSetObj==null
18:57:37.46 (54543421)|STATEMENT_EXECUTE|[42]
18:57:37.46 (54548070)|HEAP_ALLOCATE|[42]|Bytes:4
18:57:37.46 (54564058)|VARIABLE_SCOPE_BEGIN|[42]|fieldApis|List<String>|true|false
18:57:37.46 (54593670)|HEAP_ALLOCATE|[EXTERNAL]|Bytes:4
18:57:37.46 (54606709)|VARIABLE_ASSIGNMENT|[42]|fieldApis|[]|0x1fcd3967
18:57:37.46 (54614763)|STATEMENT_EXECUTE|[43]
18:57:37.46 (54621661)|HEAP_ALLOCATE|[43]|Bytes:4
18:57:37.46 (54635416)|VARIABLE_SCOPE_BEGIN|[43]|refFieldToIgnore|Set<String>|true|false
18:57:37.46 (54662405)|VARIABLE_ASSIGNMENT|[43]|refFieldToIgnore|[]|0x2ff7b3eb
18:57:37.46 (54670538)|STATEMENT_EXECUTE|[44]
18:57:37.46 (54674784)|HEAP_ALLOCATE|[44]|Bytes:4
18:57:37.46 (54682434)|VARIABLE_SCOPE_BEGIN|[44]|refMap|Map<String,String>|true|false
18:57:37.46 (54700136)|VARIABLE_ASSIGNMENT|[44]|refMap|{}|0x1b7c29e8
18:57:37.46 (54707280)|STATEMENT_EXECUTE|[45]
18:57:37.46 (54710371)|VARIABLE_SCOPE_BEGIN|[45]|query|String|false|false
18:57:37.46 (54721661)|VARIABLE_ASSIGNMENT|[45]|query|null
18:57:37.46 (54727605)|STATEMENT_EXECUTE|[66]
18:57:37.46 (54751753)|STATEMENT_EXECUTE|[67]
18:57:37.46 (54753583)|STATEMENT_EXECUTE|[68]
18:57:37.46 (54761967)|HEAP_ALLOCATE|[EXTERNAL]|Bytes:4
18:57:37.46 (54769222)|STATEMENT_EXECUTE|[69]
18:57:37.46 (54781942)|HEAP_ALLOCATE|[69]|Bytes:18
18:57:37.46 (54797655)|HEAP_ALLOCATE|[69]|Bytes:64
18:57:37.46 (54809503)|VARIABLE_ASSIGNMENT|[69]|query|"Select Id,Name from  (44 more) ..."
18:57:37.46 (54815982)|STATEMENT_EXECUTE|[85]
18:57:37.46 (54821245)|HEAP_ALLOCATE|[85]|Bytes:71
18:57:37.46 (54831496)|USER_DEBUG|[85]|DEBUG|query==Select Id,Name from Scheduler__c where Id = 'a0f28000008b0NDAAY'
18:57:37.46 (54840161)|STATEMENT_EXECUTE|[86]
18:57:37.46 (55024008)|SOQL_EXECUTE_BEGIN|[86]|Aggregations:0|Select Id,Name from Scheduler__c where Id = 'a0f28000008b0NDAAY'
18:57:37.46 (56609913)|SOQL_EXECUTE_END|[86]|Rows:1
18:57:37.46 (56632723)|HEAP_ALLOCATE|[86]|Bytes:8
18:57:37.46 (56652303)|HEAP_ALLOCATE|[86]|Bytes:47
18:57:37.46 (56673597)|HEAP_ALLOCATE|[86]|Bytes:8
18:57:37.46 (56705854)|HEAP_ALLOCATE|[86]|Bytes:12
18:57:37.46 (56713153)|VARIABLE_SCOPE_BEGIN|[86]|so|SObject|true|false
18:57:37.46 (56732949)|VARIABLE_ASSIGNMENT|[86]|so|{"Id":"a0f28000008b0NDAAY","Name":"SCH-000007"}|0x481434d7
18:57:37.46 (56740838)|STATEMENT_EXECUTE|[87]
18:57:37.46 (56778165)|HEAP_ALLOCATE|[87]|Bytes:53
18:57:37.46 (56792319)|HEAP_ALLOCATE|[87]|Bytes:57
18:57:37.46 (56800262)|USER_DEBUG|[87]|DEBUG|so==Scheduler__c:{Id=a0f28000008b0NDAAY, Name=SCH-000007}
18:57:37.46 (56825193)|HEAP_ALLOCATE|[88]|Bytes:5
18:57:37.46 (56834493)|HEAP_ALLOCATE|[88]|Bytes:4
18:57:37.46 (56841034)|VARIABLE_SCOPE_BEGIN|[88]|st|String|false|false
18:57:37.46 (56850689)|VARIABLE_ASSIGNMENT|[88]|st|"name"
18:57:37.46 (56855304)|STATEMENT_EXECUTE|[88]
18:57:37.46 (56865923)|STATEMENT_EXECUTE|[89]
18:57:37.46 (56866922)|STATEMENT_EXECUTE|[90]
18:57:37.46 (56877383)|METHOD_ENTRY|[90]|01p2800000FELrp|RecentlyViewedRecords.findFieldInfo(String, String)
18:57:37.46 (56885441)|VARIABLE_SCOPE_BEGIN|[136]|objName|String|false|false
18:57:37.46 (56893838)|VARIABLE_ASSIGNMENT|[136]|objName|"Scheduler__c"
18:57:37.46 (56898014)|VARIABLE_SCOPE_BEGIN|[136]|fieldApi|String|false|false
18:57:37.46 (56907764)|VARIABLE_ASSIGNMENT|[136]|fieldApi|"name"
18:57:37.46 (56923829)|STATEMENT_EXECUTE|[136]
18:57:37.46 (56925207)|STATEMENT_EXECUTE|[137]
18:57:37.46 (56941477)|VARIABLE_SCOPE_BEGIN|[137]|leadSchema|Schema.SObjectType|true|false
18:57:37.46 (57003914)|VARIABLE_ASSIGNMENT|[137]|leadSchema|"common.apex.runtime.impl.ApexSObjectTypeToken@4fad8086"|0x4fad8086
18:57:37.46 (57012476)|STATEMENT_EXECUTE|[138]
18:57:37.46 (57030318)|HEAP_ALLOCATE|[138]|Bytes:4
18:57:37.46 (57156569)|HEAP_ALLOCATE|[138]|Bytes:64
18:57:37.46 (57167694)|METHOD_EXIT|[90]|01p2800000FELrp|RecentlyViewedRecords.findFieldInfo(String, String)
18:57:37.46 (57175377)|VARIABLE_SCOPE_BEGIN|[90]|fieldMap|Map<String,Schema.SObjectField>|true|false
18:57:37.46 (57294783)|VARIABLE_ASSIGNMENT|[90]|fieldMap|"{createdbyid=CreatedById, createddate=CreatedDate, filter_wrapper_json__c=Filter_Wrapper_JSON__c, id=Id, isdeleted=IsDeleted, lastmodifiedbyid=LastModifiedById, lastmodifieddate=LastModifiedDate, lastreferenceddate=LastReferencedDate, lastvieweddate=LastViewedDate, name=Name, ...}"|0x76a93fc5
18:57:37.46 (57306746)|STATEMENT_EXECUTE|[91]
18:57:37.46 (57313761)|HEAP_ALLOCATE|[91]|Bytes:28
18:57:37.46 (57324491)|CONSTRUCTOR_ENTRY|[91]|01p2800000FELrp|<init>()
18:57:37.46 (57332851)|VARIABLE_SCOPE_BEGIN|[167]|this|RecentlyViewedRecords.objectWrapper|true|false
18:57:37.46 (57367809)|VARIABLE_ASSIGNMENT|[167]|this|{}|0x148058a3
18:57:37.46 (57386795)|STATEMENT_EXECUTE|[167]
18:57:37.46 (57387997)|STATEMENT_EXECUTE|[169]
18:57:37.46 (57389127)|STATEMENT_EXECUTE|[171]
18:57:37.46 (57389950)|STATEMENT_EXECUTE|[173]
18:57:37.46 (57391178)|STATEMENT_EXECUTE|[175]
18:57:37.46 (57392162)|STATEMENT_EXECUTE|[177]
18:57:37.46 (57392967)|STATEMENT_EXECUTE|[179]
18:57:37.46 (57396134)|CONSTRUCTOR_EXIT|[91]|01p2800000FELrp|<init>()
18:57:37.46 (57401890)|VARIABLE_SCOPE_BEGIN|[91]|ow|RecentlyViewedRecords.objectWrapper|true|false
18:57:37.46 (57416987)|VARIABLE_ASSIGNMENT|[91]|ow|{}|0x148058a3
18:57:37.46 (57423039)|STATEMENT_EXECUTE|[92]
18:57:37.46 (57474168)|HEAP_ALLOCATE|[92]|Bytes:8
18:57:37.46 (57486788)|HEAP_ALLOCATE|[92]|Bytes:14
18:57:37.46 (57506695)|VARIABLE_ASSIGNMENT|[EXTERNAL]|this|{}|0x148058a3
18:57:37.46 (57514589)|VARIABLE_ASSIGNMENT|[EXTERNAL]|value|"Scheduler Name"
18:57:37.46 (57526585)|VARIABLE_ASSIGNMENT|[169]|this.label|"Scheduler Name"|0x148058a3
18:57:37.46 (57539505)|STATEMENT_EXECUTE|[93]
18:57:37.46 (57579252)|HEAP_ALLOCATE|[93]|Bytes:10
18:57:37.46 (57597644)|HEAP_ALLOCATE|[93]|Bytes:10
18:57:37.46 (57621630)|VARIABLE_ASSIGNMENT|[EXTERNAL]|this|{"label":"Scheduler Name"}|0x148058a3
18:57:37.46 (57629103)|VARIABLE_ASSIGNMENT|[EXTERNAL]|value|"SCH-000007"
18:57:37.46 (57639194)|VARIABLE_ASSIGNMENT|[171]|this.value|"SCH-000007"|0x148058a3
18:57:37.46 (57651303)|STATEMENT_EXECUTE|[94]
18:57:37.46 (57682408)|VARIABLE_ASSIGNMENT|[EXTERNAL]|this|{"label":"Scheduler Name","value":"SCH-000007"}|0x148058a3
18:57:37.46 (57690755)|VARIABLE_ASSIGNMENT|[EXTERNAL]|value|null
18:57:37.46 (57697115)|VARIABLE_ASSIGNMENT|[173]|this.refName|null|0x148058a3
18:57:37.46 (57703933)|STATEMENT_EXECUTE|[95]
18:57:37.46 (57717272)|VARIABLE_ASSIGNMENT|[EXTERNAL]|this|{"label":"Scheduler Name","value":"SCH-000007"}|0x148058a3
18:57:37.46 (57723796)|VARIABLE_ASSIGNMENT|[EXTERNAL]|value|"name"
18:57:37.46 (57730469)|VARIABLE_ASSIGNMENT|[175]|this.api|"name"|0x148058a3
18:57:37.46 (57736959)|STATEMENT_EXECUTE|[96]
18:57:37.46 (57767124)|HEAP_ALLOCATE|[96]|Bytes:8
18:57:37.46 (57814847)|HEAP_ALLOCATE|[96]|Bytes:12
18:57:37.46 (57834351)|HEAP_ALLOCATE|[96]|Bytes:6
18:57:37.46 (57858984)|VARIABLE_ASSIGNMENT|[EXTERNAL]|this|{"api":"name","label":"Scheduler Name","value":"SCH-000007"}|0x148058a3
18:57:37.46 (57866465)|VARIABLE_ASSIGNMENT|[EXTERNAL]|value|"STRING"
18:57:37.46 (57873151)|VARIABLE_ASSIGNMENT|[177]|this.type|"STRING"|0x148058a3
18:57:37.46 (57880446)|STATEMENT_EXECUTE|[98]
18:57:37.46 (57904369)|HEAP_ALLOCATE|[98]|Bytes:105
18:57:37.46 (57915597)|HEAP_ALLOCATE|[98]|Bytes:109
18:57:37.46 (57923745)|USER_DEBUG|[98]|DEBUG|ow==objectWrapper:[api=name, iconUrl=null, label=Scheduler Name, refName=null, type=STRING, value=SCH-000007]
18:57:37.46 (57930564)|STATEMENT_EXECUTE|[99]
18:57:37.46 (57937602)|HEAP_ALLOCATE|[EXTERNAL]|Bytes:4
18:57:37.46 (57950770)|HEAP_ALLOCATE|[88]|Bytes:5
18:57:37.46 (57959988)|VARIABLE_ASSIGNMENT|[88]|st|null
18:57:37.46 (57964970)|STATEMENT_EXECUTE|[102]
18:57:37.46 (57972759)|SYSTEM_MODE_EXIT|false
18:57:37.57 (57995568)|CUMULATIVE_LIMIT_USAGE
18:57:37.57 (57995568)|LIMIT_USAGE_FOR_NS|(default)|
  Number of SOQL queries: 2 out of 100
  Number of query rows: 2 out of 50000
  Number of SOSL queries: 0 out of 20
  Number of DML statements: 0 out of 150
  Number of DML rows: 0 out of 10000
  Maximum CPU time: 0 out of 10000
  Maximum heap size: 0 out of 6000000
  Number of callouts: 0 out of 100
  Number of Email Invocations: 0 out of 10
  Number of future calls: 0 out of 50
  Number of queueable jobs added to the queue: 0 out of 50
  Number of Mobile Apex push calls: 0 out of 10

18:57:37.57 (57995568)|CUMULATIVE_LIMIT_USAGE_END

18:57:37.46 (58028129)|CODE_UNIT_FINISHED|RecentlyViewedRecords.queryCompactLayout
18:57:37.46 (59494953)|CODE_UNIT_STARTED|[EXTERNAL]|Aura
18:57:37.46 (59545299)|CODE_UNIT_FINISHED|Aura
18:57:37.46 (59578740)|CODE_UNIT_FINISHED|Aura
18:57:37.46 (60340365)|EXECUTION_FINISHED
