40.0 APEX_CODE,FINEST;APEX_PROFILING,INFO;CALLOUT,INFO;DB,INFO;SYSTEM,DEBUG;VALIDATION,INFO;VISUALFORCE,INFO;WAVE,INFO;WORKFLOW,INFO
18:57:44.0 (74212)|USER_INFO|[EXTERNAL]|00528000001JBjQ|ramu.veligeti@yahoo.co.in|Pacific Standard Time|GMT-07:00
18:57:44.0 (124168)|EXECUTION_STARTED
18:57:44.0 (129387)|CODE_UNIT_STARTED|[EXTERNAL]|Aura
18:57:44.0 (13694466)|HEAP_ALLOCATE|[72]|Bytes:3
18:57:44.0 (13739008)|HEAP_ALLOCATE|[77]|Bytes:152
18:57:44.0 (13760811)|HEAP_ALLOCATE|[342]|Bytes:408
18:57:44.0 (13784476)|HEAP_ALLOCATE|[355]|Bytes:408
18:57:44.0 (13806492)|HEAP_ALLOCATE|[467]|Bytes:48
18:57:44.0 (13839988)|HEAP_ALLOCATE|[139]|Bytes:6
18:57:44.0 (13857004)|HEAP_ALLOCATE|[EXTERNAL]|Bytes:18
18:57:44.0 (13868265)|HEAP_ALLOCATE|[EXTERNAL]|Bytes:4
18:57:44.0 (14142565)|HEAP_ALLOCATE|[EXTERNAL]|Bytes:11
18:57:44.0 (14152655)|HEAP_ALLOCATE|[EXTERNAL]|Bytes:11
18:57:44.0 (15160935)|CODE_UNIT_STARTED|[EXTERNAL]|01p2800000FELrp|RecentlyViewedRecords.queryCompactLayout
18:57:44.0 (15229796)|VARIABLE_SCOPE_BEGIN|[2]|RecentlyViewedRecords.FIELDSET_NAME|String|false|true
18:57:44.0 (15245633)|VARIABLE_SCOPE_BEGIN|[3]|RecentlyViewedRecords.private_apiFieldNames|Map<String,Set<String>>|true|true
18:57:44.0 (15258021)|VARIABLE_SCOPE_BEGIN|[5]|RecentlyViewedRecords.rvi|Recently_Viewed__c|true|true
18:57:44.0 (15268239)|VARIABLE_SCOPE_BEGIN|[4]|RecentlyViewedRecords.schemaMap|Map<String,Schema.SObjectType>|true|true
18:57:44.0 (15330053)|HEAP_ALLOCATE|[EXTERNAL]|Bytes:35
18:57:44.0 (15343912)|HEAP_ALLOCATE|[EXTERNAL]|Bytes:20
18:57:44.0 (15349478)|HEAP_ALLOCATE|[EXTERNAL]|Bytes:38
18:57:44.0 (15484217)|METHOD_ENTRY|[1]|01p2800000FELrp|RecentlyViewedRecords.RecentlyViewedRecords()
18:57:44.0 (15495443)|STATEMENT_EXECUTE|[1]
18:57:44.0 (15501136)|STATEMENT_EXECUTE|[1]
18:57:44.0 (15502975)|STATEMENT_EXECUTE|[2]
18:57:44.0 (15508257)|HEAP_ALLOCATE|[2]|Bytes:19
18:57:44.0 (15537317)|VARIABLE_ASSIGNMENT|[2]|RecentlyViewedRecords.FIELDSET_NAME|"RecentlyViewedHover"
18:57:44.0 (15544907)|STATEMENT_EXECUTE|[3]
18:57:44.0 (15551119)|HEAP_ALLOCATE|[3]|Bytes:4
18:57:44.0 (15580305)|VARIABLE_ASSIGNMENT|[3]|RecentlyViewedRecords.private_apiFieldNames|{}|0x63f38e24
18:57:44.0 (15588833)|STATEMENT_EXECUTE|[4]
18:57:44.0 (15638031)|HEAP_ALLOCATE|[50]|Bytes:5
18:57:44.0 (15663443)|HEAP_ALLOCATE|[56]|Bytes:5
18:57:44.0 (15674307)|HEAP_ALLOCATE|[64]|Bytes:7
18:57:44.0 (34973384)|HEAP_ALLOCATE|[4]|Bytes:1456
18:57:44.0 (35408219)|VARIABLE_ASSIGNMENT|[4]|RecentlyViewedRecords.schemaMap|"{acceptedeventrelation=AcceptedEventRelation, acchierarchy__account_hierarchy__mdt=accHierarchy__Account_Hierarchy__mdt, acchierarchy__account_hierarchy_setup__c=accHierarchy__Account_Hierarchy_Setup__c, account=Account, accountcleaninfo=AccountCleanInfo, accountcontactrole=AccountContactRole, accountfeed=AccountFeed, accounthistory=AccountHistory, accountpartner=AccountPartner, accountshare=AccountShare, ...}"|0x11c33e19
18:57:44.0 (35438393)|STATEMENT_EXECUTE|[5]
18:57:44.0 (36915969)|HEAP_ALLOCATE|[5]|Bytes:20
18:57:44.0 (36976951)|VARIABLE_ASSIGNMENT|[5]|RecentlyViewedRecords.rvi|{"IsDeleted":false,"Name":"a0d28000002ZKNz","SetupOwnerId":"00528000001JBjQAAW","Records_to_Display__ (1 more) ...":"20"}|0x5ef566d2
18:57:44.0 (36994076)|STATEMENT_EXECUTE|[147]
18:57:44.0 (36996350)|STATEMENT_EXECUTE|[167]
18:57:44.0 (37008438)|METHOD_EXIT|[1]|RecentlyViewedRecords
18:57:44.0 (37022625)|HEAP_ALLOCATE|[EXTERNAL]|Bytes:4
18:57:44.0 (37028862)|HEAP_ALLOCATE|[EXTERNAL]|Bytes:11
18:57:44.0 (37038801)|SYSTEM_MODE_ENTER|false
18:57:44.0 (37052484)|VARIABLE_SCOPE_BEGIN|[33]|rvId|Id|false|false
18:57:44.0 (37159640)|VARIABLE_ASSIGNMENT|[33]|rvId|"0062800000543lXAAQ"
18:57:44.0 (37171705)|VARIABLE_SCOPE_BEGIN|[33]|objName|String|false|false
18:57:44.0 (37188374)|VARIABLE_ASSIGNMENT|[33]|objName|"Opportunity"
18:57:44.0 (37204092)|STATEMENT_EXECUTE|[33]
18:57:44.0 (37206068)|STATEMENT_EXECUTE|[34]
18:57:44.0 (37218166)|HEAP_ALLOCATE|[34]|Bytes:4
18:57:44.0 (37238916)|VARIABLE_SCOPE_BEGIN|[34]|objMap|Map<String,String>|true|false
18:57:44.0 (37267491)|VARIABLE_ASSIGNMENT|[34]|objMap|{}|0x21085186
18:57:44.0 (37278804)|STATEMENT_EXECUTE|[35]
18:57:44.0 (37471789)|HEAP_ALLOCATE|[35]|Bytes:4
18:57:44.0 (37569199)|VARIABLE_SCOPE_BEGIN|[35]|owList|List<RecentlyViewedRecords.objectWrapper>|true|false
18:57:44.0 (37613070)|HEAP_ALLOCATE|[EXTERNAL]|Bytes:4
18:57:44.0 (37628717)|VARIABLE_ASSIGNMENT|[35]|owList|[]|0x29b38048
18:57:44.0 (37639841)|STATEMENT_EXECUTE|[36]
18:57:44.0 (48369088)|HEAP_ALLOCATE|[36]|Bytes:1628
18:57:44.0 (48409396)|VARIABLE_SCOPE_BEGIN|[36]|globalDescribeMap|Map<String,Schema.SObjectType>|true|false
18:57:44.0 (48656744)|VARIABLE_ASSIGNMENT|[36]|globalDescribeMap|"{acceptedeventrelation=AcceptedEventRelation, acchierarchy__account_hierarchy__mdt=accHierarchy__Account_Hierarchy__mdt, acchierarchy__account_hierarchy_setup__c=accHierarchy__Account_Hierarchy_Setup__c, account=Account, accountcleaninfo=AccountCleanInfo, accountcontactrole=AccountContactRole, accountfeed=AccountFeed, accounthistory=AccountHistory, accountpartner=AccountPartner, accountshare=AccountShare, ...}"|0x14ca0a0b
18:57:44.0 (48679945)|STATEMENT_EXECUTE|[37]
18:57:44.0 (48760219)|VARIABLE_SCOPE_BEGIN|[37]|SObjectTypeObj|Schema.SObjectType|true|false
18:57:44.0 (48833573)|VARIABLE_ASSIGNMENT|[37]|SObjectTypeObj|"common.apex.runtime.impl.ApexSObjectTypeToken@617c2db6"|0x617c2db6
18:57:44.0 (48845491)|STATEMENT_EXECUTE|[38]
18:57:44.0 (49095106)|HEAP_ALLOCATE|[38]|Bytes:4
18:57:44.0 (49131755)|VARIABLE_SCOPE_BEGIN|[38]|describeSObjectResultObj|Schema.DescribeSObjectResult|true|false
18:57:44.0 (49220170)|VARIABLE_ASSIGNMENT|[38]|describeSObjectResultObj|"common.api.soap.wsdl.DescribeSObjectResult@61a57517"|0x73417b0f
18:57:44.0 (49232541)|STATEMENT_EXECUTE|[39]
18:57:44.0 (49238893)|HEAP_ALLOCATE|[39]|Bytes:15
18:57:44.0 (49251623)|HEAP_ALLOCATE|[39]|Bytes:2
18:57:44.0 (49393329)|HEAP_ALLOCATE|[39]|Bytes:383
18:57:44.0 (49429149)|HEAP_ALLOCATE|[39]|Bytes:419
18:57:44.0 (49453800)|USER_DEBUG|[39]|DEBUG|FIELDSET_NAME==RecentlyViewedHover==Schema.DescribeSObjectResult[getHasSubtypes=false;getKeyPrefix=006;getLabel=Opportunity;getLabelPlural=Opportunities;getName=Opportunity;isAccessible=true;isCreateable=true;isCustom=false;isCustomSetting=false;isDeletable=true;isDeprecatedAndHidden=false;isFeedEnabled=true;isMergeable=false;isMruEnabled=true;isQueryable=true;isSearchable=true;isUndeletable=true;isUpdateable=true;]
18:57:44.0 (49468180)|STATEMENT_EXECUTE|[40]
18:57:44.0 (51391902)|HEAP_ALLOCATE|[40]|Bytes:4
18:57:44.0 (51484163)|VARIABLE_SCOPE_BEGIN|[40]|fieldSetObj|Schema.FieldSet|true|false
18:57:44.0 (51508832)|VARIABLE_ASSIGNMENT|[40]|fieldSetObj|null|
18:57:44.0 (51518175)|STATEMENT_EXECUTE|[41]
18:57:44.0 (51523890)|HEAP_ALLOCATE|[41]|Bytes:13
18:57:44.0 (51601855)|HEAP_ALLOCATE|[41]|Bytes:17
18:57:44.0 (51620867)|USER_DEBUG|[41]|DEBUG|fieldSetObj==null
18:57:44.0 (51631873)|STATEMENT_EXECUTE|[42]
18:57:44.0 (51639577)|HEAP_ALLOCATE|[42]|Bytes:4
18:57:44.0 (51673860)|VARIABLE_SCOPE_BEGIN|[42]|fieldApis|List<String>|true|false
18:57:44.0 (51710927)|HEAP_ALLOCATE|[EXTERNAL]|Bytes:4
18:57:44.0 (51726830)|VARIABLE_ASSIGNMENT|[42]|fieldApis|[]|0x654c4122
18:57:44.0 (51734618)|STATEMENT_EXECUTE|[43]
18:57:44.0 (51743725)|HEAP_ALLOCATE|[43]|Bytes:4
18:57:44.0 (51772061)|VARIABLE_SCOPE_BEGIN|[43]|refFieldToIgnore|Set<String>|true|false
18:57:44.0 (51802734)|VARIABLE_ASSIGNMENT|[43]|refFieldToIgnore|[]|0x1dadc787
18:57:44.0 (51811503)|STATEMENT_EXECUTE|[44]
18:57:44.0 (51816395)|HEAP_ALLOCATE|[44]|Bytes:4
18:57:44.0 (51825110)|VARIABLE_SCOPE_BEGIN|[44]|refMap|Map<String,String>|true|false
18:57:44.0 (51845193)|VARIABLE_ASSIGNMENT|[44]|refMap|{}|0x69c3d7e7
18:57:44.0 (51852460)|STATEMENT_EXECUTE|[45]
18:57:44.0 (51855446)|VARIABLE_SCOPE_BEGIN|[45]|query|String|false|false
18:57:44.0 (51867552)|VARIABLE_ASSIGNMENT|[45]|query|null
18:57:44.0 (51874596)|STATEMENT_EXECUTE|[66]
18:57:44.0 (51878678)|HEAP_ALLOCATE|[67]|Bytes:4
18:57:44.0 (51927809)|STATEMENT_EXECUTE|[67]
18:57:44.0 (51929993)|STATEMENT_EXECUTE|[68]
18:57:44.0 (51933385)|HEAP_ALLOCATE|[68]|Bytes:4
18:57:44.0 (51964525)|HEAP_ALLOCATE|[EXTERNAL]|Bytes:4
18:57:44.0 (51973453)|STATEMENT_EXECUTE|[69]
18:57:44.0 (51976575)|HEAP_ALLOCATE|[69]|Bytes:20
18:57:44.0 (51982694)|HEAP_ALLOCATE|[69]|Bytes:13
18:57:44.0 (52007845)|HEAP_ALLOCATE|[69]|Bytes:18
18:57:44.0 (52020489)|HEAP_ALLOCATE|[69]|Bytes:1
18:57:44.0 (52032306)|HEAP_ALLOCATE|[69]|Bytes:63
18:57:44.0 (52044952)|VARIABLE_ASSIGNMENT|[69]|query|"Select Id,Name from  (43 more) ..."
18:57:44.0 (52052119)|STATEMENT_EXECUTE|[85]
18:57:44.0 (52055155)|HEAP_ALLOCATE|[85]|Bytes:7
18:57:44.0 (52062761)|HEAP_ALLOCATE|[85]|Bytes:70
18:57:44.0 (52086932)|USER_DEBUG|[85]|DEBUG|query==Select Id,Name from Opportunity where Id = '0062800000543lXAAQ'
18:57:44.0 (52098440)|STATEMENT_EXECUTE|[86]
18:57:44.0 (52507904)|SOQL_EXECUTE_BEGIN|[86]|Aggregations:0|Select Id,Name from Opportunity where Id = '0062800000543lXAAQ'
18:57:44.0 (54742948)|SOQL_EXECUTE_END|[86]|Rows:1
18:57:44.0 (54768508)|HEAP_ALLOCATE|[86]|Bytes:8
18:57:44.0 (54784763)|HEAP_ALLOCATE|[86]|Bytes:67
18:57:44.0 (54848505)|HEAP_ALLOCATE|[86]|Bytes:8
18:57:44.0 (54873234)|HEAP_ALLOCATE|[86]|Bytes:33
18:57:44.0 (54934389)|HEAP_ALLOCATE|[86]|Bytes:12
18:57:44.0 (54946312)|VARIABLE_SCOPE_BEGIN|[86]|so|SObject|true|false
18:57:44.0 (54976234)|VARIABLE_ASSIGNMENT|[86]|so|{"Id":"0062800000543lXAAQ","Name":"United Oil Refinery  (10 more) ..."}|0x62882680
18:57:44.0 (54984049)|STATEMENT_EXECUTE|[87]
18:57:44.0 (54987389)|HEAP_ALLOCATE|[87]|Bytes:4
18:57:44.0 (55059465)|HEAP_ALLOCATE|[87]|Bytes:72
18:57:44.0 (55076314)|HEAP_ALLOCATE|[87]|Bytes:76
18:57:44.0 (55092470)|USER_DEBUG|[87]|DEBUG|so==Opportunity:{Id=0062800000543lXAAQ, Name=United Oil Refinery Generators}
18:57:44.0 (55186814)|HEAP_ALLOCATE|[88]|Bytes:5
18:57:44.0 (55205184)|HEAP_ALLOCATE|[88]|Bytes:4
18:57:44.0 (55218590)|VARIABLE_SCOPE_BEGIN|[88]|st|String|false|false
18:57:44.0 (55236618)|VARIABLE_ASSIGNMENT|[88]|st|"name"
18:57:44.0 (55244827)|STATEMENT_EXECUTE|[88]
18:57:44.0 (55286051)|STATEMENT_EXECUTE|[89]
18:57:44.0 (55288381)|STATEMENT_EXECUTE|[90]
18:57:44.0 (55301644)|METHOD_ENTRY|[90]|01p2800000FELrp|RecentlyViewedRecords.findFieldInfo(String, String)
18:57:44.0 (55323119)|VARIABLE_SCOPE_BEGIN|[136]|objName|String|false|false
18:57:44.0 (55333820)|VARIABLE_ASSIGNMENT|[136]|objName|"Opportunity"
18:57:44.0 (55342776)|VARIABLE_SCOPE_BEGIN|[136]|fieldApi|String|false|false
18:57:44.0 (55349450)|VARIABLE_ASSIGNMENT|[136]|fieldApi|"name"
18:57:44.0 (55355229)|STATEMENT_EXECUTE|[136]
18:57:44.0 (55356475)|STATEMENT_EXECUTE|[137]
18:57:44.0 (55391252)|VARIABLE_SCOPE_BEGIN|[137]|leadSchema|Schema.SObjectType|true|false
18:57:44.0 (55467006)|VARIABLE_ASSIGNMENT|[137]|leadSchema|"common.apex.runtime.impl.ApexSObjectTypeToken@617c2db6"|0x617c2db6
18:57:44.0 (55474499)|STATEMENT_EXECUTE|[138]
18:57:44.0 (55511994)|HEAP_ALLOCATE|[138]|Bytes:4
18:57:44.0 (55939522)|HEAP_ALLOCATE|[138]|Bytes:172
18:57:44.0 (55955946)|METHOD_EXIT|[90]|01p2800000FELrp|RecentlyViewedRecords.findFieldInfo(String, String)
18:57:44.0 (55963808)|VARIABLE_SCOPE_BEGIN|[90]|fieldMap|Map<String,Schema.SObjectField>|true|false
18:57:44.0 (56098649)|VARIABLE_ASSIGNMENT|[90]|fieldMap|"{accountid=AccountId, amount=Amount, campaignid=CampaignId, closedate=CloseDate, contractid=ContractId, createdbyid=CreatedById, createddate=CreatedDate, currentgenerators__c=CurrentGenerators__c, deliveryinstallationstatus__c=DeliveryInstallationStatus__c, description=Description, ...}"|0x954fc2d
18:57:44.0 (56111101)|STATEMENT_EXECUTE|[91]
18:57:44.0 (56125206)|HEAP_ALLOCATE|[91]|Bytes:180
18:57:44.0 (56132413)|HEAP_ALLOCATE|[91]|Bytes:23
18:57:44.0 (56142169)|HEAP_ALLOCATE|[91]|Bytes:28
18:57:44.0 (56158969)|CONSTRUCTOR_ENTRY|[91]|01p2800000FELrp|<init>()
18:57:44.0 (56184407)|VARIABLE_SCOPE_BEGIN|[167]|this|RecentlyViewedRecords.objectWrapper|true|false
18:57:44.0 (56217707)|VARIABLE_ASSIGNMENT|[167]|this|{}|0xc3e4708
18:57:44.0 (56228806)|HEAP_ALLOCATE|[EXTERNAL]|Bytes:6
18:57:44.0 (56251039)|STATEMENT_EXECUTE|[167]
18:57:44.0 (56252651)|STATEMENT_EXECUTE|[169]
18:57:44.0 (56253931)|STATEMENT_EXECUTE|[171]
18:57:44.0 (56254768)|STATEMENT_EXECUTE|[173]
18:57:44.0 (56255647)|STATEMENT_EXECUTE|[175]
18:57:44.0 (56256568)|STATEMENT_EXECUTE|[177]
18:57:44.0 (56257851)|STATEMENT_EXECUTE|[179]
18:57:44.0 (56262054)|CONSTRUCTOR_EXIT|[91]|01p2800000FELrp|<init>()
18:57:44.0 (56268084)|VARIABLE_SCOPE_BEGIN|[91]|ow|RecentlyViewedRecords.objectWrapper|true|false
18:57:44.0 (56285273)|VARIABLE_ASSIGNMENT|[91]|ow|{}|0xc3e4708
18:57:44.0 (56291189)|STATEMENT_EXECUTE|[92]
18:57:44.0 (56628567)|HEAP_ALLOCATE|[92]|Bytes:8
18:57:44.0 (56654791)|HEAP_ALLOCATE|[92]|Bytes:4
18:57:44.0 (56691316)|VARIABLE_ASSIGNMENT|[EXTERNAL]|this|{}|0xc3e4708
18:57:44.0 (56704560)|VARIABLE_ASSIGNMENT|[EXTERNAL]|value|"Name"
18:57:44.0 (56720985)|VARIABLE_ASSIGNMENT|[169]|this.label|"Name"|0xc3e4708
18:57:44.0 (56735703)|STATEMENT_EXECUTE|[93]
18:57:44.0 (56807330)|HEAP_ALLOCATE|[93]|Bytes:30
18:57:44.0 (56838222)|HEAP_ALLOCATE|[93]|Bytes:30
18:57:44.0 (56884489)|VARIABLE_ASSIGNMENT|[EXTERNAL]|this|{"label":"Name"}|0xc3e4708
18:57:44.0 (56899754)|VARIABLE_ASSIGNMENT|[EXTERNAL]|value|"United Oil Refinery  (10 more) ..."
18:57:44.0 (56913271)|VARIABLE_ASSIGNMENT|[171]|this.value|"United Oil Refinery  (10 more) ..."|0xc3e4708
18:57:44.0 (56925769)|STATEMENT_EXECUTE|[94]
18:57:44.0 (56995107)|VARIABLE_ASSIGNMENT|[EXTERNAL]|this|{"label":"Name","value":"United Oil Refinery  (10 more) ..."}|0xc3e4708
18:57:44.0 (57009912)|VARIABLE_ASSIGNMENT|[EXTERNAL]|value|null
18:57:44.0 (57022075)|VARIABLE_ASSIGNMENT|[173]|this.refName|null|0xc3e4708
18:57:44.0 (57034440)|STATEMENT_EXECUTE|[95]
18:57:44.0 (57076708)|VARIABLE_ASSIGNMENT|[EXTERNAL]|this|{"label":"Name","value":"United Oil Refinery  (10 more) ..."}|0xc3e4708
18:57:44.0 (57089937)|VARIABLE_ASSIGNMENT|[EXTERNAL]|value|"name"
18:57:44.0 (57098736)|VARIABLE_ASSIGNMENT|[175]|this.api|"name"|0xc3e4708
18:57:44.0 (57106737)|STATEMENT_EXECUTE|[96]
18:57:44.0 (57163427)|HEAP_ALLOCATE|[96]|Bytes:8
18:57:44.0 (58049908)|HEAP_ALLOCATE|[96]|Bytes:12
18:57:44.0 (58080802)|HEAP_ALLOCATE|[96]|Bytes:6
18:57:44.0 (58119647)|VARIABLE_ASSIGNMENT|[EXTERNAL]|this|{"api":"name","label":"Name","value":"United Oil Refinery  (10 more) ..."}|0xc3e4708
18:57:44.0 (58127970)|VARIABLE_ASSIGNMENT|[EXTERNAL]|value|"STRING"
18:57:44.0 (58136808)|VARIABLE_ASSIGNMENT|[177]|this.type|"STRING"|0xc3e4708
18:57:44.0 (58145820)|STATEMENT_EXECUTE|[98]
18:57:44.0 (58149252)|HEAP_ALLOCATE|[98]|Bytes:4
18:57:44.0 (58195090)|HEAP_ALLOCATE|[98]|Bytes:115
18:57:44.0 (58214646)|HEAP_ALLOCATE|[98]|Bytes:119
18:57:44.0 (58232157)|USER_DEBUG|[98]|DEBUG|ow==objectWrapper:[api=name, iconUrl=null, label=Name, refName=null, type=STRING, value=United Oil Refinery Generators]
18:57:44.0 (58241873)|STATEMENT_EXECUTE|[99]
18:57:44.0 (58267733)|HEAP_ALLOCATE|[EXTERNAL]|Bytes:4
18:57:44.0 (58291337)|HEAP_ALLOCATE|[88]|Bytes:5
18:57:44.0 (58309131)|VARIABLE_ASSIGNMENT|[88]|st|null
18:57:44.0 (58315700)|STATEMENT_EXECUTE|[102]
18:57:44.0 (58323431)|SYSTEM_MODE_EXIT|false
18:57:44.58 (58349358)|CUMULATIVE_LIMIT_USAGE
18:57:44.58 (58349358)|LIMIT_USAGE_FOR_NS|(default)|
  Number of SOQL queries: 1 out of 100
  Number of query rows: 1 out of 50000
  Number of SOSL queries: 0 out of 20
  Number of DML statements: 0 out of 150
  Number of DML rows: 0 out of 10000
  Maximum CPU time: 0 out of 10000
  Maximum heap size: 0 out of 6000000
  Number of callouts: 0 out of 100
  Number of Email Invocations: 0 out of 10
  Number of future calls: 0 out of 50
  Number of queueable jobs added to the queue: 0 out of 50
  Number of Mobile Apex push calls: 0 out of 10

18:57:44.58 (58349358)|CUMULATIVE_LIMIT_USAGE_END

18:57:44.0 (58380111)|CODE_UNIT_FINISHED|RecentlyViewedRecords.queryCompactLayout
18:57:44.0 (60206319)|CODE_UNIT_STARTED|[EXTERNAL]|Aura
18:57:44.0 (60269659)|CODE_UNIT_FINISHED|Aura
18:57:44.0 (60307001)|CODE_UNIT_FINISHED|Aura
18:57:44.0 (61141270)|EXECUTION_FINISHED
