40.0 APEX_CODE,FINEST;APEX_PROFILING,INFO;CALLOUT,INFO;DB,INFO;SYSTEM,DEBUG;VALIDATION,INFO;VISUALFORCE,INFO;WAVE,INFO;WORKFLOW,INFO
19:04:08.0 (71933)|USER_INFO|[EXTERNAL]|00528000001JBjQ|ramu.veligeti@yahoo.co.in|Pacific Standard Time|GMT-07:00
19:04:08.0 (106498)|EXECUTION_STARTED
19:04:08.0 (110039)|CODE_UNIT_STARTED|[EXTERNAL]|Aura
19:04:08.0 (11228682)|HEAP_ALLOCATE|[72]|Bytes:3
19:04:08.0 (11280164)|HEAP_ALLOCATE|[77]|Bytes:152
19:04:08.0 (11299312)|HEAP_ALLOCATE|[342]|Bytes:408
19:04:08.0 (11316859)|HEAP_ALLOCATE|[355]|Bytes:408
19:04:08.0 (11331152)|HEAP_ALLOCATE|[467]|Bytes:48
19:04:08.0 (11356216)|HEAP_ALLOCATE|[139]|Bytes:6
19:04:08.0 (11369163)|HEAP_ALLOCATE|[EXTERNAL]|Bytes:18
19:04:08.0 (11377804)|HEAP_ALLOCATE|[EXTERNAL]|Bytes:4
19:04:08.0 (11569616)|HEAP_ALLOCATE|[EXTERNAL]|Bytes:11
19:04:08.0 (11576347)|HEAP_ALLOCATE|[EXTERNAL]|Bytes:11
19:04:08.0 (14697518)|CODE_UNIT_STARTED|[EXTERNAL]|01p2800000FELrp|RecentlyViewedRecords.queryCompactLayout
19:04:08.0 (14757593)|VARIABLE_SCOPE_BEGIN|[2]|RecentlyViewedRecords.FIELDSET_NAME|String|false|true
19:04:08.0 (14774858)|VARIABLE_SCOPE_BEGIN|[3]|RecentlyViewedRecords.private_apiFieldNames|Map<String,Set<String>>|true|true
19:04:08.0 (14788795)|VARIABLE_SCOPE_BEGIN|[5]|RecentlyViewedRecords.rvi|Recently_Viewed__c|true|true
19:04:08.0 (14796198)|VARIABLE_SCOPE_BEGIN|[4]|RecentlyViewedRecords.schemaMap|Map<String,Schema.SObjectType>|true|true
19:04:08.0 (14866958)|HEAP_ALLOCATE|[EXTERNAL]|Bytes:35
19:04:08.0 (14876219)|HEAP_ALLOCATE|[EXTERNAL]|Bytes:20
19:04:08.0 (14880083)|HEAP_ALLOCATE|[EXTERNAL]|Bytes:38
19:04:08.0 (14993603)|METHOD_ENTRY|[1]|01p2800000FELrp|RecentlyViewedRecords.RecentlyViewedRecords()
19:04:08.0 (15003353)|STATEMENT_EXECUTE|[1]
19:04:08.0 (15009284)|STATEMENT_EXECUTE|[1]
19:04:08.0 (15010908)|STATEMENT_EXECUTE|[2]
19:04:08.0 (15016045)|HEAP_ALLOCATE|[2]|Bytes:19
19:04:08.0 (15044567)|VARIABLE_ASSIGNMENT|[2]|RecentlyViewedRecords.FIELDSET_NAME|"RecentlyViewedHover"
19:04:08.0 (15050004)|STATEMENT_EXECUTE|[3]
19:04:08.0 (15056383)|HEAP_ALLOCATE|[3]|Bytes:4
19:04:08.0 (15082602)|VARIABLE_ASSIGNMENT|[3]|RecentlyViewedRecords.private_apiFieldNames|{}|0x9fe09c4
19:04:08.0 (15091296)|STATEMENT_EXECUTE|[4]
19:04:08.0 (15131526)|HEAP_ALLOCATE|[50]|Bytes:5
19:04:08.0 (15156873)|HEAP_ALLOCATE|[56]|Bytes:5
19:04:08.0 (15167012)|HEAP_ALLOCATE|[64]|Bytes:7
19:04:08.0 (36104463)|HEAP_ALLOCATE|[4]|Bytes:1456
19:04:08.0 (36470302)|VARIABLE_ASSIGNMENT|[4]|RecentlyViewedRecords.schemaMap|"{acceptedeventrelation=AcceptedEventRelation, acchierarchy__account_hierarchy__mdt=accHierarchy__Account_Hierarchy__mdt, acchierarchy__account_hierarchy_setup__c=accHierarchy__Account_Hierarchy_Setup__c, account=Account, accountcleaninfo=AccountCleanInfo, accountcontactrole=AccountContactRole, accountfeed=AccountFeed, accounthistory=AccountHistory, accountpartner=AccountPartner, accountshare=AccountShare, ...}"|0x5be97513
19:04:08.0 (36494944)|STATEMENT_EXECUTE|[5]
19:04:08.0 (39554352)|HEAP_ALLOCATE|[5]|Bytes:20
19:04:08.0 (39610768)|VARIABLE_ASSIGNMENT|[5]|RecentlyViewedRecords.rvi|{"IsDeleted":false,"Name":"a0d28000002ZKNz","SetupOwnerId":"00528000001JBjQAAW","Records_to_Display__ (1 more) ...":"20"}|0x522a483a
19:04:08.0 (39624803)|STATEMENT_EXECUTE|[147]
19:04:08.0 (39626382)|STATEMENT_EXECUTE|[167]
19:04:08.0 (39633941)|METHOD_EXIT|[1]|RecentlyViewedRecords
19:04:08.0 (39642051)|HEAP_ALLOCATE|[EXTERNAL]|Bytes:4
19:04:08.0 (39645663)|HEAP_ALLOCATE|[EXTERNAL]|Bytes:11
19:04:08.0 (39651853)|SYSTEM_MODE_ENTER|false
19:04:08.0 (39667166)|VARIABLE_SCOPE_BEGIN|[33]|rvId|Id|false|false
19:04:08.0 (39762902)|VARIABLE_ASSIGNMENT|[33]|rvId|"0062800000543lXAAQ"
19:04:08.0 (39770579)|VARIABLE_SCOPE_BEGIN|[33]|objName|String|false|false
19:04:08.0 (39779284)|VARIABLE_ASSIGNMENT|[33]|objName|"Opportunity"
19:04:08.0 (39794819)|STATEMENT_EXECUTE|[33]
19:04:08.0 (39796253)|STATEMENT_EXECUTE|[34]
19:04:08.0 (39804750)|HEAP_ALLOCATE|[34]|Bytes:4
19:04:08.0 (39819366)|VARIABLE_SCOPE_BEGIN|[34]|objMap|Map<String,String>|true|false
19:04:08.0 (39841892)|VARIABLE_ASSIGNMENT|[34]|objMap|{}|0x2b63db92
19:04:08.0 (39849952)|STATEMENT_EXECUTE|[35]
19:04:08.0 (40070118)|HEAP_ALLOCATE|[35]|Bytes:4
19:04:08.0 (40151477)|VARIABLE_SCOPE_BEGIN|[35]|owList|List<RecentlyViewedRecords.objectWrapper>|true|false
19:04:08.0 (40180296)|HEAP_ALLOCATE|[EXTERNAL]|Bytes:4
19:04:08.0 (40190808)|VARIABLE_ASSIGNMENT|[35]|owList|[]|0x3bb26200
19:04:08.0 (40203098)|STATEMENT_EXECUTE|[36]
19:04:08.0 (48883020)|HEAP_ALLOCATE|[36]|Bytes:1628
19:04:08.0 (48911661)|VARIABLE_SCOPE_BEGIN|[36]|globalDescribeMap|Map<String,Schema.SObjectType>|true|false
19:04:08.0 (49164604)|VARIABLE_ASSIGNMENT|[36]|globalDescribeMap|"{acceptedeventrelation=AcceptedEventRelation, acchierarchy__account_hierarchy__mdt=accHierarchy__Account_Hierarchy__mdt, acchierarchy__account_hierarchy_setup__c=accHierarchy__Account_Hierarchy_Setup__c, account=Account, accountcleaninfo=AccountCleanInfo, accountcontactrole=AccountContactRole, accountfeed=AccountFeed, accounthistory=AccountHistory, accountpartner=AccountPartner, accountshare=AccountShare, ...}"|0x6a7b74c9
19:04:08.0 (49181165)|STATEMENT_EXECUTE|[37]
19:04:08.0 (49241953)|VARIABLE_SCOPE_BEGIN|[37]|SObjectTypeObj|Schema.SObjectType|true|false
19:04:08.0 (49292466)|VARIABLE_ASSIGNMENT|[37]|SObjectTypeObj|"common.apex.runtime.impl.ApexSObjectTypeToken@6a109a24"|0x6a109a24
19:04:08.0 (49300526)|STATEMENT_EXECUTE|[38]
19:04:08.0 (49486754)|HEAP_ALLOCATE|[38]|Bytes:4
19:04:08.0 (49512893)|VARIABLE_SCOPE_BEGIN|[38]|describeSObjectResultObj|Schema.DescribeSObjectResult|true|false
19:04:08.0 (49586978)|VARIABLE_ASSIGNMENT|[38]|describeSObjectResultObj|"common.api.soap.wsdl.DescribeSObjectResult@61a57517"|0x46fc4729
19:04:08.0 (49594971)|STATEMENT_EXECUTE|[39]
19:04:08.0 (49599353)|HEAP_ALLOCATE|[39]|Bytes:15
19:04:08.0 (49607870)|HEAP_ALLOCATE|[39]|Bytes:2
19:04:08.0 (49722667)|HEAP_ALLOCATE|[39]|Bytes:383
19:04:08.0 (49753405)|HEAP_ALLOCATE|[39]|Bytes:419
19:04:08.0 (49773072)|USER_DEBUG|[39]|DEBUG|FIELDSET_NAME==RecentlyViewedHover==Schema.DescribeSObjectResult[getHasSubtypes=false;getKeyPrefix=006;getLabel=Opportunity;getLabelPlural=Opportunities;getName=Opportunity;isAccessible=true;isCreateable=true;isCustom=false;isCustomSetting=false;isDeletable=true;isDeprecatedAndHidden=false;isFeedEnabled=true;isMergeable=false;isMruEnabled=true;isQueryable=true;isSearchable=true;isUndeletable=true;isUpdateable=true;]
19:04:08.0 (49787061)|STATEMENT_EXECUTE|[40]
19:04:08.0 (51165306)|HEAP_ALLOCATE|[40]|Bytes:4
19:04:08.0 (51215991)|VARIABLE_SCOPE_BEGIN|[40]|fieldSetObj|Schema.FieldSet|true|false
19:04:08.0 (51227777)|VARIABLE_ASSIGNMENT|[40]|fieldSetObj|null|
19:04:08.0 (51233436)|STATEMENT_EXECUTE|[41]
19:04:08.0 (51236669)|HEAP_ALLOCATE|[41]|Bytes:13
19:04:08.0 (51278486)|HEAP_ALLOCATE|[41]|Bytes:17
19:04:08.0 (51290144)|USER_DEBUG|[41]|DEBUG|fieldSetObj==null
19:04:08.0 (51297300)|STATEMENT_EXECUTE|[42]
19:04:08.0 (51304655)|HEAP_ALLOCATE|[42]|Bytes:4
19:04:08.0 (51328789)|VARIABLE_SCOPE_BEGIN|[42]|fieldApis|List<String>|true|false
19:04:08.0 (51351318)|HEAP_ALLOCATE|[EXTERNAL]|Bytes:4
19:04:08.0 (51361292)|VARIABLE_ASSIGNMENT|[42]|fieldApis|[]|0x56fba0ab
19:04:08.0 (51366788)|STATEMENT_EXECUTE|[43]
19:04:08.0 (51375385)|HEAP_ALLOCATE|[43]|Bytes:4
19:04:08.0 (51396785)|VARIABLE_SCOPE_BEGIN|[43]|refFieldToIgnore|Set<String>|true|false
19:04:08.0 (51418573)|VARIABLE_ASSIGNMENT|[43]|refFieldToIgnore|[]|0x721a6052
19:04:08.0 (51427737)|STATEMENT_EXECUTE|[44]
19:04:08.0 (51432129)|HEAP_ALLOCATE|[44]|Bytes:4
19:04:08.0 (51438783)|VARIABLE_SCOPE_BEGIN|[44]|refMap|Map<String,String>|true|false
19:04:08.0 (51452358)|VARIABLE_ASSIGNMENT|[44]|refMap|{}|0x435b7a1d
19:04:08.0 (51457395)|STATEMENT_EXECUTE|[45]
19:04:08.0 (51460090)|VARIABLE_SCOPE_BEGIN|[45]|query|String|false|false
19:04:08.0 (51468658)|VARIABLE_ASSIGNMENT|[45]|query|null
19:04:08.0 (51473569)|STATEMENT_EXECUTE|[66]
19:04:08.0 (51476397)|HEAP_ALLOCATE|[67]|Bytes:4
19:04:08.0 (51509476)|STATEMENT_EXECUTE|[67]
19:04:08.0 (51510944)|STATEMENT_EXECUTE|[68]
19:04:08.0 (51513408)|HEAP_ALLOCATE|[68]|Bytes:4
19:04:08.0 (51536189)|HEAP_ALLOCATE|[EXTERNAL]|Bytes:4
19:04:08.0 (51542540)|STATEMENT_EXECUTE|[69]
19:04:08.0 (51544791)|HEAP_ALLOCATE|[69]|Bytes:20
19:04:08.0 (51548998)|HEAP_ALLOCATE|[69]|Bytes:13
19:04:08.0 (51566189)|HEAP_ALLOCATE|[69]|Bytes:18
19:04:08.0 (51573923)|HEAP_ALLOCATE|[69]|Bytes:1
19:04:08.0 (51582068)|HEAP_ALLOCATE|[69]|Bytes:63
19:04:08.0 (51590564)|VARIABLE_ASSIGNMENT|[69]|query|"Select Id,Name from  (43 more) ..."
19:04:08.0 (51595395)|STATEMENT_EXECUTE|[85]
19:04:08.0 (51597193)|HEAP_ALLOCATE|[85]|Bytes:7
19:04:08.0 (51602565)|HEAP_ALLOCATE|[85]|Bytes:70
19:04:08.0 (51618835)|USER_DEBUG|[85]|DEBUG|query==Select Id,Name from Opportunity where Id = '0062800000543lXAAQ'
19:04:08.0 (51626224)|STATEMENT_EXECUTE|[86]
19:04:08.0 (51946580)|SOQL_EXECUTE_BEGIN|[86]|Aggregations:0|Select Id,Name from Opportunity where Id = '0062800000543lXAAQ'
19:04:08.0 (53544719)|SOQL_EXECUTE_END|[86]|Rows:1
19:04:08.0 (53564117)|HEAP_ALLOCATE|[86]|Bytes:8
19:04:08.0 (53577896)|HEAP_ALLOCATE|[86]|Bytes:67
19:04:08.0 (53631268)|HEAP_ALLOCATE|[86]|Bytes:8
19:04:08.0 (53646777)|HEAP_ALLOCATE|[86]|Bytes:33
19:04:08.0 (53702855)|HEAP_ALLOCATE|[86]|Bytes:12
19:04:08.0 (53710150)|VARIABLE_SCOPE_BEGIN|[86]|so|SObject|true|false
19:04:08.0 (53730491)|VARIABLE_ASSIGNMENT|[86]|so|{"Id":"0062800000543lXAAQ","Name":"United Oil Refinery  (10 more) ..."}|0x33266262
19:04:08.0 (53737468)|STATEMENT_EXECUTE|[87]
19:04:08.0 (53740419)|HEAP_ALLOCATE|[87]|Bytes:4
19:04:08.0 (53798062)|HEAP_ALLOCATE|[87]|Bytes:72
19:04:08.0 (53813257)|HEAP_ALLOCATE|[87]|Bytes:76
19:04:08.0 (53824424)|USER_DEBUG|[87]|DEBUG|so==Opportunity:{Id=0062800000543lXAAQ, Name=United Oil Refinery Generators}
19:04:08.0 (53912355)|HEAP_ALLOCATE|[88]|Bytes:5
19:04:08.0 (53924278)|HEAP_ALLOCATE|[88]|Bytes:4
19:04:08.0 (53932057)|VARIABLE_SCOPE_BEGIN|[88]|st|String|false|false
19:04:08.0 (53942454)|VARIABLE_ASSIGNMENT|[88]|st|"name"
19:04:08.0 (53948565)|STATEMENT_EXECUTE|[88]
19:04:08.0 (53980296)|STATEMENT_EXECUTE|[89]
19:04:08.0 (53987559)|STATEMENT_EXECUTE|[90]
19:04:08.0 (54000561)|METHOD_ENTRY|[90]|01p2800000FELrp|RecentlyViewedRecords.findFieldInfo(String, String)
19:04:08.0 (54019419)|VARIABLE_SCOPE_BEGIN|[136]|objName|String|false|false
19:04:08.0 (54029037)|VARIABLE_ASSIGNMENT|[136]|objName|"Opportunity"
19:04:08.0 (54033519)|VARIABLE_SCOPE_BEGIN|[136]|fieldApi|String|false|false
19:04:08.0 (54040123)|VARIABLE_ASSIGNMENT|[136]|fieldApi|"name"
19:04:08.0 (54046617)|STATEMENT_EXECUTE|[136]
19:04:08.0 (54047771)|STATEMENT_EXECUTE|[137]
19:04:08.0 (54084655)|VARIABLE_SCOPE_BEGIN|[137]|leadSchema|Schema.SObjectType|true|false
19:04:08.0 (54192617)|VARIABLE_ASSIGNMENT|[137]|leadSchema|"common.apex.runtime.impl.ApexSObjectTypeToken@6a109a24"|0x6a109a24
19:04:08.0 (54200167)|STATEMENT_EXECUTE|[138]
19:04:08.0 (54233272)|HEAP_ALLOCATE|[138]|Bytes:4
19:04:08.0 (54554829)|HEAP_ALLOCATE|[138]|Bytes:172
19:04:08.0 (54568376)|METHOD_EXIT|[90]|01p2800000FELrp|RecentlyViewedRecords.findFieldInfo(String, String)
19:04:08.0 (54575488)|VARIABLE_SCOPE_BEGIN|[90]|fieldMap|Map<String,Schema.SObjectField>|true|false
19:04:08.0 (54709546)|VARIABLE_ASSIGNMENT|[90]|fieldMap|"{accountid=AccountId, amount=Amount, campaignid=CampaignId, closedate=CloseDate, contractid=ContractId, createdbyid=CreatedById, createddate=CreatedDate, currentgenerators__c=CurrentGenerators__c, deliveryinstallationstatus__c=DeliveryInstallationStatus__c, description=Description, ...}"|0x47443cea
19:04:08.0 (54721943)|STATEMENT_EXECUTE|[91]
19:04:08.0 (54737789)|HEAP_ALLOCATE|[91]|Bytes:180
19:04:08.0 (54745684)|HEAP_ALLOCATE|[91]|Bytes:23
19:04:08.0 (54753570)|HEAP_ALLOCATE|[91]|Bytes:28
19:04:08.0 (54765504)|CONSTRUCTOR_ENTRY|[91]|01p2800000FELrp|<init>()
19:04:08.0 (54783000)|VARIABLE_SCOPE_BEGIN|[167]|this|RecentlyViewedRecords.objectWrapper|true|false
19:04:08.0 (54813423)|VARIABLE_ASSIGNMENT|[167]|this|{}|0x2d2c8f29
19:04:08.0 (54824384)|HEAP_ALLOCATE|[EXTERNAL]|Bytes:6
19:04:08.0 (54848594)|STATEMENT_EXECUTE|[167]
19:04:08.0 (54850220)|STATEMENT_EXECUTE|[169]
19:04:08.0 (54851456)|STATEMENT_EXECUTE|[171]
19:04:08.0 (54852308)|STATEMENT_EXECUTE|[173]
19:04:08.0 (54853224)|STATEMENT_EXECUTE|[175]
19:04:08.0 (54854101)|STATEMENT_EXECUTE|[177]
19:04:08.0 (54855364)|STATEMENT_EXECUTE|[179]
19:04:08.0 (54858648)|CONSTRUCTOR_EXIT|[91]|01p2800000FELrp|<init>()
19:04:08.0 (54864323)|VARIABLE_SCOPE_BEGIN|[91]|ow|RecentlyViewedRecords.objectWrapper|true|false
19:04:08.0 (54880978)|VARIABLE_ASSIGNMENT|[91]|ow|{}|0x2d2c8f29
19:04:08.0 (54897879)|STATEMENT_EXECUTE|[92]
19:04:08.0 (55236964)|HEAP_ALLOCATE|[92]|Bytes:8
19:04:08.0 (55282204)|HEAP_ALLOCATE|[92]|Bytes:4
19:04:08.0 (55324879)|VARIABLE_ASSIGNMENT|[EXTERNAL]|this|{}|0x2d2c8f29
19:04:08.0 (55337543)|VARIABLE_ASSIGNMENT|[EXTERNAL]|value|"Name"
19:04:08.0 (55352823)|VARIABLE_ASSIGNMENT|[169]|this.label|"Name"|0x2d2c8f29
19:04:08.0 (55364841)|STATEMENT_EXECUTE|[93]
19:04:08.0 (55430702)|HEAP_ALLOCATE|[93]|Bytes:30
19:04:08.0 (55461338)|HEAP_ALLOCATE|[93]|Bytes:30
19:04:08.0 (55502366)|VARIABLE_ASSIGNMENT|[EXTERNAL]|this|{"label":"Name"}|0x2d2c8f29
19:04:08.0 (55515786)|VARIABLE_ASSIGNMENT|[EXTERNAL]|value|"United Oil Refinery  (10 more) ..."
19:04:08.0 (55531949)|VARIABLE_ASSIGNMENT|[171]|this.value|"United Oil Refinery  (10 more) ..."|0x2d2c8f29
19:04:08.0 (55548147)|STATEMENT_EXECUTE|[94]
19:04:08.0 (55615780)|VARIABLE_ASSIGNMENT|[EXTERNAL]|this|{"label":"Name","value":"United Oil Refinery  (10 more) ..."}|0x2d2c8f29
19:04:08.0 (55629292)|VARIABLE_ASSIGNMENT|[EXTERNAL]|value|null
19:04:08.0 (55640417)|VARIABLE_ASSIGNMENT|[173]|this.refName|null|0x2d2c8f29
19:04:08.0 (55654238)|STATEMENT_EXECUTE|[95]
19:04:08.0 (55694349)|VARIABLE_ASSIGNMENT|[EXTERNAL]|this|{"label":"Name","value":"United Oil Refinery  (10 more) ..."}|0x2d2c8f29
19:04:08.0 (55706138)|VARIABLE_ASSIGNMENT|[EXTERNAL]|value|"name"
19:04:08.0 (55717333)|VARIABLE_ASSIGNMENT|[175]|this.api|"name"|0x2d2c8f29
19:04:08.0 (55729765)|STATEMENT_EXECUTE|[96]
19:04:08.0 (55812261)|HEAP_ALLOCATE|[96]|Bytes:8
19:04:08.0 (56846957)|HEAP_ALLOCATE|[96]|Bytes:12
19:04:08.0 (56888641)|HEAP_ALLOCATE|[96]|Bytes:6
19:04:08.0 (56941417)|VARIABLE_ASSIGNMENT|[EXTERNAL]|this|{"api":"name","label":"Name","value":"United Oil Refinery  (10 more) ..."}|0x2d2c8f29
19:04:08.0 (56955275)|VARIABLE_ASSIGNMENT|[EXTERNAL]|value|"STRING"
19:04:08.0 (56969010)|VARIABLE_ASSIGNMENT|[177]|this.type|"STRING"|0x2d2c8f29
19:04:08.0 (56996777)|STATEMENT_EXECUTE|[98]
19:04:08.0 (57004164)|HEAP_ALLOCATE|[98]|Bytes:4
19:04:08.0 (57071041)|HEAP_ALLOCATE|[98]|Bytes:115
19:04:08.0 (57094258)|HEAP_ALLOCATE|[98]|Bytes:119
19:04:08.0 (57111618)|USER_DEBUG|[98]|DEBUG|ow==objectWrapper:[api=name, iconUrl=null, label=Name, refName=null, type=STRING, value=United Oil Refinery Generators]
19:04:08.0 (57124617)|STATEMENT_EXECUTE|[99]
19:04:08.0 (57159823)|HEAP_ALLOCATE|[EXTERNAL]|Bytes:4
19:04:08.0 (57183269)|HEAP_ALLOCATE|[88]|Bytes:5
19:04:08.0 (57200469)|VARIABLE_ASSIGNMENT|[88]|st|null
19:04:08.0 (57208314)|STATEMENT_EXECUTE|[102]
19:04:08.0 (57215117)|SYSTEM_MODE_EXIT|false
19:04:08.57 (57235071)|CUMULATIVE_LIMIT_USAGE
19:04:08.57 (57235071)|LIMIT_USAGE_FOR_NS|(default)|
  Number of SOQL queries: 1 out of 100
  Number of query rows: 1 out of 50000
  Number of SOSL queries: 0 out of 20
  Number of DML statements: 0 out of 150
  Number of DML rows: 0 out of 10000
  Maximum CPU time: 0 out of 10000
  Maximum heap size: 0 out of 6000000
  Number of callouts: 0 out of 100
  Number of Email Invocations: 0 out of 10
  Number of future calls: 0 out of 50
  Number of queueable jobs added to the queue: 0 out of 50
  Number of Mobile Apex push calls: 0 out of 10

19:04:08.57 (57235071)|CUMULATIVE_LIMIT_USAGE_END

19:04:08.0 (57272655)|CODE_UNIT_FINISHED|RecentlyViewedRecords.queryCompactLayout
19:04:08.0 (58889761)|CODE_UNIT_STARTED|[EXTERNAL]|Aura
19:04:08.0 (58946743)|CODE_UNIT_FINISHED|Aura
19:04:08.0 (58981420)|CODE_UNIT_FINISHED|Aura
19:04:08.0 (60524709)|EXECUTION_FINISHED
