40.0 APEX_CODE,FINEST;APEX_PROFILING,INFO;CALLOUT,INFO;DB,INFO;SYSTEM,DEBUG;VALIDATION,INFO;VISUALFORCE,INFO;WAVE,INFO;WORKFLOW,INFO
19:24:59.0 (59434)|USER_INFO|[EXTERNAL]|00528000001JBjQ|ramu.veligeti@yahoo.co.in|Pacific Standard Time|GMT-07:00
19:24:59.0 (93787)|EXECUTION_STARTED
19:24:59.0 (97135)|CODE_UNIT_STARTED|[EXTERNAL]|Aura
19:24:59.0 (10212067)|HEAP_ALLOCATE|[72]|Bytes:3
19:24:59.0 (10256923)|HEAP_ALLOCATE|[77]|Bytes:152
19:24:59.0 (10276500)|HEAP_ALLOCATE|[342]|Bytes:408
19:24:59.0 (10291676)|HEAP_ALLOCATE|[355]|Bytes:408
19:24:59.0 (10304181)|HEAP_ALLOCATE|[467]|Bytes:48
19:24:59.0 (10328297)|HEAP_ALLOCATE|[139]|Bytes:6
19:24:59.0 (10341125)|HEAP_ALLOCATE|[EXTERNAL]|Bytes:18
19:24:59.0 (10359825)|HEAP_ALLOCATE|[EXTERNAL]|Bytes:4
19:24:59.0 (10565633)|HEAP_ALLOCATE|[EXTERNAL]|Bytes:7
19:24:59.0 (10588411)|HEAP_ALLOCATE|[EXTERNAL]|Bytes:7
19:24:59.0 (11436914)|CODE_UNIT_STARTED|[EXTERNAL]|01p2800000FELrp|RecentlyViewedRecords.queryCompactLayout
19:24:59.0 (11482968)|VARIABLE_SCOPE_BEGIN|[2]|RecentlyViewedRecords.FIELDSET_NAME|String|false|true
19:24:59.0 (11493420)|VARIABLE_SCOPE_BEGIN|[3]|RecentlyViewedRecords.private_apiFieldNames|Map<String,Set<String>>|true|true
19:24:59.0 (11501137)|VARIABLE_SCOPE_BEGIN|[5]|RecentlyViewedRecords.rvi|Recently_Viewed__c|true|true
19:24:59.0 (11507797)|VARIABLE_SCOPE_BEGIN|[4]|RecentlyViewedRecords.schemaMap|Map<String,Schema.SObjectType>|true|true
19:24:59.0 (11553944)|HEAP_ALLOCATE|[EXTERNAL]|Bytes:35
19:24:59.0 (11561607)|HEAP_ALLOCATE|[EXTERNAL]|Bytes:20
19:24:59.0 (11564950)|HEAP_ALLOCATE|[EXTERNAL]|Bytes:38
19:24:59.0 (11616770)|METHOD_ENTRY|[1]|01p2800000FELrp|RecentlyViewedRecords.RecentlyViewedRecords()
19:24:59.0 (11624029)|STATEMENT_EXECUTE|[1]
19:24:59.0 (11628385)|STATEMENT_EXECUTE|[1]
19:24:59.0 (11629536)|STATEMENT_EXECUTE|[2]
19:24:59.0 (11632828)|HEAP_ALLOCATE|[2]|Bytes:19
19:24:59.0 (11654728)|VARIABLE_ASSIGNMENT|[2]|RecentlyViewedRecords.FIELDSET_NAME|"RecentlyViewedHover"
19:24:59.0 (11660315)|STATEMENT_EXECUTE|[3]
19:24:59.0 (11663965)|HEAP_ALLOCATE|[3]|Bytes:4
19:24:59.0 (11686993)|VARIABLE_ASSIGNMENT|[3]|RecentlyViewedRecords.private_apiFieldNames|{}|0x7c16bade
19:24:59.0 (11692705)|STATEMENT_EXECUTE|[4]
19:24:59.0 (11722135)|HEAP_ALLOCATE|[50]|Bytes:5
19:24:59.0 (11739604)|HEAP_ALLOCATE|[56]|Bytes:5
19:24:59.0 (11746358)|HEAP_ALLOCATE|[64]|Bytes:7
19:24:59.0 (24744710)|HEAP_ALLOCATE|[4]|Bytes:1456
19:24:59.0 (24991788)|VARIABLE_ASSIGNMENT|[4]|RecentlyViewedRecords.schemaMap|"{acceptedeventrelation=AcceptedEventRelation, acchierarchy__account_hierarchy__mdt=accHierarchy__Account_Hierarchy__mdt, acchierarchy__account_hierarchy_setup__c=accHierarchy__Account_Hierarchy_Setup__c, account=Account, accountcleaninfo=AccountCleanInfo, accountcontactrole=AccountContactRole, accountfeed=AccountFeed, accounthistory=AccountHistory, accountpartner=AccountPartner, accountshare=AccountShare, ...}"|0x7122aa02
19:24:59.0 (25008126)|STATEMENT_EXECUTE|[5]
19:24:59.0 (25835617)|HEAP_ALLOCATE|[5]|Bytes:20
19:24:59.0 (25875512)|VARIABLE_ASSIGNMENT|[5]|RecentlyViewedRecords.rvi|{"IsDeleted":false,"Name":"a0d28000002ZKNz","SetupOwnerId":"00528000001JBjQAAW","Records_to_Display__ (1 more) ...":"20"}|0x6711dc88
19:24:59.0 (25884024)|STATEMENT_EXECUTE|[147]
19:24:59.0 (25885382)|STATEMENT_EXECUTE|[167]
19:24:59.0 (25892574)|METHOD_EXIT|[1]|RecentlyViewedRecords
19:24:59.0 (25899810)|HEAP_ALLOCATE|[EXTERNAL]|Bytes:4
19:24:59.0 (25903675)|HEAP_ALLOCATE|[EXTERNAL]|Bytes:7
19:24:59.0 (25910054)|SYSTEM_MODE_ENTER|false
19:24:59.0 (25918245)|VARIABLE_SCOPE_BEGIN|[33]|rvId|Id|false|false
19:24:59.0 (25983717)|VARIABLE_ASSIGNMENT|[33]|rvId|"0032800000tktEdAAI"
19:24:59.0 (25990246)|VARIABLE_SCOPE_BEGIN|[33]|objName|String|false|false
19:24:59.0 (25998851)|VARIABLE_ASSIGNMENT|[33]|objName|"Contact"
19:24:59.0 (26007867)|STATEMENT_EXECUTE|[33]
19:24:59.0 (26009754)|STATEMENT_EXECUTE|[34]
19:24:59.0 (26016234)|HEAP_ALLOCATE|[34]|Bytes:4
19:24:59.0 (26028810)|VARIABLE_SCOPE_BEGIN|[34]|objMap|Map<String,String>|true|false
19:24:59.0 (26044152)|VARIABLE_ASSIGNMENT|[34]|objMap|{}|0x2e984afe
19:24:59.0 (26049384)|STATEMENT_EXECUTE|[35]
19:24:59.0 (26155842)|HEAP_ALLOCATE|[35]|Bytes:4
19:24:59.0 (26212048)|VARIABLE_SCOPE_BEGIN|[35]|owList|List<RecentlyViewedRecords.objectWrapper>|true|false
19:24:59.0 (26255082)|HEAP_ALLOCATE|[EXTERNAL]|Bytes:4
19:24:59.0 (26265974)|VARIABLE_ASSIGNMENT|[35]|owList|[]|0x4a0e9795
19:24:59.0 (26271715)|STATEMENT_EXECUTE|[36]
19:24:59.0 (33403887)|HEAP_ALLOCATE|[36]|Bytes:1628
19:24:59.0 (33437638)|VARIABLE_SCOPE_BEGIN|[36]|globalDescribeMap|Map<String,Schema.SObjectType>|true|false
19:24:59.0 (33654064)|VARIABLE_ASSIGNMENT|[36]|globalDescribeMap|"{acceptedeventrelation=AcceptedEventRelation, acchierarchy__account_hierarchy__mdt=accHierarchy__Account_Hierarchy__mdt, acchierarchy__account_hierarchy_setup__c=accHierarchy__Account_Hierarchy_Setup__c, account=Account, accountcleaninfo=AccountCleanInfo, accountcontactrole=AccountContactRole, accountfeed=AccountFeed, accounthistory=AccountHistory, accountpartner=AccountPartner, accountshare=AccountShare, ...}"|0x515922d7
19:24:59.0 (33670240)|STATEMENT_EXECUTE|[37]
19:24:59.0 (33738148)|VARIABLE_SCOPE_BEGIN|[37]|SObjectTypeObj|Schema.SObjectType|true|false
19:24:59.0 (33807905)|VARIABLE_ASSIGNMENT|[37]|SObjectTypeObj|"common.apex.runtime.impl.ApexSObjectTypeToken@6e134e9b"|0x6e134e9b
19:24:59.0 (33820126)|STATEMENT_EXECUTE|[38]
19:24:59.0 (34060799)|HEAP_ALLOCATE|[38]|Bytes:4
19:24:59.0 (34092700)|VARIABLE_SCOPE_BEGIN|[38]|describeSObjectResultObj|Schema.DescribeSObjectResult|true|false
19:24:59.0 (34192843)|VARIABLE_ASSIGNMENT|[38]|describeSObjectResultObj|"common.api.soap.wsdl.DescribeSObjectResult@36bd9e2e"|0x1b9214b
19:24:59.0 (34205877)|STATEMENT_EXECUTE|[39]
19:24:59.0 (34211513)|HEAP_ALLOCATE|[39]|Bytes:15
19:24:59.0 (34225004)|HEAP_ALLOCATE|[39]|Bytes:2
19:24:59.0 (34348705)|HEAP_ALLOCATE|[39]|Bytes:369
19:24:59.0 (34371168)|HEAP_ALLOCATE|[39]|Bytes:405
19:24:59.0 (34392523)|USER_DEBUG|[39]|DEBUG|FIELDSET_NAME==RecentlyViewedHover==Schema.DescribeSObjectResult[getHasSubtypes=false;getKeyPrefix=003;getLabel=Contact;getLabelPlural=Contacts;getName=Contact;isAccessible=true;isCreateable=true;isCustom=false;isCustomSetting=false;isDeletable=true;isDeprecatedAndHidden=false;isFeedEnabled=true;isMergeable=true;isMruEnabled=true;isQueryable=true;isSearchable=true;isUndeletable=true;isUpdateable=true;]
19:24:59.0 (34406441)|STATEMENT_EXECUTE|[40]
19:24:59.0 (35763304)|HEAP_ALLOCATE|[40]|Bytes:12
19:24:59.0 (35814125)|VARIABLE_SCOPE_BEGIN|[40]|fieldSetObj|Schema.FieldSet|true|false
19:24:59.0 (35827477)|VARIABLE_ASSIGNMENT|[40]|fieldSetObj|null|
19:24:59.0 (35832728)|STATEMENT_EXECUTE|[41]
19:24:59.0 (35835993)|HEAP_ALLOCATE|[41]|Bytes:13
19:24:59.0 (35879070)|HEAP_ALLOCATE|[41]|Bytes:17
19:24:59.0 (35891299)|USER_DEBUG|[41]|DEBUG|fieldSetObj==null
19:24:59.0 (35898720)|STATEMENT_EXECUTE|[42]
19:24:59.0 (35904873)|HEAP_ALLOCATE|[42]|Bytes:4
19:24:59.0 (35930901)|VARIABLE_SCOPE_BEGIN|[42]|fieldApis|List<String>|true|false
19:24:59.0 (35959537)|HEAP_ALLOCATE|[EXTERNAL]|Bytes:4
19:24:59.0 (35972047)|VARIABLE_ASSIGNMENT|[42]|fieldApis|[]|0x2976960d
19:24:59.0 (35978155)|STATEMENT_EXECUTE|[43]
19:24:59.0 (35986162)|HEAP_ALLOCATE|[43]|Bytes:4
19:24:59.0 (36013291)|VARIABLE_SCOPE_BEGIN|[43]|refFieldToIgnore|Set<String>|true|false
19:24:59.0 (36037410)|VARIABLE_ASSIGNMENT|[43]|refFieldToIgnore|[]|0x610d4911
19:24:59.0 (36043422)|STATEMENT_EXECUTE|[44]
19:24:59.0 (36048111)|HEAP_ALLOCATE|[44]|Bytes:4
19:24:59.0 (36055068)|VARIABLE_SCOPE_BEGIN|[44]|refMap|Map<String,String>|true|false
19:24:59.0 (36070169)|VARIABLE_ASSIGNMENT|[44]|refMap|{}|0x4207b419
19:24:59.0 (36075971)|STATEMENT_EXECUTE|[45]
19:24:59.0 (36079547)|VARIABLE_SCOPE_BEGIN|[45]|query|String|false|false
19:24:59.0 (36089344)|VARIABLE_ASSIGNMENT|[45]|query|null
19:24:59.0 (36094906)|STATEMENT_EXECUTE|[66]
19:24:59.0 (36097473)|HEAP_ALLOCATE|[67]|Bytes:4
19:24:59.0 (36132521)|STATEMENT_EXECUTE|[67]
19:24:59.0 (36133902)|STATEMENT_EXECUTE|[68]
19:24:59.0 (36136169)|HEAP_ALLOCATE|[68]|Bytes:4
19:24:59.0 (36164038)|HEAP_ALLOCATE|[EXTERNAL]|Bytes:4
19:24:59.0 (36171357)|STATEMENT_EXECUTE|[69]
19:24:59.0 (36173445)|HEAP_ALLOCATE|[69]|Bytes:20
19:24:59.0 (36177590)|HEAP_ALLOCATE|[69]|Bytes:13
19:24:59.0 (36195676)|HEAP_ALLOCATE|[69]|Bytes:18
19:24:59.0 (36204003)|HEAP_ALLOCATE|[69]|Bytes:1
19:24:59.0 (36212381)|HEAP_ALLOCATE|[69]|Bytes:59
19:24:59.0 (36221682)|VARIABLE_ASSIGNMENT|[69]|query|"Select Id,Name from  (39 more) ..."
19:24:59.0 (36226614)|STATEMENT_EXECUTE|[85]
19:24:59.0 (36228326)|HEAP_ALLOCATE|[85]|Bytes:7
19:24:59.0 (36233782)|HEAP_ALLOCATE|[85]|Bytes:66
19:24:59.0 (36250242)|USER_DEBUG|[85]|DEBUG|query==Select Id,Name from Contact where Id = '0032800000tktEdAAI'
19:24:59.0 (36257827)|STATEMENT_EXECUTE|[86]
19:24:59.0 (36447433)|SOQL_EXECUTE_BEGIN|[86]|Aggregations:0|Select Id,Name from Contact where Id = '0032800000tktEdAAI'
19:24:59.0 (38408583)|SOQL_EXECUTE_END|[86]|Rows:1
19:24:59.0 (38428246)|HEAP_ALLOCATE|[86]|Bytes:8
19:24:59.0 (38442604)|HEAP_ALLOCATE|[86]|Bytes:50
19:24:59.0 (38496290)|HEAP_ALLOCATE|[86]|Bytes:8
19:24:59.0 (38510506)|HEAP_ALLOCATE|[86]|Bytes:33
19:24:59.0 (38564979)|HEAP_ALLOCATE|[86]|Bytes:12
19:24:59.0 (38573255)|VARIABLE_SCOPE_BEGIN|[86]|so|SObject|true|false
19:24:59.0 (38593452)|VARIABLE_ASSIGNMENT|[86]|so|{"Id":"0032800000tktEdAAI","Name":"Ramu Veligeti"}|0x6c44b1df
19:24:59.0 (38600249)|STATEMENT_EXECUTE|[87]
19:24:59.0 (38603306)|HEAP_ALLOCATE|[87]|Bytes:4
19:24:59.0 (38661100)|HEAP_ALLOCATE|[87]|Bytes:51
19:24:59.0 (38676993)|HEAP_ALLOCATE|[87]|Bytes:55
19:24:59.0 (38687441)|USER_DEBUG|[87]|DEBUG|so==Contact:{Id=0032800000tktEdAAI, Name=Ramu Veligeti}
19:24:59.0 (38774150)|HEAP_ALLOCATE|[88]|Bytes:5
19:24:59.0 (38786238)|HEAP_ALLOCATE|[88]|Bytes:4
19:24:59.0 (38793117)|VARIABLE_SCOPE_BEGIN|[88]|st|String|false|false
19:24:59.0 (38802632)|VARIABLE_ASSIGNMENT|[88]|st|"name"
19:24:59.0 (38808970)|STATEMENT_EXECUTE|[88]
19:24:59.0 (38846515)|STATEMENT_EXECUTE|[89]
19:24:59.0 (38848240)|STATEMENT_EXECUTE|[90]
19:24:59.0 (38860909)|METHOD_ENTRY|[90]|01p2800000FELrp|RecentlyViewedRecords.findFieldInfo(String, String)
19:24:59.0 (38877609)|VARIABLE_SCOPE_BEGIN|[136]|objName|String|false|false
19:24:59.0 (38887241)|VARIABLE_ASSIGNMENT|[136]|objName|"Contact"
19:24:59.0 (38891022)|VARIABLE_SCOPE_BEGIN|[136]|fieldApi|String|false|false
19:24:59.0 (38897881)|VARIABLE_ASSIGNMENT|[136]|fieldApi|"name"
19:24:59.0 (38904487)|STATEMENT_EXECUTE|[136]
19:24:59.0 (38906168)|STATEMENT_EXECUTE|[137]
19:24:59.0 (38949579)|VARIABLE_SCOPE_BEGIN|[137]|leadSchema|Schema.SObjectType|true|false
19:24:59.0 (39018454)|VARIABLE_ASSIGNMENT|[137]|leadSchema|"common.apex.runtime.impl.ApexSObjectTypeToken@6e134e9b"|0x6e134e9b
19:24:59.0 (39027316)|STATEMENT_EXECUTE|[138]
19:24:59.0 (39063329)|HEAP_ALLOCATE|[138]|Bytes:4
19:24:59.0 (39460113)|HEAP_ALLOCATE|[138]|Bytes:276
19:24:59.0 (39480115)|METHOD_EXIT|[90]|01p2800000FELrp|RecentlyViewedRecords.findFieldInfo(String, String)
19:24:59.0 (39491451)|VARIABLE_SCOPE_BEGIN|[90]|fieldMap|Map<String,Schema.SObjectField>|true|false
19:24:59.0 (39664435)|VARIABLE_ASSIGNMENT|[90]|fieldMap|"{accountid=AccountId, assistantname=AssistantName, assistantphone=AssistantPhone, birthdate=Birthdate, bksl2__critical_notification__c=BKSL2__Critical_Notification__c, bksl2__facebook_content__c=BKSL2__Facebook_Content__c, bksl2__facebook_id__c=BKSL2__Facebook_ID__c, bksl2__gender__c=BKSL2__Gender__c, cleanstatus=CleanStatus, createdbyid=CreatedById, ...}"|0x378fdf77
19:24:59.0 (39677822)|STATEMENT_EXECUTE|[91]
19:24:59.0 (39694082)|HEAP_ALLOCATE|[91]|Bytes:180
19:24:59.0 (39703006)|HEAP_ALLOCATE|[91]|Bytes:23
19:24:59.0 (39711890)|HEAP_ALLOCATE|[91]|Bytes:28
19:24:59.0 (39724721)|CONSTRUCTOR_ENTRY|[91]|01p2800000FELrp|<init>()
19:24:59.0 (39742063)|VARIABLE_SCOPE_BEGIN|[167]|this|RecentlyViewedRecords.objectWrapper|true|false
19:24:59.0 (39777653)|VARIABLE_ASSIGNMENT|[167]|this|{}|0x7e444c9e
19:24:59.0 (39788581)|HEAP_ALLOCATE|[EXTERNAL]|Bytes:6
19:24:59.0 (39812746)|STATEMENT_EXECUTE|[167]
19:24:59.0 (39814256)|STATEMENT_EXECUTE|[169]
19:24:59.0 (39815562)|STATEMENT_EXECUTE|[171]
19:24:59.0 (39816388)|STATEMENT_EXECUTE|[173]
19:24:59.0 (39817562)|STATEMENT_EXECUTE|[175]
19:24:59.0 (39818423)|STATEMENT_EXECUTE|[177]
19:24:59.0 (39819648)|STATEMENT_EXECUTE|[179]
19:24:59.0 (39823414)|CONSTRUCTOR_EXIT|[91]|01p2800000FELrp|<init>()
19:24:59.0 (39829816)|VARIABLE_SCOPE_BEGIN|[91]|ow|RecentlyViewedRecords.objectWrapper|true|false
19:24:59.0 (39847213)|VARIABLE_ASSIGNMENT|[91]|ow|{}|0x7e444c9e
19:24:59.0 (39852277)|STATEMENT_EXECUTE|[92]
19:24:59.0 (40113527)|HEAP_ALLOCATE|[92]|Bytes:8
19:24:59.0 (40138718)|HEAP_ALLOCATE|[92]|Bytes:9
19:24:59.0 (40173925)|VARIABLE_ASSIGNMENT|[EXTERNAL]|this|{}|0x7e444c9e
19:24:59.0 (40182987)|VARIABLE_ASSIGNMENT|[EXTERNAL]|value|"Full Name"
19:24:59.0 (40195473)|VARIABLE_ASSIGNMENT|[169]|this.label|"Full Name"|0x7e444c9e
19:24:59.0 (40204876)|STATEMENT_EXECUTE|[93]
19:24:59.0 (40269349)|HEAP_ALLOCATE|[93]|Bytes:13
19:24:59.0 (40291345)|HEAP_ALLOCATE|[93]|Bytes:13
19:24:59.0 (40329095)|VARIABLE_ASSIGNMENT|[EXTERNAL]|this|{"label":"Full Name"}|0x7e444c9e
19:24:59.0 (40342891)|VARIABLE_ASSIGNMENT|[EXTERNAL]|value|"Ramu Veligeti"
19:24:59.0 (40352770)|VARIABLE_ASSIGNMENT|[171]|this.value|"Ramu Veligeti"|0x7e444c9e
19:24:59.0 (40361515)|STATEMENT_EXECUTE|[94]
19:24:59.0 (40412605)|VARIABLE_ASSIGNMENT|[EXTERNAL]|this|{"label":"Full Name","value":"Ramu Veligeti"}|0x7e444c9e
19:24:59.0 (40426088)|VARIABLE_ASSIGNMENT|[EXTERNAL]|value|null
19:24:59.0 (40438091)|VARIABLE_ASSIGNMENT|[173]|this.refName|null|0x7e444c9e
19:24:59.0 (40449447)|STATEMENT_EXECUTE|[95]
19:24:59.0 (40477940)|VARIABLE_ASSIGNMENT|[EXTERNAL]|this|{"label":"Full Name","value":"Ramu Veligeti"}|0x7e444c9e
19:24:59.0 (40485150)|VARIABLE_ASSIGNMENT|[EXTERNAL]|value|"name"
19:24:59.0 (40493540)|VARIABLE_ASSIGNMENT|[175]|this.api|"name"|0x7e444c9e
19:24:59.0 (40506705)|STATEMENT_EXECUTE|[96]
19:24:59.0 (40568394)|HEAP_ALLOCATE|[96]|Bytes:8
19:24:59.0 (41493370)|HEAP_ALLOCATE|[96]|Bytes:12
19:24:59.0 (41526399)|HEAP_ALLOCATE|[96]|Bytes:6
19:24:59.0 (41567899)|VARIABLE_ASSIGNMENT|[EXTERNAL]|this|{"api":"name","label":"Full Name","value":"Ramu Veligeti"}|0x7e444c9e
19:24:59.0 (41577793)|VARIABLE_ASSIGNMENT|[EXTERNAL]|value|"STRING"
19:24:59.0 (41586796)|VARIABLE_ASSIGNMENT|[177]|this.type|"STRING"|0x7e444c9e
19:24:59.0 (41596416)|STATEMENT_EXECUTE|[98]
19:24:59.0 (41599891)|HEAP_ALLOCATE|[98]|Bytes:4
19:24:59.0 (41647158)|HEAP_ALLOCATE|[98]|Bytes:103
19:24:59.0 (41662166)|HEAP_ALLOCATE|[98]|Bytes:107
19:24:59.0 (41674631)|USER_DEBUG|[98]|DEBUG|ow==objectWrapper:[api=name, iconUrl=null, label=Full Name, refName=null, type=STRING, value=Ramu Veligeti]
19:24:59.0 (41682146)|STATEMENT_EXECUTE|[99]
19:24:59.0 (41706590)|HEAP_ALLOCATE|[EXTERNAL]|Bytes:4
19:24:59.0 (41723388)|HEAP_ALLOCATE|[88]|Bytes:5
19:24:59.0 (41735770)|VARIABLE_ASSIGNMENT|[88]|st|null
19:24:59.0 (41741004)|STATEMENT_EXECUTE|[102]
19:24:59.0 (41747841)|SYSTEM_MODE_EXIT|false
19:24:59.41 (41770306)|CUMULATIVE_LIMIT_USAGE
19:24:59.41 (41770306)|LIMIT_USAGE_FOR_NS|(default)|
  Number of SOQL queries: 1 out of 100
  Number of query rows: 1 out of 50000
  Number of SOSL queries: 0 out of 20
  Number of DML statements: 0 out of 150
  Number of DML rows: 0 out of 10000
  Maximum CPU time: 0 out of 10000
  Maximum heap size: 0 out of 6000000
  Number of callouts: 0 out of 100
  Number of Email Invocations: 0 out of 10
  Number of future calls: 0 out of 50
  Number of queueable jobs added to the queue: 0 out of 50
  Number of Mobile Apex push calls: 0 out of 10

19:24:59.41 (41770306)|CUMULATIVE_LIMIT_USAGE_END

19:24:59.0 (41806801)|CODE_UNIT_FINISHED|RecentlyViewedRecords.queryCompactLayout
19:24:59.0 (42984686)|CODE_UNIT_STARTED|[EXTERNAL]|Aura
19:24:59.0 (43031998)|CODE_UNIT_FINISHED|Aura
19:24:59.0 (43063565)|CODE_UNIT_FINISHED|Aura
19:24:59.0 (43762448)|EXECUTION_FINISHED
19:24:59.45 (45056027)|USER_INFO|[EXTERNAL]|00528000001JBjQ|ramu.veligeti@yahoo.co.in|Pacific Standard Time|GMT-07:00
19:24:59.45 (45076523)|EXECUTION_STARTED
19:24:59.45 (45080922)|CODE_UNIT_STARTED|[EXTERNAL]|Aura
19:24:59.45 (45245689)|HEAP_ALLOCATE|[EXTERNAL]|Bytes:18
19:24:59.45 (45259320)|HEAP_ALLOCATE|[EXTERNAL]|Bytes:4
19:24:59.45 (45306417)|HEAP_ALLOCATE|[EXTERNAL]|Bytes:7
19:24:59.45 (45313226)|HEAP_ALLOCATE|[EXTERNAL]|Bytes:7
19:24:59.45 (46007117)|CODE_UNIT_STARTED|[EXTERNAL]|01p2800000FELrp|RecentlyViewedRecords.queryCompactLayout
19:24:59.45 (46051843)|HEAP_ALLOCATE|[EXTERNAL]|Bytes:4
19:24:59.45 (46057815)|HEAP_ALLOCATE|[EXTERNAL]|Bytes:7
19:24:59.45 (46065555)|SYSTEM_MODE_ENTER|false
19:24:59.45 (46081321)|VARIABLE_SCOPE_BEGIN|[33]|rvId|Id|false|false
19:24:59.45 (46213412)|VARIABLE_ASSIGNMENT|[33]|rvId|"0032800000tktEdAAI"
19:24:59.45 (46225332)|VARIABLE_SCOPE_BEGIN|[33]|objName|String|false|false
19:24:59.45 (46239369)|VARIABLE_ASSIGNMENT|[33]|objName|"Contact"
19:24:59.45 (46252615)|STATEMENT_EXECUTE|[33]
19:24:59.45 (46254297)|STATEMENT_EXECUTE|[34]
19:24:59.45 (46260541)|HEAP_ALLOCATE|[34]|Bytes:4
19:24:59.45 (46277722)|VARIABLE_SCOPE_BEGIN|[34]|objMap|Map<String,String>|true|false
19:24:59.45 (46304993)|VARIABLE_ASSIGNMENT|[34]|objMap|{}|0x22f921f5
19:24:59.45 (46315682)|STATEMENT_EXECUTE|[35]
19:24:59.45 (46320341)|HEAP_ALLOCATE|[35]|Bytes:4
19:24:59.45 (46346105)|VARIABLE_SCOPE_BEGIN|[35]|owList|List<RecentlyViewedRecords.objectWrapper>|true|false
19:24:59.45 (46391506)|HEAP_ALLOCATE|[EXTERNAL]|Bytes:4
19:24:59.45 (46405129)|VARIABLE_ASSIGNMENT|[35]|owList|[]|0x50bbc956
19:24:59.45 (46413949)|STATEMENT_EXECUTE|[36]
19:24:59.45 (54029230)|HEAP_ALLOCATE|[36]|Bytes:1628
19:24:59.45 (54066626)|VARIABLE_SCOPE_BEGIN|[36]|globalDescribeMap|Map<String,Schema.SObjectType>|true|false
19:24:59.45 (54335113)|VARIABLE_ASSIGNMENT|[36]|globalDescribeMap|"{acceptedeventrelation=AcceptedEventRelation, acchierarchy__account_hierarchy__mdt=accHierarchy__Account_Hierarchy__mdt, acchierarchy__account_hierarchy_setup__c=accHierarchy__Account_Hierarchy_Setup__c, account=Account, accountcleaninfo=AccountCleanInfo, accountcontactrole=AccountContactRole, accountfeed=AccountFeed, accounthistory=AccountHistory, accountpartner=AccountPartner, accountshare=AccountShare, ...}"|0x147d578
19:24:59.45 (54355519)|STATEMENT_EXECUTE|[37]
19:24:59.45 (54388054)|VARIABLE_SCOPE_BEGIN|[37]|SObjectTypeObj|Schema.SObjectType|true|false
19:24:59.45 (54441980)|VARIABLE_ASSIGNMENT|[37]|SObjectTypeObj|"common.apex.runtime.impl.ApexSObjectTypeToken@6e134e9b"|0x6e134e9b
19:24:59.45 (54450421)|STATEMENT_EXECUTE|[38]
19:24:59.45 (54478883)|HEAP_ALLOCATE|[38]|Bytes:4
19:24:59.45 (54489872)|VARIABLE_SCOPE_BEGIN|[38]|describeSObjectResultObj|Schema.DescribeSObjectResult|true|false
19:24:59.45 (54545527)|VARIABLE_ASSIGNMENT|[38]|describeSObjectResultObj|"common.api.soap.wsdl.DescribeSObjectResult@36bd9e2e"|0x14be5512
19:24:59.45 (54553719)|STATEMENT_EXECUTE|[39]
19:24:59.45 (54677732)|HEAP_ALLOCATE|[39]|Bytes:369
19:24:59.45 (54697835)|HEAP_ALLOCATE|[39]|Bytes:405
19:24:59.45 (54709794)|USER_DEBUG|[39]|DEBUG|FIELDSET_NAME==RecentlyViewedHover==Schema.DescribeSObjectResult[getHasSubtypes=false;getKeyPrefix=003;getLabel=Contact;getLabelPlural=Contacts;getName=Contact;isAccessible=true;isCreateable=true;isCustom=false;isCustomSetting=false;isDeletable=true;isDeprecatedAndHidden=false;isFeedEnabled=true;isMergeable=true;isMruEnabled=true;isQueryable=true;isSearchable=true;isUndeletable=true;isUpdateable=true;]
19:24:59.45 (54726369)|STATEMENT_EXECUTE|[40]
19:24:59.45 (55682558)|HEAP_ALLOCATE|[40]|Bytes:12
19:24:59.45 (55715198)|VARIABLE_SCOPE_BEGIN|[40]|fieldSetObj|Schema.FieldSet|true|false
19:24:59.45 (55729869)|VARIABLE_ASSIGNMENT|[40]|fieldSetObj|null|
19:24:59.45 (55736296)|STATEMENT_EXECUTE|[41]
19:24:59.45 (55761648)|HEAP_ALLOCATE|[41]|Bytes:17
19:24:59.45 (55775464)|USER_DEBUG|[41]|DEBUG|fieldSetObj==null
19:24:59.45 (55788017)|STATEMENT_EXECUTE|[42]
19:24:59.45 (55792982)|HEAP_ALLOCATE|[42]|Bytes:4
19:24:59.45 (55813430)|VARIABLE_SCOPE_BEGIN|[42]|fieldApis|List<String>|true|false
19:24:59.45 (55867418)|HEAP_ALLOCATE|[EXTERNAL]|Bytes:4
19:24:59.45 (55885899)|VARIABLE_ASSIGNMENT|[42]|fieldApis|[]|0x7fa328f9
19:24:59.45 (55896916)|STATEMENT_EXECUTE|[43]
19:24:59.45 (55905431)|HEAP_ALLOCATE|[43]|Bytes:4
19:24:59.45 (55924036)|VARIABLE_SCOPE_BEGIN|[43]|refFieldToIgnore|Set<String>|true|false
19:24:59.45 (55961979)|VARIABLE_ASSIGNMENT|[43]|refFieldToIgnore|[]|0x71dcbf22
19:24:59.45 (55972481)|STATEMENT_EXECUTE|[44]
19:24:59.45 (55977983)|HEAP_ALLOCATE|[44]|Bytes:4
19:24:59.45 (55989330)|VARIABLE_SCOPE_BEGIN|[44]|refMap|Map<String,String>|true|false
19:24:59.45 (56013528)|VARIABLE_ASSIGNMENT|[44]|refMap|{}|0x4e8f4874
19:24:59.45 (56021842)|STATEMENT_EXECUTE|[45]
19:24:59.45 (56026411)|VARIABLE_SCOPE_BEGIN|[45]|query|String|false|false
19:24:59.45 (56038435)|VARIABLE_ASSIGNMENT|[45]|query|null
19:24:59.45 (56045157)|STATEMENT_EXECUTE|[66]
19:24:59.45 (56072928)|STATEMENT_EXECUTE|[67]
19:24:59.45 (56074705)|STATEMENT_EXECUTE|[68]
19:24:59.45 (56084732)|HEAP_ALLOCATE|[EXTERNAL]|Bytes:4
19:24:59.45 (56093771)|STATEMENT_EXECUTE|[69]
19:24:59.45 (56112303)|HEAP_ALLOCATE|[69]|Bytes:18
19:24:59.45 (56132550)|HEAP_ALLOCATE|[69]|Bytes:59
19:24:59.45 (56150559)|VARIABLE_ASSIGNMENT|[69]|query|"Select Id,Name from  (39 more) ..."
19:24:59.45 (56159335)|STATEMENT_EXECUTE|[85]
19:24:59.45 (56166150)|HEAP_ALLOCATE|[85]|Bytes:66
19:24:59.45 (56179560)|USER_DEBUG|[85]|DEBUG|query==Select Id,Name from Contact where Id = '0032800000tktEdAAI'
19:24:59.45 (56189921)|STATEMENT_EXECUTE|[86]
19:24:59.45 (56512051)|SOQL_EXECUTE_BEGIN|[86]|Aggregations:0|Select Id,Name from Contact where Id = '0032800000tktEdAAI'
19:24:59.45 (58989070)|SOQL_EXECUTE_END|[86]|Rows:1
19:24:59.45 (59027841)|HEAP_ALLOCATE|[86]|Bytes:8
19:24:59.45 (59051725)|HEAP_ALLOCATE|[86]|Bytes:50
19:24:59.45 (59100967)|HEAP_ALLOCATE|[86]|Bytes:8
19:24:59.45 (59158449)|HEAP_ALLOCATE|[86]|Bytes:12
19:24:59.45 (59178239)|VARIABLE_SCOPE_BEGIN|[86]|so|SObject|true|false
19:24:59.45 (59219525)|VARIABLE_ASSIGNMENT|[86]|so|{"Id":"0032800000tktEdAAI","Name":"Ramu Veligeti"}|0x430e1b2f
19:24:59.45 (59232578)|STATEMENT_EXECUTE|[87]
19:24:59.45 (59297907)|HEAP_ALLOCATE|[87]|Bytes:51
19:24:59.45 (59322044)|HEAP_ALLOCATE|[87]|Bytes:55
19:24:59.45 (59336552)|USER_DEBUG|[87]|DEBUG|so==Contact:{Id=0032800000tktEdAAI, Name=Ramu Veligeti}
19:24:59.45 (59374857)|HEAP_ALLOCATE|[88]|Bytes:5
19:24:59.45 (59390567)|HEAP_ALLOCATE|[88]|Bytes:4
19:24:59.45 (59401591)|VARIABLE_SCOPE_BEGIN|[88]|st|String|false|false
19:24:59.45 (59415447)|VARIABLE_ASSIGNMENT|[88]|st|"name"
19:24:59.45 (59423120)|STATEMENT_EXECUTE|[88]
19:24:59.45 (59442586)|STATEMENT_EXECUTE|[89]
19:24:59.45 (59445020)|STATEMENT_EXECUTE|[90]
19:24:59.45 (59460733)|METHOD_ENTRY|[90]|01p2800000FELrp|RecentlyViewedRecords.findFieldInfo(String, String)
19:24:59.45 (59475077)|VARIABLE_SCOPE_BEGIN|[136]|objName|String|false|false
19:24:59.45 (59487279)|VARIABLE_ASSIGNMENT|[136]|objName|"Contact"
19:24:59.45 (59493084)|VARIABLE_SCOPE_BEGIN|[136]|fieldApi|String|false|false
19:24:59.45 (59506137)|VARIABLE_ASSIGNMENT|[136]|fieldApi|"name"
19:24:59.45 (59513921)|STATEMENT_EXECUTE|[136]
19:24:59.45 (59515449)|STATEMENT_EXECUTE|[137]
19:24:59.45 (59544255)|VARIABLE_SCOPE_BEGIN|[137]|leadSchema|Schema.SObjectType|true|false
19:24:59.45 (59726265)|VARIABLE_ASSIGNMENT|[137]|leadSchema|"common.apex.runtime.impl.ApexSObjectTypeToken@6e134e9b"|0x6e134e9b
19:24:59.45 (59736942)|STATEMENT_EXECUTE|[138]
19:24:59.45 (59767008)|HEAP_ALLOCATE|[138]|Bytes:4
19:24:59.45 (60098740)|HEAP_ALLOCATE|[138]|Bytes:276
19:24:59.45 (60120332)|METHOD_EXIT|[90]|01p2800000FELrp|RecentlyViewedRecords.findFieldInfo(String, String)
19:24:59.45 (60132248)|VARIABLE_SCOPE_BEGIN|[90]|fieldMap|Map<String,Schema.SObjectField>|true|false
19:24:59.45 (60379354)|VARIABLE_ASSIGNMENT|[90]|fieldMap|"{accountid=AccountId, assistantname=AssistantName, assistantphone=AssistantPhone, birthdate=Birthdate, bksl2__critical_notification__c=BKSL2__Critical_Notification__c, bksl2__facebook_content__c=BKSL2__Facebook_Content__c, bksl2__facebook_id__c=BKSL2__Facebook_ID__c, bksl2__gender__c=BKSL2__Gender__c, cleanstatus=CleanStatus, createdbyid=CreatedById, ...}"|0x141403fc
19:24:59.45 (60395944)|STATEMENT_EXECUTE|[91]
19:24:59.45 (60404741)|HEAP_ALLOCATE|[91]|Bytes:28
19:24:59.45 (60417699)|CONSTRUCTOR_ENTRY|[91]|01p2800000FELrp|<init>()
19:24:59.45 (60428967)|VARIABLE_SCOPE_BEGIN|[167]|this|RecentlyViewedRecords.objectWrapper|true|false
19:24:59.45 (60471121)|VARIABLE_ASSIGNMENT|[167]|this|{}|0x448fb5c9
19:24:59.45 (60492786)|STATEMENT_EXECUTE|[167]
19:24:59.45 (60494261)|STATEMENT_EXECUTE|[169]
19:24:59.45 (60495799)|STATEMENT_EXECUTE|[171]
19:24:59.45 (60497021)|STATEMENT_EXECUTE|[173]
19:24:59.45 (60497953)|STATEMENT_EXECUTE|[175]
19:24:59.45 (60498908)|STATEMENT_EXECUTE|[177]
19:24:59.45 (60499994)|STATEMENT_EXECUTE|[179]
19:24:59.45 (60503890)|CONSTRUCTOR_EXIT|[91]|01p2800000FELrp|<init>()
19:24:59.45 (60511397)|VARIABLE_SCOPE_BEGIN|[91]|ow|RecentlyViewedRecords.objectWrapper|true|false
19:24:59.45 (60529541)|VARIABLE_ASSIGNMENT|[91]|ow|{}|0x448fb5c9
19:24:59.45 (60535052)|STATEMENT_EXECUTE|[92]
19:24:59.45 (60600988)|HEAP_ALLOCATE|[92]|Bytes:8
19:24:59.45 (60615275)|HEAP_ALLOCATE|[92]|Bytes:9
19:24:59.45 (60643068)|VARIABLE_ASSIGNMENT|[EXTERNAL]|this|{}|0x448fb5c9
19:24:59.45 (60658760)|VARIABLE_ASSIGNMENT|[EXTERNAL]|value|"Full Name"
19:24:59.45 (60678815)|VARIABLE_ASSIGNMENT|[169]|this.label|"Full Name"|0x448fb5c9
19:24:59.45 (60694378)|STATEMENT_EXECUTE|[93]
19:24:59.45 (60740262)|HEAP_ALLOCATE|[93]|Bytes:13
19:24:59.45 (60766594)|HEAP_ALLOCATE|[93]|Bytes:13
19:24:59.45 (60805384)|VARIABLE_ASSIGNMENT|[EXTERNAL]|this|{"label":"Full Name"}|0x448fb5c9
19:24:59.45 (60818673)|VARIABLE_ASSIGNMENT|[EXTERNAL]|value|"Ramu Veligeti"
19:24:59.45 (60830197)|VARIABLE_ASSIGNMENT|[171]|this.value|"Ramu Veligeti"|0x448fb5c9
19:24:59.45 (60841588)|STATEMENT_EXECUTE|[94]
19:24:59.45 (60880511)|VARIABLE_ASSIGNMENT|[EXTERNAL]|this|{"label":"Full Name","value":"Ramu Veligeti"}|0x448fb5c9
19:24:59.45 (60893764)|VARIABLE_ASSIGNMENT|[EXTERNAL]|value|null
19:24:59.45 (60905128)|VARIABLE_ASSIGNMENT|[173]|this.refName|null|0x448fb5c9
19:24:59.45 (60916378)|STATEMENT_EXECUTE|[95]
19:24:59.45 (60938270)|VARIABLE_ASSIGNMENT|[EXTERNAL]|this|{"label":"Full Name","value":"Ramu Veligeti"}|0x448fb5c9
19:24:59.45 (60949114)|VARIABLE_ASSIGNMENT|[EXTERNAL]|value|"name"
19:24:59.45 (60960657)|VARIABLE_ASSIGNMENT|[175]|this.api|"name"|0x448fb5c9
19:24:59.45 (60971356)|STATEMENT_EXECUTE|[96]
19:24:59.45 (61020852)|HEAP_ALLOCATE|[96]|Bytes:8
19:24:59.45 (61084750)|HEAP_ALLOCATE|[96]|Bytes:12
19:24:59.45 (61108202)|HEAP_ALLOCATE|[96]|Bytes:6
19:24:59.45 (61136611)|VARIABLE_ASSIGNMENT|[EXTERNAL]|this|{"api":"name","label":"Full Name","value":"Ramu Veligeti"}|0x448fb5c9
19:24:59.45 (61150116)|VARIABLE_ASSIGNMENT|[EXTERNAL]|value|"STRING"
19:24:59.45 (61158777)|VARIABLE_ASSIGNMENT|[177]|this.type|"STRING"|0x448fb5c9
19:24:59.45 (61166831)|STATEMENT_EXECUTE|[98]
19:24:59.45 (61192957)|HEAP_ALLOCATE|[98]|Bytes:103
19:24:59.45 (61206227)|HEAP_ALLOCATE|[98]|Bytes:107
19:24:59.45 (61216670)|USER_DEBUG|[98]|DEBUG|ow==objectWrapper:[api=name, iconUrl=null, label=Full Name, refName=null, type=STRING, value=Ramu Veligeti]
19:24:59.45 (61223819)|STATEMENT_EXECUTE|[99]
19:24:59.45 (61231772)|HEAP_ALLOCATE|[EXTERNAL]|Bytes:4
19:24:59.45 (61246842)|HEAP_ALLOCATE|[88]|Bytes:5
19:24:59.45 (61257744)|VARIABLE_ASSIGNMENT|[88]|st|null
19:24:59.45 (61262306)|STATEMENT_EXECUTE|[102]
19:24:59.45 (61270600)|SYSTEM_MODE_EXIT|false
19:24:59.61 (61291953)|CUMULATIVE_LIMIT_USAGE
19:24:59.61 (61291953)|LIMIT_USAGE_FOR_NS|(default)|
  Number of SOQL queries: 2 out of 100
  Number of query rows: 2 out of 50000
  Number of SOSL queries: 0 out of 20
  Number of DML statements: 0 out of 150
  Number of DML rows: 0 out of 10000
  Maximum CPU time: 0 out of 10000
  Maximum heap size: 0 out of 6000000
  Number of callouts: 0 out of 100
  Number of Email Invocations: 0 out of 10
  Number of future calls: 0 out of 50
  Number of queueable jobs added to the queue: 0 out of 50
  Number of Mobile Apex push calls: 0 out of 10

19:24:59.61 (61291953)|CUMULATIVE_LIMIT_USAGE_END

19:24:59.45 (61325369)|CODE_UNIT_FINISHED|RecentlyViewedRecords.queryCompactLayout
19:24:59.45 (62535007)|CODE_UNIT_STARTED|[EXTERNAL]|Aura
19:24:59.45 (62574541)|CODE_UNIT_FINISHED|Aura
19:24:59.45 (62601519)|CODE_UNIT_FINISHED|Aura
19:24:59.45 (63366068)|EXECUTION_FINISHED
