38.0 APEX_CODE,FINEST;APEX_PROFILING,INFO;CALLOUT,INFO;DB,INFO;SYSTEM,DEBUG;VALIDATION,INFO;VISUALFORCE,INFO;WAVE,INFO;WORKFLOW,INFO
19:19:47.0 (337569)|USER_INFO|[EXTERNAL]|00528000001JBjQ|ramu.veligeti@yahoo.co.in|Pacific Standard Time|GMT-07:00
19:19:47.0 (381190)|EXECUTION_STARTED
19:19:47.0 (385251)|CODE_UNIT_STARTED|[EXTERNAL]|06628000008Iopg|VF: /apex/AccountVF
19:19:47.16 (16838358)|CUMULATIVE_LIMIT_USAGE
19:19:47.16 (16838358)|LIMIT_USAGE_FOR_NS|(default)|
  Number of SOQL queries: 0 out of 100
  Number of query rows: 0 out of 50000
  Number of SOSL queries: 0 out of 20
  Number of DML statements: 0 out of 150
  Number of DML rows: 0 out of 10000
  Maximum CPU time: 0 out of 10000
  Maximum heap size: 0 out of 6000000
  Number of callouts: 0 out of 100
  Number of Email Invocations: 0 out of 10
  Number of future calls: 0 out of 50
  Number of queueable jobs added to the queue: 0 out of 50
  Number of Mobile Apex push calls: 0 out of 10

19:19:47.16 (16838358)|CUMULATIVE_LIMIT_USAGE_END

19:19:47.0 (16871791)|CODE_UNIT_FINISHED|VF: /apex/AccountVF
19:19:47.0 (17581565)|EXECUTION_FINISHED
