40.0 APEX_CODE,FINEST;APEX_PROFILING,INFO;CALLOUT,INFO;DB,INFO;SYSTEM,DEBUG;VALIDATION,INFO;VISUALFORCE,INFO;WAVE,INFO;WORKFLOW,INFO
18:56:00.0 (64426)|USER_INFO|[EXTERNAL]|00528000001JBjQ|ramu.veligeti@yahoo.co.in|Pacific Standard Time|GMT-07:00
18:56:00.0 (105320)|EXECUTION_STARTED
18:56:00.0 (108869)|CODE_UNIT_STARTED|[EXTERNAL]|Aura
18:56:00.0 (9733779)|HEAP_ALLOCATE|[72]|Bytes:3
18:56:00.0 (9794255)|HEAP_ALLOCATE|[77]|Bytes:152
18:56:00.0 (9808385)|HEAP_ALLOCATE|[342]|Bytes:408
18:56:00.0 (9822559)|HEAP_ALLOCATE|[355]|Bytes:408
18:56:00.0 (9835100)|HEAP_ALLOCATE|[467]|Bytes:48
18:56:00.0 (9880218)|HEAP_ALLOCATE|[139]|Bytes:6
18:56:00.0 (9893804)|HEAP_ALLOCATE|[EXTERNAL]|Bytes:18
18:56:00.0 (9915680)|HEAP_ALLOCATE|[EXTERNAL]|Bytes:4
18:56:00.0 (10108590)|HEAP_ALLOCATE|[EXTERNAL]|Bytes:12
18:56:00.0 (10123883)|HEAP_ALLOCATE|[EXTERNAL]|Bytes:12
18:56:00.0 (11416450)|CODE_UNIT_STARTED|[EXTERNAL]|01p2800000FELrp|RecentlyViewedRecords.queryCompactLayout
18:56:00.0 (11464736)|VARIABLE_SCOPE_BEGIN|[2]|RecentlyViewedRecords.FIELDSET_NAME|String|false|true
18:56:00.0 (11706831)|VARIABLE_SCOPE_BEGIN|[3]|RecentlyViewedRecords.private_apiFieldNames|Map<String,Set<String>>|true|true
18:56:00.0 (11714928)|VARIABLE_SCOPE_BEGIN|[5]|RecentlyViewedRecords.rvi|Recently_Viewed__c|true|true
18:56:00.0 (11722257)|VARIABLE_SCOPE_BEGIN|[4]|RecentlyViewedRecords.schemaMap|Map<String,Schema.SObjectType>|true|true
18:56:00.0 (11777249)|HEAP_ALLOCATE|[EXTERNAL]|Bytes:35
18:56:00.0 (11784701)|HEAP_ALLOCATE|[EXTERNAL]|Bytes:20
18:56:00.0 (11788722)|HEAP_ALLOCATE|[EXTERNAL]|Bytes:38
18:56:00.0 (11906372)|METHOD_ENTRY|[1]|01p2800000FELrp|RecentlyViewedRecords.RecentlyViewedRecords()
18:56:00.0 (11914583)|STATEMENT_EXECUTE|[1]
18:56:00.0 (11919298)|STATEMENT_EXECUTE|[1]
18:56:00.0 (11920517)|STATEMENT_EXECUTE|[2]
18:56:00.0 (11930201)|HEAP_ALLOCATE|[2]|Bytes:19
18:56:00.0 (11961822)|VARIABLE_ASSIGNMENT|[2]|RecentlyViewedRecords.FIELDSET_NAME|"RecentlyViewedHover"
18:56:00.0 (11966996)|STATEMENT_EXECUTE|[3]
18:56:00.0 (11971576)|HEAP_ALLOCATE|[3]|Bytes:4
18:56:00.0 (12002840)|VARIABLE_ASSIGNMENT|[3]|RecentlyViewedRecords.private_apiFieldNames|{}|0x18f81257
18:56:00.0 (12009543)|STATEMENT_EXECUTE|[4]
18:56:00.0 (12044079)|HEAP_ALLOCATE|[50]|Bytes:5
18:56:00.0 (12064155)|HEAP_ALLOCATE|[56]|Bytes:5
18:56:00.0 (12071076)|HEAP_ALLOCATE|[64]|Bytes:7
18:56:00.0 (25110542)|HEAP_ALLOCATE|[4]|Bytes:1456
18:56:00.0 (25394321)|VARIABLE_ASSIGNMENT|[4]|RecentlyViewedRecords.schemaMap|"{acceptedeventrelation=AcceptedEventRelation, acchierarchy__account_hierarchy__mdt=accHierarchy__Account_Hierarchy__mdt, acchierarchy__account_hierarchy_setup__c=accHierarchy__Account_Hierarchy_Setup__c, account=Account, accountcleaninfo=AccountCleanInfo, accountcontactrole=AccountContactRole, accountfeed=AccountFeed, accounthistory=AccountHistory, accountpartner=AccountPartner, accountshare=AccountShare, ...}"|0x1d380da9
18:56:00.0 (25411586)|STATEMENT_EXECUTE|[5]
18:56:00.0 (26159959)|HEAP_ALLOCATE|[5]|Bytes:20
18:56:00.0 (26203211)|VARIABLE_ASSIGNMENT|[5]|RecentlyViewedRecords.rvi|{"IsDeleted":false,"Name":"a0d28000002ZKNz","SetupOwnerId":"00528000001JBjQAAW","Records_to_Display__ (1 more) ...":"20"}|0x646b27fc
18:56:00.0 (26211767)|STATEMENT_EXECUTE|[147]
18:56:00.0 (26213391)|STATEMENT_EXECUTE|[167]
18:56:00.0 (26237254)|METHOD_EXIT|[1]|RecentlyViewedRecords
18:56:00.0 (26246083)|HEAP_ALLOCATE|[EXTERNAL]|Bytes:4
18:56:00.0 (26250525)|HEAP_ALLOCATE|[EXTERNAL]|Bytes:12
18:56:00.0 (26256518)|SYSTEM_MODE_ENTER|false
18:56:00.0 (26265946)|VARIABLE_SCOPE_BEGIN|[33]|rvId|Id|false|false
18:56:00.0 (26339990)|VARIABLE_ASSIGNMENT|[33]|rvId|"a0f28000008b0TVAAY"
18:56:00.0 (26346896)|VARIABLE_SCOPE_BEGIN|[33]|objName|String|false|false
18:56:00.0 (26356129)|VARIABLE_ASSIGNMENT|[33]|objName|"Scheduler__c"
18:56:00.0 (26365621)|STATEMENT_EXECUTE|[33]
18:56:00.0 (26366912)|STATEMENT_EXECUTE|[34]
18:56:00.0 (26373367)|HEAP_ALLOCATE|[34]|Bytes:4
18:56:00.0 (26390371)|VARIABLE_SCOPE_BEGIN|[34]|objMap|Map<String,String>|true|false
18:56:00.0 (26405875)|VARIABLE_ASSIGNMENT|[34]|objMap|{}|0x3cd9eb8c
18:56:00.0 (26413694)|STATEMENT_EXECUTE|[35]
18:56:00.0 (26525501)|HEAP_ALLOCATE|[35]|Bytes:4
18:56:00.0 (26648536)|VARIABLE_SCOPE_BEGIN|[35]|owList|List<RecentlyViewedRecords.objectWrapper>|true|false
18:56:00.0 (26674913)|HEAP_ALLOCATE|[EXTERNAL]|Bytes:4
18:56:00.0 (26686638)|VARIABLE_ASSIGNMENT|[35]|owList|[]|0x61d1ecfb
18:56:00.0 (26692522)|STATEMENT_EXECUTE|[36]
18:56:00.0 (34235747)|HEAP_ALLOCATE|[36]|Bytes:1628
18:56:00.0 (34269101)|VARIABLE_SCOPE_BEGIN|[36]|globalDescribeMap|Map<String,Schema.SObjectType>|true|false
18:56:00.0 (34504063)|VARIABLE_ASSIGNMENT|[36]|globalDescribeMap|"{acceptedeventrelation=AcceptedEventRelation, acchierarchy__account_hierarchy__mdt=accHierarchy__Account_Hierarchy__mdt, acchierarchy__account_hierarchy_setup__c=accHierarchy__Account_Hierarchy_Setup__c, account=Account, accountcleaninfo=AccountCleanInfo, accountcontactrole=AccountContactRole, accountfeed=AccountFeed, accounthistory=AccountHistory, accountpartner=AccountPartner, accountshare=AccountShare, ...}"|0x1535b873
18:56:00.0 (34520457)|STATEMENT_EXECUTE|[37]
18:56:00.0 (34596017)|VARIABLE_SCOPE_BEGIN|[37]|SObjectTypeObj|Schema.SObjectType|true|false
18:56:00.0 (34647466)|VARIABLE_ASSIGNMENT|[37]|SObjectTypeObj|"common.apex.runtime.impl.ApexSObjectTypeToken@285c39ee"|0x285c39ee
18:56:00.0 (34655333)|STATEMENT_EXECUTE|[38]
18:56:00.0 (34854346)|HEAP_ALLOCATE|[38]|Bytes:4
18:56:00.0 (34881343)|VARIABLE_SCOPE_BEGIN|[38]|describeSObjectResultObj|Schema.DescribeSObjectResult|true|false
18:56:00.0 (34941734)|VARIABLE_ASSIGNMENT|[38]|describeSObjectResultObj|"common.api.soap.wsdl.DescribeSObjectResult@315dff72"|0xdbc7ba5
18:56:00.0 (34949903)|STATEMENT_EXECUTE|[39]
18:56:00.0 (34954526)|HEAP_ALLOCATE|[39]|Bytes:15
18:56:00.0 (34964059)|HEAP_ALLOCATE|[39]|Bytes:2
18:56:00.0 (35077812)|HEAP_ALLOCATE|[39]|Bytes:378
18:56:00.0 (35098536)|HEAP_ALLOCATE|[39]|Bytes:414
18:56:00.0 (35117161)|USER_DEBUG|[39]|DEBUG|FIELDSET_NAME==RecentlyViewedHover==Schema.DescribeSObjectResult[getHasSubtypes=false;getKeyPrefix=a0f;getLabel=Scheduler;getLabelPlural=Scheduler;getName=Scheduler__c;isAccessible=true;isCreateable=true;isCustom=true;isCustomSetting=false;isDeletable=true;isDeprecatedAndHidden=false;isFeedEnabled=false;isMergeable=false;isMruEnabled=true;isQueryable=true;isSearchable=true;isUndeletable=true;isUpdateable=true;]
18:56:00.0 (35132291)|STATEMENT_EXECUTE|[40]
18:56:00.0 (36552838)|HEAP_ALLOCATE|[40]|Bytes:4
18:56:00.0 (36608600)|VARIABLE_SCOPE_BEGIN|[40]|fieldSetObj|Schema.FieldSet|true|false
18:56:00.0 (36622261)|VARIABLE_ASSIGNMENT|[40]|fieldSetObj|null|
18:56:00.0 (36627861)|STATEMENT_EXECUTE|[41]
18:56:00.0 (36631030)|HEAP_ALLOCATE|[41]|Bytes:13
18:56:00.0 (36674784)|HEAP_ALLOCATE|[41]|Bytes:17
18:56:00.0 (36687694)|USER_DEBUG|[41]|DEBUG|fieldSetObj==null
18:56:00.0 (36694820)|STATEMENT_EXECUTE|[42]
18:56:00.0 (36703519)|HEAP_ALLOCATE|[42]|Bytes:4
18:56:00.0 (36730763)|VARIABLE_SCOPE_BEGIN|[42]|fieldApis|List<String>|true|false
18:56:00.0 (36756253)|HEAP_ALLOCATE|[EXTERNAL]|Bytes:4
18:56:00.0 (36769383)|VARIABLE_ASSIGNMENT|[42]|fieldApis|[]|0x6ed9fd00
18:56:00.0 (36775516)|STATEMENT_EXECUTE|[43]
18:56:00.0 (36783567)|HEAP_ALLOCATE|[43]|Bytes:4
18:56:00.0 (36806947)|VARIABLE_SCOPE_BEGIN|[43]|refFieldToIgnore|Set<String>|true|false
18:56:00.0 (36830628)|VARIABLE_ASSIGNMENT|[43]|refFieldToIgnore|[]|0xd6c22d
18:56:00.0 (36837064)|STATEMENT_EXECUTE|[44]
18:56:00.0 (36841242)|HEAP_ALLOCATE|[44]|Bytes:4
18:56:00.0 (36847459)|VARIABLE_SCOPE_BEGIN|[44]|refMap|Map<String,String>|true|false
18:56:00.0 (36861494)|VARIABLE_ASSIGNMENT|[44]|refMap|{}|0x71c4399a
18:56:00.0 (36865853)|STATEMENT_EXECUTE|[45]
18:56:00.0 (36868245)|VARIABLE_SCOPE_BEGIN|[45]|query|String|false|false
18:56:00.0 (36877485)|VARIABLE_ASSIGNMENT|[45]|query|null
18:56:00.0 (36882529)|STATEMENT_EXECUTE|[66]
18:56:00.0 (36885438)|HEAP_ALLOCATE|[67]|Bytes:4
18:56:00.0 (36921770)|STATEMENT_EXECUTE|[67]
18:56:00.0 (36923534)|STATEMENT_EXECUTE|[68]
18:56:00.0 (36925932)|HEAP_ALLOCATE|[68]|Bytes:4
18:56:00.0 (36948279)|HEAP_ALLOCATE|[EXTERNAL]|Bytes:4
18:56:00.0 (36954887)|STATEMENT_EXECUTE|[69]
18:56:00.0 (36957068)|HEAP_ALLOCATE|[69]|Bytes:20
18:56:00.0 (36961516)|HEAP_ALLOCATE|[69]|Bytes:13
18:56:00.0 (36978372)|HEAP_ALLOCATE|[69]|Bytes:18
18:56:00.0 (36997395)|HEAP_ALLOCATE|[69]|Bytes:1
18:56:00.0 (37005901)|HEAP_ALLOCATE|[69]|Bytes:64
18:56:00.0 (37015851)|VARIABLE_ASSIGNMENT|[69]|query|"Select Id,Name from  (44 more) ..."
18:56:00.0 (37020873)|STATEMENT_EXECUTE|[85]
18:56:00.0 (37022896)|HEAP_ALLOCATE|[85]|Bytes:7
18:56:00.0 (37027666)|HEAP_ALLOCATE|[85]|Bytes:71
18:56:00.0 (37218640)|USER_DEBUG|[85]|DEBUG|query==Select Id,Name from Scheduler__c where Id = 'a0f28000008b0TVAAY'
18:56:00.0 (37230043)|STATEMENT_EXECUTE|[86]
18:56:00.0 (37541303)|SOQL_EXECUTE_BEGIN|[86]|Aggregations:0|Select Id,Name from Scheduler__c where Id = 'a0f28000008b0TVAAY'
18:56:00.0 (39196013)|SOQL_EXECUTE_END|[86]|Rows:1
18:56:00.0 (39217461)|HEAP_ALLOCATE|[86]|Bytes:8
18:56:00.0 (39232969)|HEAP_ALLOCATE|[86]|Bytes:47
18:56:00.0 (39293961)|HEAP_ALLOCATE|[86]|Bytes:8
18:56:00.0 (39308565)|HEAP_ALLOCATE|[86]|Bytes:33
18:56:00.0 (39363143)|HEAP_ALLOCATE|[86]|Bytes:12
18:56:00.0 (39370975)|VARIABLE_SCOPE_BEGIN|[86]|so|SObject|true|false
18:56:00.0 (39391530)|VARIABLE_ASSIGNMENT|[86]|so|{"Id":"a0f28000008b0TVAAY","Name":"SCH-000008"}|0x2fc5f652
18:56:00.0 (39398388)|STATEMENT_EXECUTE|[87]
18:56:00.0 (39401237)|HEAP_ALLOCATE|[87]|Bytes:4
18:56:00.0 (39456480)|HEAP_ALLOCATE|[87]|Bytes:53
18:56:00.0 (39475226)|HEAP_ALLOCATE|[87]|Bytes:57
18:56:00.0 (39487542)|USER_DEBUG|[87]|DEBUG|so==Scheduler__c:{Id=a0f28000008b0TVAAY, Name=SCH-000008}
18:56:00.0 (39585734)|HEAP_ALLOCATE|[88]|Bytes:5
18:56:00.0 (39599312)|HEAP_ALLOCATE|[88]|Bytes:4
18:56:00.0 (39608018)|VARIABLE_SCOPE_BEGIN|[88]|st|String|false|false
18:56:00.0 (39618122)|VARIABLE_ASSIGNMENT|[88]|st|"name"
18:56:00.0 (39623836)|STATEMENT_EXECUTE|[88]
18:56:00.0 (39651195)|STATEMENT_EXECUTE|[89]
18:56:00.0 (39652691)|STATEMENT_EXECUTE|[90]
18:56:00.0 (39665286)|METHOD_ENTRY|[90]|01p2800000FELrp|RecentlyViewedRecords.findFieldInfo(String, String)
18:56:00.0 (39682279)|VARIABLE_SCOPE_BEGIN|[136]|objName|String|false|false
18:56:00.0 (39691988)|VARIABLE_ASSIGNMENT|[136]|objName|"Scheduler__c"
18:56:00.0 (39697275)|VARIABLE_SCOPE_BEGIN|[136]|fieldApi|String|false|false
18:56:00.0 (39703641)|VARIABLE_ASSIGNMENT|[136]|fieldApi|"name"
18:56:00.0 (39709763)|STATEMENT_EXECUTE|[136]
18:56:00.0 (39710923)|STATEMENT_EXECUTE|[137]
18:56:00.0 (39742043)|VARIABLE_SCOPE_BEGIN|[137]|leadSchema|Schema.SObjectType|true|false
18:56:00.0 (39841310)|VARIABLE_ASSIGNMENT|[137]|leadSchema|"common.apex.runtime.impl.ApexSObjectTypeToken@285c39ee"|0x285c39ee
18:56:00.0 (39849019)|STATEMENT_EXECUTE|[138]
18:56:00.0 (39887337)|HEAP_ALLOCATE|[138]|Bytes:4
18:56:00.0 (40069172)|HEAP_ALLOCATE|[138]|Bytes:64
18:56:00.0 (40085006)|METHOD_EXIT|[90]|01p2800000FELrp|RecentlyViewedRecords.findFieldInfo(String, String)
18:56:00.0 (40092361)|VARIABLE_SCOPE_BEGIN|[90]|fieldMap|Map<String,Schema.SObjectField>|true|false
18:56:00.0 (40212235)|VARIABLE_ASSIGNMENT|[90]|fieldMap|"{createdbyid=CreatedById, createddate=CreatedDate, filter_wrapper_json__c=Filter_Wrapper_JSON__c, id=Id, isdeleted=IsDeleted, lastmodifiedbyid=LastModifiedById, lastmodifieddate=LastModifiedDate, lastreferenceddate=LastReferencedDate, lastvieweddate=LastViewedDate, name=Name, ...}"|0x28782308
18:56:00.0 (40223978)|STATEMENT_EXECUTE|[91]
18:56:00.0 (40240124)|HEAP_ALLOCATE|[91]|Bytes:180
18:56:00.0 (40248260)|HEAP_ALLOCATE|[91]|Bytes:23
18:56:00.0 (40257278)|HEAP_ALLOCATE|[91]|Bytes:28
18:56:00.0 (40284356)|CONSTRUCTOR_ENTRY|[91]|01p2800000FELrp|<init>()
18:56:00.0 (40310491)|VARIABLE_SCOPE_BEGIN|[167]|this|RecentlyViewedRecords.objectWrapper|true|false
18:56:00.0 (40348713)|VARIABLE_ASSIGNMENT|[167]|this|{}|0x2249d52b
18:56:00.0 (40360308)|HEAP_ALLOCATE|[EXTERNAL]|Bytes:6
18:56:00.0 (40390754)|STATEMENT_EXECUTE|[167]
18:56:00.0 (40392924)|STATEMENT_EXECUTE|[169]
18:56:00.0 (40394475)|STATEMENT_EXECUTE|[171]
18:56:00.0 (40395913)|STATEMENT_EXECUTE|[173]
18:56:00.0 (40397221)|STATEMENT_EXECUTE|[175]
18:56:00.0 (40398490)|STATEMENT_EXECUTE|[177]
18:56:00.0 (40399760)|STATEMENT_EXECUTE|[179]
18:56:00.0 (40405442)|CONSTRUCTOR_EXIT|[91]|01p2800000FELrp|<init>()
18:56:00.0 (40415617)|VARIABLE_SCOPE_BEGIN|[91]|ow|RecentlyViewedRecords.objectWrapper|true|false
18:56:00.0 (40437468)|VARIABLE_ASSIGNMENT|[91]|ow|{}|0x2249d52b
18:56:00.0 (40444441)|STATEMENT_EXECUTE|[92]
18:56:00.0 (40739985)|HEAP_ALLOCATE|[92]|Bytes:8
18:56:00.0 (40765419)|HEAP_ALLOCATE|[92]|Bytes:14
18:56:00.0 (40795750)|VARIABLE_ASSIGNMENT|[EXTERNAL]|this|{}|0x2249d52b
18:56:00.0 (40805584)|VARIABLE_ASSIGNMENT|[EXTERNAL]|value|"Scheduler Name"
18:56:00.0 (40815529)|VARIABLE_ASSIGNMENT|[169]|this.label|"Scheduler Name"|0x2249d52b
18:56:00.0 (40823925)|STATEMENT_EXECUTE|[93]
18:56:00.0 (40887381)|HEAP_ALLOCATE|[93]|Bytes:10
18:56:00.0 (40907036)|HEAP_ALLOCATE|[93]|Bytes:10
18:56:00.0 (40940867)|VARIABLE_ASSIGNMENT|[EXTERNAL]|this|{"label":"Scheduler Name"}|0x2249d52b
18:56:00.0 (40949218)|VARIABLE_ASSIGNMENT|[EXTERNAL]|value|"SCH-000008"
18:56:00.0 (40958217)|VARIABLE_ASSIGNMENT|[171]|this.value|"SCH-000008"|0x2249d52b
18:56:00.0 (40966173)|STATEMENT_EXECUTE|[94]
18:56:00.0 (41012903)|VARIABLE_ASSIGNMENT|[EXTERNAL]|this|{"label":"Scheduler Name","value":"SCH-000008"}|0x2249d52b
18:56:00.0 (41022905)|VARIABLE_ASSIGNMENT|[EXTERNAL]|value|null
18:56:00.0 (41029664)|VARIABLE_ASSIGNMENT|[173]|this.refName|null|0x2249d52b
18:56:00.0 (41036628)|STATEMENT_EXECUTE|[95]
18:56:00.0 (41060684)|VARIABLE_ASSIGNMENT|[EXTERNAL]|this|{"label":"Scheduler Name","value":"SCH-000008"}|0x2249d52b
18:56:00.0 (41067906)|VARIABLE_ASSIGNMENT|[EXTERNAL]|value|"name"
18:56:00.0 (41074807)|VARIABLE_ASSIGNMENT|[175]|this.api|"name"|0x2249d52b
18:56:00.0 (41081582)|STATEMENT_EXECUTE|[96]
18:56:00.0 (41128734)|HEAP_ALLOCATE|[96]|Bytes:8
18:56:00.0 (41963983)|HEAP_ALLOCATE|[96]|Bytes:12
18:56:00.0 (41993619)|HEAP_ALLOCATE|[96]|Bytes:6
18:56:00.0 (42029292)|VARIABLE_ASSIGNMENT|[EXTERNAL]|this|{"api":"name","label":"Scheduler Name","value":"SCH-000008"}|0x2249d52b
18:56:00.0 (42038045)|VARIABLE_ASSIGNMENT|[EXTERNAL]|value|"STRING"
18:56:00.0 (42046750)|VARIABLE_ASSIGNMENT|[177]|this.type|"STRING"|0x2249d52b
18:56:00.0 (42054997)|STATEMENT_EXECUTE|[98]
18:56:00.0 (42058517)|HEAP_ALLOCATE|[98]|Bytes:4
18:56:00.0 (42102525)|HEAP_ALLOCATE|[98]|Bytes:105
18:56:00.0 (42115775)|HEAP_ALLOCATE|[98]|Bytes:109
18:56:00.0 (42125718)|USER_DEBUG|[98]|DEBUG|ow==objectWrapper:[api=name, iconUrl=null, label=Scheduler Name, refName=null, type=STRING, value=SCH-000008]
18:56:00.0 (42132568)|STATEMENT_EXECUTE|[99]
18:56:00.0 (42155657)|HEAP_ALLOCATE|[EXTERNAL]|Bytes:4
18:56:00.0 (42173110)|HEAP_ALLOCATE|[88]|Bytes:5
18:56:00.0 (42184568)|VARIABLE_ASSIGNMENT|[88]|st|null
18:56:00.0 (42189982)|STATEMENT_EXECUTE|[102]
18:56:00.0 (42196908)|SYSTEM_MODE_EXIT|false
18:56:00.42 (42218170)|CUMULATIVE_LIMIT_USAGE
18:56:00.42 (42218170)|LIMIT_USAGE_FOR_NS|(default)|
  Number of SOQL queries: 1 out of 100
  Number of query rows: 1 out of 50000
  Number of SOSL queries: 0 out of 20
  Number of DML statements: 0 out of 150
  Number of DML rows: 0 out of 10000
  Maximum CPU time: 0 out of 10000
  Maximum heap size: 0 out of 6000000
  Number of callouts: 0 out of 100
  Number of Email Invocations: 0 out of 10
  Number of future calls: 0 out of 50
  Number of queueable jobs added to the queue: 0 out of 50
  Number of Mobile Apex push calls: 0 out of 10

18:56:00.42 (42218170)|CUMULATIVE_LIMIT_USAGE_END

18:56:00.0 (42250289)|CODE_UNIT_FINISHED|RecentlyViewedRecords.queryCompactLayout
18:56:00.0 (43781489)|CODE_UNIT_STARTED|[EXTERNAL]|Aura
18:56:00.0 (43817602)|CODE_UNIT_FINISHED|Aura
18:56:00.0 (43839940)|CODE_UNIT_FINISHED|Aura
18:56:00.0 (44840375)|EXECUTION_FINISHED
