40.0 APEX_CODE,FINEST;APEX_PROFILING,INFO;CALLOUT,INFO;DB,INFO;SYSTEM,DEBUG;VALIDATION,INFO;VISUALFORCE,INFO;WAVE,INFO;WORKFLOW,INFO
18:57:58.0 (68423)|USER_INFO|[EXTERNAL]|00528000001JBjQ|ramu.veligeti@yahoo.co.in|Pacific Standard Time|GMT-07:00
18:57:58.0 (113674)|EXECUTION_STARTED
18:57:58.0 (118075)|CODE_UNIT_STARTED|[EXTERNAL]|Aura
18:57:58.0 (10757674)|HEAP_ALLOCATE|[72]|Bytes:3
18:57:58.0 (10786386)|HEAP_ALLOCATE|[77]|Bytes:152
18:57:58.0 (10800373)|HEAP_ALLOCATE|[342]|Bytes:408
18:57:58.0 (10814672)|HEAP_ALLOCATE|[355]|Bytes:408
18:57:58.0 (10827007)|HEAP_ALLOCATE|[467]|Bytes:48
18:57:58.0 (10849379)|HEAP_ALLOCATE|[139]|Bytes:6
18:57:58.0 (10861026)|HEAP_ALLOCATE|[EXTERNAL]|Bytes:18
18:57:58.0 (10868919)|HEAP_ALLOCATE|[EXTERNAL]|Bytes:4
18:57:58.0 (11035172)|HEAP_ALLOCATE|[EXTERNAL]|Bytes:12
18:57:58.0 (11041651)|HEAP_ALLOCATE|[EXTERNAL]|Bytes:12
18:57:58.0 (11893647)|CODE_UNIT_STARTED|[EXTERNAL]|01p2800000FELrp|RecentlyViewedRecords.queryCompactLayout
18:57:58.0 (11934826)|VARIABLE_SCOPE_BEGIN|[2]|RecentlyViewedRecords.FIELDSET_NAME|String|false|true
18:57:58.0 (11944219)|VARIABLE_SCOPE_BEGIN|[3]|RecentlyViewedRecords.private_apiFieldNames|Map<String,Set<String>>|true|true
18:57:58.0 (11951557)|VARIABLE_SCOPE_BEGIN|[5]|RecentlyViewedRecords.rvi|Recently_Viewed__c|true|true
18:57:58.0 (11958549)|VARIABLE_SCOPE_BEGIN|[4]|RecentlyViewedRecords.schemaMap|Map<String,Schema.SObjectType>|true|true
18:57:58.0 (11992123)|HEAP_ALLOCATE|[EXTERNAL]|Bytes:35
18:57:58.0 (11999264)|HEAP_ALLOCATE|[EXTERNAL]|Bytes:20
18:57:58.0 (12003411)|HEAP_ALLOCATE|[EXTERNAL]|Bytes:38
18:57:58.0 (12096674)|METHOD_ENTRY|[1]|01p2800000FELrp|RecentlyViewedRecords.RecentlyViewedRecords()
18:57:58.0 (12103044)|STATEMENT_EXECUTE|[1]
18:57:58.0 (12106801)|STATEMENT_EXECUTE|[1]
18:57:58.0 (12107931)|STATEMENT_EXECUTE|[2]
18:57:58.0 (12110913)|HEAP_ALLOCATE|[2]|Bytes:19
18:57:58.0 (12129772)|VARIABLE_ASSIGNMENT|[2]|RecentlyViewedRecords.FIELDSET_NAME|"RecentlyViewedHover"
18:57:58.0 (12134638)|STATEMENT_EXECUTE|[3]
18:57:58.0 (12138322)|HEAP_ALLOCATE|[3]|Bytes:4
18:57:58.0 (12156235)|VARIABLE_ASSIGNMENT|[3]|RecentlyViewedRecords.private_apiFieldNames|{}|0x3b168a0e
18:57:58.0 (12161609)|STATEMENT_EXECUTE|[4]
18:57:58.0 (12191031)|HEAP_ALLOCATE|[50]|Bytes:5
18:57:58.0 (12209547)|HEAP_ALLOCATE|[56]|Bytes:5
18:57:58.0 (12216353)|HEAP_ALLOCATE|[64]|Bytes:7
18:57:58.0 (24952407)|HEAP_ALLOCATE|[4]|Bytes:1456
18:57:58.0 (25174155)|VARIABLE_ASSIGNMENT|[4]|RecentlyViewedRecords.schemaMap|"{acceptedeventrelation=AcceptedEventRelation, acchierarchy__account_hierarchy__mdt=accHierarchy__Account_Hierarchy__mdt, acchierarchy__account_hierarchy_setup__c=accHierarchy__Account_Hierarchy_Setup__c, account=Account, accountcleaninfo=AccountCleanInfo, accountcontactrole=AccountContactRole, accountfeed=AccountFeed, accounthistory=AccountHistory, accountpartner=AccountPartner, accountshare=AccountShare, ...}"|0x518f9bb5
18:57:58.0 (25190039)|STATEMENT_EXECUTE|[5]
18:57:58.0 (25946411)|HEAP_ALLOCATE|[5]|Bytes:20
18:57:58.0 (25979885)|VARIABLE_ASSIGNMENT|[5]|RecentlyViewedRecords.rvi|{"IsDeleted":false,"Name":"a0d28000002ZKNz","SetupOwnerId":"00528000001JBjQAAW","Records_to_Display__ (1 more) ...":"20"}|0x4553924e
18:57:58.0 (25988125)|STATEMENT_EXECUTE|[147]
18:57:58.0 (25989405)|STATEMENT_EXECUTE|[167]
18:57:58.0 (25995286)|METHOD_EXIT|[1]|RecentlyViewedRecords
18:57:58.0 (26005744)|HEAP_ALLOCATE|[EXTERNAL]|Bytes:4
18:57:58.0 (26009834)|HEAP_ALLOCATE|[EXTERNAL]|Bytes:12
18:57:58.0 (26015740)|SYSTEM_MODE_ENTER|false
18:57:58.0 (26023761)|VARIABLE_SCOPE_BEGIN|[33]|rvId|Id|false|false
18:57:58.0 (26076870)|VARIABLE_ASSIGNMENT|[33]|rvId|"a0f28000008b0AbAAI"
18:57:58.0 (26083178)|VARIABLE_SCOPE_BEGIN|[33]|objName|String|false|false
18:57:58.0 (26091320)|VARIABLE_ASSIGNMENT|[33]|objName|"Scheduler__c"
18:57:58.0 (26099815)|STATEMENT_EXECUTE|[33]
18:57:58.0 (26101089)|STATEMENT_EXECUTE|[34]
18:57:58.0 (26107395)|HEAP_ALLOCATE|[34]|Bytes:4
18:57:58.0 (26119063)|VARIABLE_SCOPE_BEGIN|[34]|objMap|Map<String,String>|true|false
18:57:58.0 (26132552)|VARIABLE_ASSIGNMENT|[34]|objMap|{}|0x4a9a2610
18:57:58.0 (26138311)|STATEMENT_EXECUTE|[35]
18:57:58.0 (26237797)|HEAP_ALLOCATE|[35]|Bytes:4
18:57:58.0 (26281223)|VARIABLE_SCOPE_BEGIN|[35]|owList|List<RecentlyViewedRecords.objectWrapper>|true|false
18:57:58.0 (26307126)|HEAP_ALLOCATE|[EXTERNAL]|Bytes:4
18:57:58.0 (26316876)|VARIABLE_ASSIGNMENT|[35]|owList|[]|0x67655ec5
18:57:58.0 (26322186)|STATEMENT_EXECUTE|[36]
18:57:58.0 (32736351)|HEAP_ALLOCATE|[36]|Bytes:1628
18:57:58.0 (32760948)|VARIABLE_SCOPE_BEGIN|[36]|globalDescribeMap|Map<String,Schema.SObjectType>|true|false
18:57:58.0 (32945777)|VARIABLE_ASSIGNMENT|[36]|globalDescribeMap|"{acceptedeventrelation=AcceptedEventRelation, acchierarchy__account_hierarchy__mdt=accHierarchy__Account_Hierarchy__mdt, acchierarchy__account_hierarchy_setup__c=accHierarchy__Account_Hierarchy_Setup__c, account=Account, accountcleaninfo=AccountCleanInfo, accountcontactrole=AccountContactRole, accountfeed=AccountFeed, accounthistory=AccountHistory, accountpartner=AccountPartner, accountshare=AccountShare, ...}"|0x715b75c4
18:57:58.0 (32959633)|STATEMENT_EXECUTE|[37]
18:57:58.0 (33027877)|VARIABLE_SCOPE_BEGIN|[37]|SObjectTypeObj|Schema.SObjectType|true|false
18:57:58.0 (33075862)|VARIABLE_ASSIGNMENT|[37]|SObjectTypeObj|"common.apex.runtime.impl.ApexSObjectTypeToken@28434843"|0x28434843
18:57:58.0 (33083270)|STATEMENT_EXECUTE|[38]
18:57:58.0 (33275323)|HEAP_ALLOCATE|[38]|Bytes:4
18:57:58.0 (33304299)|VARIABLE_SCOPE_BEGIN|[38]|describeSObjectResultObj|Schema.DescribeSObjectResult|true|false
18:57:58.0 (33364955)|VARIABLE_ASSIGNMENT|[38]|describeSObjectResultObj|"common.api.soap.wsdl.DescribeSObjectResult@315dff72"|0x54f30d64
18:57:58.0 (33372343)|STATEMENT_EXECUTE|[39]
18:57:58.0 (33377359)|HEAP_ALLOCATE|[39]|Bytes:15
18:57:58.0 (33386266)|HEAP_ALLOCATE|[39]|Bytes:2
18:57:58.0 (33500300)|HEAP_ALLOCATE|[39]|Bytes:378
18:57:58.0 (33519676)|HEAP_ALLOCATE|[39]|Bytes:414
18:57:58.0 (33539216)|USER_DEBUG|[39]|DEBUG|FIELDSET_NAME==RecentlyViewedHover==Schema.DescribeSObjectResult[getHasSubtypes=false;getKeyPrefix=a0f;getLabel=Scheduler;getLabelPlural=Scheduler;getName=Scheduler__c;isAccessible=true;isCreateable=true;isCustom=true;isCustomSetting=false;isDeletable=true;isDeprecatedAndHidden=false;isFeedEnabled=false;isMergeable=false;isMruEnabled=true;isQueryable=true;isSearchable=true;isUndeletable=true;isUpdateable=true;]
18:57:58.0 (33551080)|STATEMENT_EXECUTE|[40]
18:57:58.0 (34777529)|HEAP_ALLOCATE|[40]|Bytes:4
18:57:58.0 (34823732)|VARIABLE_SCOPE_BEGIN|[40]|fieldSetObj|Schema.FieldSet|true|false
18:57:58.0 (34838845)|VARIABLE_ASSIGNMENT|[40]|fieldSetObj|null|
18:57:58.0 (34843978)|STATEMENT_EXECUTE|[41]
18:57:58.0 (34847478)|HEAP_ALLOCATE|[41]|Bytes:13
18:57:58.0 (34889367)|HEAP_ALLOCATE|[41]|Bytes:17
18:57:58.0 (34899570)|USER_DEBUG|[41]|DEBUG|fieldSetObj==null
18:57:58.0 (34906520)|STATEMENT_EXECUTE|[42]
18:57:58.0 (34914492)|HEAP_ALLOCATE|[42]|Bytes:4
18:57:58.0 (34938228)|VARIABLE_SCOPE_BEGIN|[42]|fieldApis|List<String>|true|false
18:57:58.0 (34962285)|HEAP_ALLOCATE|[EXTERNAL]|Bytes:4
18:57:58.0 (34971598)|VARIABLE_ASSIGNMENT|[42]|fieldApis|[]|0x5cba0984
18:57:58.0 (34977085)|STATEMENT_EXECUTE|[43]
18:57:58.0 (34984608)|HEAP_ALLOCATE|[43]|Bytes:4
18:57:58.0 (35005074)|VARIABLE_SCOPE_BEGIN|[43]|refFieldToIgnore|Set<String>|true|false
18:57:58.0 (35027763)|VARIABLE_ASSIGNMENT|[43]|refFieldToIgnore|[]|0x10eea75a
18:57:58.0 (35032895)|STATEMENT_EXECUTE|[44]
18:57:58.0 (35037353)|HEAP_ALLOCATE|[44]|Bytes:4
18:57:58.0 (35043505)|VARIABLE_SCOPE_BEGIN|[44]|refMap|Map<String,String>|true|false
18:57:58.0 (35056073)|VARIABLE_ASSIGNMENT|[44]|refMap|{}|0x74fdccb0
18:57:58.0 (35060534)|STATEMENT_EXECUTE|[45]
18:57:58.0 (35062898)|VARIABLE_SCOPE_BEGIN|[45]|query|String|false|false
18:57:58.0 (35070638)|VARIABLE_ASSIGNMENT|[45]|query|null
18:57:58.0 (35074758)|STATEMENT_EXECUTE|[66]
18:57:58.0 (35077223)|HEAP_ALLOCATE|[67]|Bytes:4
18:57:58.0 (35110864)|STATEMENT_EXECUTE|[67]
18:57:58.0 (35112324)|STATEMENT_EXECUTE|[68]
18:57:58.0 (35114799)|HEAP_ALLOCATE|[68]|Bytes:4
18:57:58.0 (35136166)|HEAP_ALLOCATE|[EXTERNAL]|Bytes:4
18:57:58.0 (35142363)|STATEMENT_EXECUTE|[69]
18:57:58.0 (35144332)|HEAP_ALLOCATE|[69]|Bytes:20
18:57:58.0 (35148041)|HEAP_ALLOCATE|[69]|Bytes:13
18:57:58.0 (35164781)|HEAP_ALLOCATE|[69]|Bytes:18
18:57:58.0 (35172312)|HEAP_ALLOCATE|[69]|Bytes:1
18:57:58.0 (35179857)|HEAP_ALLOCATE|[69]|Bytes:64
18:57:58.0 (35187526)|VARIABLE_ASSIGNMENT|[69]|query|"Select Id,Name from  (44 more) ..."
18:57:58.0 (35192115)|STATEMENT_EXECUTE|[85]
18:57:58.0 (35194420)|HEAP_ALLOCATE|[85]|Bytes:7
18:57:58.0 (35199356)|HEAP_ALLOCATE|[85]|Bytes:71
18:57:58.0 (35215549)|USER_DEBUG|[85]|DEBUG|query==Select Id,Name from Scheduler__c where Id = 'a0f28000008b0AbAAI'
18:57:58.0 (35222377)|STATEMENT_EXECUTE|[86]
18:57:58.0 (35530927)|SOQL_EXECUTE_BEGIN|[86]|Aggregations:0|Select Id,Name from Scheduler__c where Id = 'a0f28000008b0AbAAI'
18:57:58.0 (37213178)|SOQL_EXECUTE_END|[86]|Rows:1
18:57:58.0 (37239783)|HEAP_ALLOCATE|[86]|Bytes:8
18:57:58.0 (37258685)|HEAP_ALLOCATE|[86]|Bytes:47
18:57:58.0 (37312965)|HEAP_ALLOCATE|[86]|Bytes:8
18:57:58.0 (37327355)|HEAP_ALLOCATE|[86]|Bytes:33
18:57:58.0 (37379886)|HEAP_ALLOCATE|[86]|Bytes:12
18:57:58.0 (37387691)|VARIABLE_SCOPE_BEGIN|[86]|so|SObject|true|false
18:57:58.0 (37405661)|VARIABLE_ASSIGNMENT|[86]|so|{"Id":"a0f28000008b0AbAAI","Name":"SCH-000002"}|0x4ff7d4f9
18:57:58.0 (37412421)|STATEMENT_EXECUTE|[87]
18:57:58.0 (37415486)|HEAP_ALLOCATE|[87]|Bytes:4
18:57:58.0 (37468044)|HEAP_ALLOCATE|[87]|Bytes:53
18:57:58.0 (37482807)|HEAP_ALLOCATE|[87]|Bytes:57
18:57:58.0 (37492579)|USER_DEBUG|[87]|DEBUG|so==Scheduler__c:{Id=a0f28000008b0AbAAI, Name=SCH-000002}
18:57:58.0 (37584758)|HEAP_ALLOCATE|[88]|Bytes:5
18:57:58.0 (37599480)|HEAP_ALLOCATE|[88]|Bytes:4
18:57:58.0 (37607401)|VARIABLE_SCOPE_BEGIN|[88]|st|String|false|false
18:57:58.0 (37617944)|VARIABLE_ASSIGNMENT|[88]|st|"name"
18:57:58.0 (37622802)|STATEMENT_EXECUTE|[88]
18:57:58.0 (37649504)|STATEMENT_EXECUTE|[89]
18:57:58.0 (37650972)|STATEMENT_EXECUTE|[90]
18:57:58.0 (37662619)|METHOD_ENTRY|[90]|01p2800000FELrp|RecentlyViewedRecords.findFieldInfo(String, String)
18:57:58.0 (37679188)|VARIABLE_SCOPE_BEGIN|[136]|objName|String|false|false
18:57:58.0 (37688150)|VARIABLE_ASSIGNMENT|[136]|objName|"Scheduler__c"
18:57:58.0 (37692108)|VARIABLE_SCOPE_BEGIN|[136]|fieldApi|String|false|false
18:57:58.0 (37698238)|VARIABLE_ASSIGNMENT|[136]|fieldApi|"name"
18:57:58.0 (37704496)|STATEMENT_EXECUTE|[136]
18:57:58.0 (37705873)|STATEMENT_EXECUTE|[137]
18:57:58.0 (37733094)|VARIABLE_SCOPE_BEGIN|[137]|leadSchema|Schema.SObjectType|true|false
18:57:58.0 (37791147)|VARIABLE_ASSIGNMENT|[137]|leadSchema|"common.apex.runtime.impl.ApexSObjectTypeToken@28434843"|0x28434843
18:57:58.0 (37799457)|STATEMENT_EXECUTE|[138]
18:57:58.0 (37829452)|HEAP_ALLOCATE|[138]|Bytes:4
18:57:58.0 (37981790)|HEAP_ALLOCATE|[138]|Bytes:64
18:57:58.0 (37993299)|METHOD_EXIT|[90]|01p2800000FELrp|RecentlyViewedRecords.findFieldInfo(String, String)
18:57:58.0 (38000216)|VARIABLE_SCOPE_BEGIN|[90]|fieldMap|Map<String,Schema.SObjectField>|true|false
18:57:58.0 (38114063)|VARIABLE_ASSIGNMENT|[90]|fieldMap|"{createdbyid=CreatedById, createddate=CreatedDate, filter_wrapper_json__c=Filter_Wrapper_JSON__c, id=Id, isdeleted=IsDeleted, lastmodifiedbyid=LastModifiedById, lastmodifieddate=LastModifiedDate, lastreferenceddate=LastReferencedDate, lastvieweddate=LastViewedDate, name=Name, ...}"|0x7b6d5b9f
18:57:58.0 (38125104)|STATEMENT_EXECUTE|[91]
18:57:58.0 (38139781)|HEAP_ALLOCATE|[91]|Bytes:180
18:57:58.0 (38147455)|HEAP_ALLOCATE|[91]|Bytes:23
18:57:58.0 (38155265)|HEAP_ALLOCATE|[91]|Bytes:28
18:57:58.0 (38166532)|CONSTRUCTOR_ENTRY|[91]|01p2800000FELrp|<init>()
18:57:58.0 (38182273)|VARIABLE_SCOPE_BEGIN|[167]|this|RecentlyViewedRecords.objectWrapper|true|false
18:57:58.0 (38212912)|VARIABLE_ASSIGNMENT|[167]|this|{}|0xb3d14be
18:57:58.0 (38222980)|HEAP_ALLOCATE|[EXTERNAL]|Bytes:6
18:57:58.0 (38248647)|STATEMENT_EXECUTE|[167]
18:57:58.0 (38250157)|STATEMENT_EXECUTE|[169]
18:57:58.0 (38251156)|STATEMENT_EXECUTE|[171]
18:57:58.0 (38251954)|STATEMENT_EXECUTE|[173]
18:57:58.0 (38253144)|STATEMENT_EXECUTE|[175]
18:57:58.0 (38254016)|STATEMENT_EXECUTE|[177]
18:57:58.0 (38254908)|STATEMENT_EXECUTE|[179]
18:57:58.0 (38258619)|CONSTRUCTOR_EXIT|[91]|01p2800000FELrp|<init>()
18:57:58.0 (38264318)|VARIABLE_SCOPE_BEGIN|[91]|ow|RecentlyViewedRecords.objectWrapper|true|false
18:57:58.0 (38280696)|VARIABLE_ASSIGNMENT|[91]|ow|{}|0xb3d14be
18:57:58.0 (38285515)|STATEMENT_EXECUTE|[92]
18:57:58.0 (38520181)|HEAP_ALLOCATE|[92]|Bytes:8
18:57:58.0 (38541766)|HEAP_ALLOCATE|[92]|Bytes:14
18:57:58.0 (38570954)|VARIABLE_ASSIGNMENT|[EXTERNAL]|this|{}|0xb3d14be
18:57:58.0 (38579816)|VARIABLE_ASSIGNMENT|[EXTERNAL]|value|"Scheduler Name"
18:57:58.0 (38591134)|VARIABLE_ASSIGNMENT|[169]|this.label|"Scheduler Name"|0xb3d14be
18:57:58.0 (38602360)|STATEMENT_EXECUTE|[93]
18:57:58.0 (38654363)|HEAP_ALLOCATE|[93]|Bytes:10
18:57:58.0 (38672728)|HEAP_ALLOCATE|[93]|Bytes:10
18:57:58.0 (38700034)|VARIABLE_ASSIGNMENT|[EXTERNAL]|this|{"label":"Scheduler Name"}|0xb3d14be
18:57:58.0 (38707859)|VARIABLE_ASSIGNMENT|[EXTERNAL]|value|"SCH-000002"
18:57:58.0 (38715299)|VARIABLE_ASSIGNMENT|[171]|this.value|"SCH-000002"|0xb3d14be
18:57:58.0 (38721945)|STATEMENT_EXECUTE|[94]
18:57:58.0 (38765034)|VARIABLE_ASSIGNMENT|[EXTERNAL]|this|{"label":"Scheduler Name","value":"SCH-000002"}|0xb3d14be
18:57:58.0 (38772976)|VARIABLE_ASSIGNMENT|[EXTERNAL]|value|null
18:57:58.0 (38779591)|VARIABLE_ASSIGNMENT|[173]|this.refName|null|0xb3d14be
18:57:58.0 (38785935)|STATEMENT_EXECUTE|[95]
18:57:58.0 (38808858)|VARIABLE_ASSIGNMENT|[EXTERNAL]|this|{"label":"Scheduler Name","value":"SCH-000002"}|0xb3d14be
18:57:58.0 (38815547)|VARIABLE_ASSIGNMENT|[EXTERNAL]|value|"name"
18:57:58.0 (38824164)|VARIABLE_ASSIGNMENT|[175]|this.api|"name"|0xb3d14be
18:57:58.0 (38830695)|STATEMENT_EXECUTE|[96]
18:57:58.0 (38877140)|HEAP_ALLOCATE|[96]|Bytes:8
18:57:58.0 (39572878)|HEAP_ALLOCATE|[96]|Bytes:12
18:57:58.0 (39601696)|HEAP_ALLOCATE|[96]|Bytes:6
18:57:58.0 (39636327)|VARIABLE_ASSIGNMENT|[EXTERNAL]|this|{"api":"name","label":"Scheduler Name","value":"SCH-000002"}|0xb3d14be
18:57:58.0 (39643804)|VARIABLE_ASSIGNMENT|[EXTERNAL]|value|"STRING"
18:57:58.0 (39651991)|VARIABLE_ASSIGNMENT|[177]|this.type|"STRING"|0xb3d14be
18:57:58.0 (39659465)|STATEMENT_EXECUTE|[98]
18:57:58.0 (39662453)|HEAP_ALLOCATE|[98]|Bytes:4
18:57:58.0 (39703679)|HEAP_ALLOCATE|[98]|Bytes:105
18:57:58.0 (39716453)|HEAP_ALLOCATE|[98]|Bytes:109
18:57:58.0 (39727057)|USER_DEBUG|[98]|DEBUG|ow==objectWrapper:[api=name, iconUrl=null, label=Scheduler Name, refName=null, type=STRING, value=SCH-000002]
18:57:58.0 (39734336)|STATEMENT_EXECUTE|[99]
18:57:58.0 (39756638)|HEAP_ALLOCATE|[EXTERNAL]|Bytes:4
18:57:58.0 (39772340)|HEAP_ALLOCATE|[88]|Bytes:5
18:57:58.0 (39783186)|VARIABLE_ASSIGNMENT|[88]|st|null
18:57:58.0 (39788023)|STATEMENT_EXECUTE|[102]
18:57:58.0 (39795223)|SYSTEM_MODE_EXIT|false
18:57:58.39 (39814251)|CUMULATIVE_LIMIT_USAGE
18:57:58.39 (39814251)|LIMIT_USAGE_FOR_NS|(default)|
  Number of SOQL queries: 1 out of 100
  Number of query rows: 1 out of 50000
  Number of SOSL queries: 0 out of 20
  Number of DML statements: 0 out of 150
  Number of DML rows: 0 out of 10000
  Maximum CPU time: 0 out of 10000
  Maximum heap size: 0 out of 6000000
  Number of callouts: 0 out of 100
  Number of Email Invocations: 0 out of 10
  Number of future calls: 0 out of 50
  Number of queueable jobs added to the queue: 0 out of 50
  Number of Mobile Apex push calls: 0 out of 10

18:57:58.39 (39814251)|CUMULATIVE_LIMIT_USAGE_END

18:57:58.0 (39842038)|CODE_UNIT_FINISHED|RecentlyViewedRecords.queryCompactLayout
18:57:58.0 (40895845)|CODE_UNIT_STARTED|[EXTERNAL]|Aura
18:57:58.0 (40937004)|CODE_UNIT_FINISHED|Aura
18:57:58.0 (40960530)|CODE_UNIT_FINISHED|Aura
18:57:58.0 (41676351)|EXECUTION_FINISHED
