40.0 APEX_CODE,FINEST;APEX_PROFILING,INFO;CALLOUT,INFO;DB,INFO;SYSTEM,DEBUG;VALIDATION,INFO;VISUALFORCE,INFO;WAVE,INFO;WORKFLOW,INFO
19:03:35.0 (85906)|USER_INFO|[EXTERNAL]|00528000001JBjQ|ramu.veligeti@yahoo.co.in|Pacific Standard Time|GMT-07:00
19:03:35.0 (137765)|EXECUTION_STARTED
19:03:35.0 (142735)|CODE_UNIT_STARTED|[EXTERNAL]|Aura
19:03:35.0 (12795779)|HEAP_ALLOCATE|[72]|Bytes:3
19:03:35.0 (12837184)|HEAP_ALLOCATE|[77]|Bytes:152
19:03:35.0 (12858744)|HEAP_ALLOCATE|[342]|Bytes:408
19:03:35.0 (12883996)|HEAP_ALLOCATE|[355]|Bytes:408
19:03:35.0 (12912115)|HEAP_ALLOCATE|[467]|Bytes:48
19:03:35.0 (12940207)|HEAP_ALLOCATE|[139]|Bytes:6
19:03:35.0 (12957752)|HEAP_ALLOCATE|[EXTERNAL]|Bytes:18
19:03:35.0 (12996415)|HEAP_ALLOCATE|[EXTERNAL]|Bytes:4
19:03:35.0 (13297079)|HEAP_ALLOCATE|[EXTERNAL]|Bytes:7
19:03:35.0 (13308169)|HEAP_ALLOCATE|[EXTERNAL]|Bytes:7
19:03:35.0 (14259380)|CODE_UNIT_STARTED|[EXTERNAL]|01p2800000FELrp|RecentlyViewedRecords.queryCompactLayout
19:03:35.0 (14333427)|VARIABLE_SCOPE_BEGIN|[2]|RecentlyViewedRecords.FIELDSET_NAME|String|false|true
19:03:35.0 (14348465)|VARIABLE_SCOPE_BEGIN|[3]|RecentlyViewedRecords.private_apiFieldNames|Map<String,Set<String>>|true|true
19:03:35.0 (14360298)|VARIABLE_SCOPE_BEGIN|[5]|RecentlyViewedRecords.rvi|Recently_Viewed__c|true|true
19:03:35.0 (14379505)|VARIABLE_SCOPE_BEGIN|[4]|RecentlyViewedRecords.schemaMap|Map<String,Schema.SObjectType>|true|true
19:03:35.0 (14445673)|HEAP_ALLOCATE|[EXTERNAL]|Bytes:35
19:03:35.0 (14459273)|HEAP_ALLOCATE|[EXTERNAL]|Bytes:20
19:03:35.0 (14465412)|HEAP_ALLOCATE|[EXTERNAL]|Bytes:38
19:03:35.0 (14597537)|METHOD_ENTRY|[1]|01p2800000FELrp|RecentlyViewedRecords.RecentlyViewedRecords()
19:03:35.0 (14610425)|STATEMENT_EXECUTE|[1]
19:03:35.0 (14616081)|STATEMENT_EXECUTE|[1]
19:03:35.0 (14617667)|STATEMENT_EXECUTE|[2]
19:03:35.0 (14621342)|HEAP_ALLOCATE|[2]|Bytes:19
19:03:35.0 (14653275)|VARIABLE_ASSIGNMENT|[2]|RecentlyViewedRecords.FIELDSET_NAME|"RecentlyViewedHover"
19:03:35.0 (14660793)|STATEMENT_EXECUTE|[3]
19:03:35.0 (14665286)|HEAP_ALLOCATE|[3]|Bytes:4
19:03:35.0 (14695002)|VARIABLE_ASSIGNMENT|[3]|RecentlyViewedRecords.private_apiFieldNames|{}|0x3440896b
19:03:35.0 (14713118)|STATEMENT_EXECUTE|[4]
19:03:35.0 (14757209)|HEAP_ALLOCATE|[50]|Bytes:5
19:03:35.0 (14779701)|HEAP_ALLOCATE|[56]|Bytes:5
19:03:35.0 (14790566)|HEAP_ALLOCATE|[64]|Bytes:7
19:03:35.0 (32634772)|HEAP_ALLOCATE|[4]|Bytes:1456
19:03:35.0 (32955874)|VARIABLE_ASSIGNMENT|[4]|RecentlyViewedRecords.schemaMap|"{acceptedeventrelation=AcceptedEventRelation, acchierarchy__account_hierarchy__mdt=accHierarchy__Account_Hierarchy__mdt, acchierarchy__account_hierarchy_setup__c=accHierarchy__Account_Hierarchy_Setup__c, account=Account, accountcleaninfo=AccountCleanInfo, accountcontactrole=AccountContactRole, accountfeed=AccountFeed, accounthistory=AccountHistory, accountpartner=AccountPartner, accountshare=AccountShare, ...}"|0x60e94f49
19:03:35.0 (32981479)|STATEMENT_EXECUTE|[5]
19:03:35.0 (34031064)|HEAP_ALLOCATE|[5]|Bytes:20
19:03:35.0 (34069623)|VARIABLE_ASSIGNMENT|[5]|RecentlyViewedRecords.rvi|{"IsDeleted":false,"Name":"a0d28000002ZKNz","SetupOwnerId":"00528000001JBjQAAW","Records_to_Display__ (1 more) ...":"20"}|0x268d64ab
19:03:35.0 (34080484)|STATEMENT_EXECUTE|[147]
19:03:35.0 (34081899)|STATEMENT_EXECUTE|[167]
19:03:35.0 (34091246)|METHOD_EXIT|[1]|RecentlyViewedRecords
19:03:35.0 (34101884)|HEAP_ALLOCATE|[EXTERNAL]|Bytes:4
19:03:35.0 (34106993)|HEAP_ALLOCATE|[EXTERNAL]|Bytes:7
19:03:35.0 (34116320)|SYSTEM_MODE_ENTER|false
19:03:35.0 (34128245)|VARIABLE_SCOPE_BEGIN|[33]|rvId|Id|false|false
19:03:35.0 (34217357)|VARIABLE_ASSIGNMENT|[33]|rvId|"0032800000tktEdAAI"
19:03:35.0 (34227403)|VARIABLE_SCOPE_BEGIN|[33]|objName|String|false|false
19:03:35.0 (34240421)|VARIABLE_ASSIGNMENT|[33]|objName|"Contact"
19:03:35.0 (34257247)|STATEMENT_EXECUTE|[33]
19:03:35.0 (34259177)|STATEMENT_EXECUTE|[34]
19:03:35.0 (34271834)|HEAP_ALLOCATE|[34]|Bytes:4
19:03:35.0 (34287880)|VARIABLE_SCOPE_BEGIN|[34]|objMap|Map<String,String>|true|false
19:03:35.0 (34323847)|VARIABLE_ASSIGNMENT|[34]|objMap|{}|0x1636bac0
19:03:35.0 (34335020)|STATEMENT_EXECUTE|[35]
19:03:35.0 (34468360)|HEAP_ALLOCATE|[35]|Bytes:4
19:03:35.0 (34549635)|VARIABLE_SCOPE_BEGIN|[35]|owList|List<RecentlyViewedRecords.objectWrapper>|true|false
19:03:35.0 (34594658)|HEAP_ALLOCATE|[EXTERNAL]|Bytes:4
19:03:35.0 (34606944)|VARIABLE_ASSIGNMENT|[35]|owList|[]|0x3c8f3c48
19:03:35.0 (34616385)|STATEMENT_EXECUTE|[36]
19:03:35.0 (42836787)|HEAP_ALLOCATE|[36]|Bytes:1628
19:03:35.0 (42861298)|VARIABLE_SCOPE_BEGIN|[36]|globalDescribeMap|Map<String,Schema.SObjectType>|true|false
19:03:35.0 (43100226)|VARIABLE_ASSIGNMENT|[36]|globalDescribeMap|"{acceptedeventrelation=AcceptedEventRelation, acchierarchy__account_hierarchy__mdt=accHierarchy__Account_Hierarchy__mdt, acchierarchy__account_hierarchy_setup__c=accHierarchy__Account_Hierarchy_Setup__c, account=Account, accountcleaninfo=AccountCleanInfo, accountcontactrole=AccountContactRole, accountfeed=AccountFeed, accounthistory=AccountHistory, accountpartner=AccountPartner, accountshare=AccountShare, ...}"|0xededb45
19:03:35.0 (43124570)|STATEMENT_EXECUTE|[37]
19:03:35.0 (43202876)|VARIABLE_SCOPE_BEGIN|[37]|SObjectTypeObj|Schema.SObjectType|true|false
19:03:35.0 (43257799)|VARIABLE_ASSIGNMENT|[37]|SObjectTypeObj|"common.apex.runtime.impl.ApexSObjectTypeToken@433b4e09"|0x433b4e09
19:03:35.0 (43268962)|STATEMENT_EXECUTE|[38]
19:03:35.0 (43498508)|HEAP_ALLOCATE|[38]|Bytes:4
19:03:35.0 (43525131)|VARIABLE_SCOPE_BEGIN|[38]|describeSObjectResultObj|Schema.DescribeSObjectResult|true|false
19:03:35.0 (43585317)|VARIABLE_ASSIGNMENT|[38]|describeSObjectResultObj|"common.api.soap.wsdl.DescribeSObjectResult@36bd9e2e"|0x5dace223
19:03:35.0 (43593877)|STATEMENT_EXECUTE|[39]
19:03:35.0 (43598292)|HEAP_ALLOCATE|[39]|Bytes:15
19:03:35.0 (43607972)|HEAP_ALLOCATE|[39]|Bytes:2
19:03:35.0 (43758579)|HEAP_ALLOCATE|[39]|Bytes:369
19:03:35.0 (43785318)|HEAP_ALLOCATE|[39]|Bytes:405
19:03:35.0 (43805268)|USER_DEBUG|[39]|DEBUG|FIELDSET_NAME==RecentlyViewedHover==Schema.DescribeSObjectResult[getHasSubtypes=false;getKeyPrefix=003;getLabel=Contact;getLabelPlural=Contacts;getName=Contact;isAccessible=true;isCreateable=true;isCustom=false;isCustomSetting=false;isDeletable=true;isDeprecatedAndHidden=false;isFeedEnabled=true;isMergeable=true;isMruEnabled=true;isQueryable=true;isSearchable=true;isUndeletable=true;isUpdateable=true;]
19:03:35.0 (43819289)|STATEMENT_EXECUTE|[40]
19:03:35.0 (46032280)|HEAP_ALLOCATE|[40]|Bytes:12
19:03:35.0 (46101920)|VARIABLE_SCOPE_BEGIN|[40]|fieldSetObj|Schema.FieldSet|true|false
19:03:35.0 (46123559)|VARIABLE_ASSIGNMENT|[40]|fieldSetObj|null|
19:03:35.0 (46132280)|STATEMENT_EXECUTE|[41]
19:03:35.0 (46137361)|HEAP_ALLOCATE|[41]|Bytes:13
19:03:35.0 (46216086)|HEAP_ALLOCATE|[41]|Bytes:17
19:03:35.0 (46232880)|USER_DEBUG|[41]|DEBUG|fieldSetObj==null
19:03:35.0 (46243628)|STATEMENT_EXECUTE|[42]
19:03:35.0 (46251685)|HEAP_ALLOCATE|[42]|Bytes:4
19:03:35.0 (46287686)|VARIABLE_SCOPE_BEGIN|[42]|fieldApis|List<String>|true|false
19:03:35.0 (46321574)|HEAP_ALLOCATE|[EXTERNAL]|Bytes:4
19:03:35.0 (46336290)|VARIABLE_ASSIGNMENT|[42]|fieldApis|[]|0x41bab4e0
19:03:35.0 (46345827)|STATEMENT_EXECUTE|[43]
19:03:35.0 (46355018)|HEAP_ALLOCATE|[43]|Bytes:4
19:03:35.0 (46385496)|VARIABLE_SCOPE_BEGIN|[43]|refFieldToIgnore|Set<String>|true|false
19:03:35.0 (46417117)|VARIABLE_ASSIGNMENT|[43]|refFieldToIgnore|[]|0x7b3dfb0e
19:03:35.0 (46426919)|STATEMENT_EXECUTE|[44]
19:03:35.0 (46432828)|HEAP_ALLOCATE|[44]|Bytes:4
19:03:35.0 (46442647)|VARIABLE_SCOPE_BEGIN|[44]|refMap|Map<String,String>|true|false
19:03:35.0 (46465276)|VARIABLE_ASSIGNMENT|[44]|refMap|{}|0x4a56c29c
19:03:35.0 (46473608)|STATEMENT_EXECUTE|[45]
19:03:35.0 (46477241)|VARIABLE_SCOPE_BEGIN|[45]|query|String|false|false
19:03:35.0 (46491151)|VARIABLE_ASSIGNMENT|[45]|query|null
19:03:35.0 (46498217)|STATEMENT_EXECUTE|[66]
19:03:35.0 (46502477)|HEAP_ALLOCATE|[67]|Bytes:4
19:03:35.0 (46551231)|STATEMENT_EXECUTE|[67]
19:03:35.0 (46553826)|STATEMENT_EXECUTE|[68]
19:03:35.0 (46557347)|HEAP_ALLOCATE|[68]|Bytes:4
19:03:35.0 (46591184)|HEAP_ALLOCATE|[EXTERNAL]|Bytes:4
19:03:35.0 (46600756)|STATEMENT_EXECUTE|[69]
19:03:35.0 (46604470)|HEAP_ALLOCATE|[69]|Bytes:20
19:03:35.0 (46611061)|HEAP_ALLOCATE|[69]|Bytes:13
19:03:35.0 (46639375)|HEAP_ALLOCATE|[69]|Bytes:18
19:03:35.0 (46652804)|HEAP_ALLOCATE|[69]|Bytes:1
19:03:35.0 (46664604)|HEAP_ALLOCATE|[69]|Bytes:59
19:03:35.0 (46684073)|VARIABLE_ASSIGNMENT|[69]|query|"Select Id,Name from  (39 more) ..."
19:03:35.0 (46691923)|STATEMENT_EXECUTE|[85]
19:03:35.0 (46694990)|HEAP_ALLOCATE|[85]|Bytes:7
19:03:35.0 (46703191)|HEAP_ALLOCATE|[85]|Bytes:66
19:03:35.0 (46729401)|USER_DEBUG|[85]|DEBUG|query==Select Id,Name from Contact where Id = '0032800000tktEdAAI'
19:03:35.0 (46741147)|STATEMENT_EXECUTE|[86]
19:03:35.0 (47270974)|SOQL_EXECUTE_BEGIN|[86]|Aggregations:0|Select Id,Name from Contact where Id = '0032800000tktEdAAI'
19:03:35.0 (51623198)|SOQL_EXECUTE_END|[86]|Rows:1
19:03:35.0 (51646522)|HEAP_ALLOCATE|[86]|Bytes:8
19:03:35.0 (51661555)|HEAP_ALLOCATE|[86]|Bytes:50
19:03:35.0 (51719712)|HEAP_ALLOCATE|[86]|Bytes:8
19:03:35.0 (51737856)|HEAP_ALLOCATE|[86]|Bytes:33
19:03:35.0 (51802662)|HEAP_ALLOCATE|[86]|Bytes:12
19:03:35.0 (51811005)|VARIABLE_SCOPE_BEGIN|[86]|so|SObject|true|false
19:03:35.0 (51833305)|VARIABLE_ASSIGNMENT|[86]|so|{"Id":"0032800000tktEdAAI","Name":"Ramu Veligeti"}|0x72761f34
19:03:35.0 (51841059)|STATEMENT_EXECUTE|[87]
19:03:35.0 (51844259)|HEAP_ALLOCATE|[87]|Bytes:4
19:03:35.0 (51905819)|HEAP_ALLOCATE|[87]|Bytes:51
19:03:35.0 (51921141)|HEAP_ALLOCATE|[87]|Bytes:55
19:03:35.0 (51932254)|USER_DEBUG|[87]|DEBUG|so==Contact:{Id=0032800000tktEdAAI, Name=Ramu Veligeti}
19:03:35.0 (52012113)|HEAP_ALLOCATE|[88]|Bytes:5
19:03:35.0 (52025463)|HEAP_ALLOCATE|[88]|Bytes:4
19:03:35.0 (52033301)|VARIABLE_SCOPE_BEGIN|[88]|st|String|false|false
19:03:35.0 (52045433)|VARIABLE_ASSIGNMENT|[88]|st|"name"
19:03:35.0 (52051829)|STATEMENT_EXECUTE|[88]
19:03:35.0 (52080661)|STATEMENT_EXECUTE|[89]
19:03:35.0 (52082088)|STATEMENT_EXECUTE|[90]
19:03:35.0 (52093182)|METHOD_ENTRY|[90]|01p2800000FELrp|RecentlyViewedRecords.findFieldInfo(String, String)
19:03:35.0 (52110063)|VARIABLE_SCOPE_BEGIN|[136]|objName|String|false|false
19:03:35.0 (52119321)|VARIABLE_ASSIGNMENT|[136]|objName|"Contact"
19:03:35.0 (52123994)|VARIABLE_SCOPE_BEGIN|[136]|fieldApi|String|false|false
19:03:35.0 (52130571)|VARIABLE_ASSIGNMENT|[136]|fieldApi|"name"
19:03:35.0 (52135855)|STATEMENT_EXECUTE|[136]
19:03:35.0 (52137051)|STATEMENT_EXECUTE|[137]
19:03:35.0 (52163762)|VARIABLE_SCOPE_BEGIN|[137]|leadSchema|Schema.SObjectType|true|false
19:03:35.0 (52249334)|VARIABLE_ASSIGNMENT|[137]|leadSchema|"common.apex.runtime.impl.ApexSObjectTypeToken@433b4e09"|0x433b4e09
19:03:35.0 (52258845)|STATEMENT_EXECUTE|[138]
19:03:35.0 (52294926)|HEAP_ALLOCATE|[138]|Bytes:4
19:03:35.0 (52766527)|HEAP_ALLOCATE|[138]|Bytes:276
19:03:35.0 (52782085)|METHOD_EXIT|[90]|01p2800000FELrp|RecentlyViewedRecords.findFieldInfo(String, String)
19:03:35.0 (52790093)|VARIABLE_SCOPE_BEGIN|[90]|fieldMap|Map<String,Schema.SObjectField>|true|false
19:03:35.0 (52953646)|VARIABLE_ASSIGNMENT|[90]|fieldMap|"{accountid=AccountId, assistantname=AssistantName, assistantphone=AssistantPhone, birthdate=Birthdate, bksl2__critical_notification__c=BKSL2__Critical_Notification__c, bksl2__facebook_content__c=BKSL2__Facebook_Content__c, bksl2__facebook_id__c=BKSL2__Facebook_ID__c, bksl2__gender__c=BKSL2__Gender__c, cleanstatus=CleanStatus, createdbyid=CreatedById, ...}"|0x23da3929
19:03:35.0 (52968925)|STATEMENT_EXECUTE|[91]
19:03:35.0 (52984621)|HEAP_ALLOCATE|[91]|Bytes:180
19:03:35.0 (52992029)|HEAP_ALLOCATE|[91]|Bytes:23
19:03:35.0 (52999298)|HEAP_ALLOCATE|[91]|Bytes:28
19:03:35.0 (53012079)|CONSTRUCTOR_ENTRY|[91]|01p2800000FELrp|<init>()
19:03:35.0 (53038855)|VARIABLE_SCOPE_BEGIN|[167]|this|RecentlyViewedRecords.objectWrapper|true|false
19:03:35.0 (53074943)|VARIABLE_ASSIGNMENT|[167]|this|{}|0x15b91471
19:03:35.0 (53092484)|HEAP_ALLOCATE|[EXTERNAL]|Bytes:6
19:03:35.0 (53121269)|STATEMENT_EXECUTE|[167]
19:03:35.0 (53123706)|STATEMENT_EXECUTE|[169]
19:03:35.0 (53125225)|STATEMENT_EXECUTE|[171]
19:03:35.0 (53126586)|STATEMENT_EXECUTE|[173]
19:03:35.0 (53128154)|STATEMENT_EXECUTE|[175]
19:03:35.0 (53129380)|STATEMENT_EXECUTE|[177]
19:03:35.0 (53131008)|STATEMENT_EXECUTE|[179]
19:03:35.0 (53136074)|CONSTRUCTOR_EXIT|[91]|01p2800000FELrp|<init>()
19:03:35.0 (53147066)|VARIABLE_SCOPE_BEGIN|[91]|ow|RecentlyViewedRecords.objectWrapper|true|false
19:03:35.0 (53174703)|VARIABLE_ASSIGNMENT|[91]|ow|{}|0x15b91471
19:03:35.0 (53181262)|STATEMENT_EXECUTE|[92]
19:03:35.0 (53457532)|HEAP_ALLOCATE|[92]|Bytes:8
19:03:35.0 (53479413)|HEAP_ALLOCATE|[92]|Bytes:9
19:03:35.0 (53511143)|VARIABLE_ASSIGNMENT|[EXTERNAL]|this|{}|0x15b91471
19:03:35.0 (53521022)|VARIABLE_ASSIGNMENT|[EXTERNAL]|value|"Full Name"
19:03:35.0 (53530267)|VARIABLE_ASSIGNMENT|[169]|this.label|"Full Name"|0x15b91471
19:03:35.0 (53539071)|STATEMENT_EXECUTE|[93]
19:03:35.0 (53593263)|HEAP_ALLOCATE|[93]|Bytes:13
19:03:35.0 (53612431)|HEAP_ALLOCATE|[93]|Bytes:13
19:03:35.0 (53640766)|VARIABLE_ASSIGNMENT|[EXTERNAL]|this|{"label":"Full Name"}|0x15b91471
19:03:35.0 (53649172)|VARIABLE_ASSIGNMENT|[EXTERNAL]|value|"Ramu Veligeti"
19:03:35.0 (53656369)|VARIABLE_ASSIGNMENT|[171]|this.value|"Ramu Veligeti"|0x15b91471
19:03:35.0 (53664326)|STATEMENT_EXECUTE|[94]
19:03:35.0 (53733712)|VARIABLE_ASSIGNMENT|[EXTERNAL]|this|{"label":"Full Name","value":"Ramu Veligeti"}|0x15b91471
19:03:35.0 (53753130)|VARIABLE_ASSIGNMENT|[EXTERNAL]|value|null
19:03:35.0 (53761734)|VARIABLE_ASSIGNMENT|[173]|this.refName|null|0x15b91471
19:03:35.0 (53771052)|STATEMENT_EXECUTE|[95]
19:03:35.0 (53800430)|VARIABLE_ASSIGNMENT|[EXTERNAL]|this|{"label":"Full Name","value":"Ramu Veligeti"}|0x15b91471
19:03:35.0 (53808040)|VARIABLE_ASSIGNMENT|[EXTERNAL]|value|"name"
19:03:35.0 (53815522)|VARIABLE_ASSIGNMENT|[175]|this.api|"name"|0x15b91471
19:03:35.0 (53825564)|STATEMENT_EXECUTE|[96]
19:03:35.0 (53897695)|HEAP_ALLOCATE|[96]|Bytes:8
19:03:35.0 (54814192)|HEAP_ALLOCATE|[96]|Bytes:12
19:03:35.0 (54847930)|HEAP_ALLOCATE|[96]|Bytes:6
19:03:35.0 (54902159)|VARIABLE_ASSIGNMENT|[EXTERNAL]|this|{"api":"name","label":"Full Name","value":"Ramu Veligeti"}|0x15b91471
19:03:35.0 (54913701)|VARIABLE_ASSIGNMENT|[EXTERNAL]|value|"STRING"
19:03:35.0 (54922598)|VARIABLE_ASSIGNMENT|[177]|this.type|"STRING"|0x15b91471
19:03:35.0 (54931883)|STATEMENT_EXECUTE|[98]
19:03:35.0 (54935017)|HEAP_ALLOCATE|[98]|Bytes:4
19:03:35.0 (54987520)|HEAP_ALLOCATE|[98]|Bytes:103
19:03:35.0 (55011541)|HEAP_ALLOCATE|[98]|Bytes:107
19:03:35.0 (55028020)|USER_DEBUG|[98]|DEBUG|ow==objectWrapper:[api=name, iconUrl=null, label=Full Name, refName=null, type=STRING, value=Ramu Veligeti]
19:03:35.0 (55038773)|STATEMENT_EXECUTE|[99]
19:03:35.0 (55070842)|HEAP_ALLOCATE|[EXTERNAL]|Bytes:4
19:03:35.0 (55089234)|HEAP_ALLOCATE|[88]|Bytes:5
19:03:35.0 (55101548)|VARIABLE_ASSIGNMENT|[88]|st|null
19:03:35.0 (55106608)|STATEMENT_EXECUTE|[102]
19:03:35.0 (55113599)|SYSTEM_MODE_EXIT|false
19:03:35.55 (55138131)|CUMULATIVE_LIMIT_USAGE
19:03:35.55 (55138131)|LIMIT_USAGE_FOR_NS|(default)|
  Number of SOQL queries: 1 out of 100
  Number of query rows: 1 out of 50000
  Number of SOSL queries: 0 out of 20
  Number of DML statements: 0 out of 150
  Number of DML rows: 0 out of 10000
  Maximum CPU time: 0 out of 10000
  Maximum heap size: 0 out of 6000000
  Number of callouts: 0 out of 100
  Number of Email Invocations: 0 out of 10
  Number of future calls: 0 out of 50
  Number of queueable jobs added to the queue: 0 out of 50
  Number of Mobile Apex push calls: 0 out of 10

19:03:35.55 (55138131)|CUMULATIVE_LIMIT_USAGE_END

19:03:35.0 (55171673)|CODE_UNIT_FINISHED|RecentlyViewedRecords.queryCompactLayout
19:03:35.0 (56344991)|CODE_UNIT_STARTED|[EXTERNAL]|Aura
19:03:35.0 (56387814)|CODE_UNIT_FINISHED|Aura
19:03:35.0 (56420533)|CODE_UNIT_FINISHED|Aura
19:03:35.0 (57507835)|EXECUTION_FINISHED
