40.0 APEX_CODE,FINEST;APEX_PROFILING,INFO;CALLOUT,INFO;DB,INFO;SYSTEM,DEBUG;VALIDATION,INFO;VISUALFORCE,INFO;WAVE,INFO;WORKFLOW,INFO
19:20:18.0 (60887)|USER_INFO|[EXTERNAL]|00528000001JBjQ|ramu.veligeti@yahoo.co.in|Pacific Standard Time|GMT-07:00
19:20:18.0 (99369)|EXECUTION_STARTED
19:20:18.0 (102438)|CODE_UNIT_STARTED|[EXTERNAL]|Aura
19:20:18.0 (9859885)|HEAP_ALLOCATE|[72]|Bytes:3
19:20:18.0 (9899544)|HEAP_ALLOCATE|[77]|Bytes:152
19:20:18.0 (9914723)|HEAP_ALLOCATE|[342]|Bytes:408
19:20:18.0 (9929569)|HEAP_ALLOCATE|[355]|Bytes:408
19:20:18.0 (9942025)|HEAP_ALLOCATE|[467]|Bytes:48
19:20:18.0 (9965678)|HEAP_ALLOCATE|[139]|Bytes:6
19:20:18.0 (9977915)|HEAP_ALLOCATE|[EXTERNAL]|Bytes:18
19:20:18.0 (9986738)|HEAP_ALLOCATE|[EXTERNAL]|Bytes:4
19:20:18.0 (10181486)|HEAP_ALLOCATE|[EXTERNAL]|Bytes:12
19:20:18.0 (10190014)|HEAP_ALLOCATE|[EXTERNAL]|Bytes:12
19:20:18.0 (11476804)|CODE_UNIT_STARTED|[EXTERNAL]|01p2800000FELrp|RecentlyViewedRecords.queryCompactLayout
19:20:18.0 (11533596)|VARIABLE_SCOPE_BEGIN|[2]|RecentlyViewedRecords.FIELDSET_NAME|String|false|true
19:20:18.0 (11544246)|VARIABLE_SCOPE_BEGIN|[3]|RecentlyViewedRecords.private_apiFieldNames|Map<String,Set<String>>|true|true
19:20:18.0 (11551723)|VARIABLE_SCOPE_BEGIN|[5]|RecentlyViewedRecords.rvi|Recently_Viewed__c|true|true
19:20:18.0 (11558674)|VARIABLE_SCOPE_BEGIN|[4]|RecentlyViewedRecords.schemaMap|Map<String,Schema.SObjectType>|true|true
19:20:18.0 (11620762)|HEAP_ALLOCATE|[EXTERNAL]|Bytes:35
19:20:18.0 (11628288)|HEAP_ALLOCATE|[EXTERNAL]|Bytes:20
19:20:18.0 (11632863)|HEAP_ALLOCATE|[EXTERNAL]|Bytes:38
19:20:18.0 (11751207)|METHOD_ENTRY|[1]|01p2800000FELrp|RecentlyViewedRecords.RecentlyViewedRecords()
19:20:18.0 (11759021)|STATEMENT_EXECUTE|[1]
19:20:18.0 (11763845)|STATEMENT_EXECUTE|[1]
19:20:18.0 (11764780)|STATEMENT_EXECUTE|[2]
19:20:18.0 (11768602)|HEAP_ALLOCATE|[2]|Bytes:19
19:20:18.0 (11795127)|VARIABLE_ASSIGNMENT|[2]|RecentlyViewedRecords.FIELDSET_NAME|"RecentlyViewedHover"
19:20:18.0 (11800973)|STATEMENT_EXECUTE|[3]
19:20:18.0 (11806404)|HEAP_ALLOCATE|[3]|Bytes:4
19:20:18.0 (11830730)|VARIABLE_ASSIGNMENT|[3]|RecentlyViewedRecords.private_apiFieldNames|{}|0x2e14680b
19:20:18.0 (11836837)|STATEMENT_EXECUTE|[4]
19:20:18.0 (11870553)|HEAP_ALLOCATE|[50]|Bytes:5
19:20:18.0 (11893261)|HEAP_ALLOCATE|[56]|Bytes:5
19:20:18.0 (11900518)|HEAP_ALLOCATE|[64]|Bytes:7
19:20:18.0 (25480824)|HEAP_ALLOCATE|[4]|Bytes:1456
19:20:18.0 (25810010)|VARIABLE_ASSIGNMENT|[4]|RecentlyViewedRecords.schemaMap|"{acceptedeventrelation=AcceptedEventRelation, acchierarchy__account_hierarchy__mdt=accHierarchy__Account_Hierarchy__mdt, acchierarchy__account_hierarchy_setup__c=accHierarchy__Account_Hierarchy_Setup__c, account=Account, accountcleaninfo=AccountCleanInfo, accountcontactrole=AccountContactRole, accountfeed=AccountFeed, accounthistory=AccountHistory, accountpartner=AccountPartner, accountshare=AccountShare, ...}"|0x6a73d092
19:20:18.0 (25837526)|STATEMENT_EXECUTE|[5]
19:20:18.0 (26892850)|HEAP_ALLOCATE|[5]|Bytes:20
19:20:18.0 (26940310)|VARIABLE_ASSIGNMENT|[5]|RecentlyViewedRecords.rvi|{"IsDeleted":false,"Name":"a0d28000002ZKNz","SetupOwnerId":"00528000001JBjQAAW","Records_to_Display__ (1 more) ...":"20"}|0x429c2bfe
19:20:18.0 (26953469)|STATEMENT_EXECUTE|[147]
19:20:18.0 (26955637)|STATEMENT_EXECUTE|[167]
19:20:18.0 (26966718)|METHOD_EXIT|[1]|RecentlyViewedRecords
19:20:18.0 (26977427)|HEAP_ALLOCATE|[EXTERNAL]|Bytes:4
19:20:18.0 (26983936)|HEAP_ALLOCATE|[EXTERNAL]|Bytes:12
19:20:18.0 (26992924)|SYSTEM_MODE_ENTER|false
19:20:18.0 (27005657)|VARIABLE_SCOPE_BEGIN|[33]|rvId|Id|false|false
19:20:18.0 (27096166)|VARIABLE_ASSIGNMENT|[33]|rvId|"a0f28000008b0TVAAY"
19:20:18.0 (27106191)|VARIABLE_SCOPE_BEGIN|[33]|objName|String|false|false
19:20:18.0 (27119617)|VARIABLE_ASSIGNMENT|[33]|objName|"Scheduler__c"
19:20:18.0 (27131709)|STATEMENT_EXECUTE|[33]
19:20:18.0 (27133722)|STATEMENT_EXECUTE|[34]
19:20:18.0 (27143169)|HEAP_ALLOCATE|[34]|Bytes:4
19:20:18.0 (27160819)|VARIABLE_SCOPE_BEGIN|[34]|objMap|Map<String,String>|true|false
19:20:18.0 (27182846)|VARIABLE_ASSIGNMENT|[34]|objMap|{}|0x4f455796
19:20:18.0 (27190673)|STATEMENT_EXECUTE|[35]
19:20:18.0 (27328127)|HEAP_ALLOCATE|[35]|Bytes:4
19:20:18.0 (27412468)|VARIABLE_SCOPE_BEGIN|[35]|owList|List<RecentlyViewedRecords.objectWrapper>|true|false
19:20:18.0 (27443699)|HEAP_ALLOCATE|[EXTERNAL]|Bytes:4
19:20:18.0 (27457350)|VARIABLE_ASSIGNMENT|[35]|owList|[]|0x3b46e9ac
19:20:18.0 (27466234)|STATEMENT_EXECUTE|[36]
19:20:18.0 (35730568)|HEAP_ALLOCATE|[36]|Bytes:1628
19:20:18.0 (35756564)|VARIABLE_SCOPE_BEGIN|[36]|globalDescribeMap|Map<String,Schema.SObjectType>|true|false
19:20:18.0 (35957622)|VARIABLE_ASSIGNMENT|[36]|globalDescribeMap|"{acceptedeventrelation=AcceptedEventRelation, acchierarchy__account_hierarchy__mdt=accHierarchy__Account_Hierarchy__mdt, acchierarchy__account_hierarchy_setup__c=accHierarchy__Account_Hierarchy_Setup__c, account=Account, accountcleaninfo=AccountCleanInfo, accountcontactrole=AccountContactRole, accountfeed=AccountFeed, accounthistory=AccountHistory, accountpartner=AccountPartner, accountshare=AccountShare, ...}"|0x6a49b302
19:20:18.0 (35972767)|STATEMENT_EXECUTE|[37]
19:20:18.0 (36035368)|VARIABLE_SCOPE_BEGIN|[37]|SObjectTypeObj|Schema.SObjectType|true|false
19:20:18.0 (36089187)|VARIABLE_ASSIGNMENT|[37]|SObjectTypeObj|"common.apex.runtime.impl.ApexSObjectTypeToken@49a9b66e"|0x49a9b66e
19:20:18.0 (36097156)|STATEMENT_EXECUTE|[38]
19:20:18.0 (36273043)|HEAP_ALLOCATE|[38]|Bytes:4
19:20:18.0 (36297538)|VARIABLE_SCOPE_BEGIN|[38]|describeSObjectResultObj|Schema.DescribeSObjectResult|true|false
19:20:18.0 (36360871)|VARIABLE_ASSIGNMENT|[38]|describeSObjectResultObj|"common.api.soap.wsdl.DescribeSObjectResult@315dff72"|0x7c4503e
19:20:18.0 (36368883)|STATEMENT_EXECUTE|[39]
19:20:18.0 (36373387)|HEAP_ALLOCATE|[39]|Bytes:15
19:20:18.0 (36381836)|HEAP_ALLOCATE|[39]|Bytes:2
19:20:18.0 (36508717)|HEAP_ALLOCATE|[39]|Bytes:378
19:20:18.0 (36529445)|HEAP_ALLOCATE|[39]|Bytes:414
19:20:18.0 (36550397)|USER_DEBUG|[39]|DEBUG|FIELDSET_NAME==RecentlyViewedHover==Schema.DescribeSObjectResult[getHasSubtypes=false;getKeyPrefix=a0f;getLabel=Scheduler;getLabelPlural=Scheduler;getName=Scheduler__c;isAccessible=true;isCreateable=true;isCustom=true;isCustomSetting=false;isDeletable=true;isDeprecatedAndHidden=false;isFeedEnabled=false;isMergeable=false;isMruEnabled=true;isQueryable=true;isSearchable=true;isUndeletable=true;isUpdateable=true;]
19:20:18.0 (36563664)|STATEMENT_EXECUTE|[40]
19:20:18.0 (37792314)|HEAP_ALLOCATE|[40]|Bytes:4
19:20:18.0 (37849509)|VARIABLE_SCOPE_BEGIN|[40]|fieldSetObj|Schema.FieldSet|true|false
19:20:18.0 (37861969)|VARIABLE_ASSIGNMENT|[40]|fieldSetObj|null|
19:20:18.0 (37867417)|STATEMENT_EXECUTE|[41]
19:20:18.0 (37871022)|HEAP_ALLOCATE|[41]|Bytes:13
19:20:18.0 (37924617)|HEAP_ALLOCATE|[41]|Bytes:17
19:20:18.0 (37936288)|USER_DEBUG|[41]|DEBUG|fieldSetObj==null
19:20:18.0 (37942753)|STATEMENT_EXECUTE|[42]
19:20:18.0 (37949070)|HEAP_ALLOCATE|[42]|Bytes:4
19:20:18.0 (37973307)|VARIABLE_SCOPE_BEGIN|[42]|fieldApis|List<String>|true|false
19:20:18.0 (38009212)|HEAP_ALLOCATE|[EXTERNAL]|Bytes:4
19:20:18.0 (38022484)|VARIABLE_ASSIGNMENT|[42]|fieldApis|[]|0x33d02975
19:20:18.0 (38032098)|STATEMENT_EXECUTE|[43]
19:20:18.0 (38038487)|HEAP_ALLOCATE|[43]|Bytes:4
19:20:18.0 (38061857)|VARIABLE_SCOPE_BEGIN|[43]|refFieldToIgnore|Set<String>|true|false
19:20:18.0 (38082516)|VARIABLE_ASSIGNMENT|[43]|refFieldToIgnore|[]|0x1630da91
19:20:18.0 (38088575)|STATEMENT_EXECUTE|[44]
19:20:18.0 (38099104)|HEAP_ALLOCATE|[44]|Bytes:4
19:20:18.0 (38106753)|VARIABLE_SCOPE_BEGIN|[44]|refMap|Map<String,String>|true|false
19:20:18.0 (38120099)|VARIABLE_ASSIGNMENT|[44]|refMap|{}|0x415e8dd5
19:20:18.0 (38125696)|STATEMENT_EXECUTE|[45]
19:20:18.0 (38127831)|VARIABLE_SCOPE_BEGIN|[45]|query|String|false|false
19:20:18.0 (38135818)|VARIABLE_ASSIGNMENT|[45]|query|null
19:20:18.0 (38140533)|STATEMENT_EXECUTE|[66]
19:20:18.0 (38143080)|HEAP_ALLOCATE|[67]|Bytes:4
19:20:18.0 (38176427)|STATEMENT_EXECUTE|[67]
19:20:18.0 (38177840)|STATEMENT_EXECUTE|[68]
19:20:18.0 (38180647)|HEAP_ALLOCATE|[68]|Bytes:4
19:20:18.0 (38212895)|HEAP_ALLOCATE|[EXTERNAL]|Bytes:4
19:20:18.0 (38223282)|STATEMENT_EXECUTE|[69]
19:20:18.0 (38225792)|HEAP_ALLOCATE|[69]|Bytes:20
19:20:18.0 (38230412)|HEAP_ALLOCATE|[69]|Bytes:13
19:20:18.0 (38250319)|HEAP_ALLOCATE|[69]|Bytes:18
19:20:18.0 (38258091)|HEAP_ALLOCATE|[69]|Bytes:1
19:20:18.0 (38265390)|HEAP_ALLOCATE|[69]|Bytes:64
19:20:18.0 (38273827)|VARIABLE_ASSIGNMENT|[69]|query|"Select Id,Name from  (44 more) ..."
19:20:18.0 (38278213)|STATEMENT_EXECUTE|[85]
19:20:18.0 (38280326)|HEAP_ALLOCATE|[85]|Bytes:7
19:20:18.0 (38285880)|HEAP_ALLOCATE|[85]|Bytes:71
19:20:18.0 (38313193)|USER_DEBUG|[85]|DEBUG|query==Select Id,Name from Scheduler__c where Id = 'a0f28000008b0TVAAY'
19:20:18.0 (38323181)|STATEMENT_EXECUTE|[86]
19:20:18.0 (38565530)|SOQL_EXECUTE_BEGIN|[86]|Aggregations:0|Select Id,Name from Scheduler__c where Id = 'a0f28000008b0TVAAY'
19:20:18.0 (40078654)|SOQL_EXECUTE_END|[86]|Rows:1
19:20:18.0 (40097913)|HEAP_ALLOCATE|[86]|Bytes:8
19:20:18.0 (40113258)|HEAP_ALLOCATE|[86]|Bytes:47
19:20:18.0 (40162763)|HEAP_ALLOCATE|[86]|Bytes:8
19:20:18.0 (40176576)|HEAP_ALLOCATE|[86]|Bytes:33
19:20:18.0 (40224946)|HEAP_ALLOCATE|[86]|Bytes:12
19:20:18.0 (40232106)|VARIABLE_SCOPE_BEGIN|[86]|so|SObject|true|false
19:20:18.0 (40251827)|VARIABLE_ASSIGNMENT|[86]|so|{"Id":"a0f28000008b0TVAAY","Name":"SCH-000008"}|0x192e009a
19:20:18.0 (40259162)|STATEMENT_EXECUTE|[87]
19:20:18.0 (40262167)|HEAP_ALLOCATE|[87]|Bytes:4
19:20:18.0 (40331966)|HEAP_ALLOCATE|[87]|Bytes:53
19:20:18.0 (40348420)|HEAP_ALLOCATE|[87]|Bytes:57
19:20:18.0 (40359858)|USER_DEBUG|[87]|DEBUG|so==Scheduler__c:{Id=a0f28000008b0TVAAY, Name=SCH-000008}
19:20:18.0 (40447675)|HEAP_ALLOCATE|[88]|Bytes:5
19:20:18.0 (40462838)|HEAP_ALLOCATE|[88]|Bytes:4
19:20:18.0 (40469802)|VARIABLE_SCOPE_BEGIN|[88]|st|String|false|false
19:20:18.0 (40480417)|VARIABLE_ASSIGNMENT|[88]|st|"name"
19:20:18.0 (40485860)|STATEMENT_EXECUTE|[88]
19:20:18.0 (40512691)|STATEMENT_EXECUTE|[89]
19:20:18.0 (40514208)|STATEMENT_EXECUTE|[90]
19:20:18.0 (40526949)|METHOD_ENTRY|[90]|01p2800000FELrp|RecentlyViewedRecords.findFieldInfo(String, String)
19:20:18.0 (40543467)|VARIABLE_SCOPE_BEGIN|[136]|objName|String|false|false
19:20:18.0 (40552698)|VARIABLE_ASSIGNMENT|[136]|objName|"Scheduler__c"
19:20:18.0 (40556691)|VARIABLE_SCOPE_BEGIN|[136]|fieldApi|String|false|false
19:20:18.0 (40563169)|VARIABLE_ASSIGNMENT|[136]|fieldApi|"name"
19:20:18.0 (40570158)|STATEMENT_EXECUTE|[136]
19:20:18.0 (40571364)|STATEMENT_EXECUTE|[137]
19:20:18.0 (40600907)|VARIABLE_SCOPE_BEGIN|[137]|leadSchema|Schema.SObjectType|true|false
19:20:18.0 (40666766)|VARIABLE_ASSIGNMENT|[137]|leadSchema|"common.apex.runtime.impl.ApexSObjectTypeToken@49a9b66e"|0x49a9b66e
19:20:18.0 (40674769)|STATEMENT_EXECUTE|[138]
19:20:18.0 (40713281)|HEAP_ALLOCATE|[138]|Bytes:4
19:20:18.0 (40880703)|HEAP_ALLOCATE|[138]|Bytes:64
19:20:18.0 (40892661)|METHOD_EXIT|[90]|01p2800000FELrp|RecentlyViewedRecords.findFieldInfo(String, String)
19:20:18.0 (40899564)|VARIABLE_SCOPE_BEGIN|[90]|fieldMap|Map<String,Schema.SObjectField>|true|false
19:20:18.0 (41016481)|VARIABLE_ASSIGNMENT|[90]|fieldMap|"{createdbyid=CreatedById, createddate=CreatedDate, filter_wrapper_json__c=Filter_Wrapper_JSON__c, id=Id, isdeleted=IsDeleted, lastmodifiedbyid=LastModifiedById, lastmodifieddate=LastModifiedDate, lastreferenceddate=LastReferencedDate, lastvieweddate=LastViewedDate, name=Name, ...}"|0x73e45172
19:20:18.0 (41029191)|STATEMENT_EXECUTE|[91]
19:20:18.0 (41045170)|HEAP_ALLOCATE|[91]|Bytes:180
19:20:18.0 (41052471)|HEAP_ALLOCATE|[91]|Bytes:23
19:20:18.0 (41061128)|HEAP_ALLOCATE|[91]|Bytes:28
19:20:18.0 (41073447)|CONSTRUCTOR_ENTRY|[91]|01p2800000FELrp|<init>()
19:20:18.0 (41090548)|VARIABLE_SCOPE_BEGIN|[167]|this|RecentlyViewedRecords.objectWrapper|true|false
19:20:18.0 (41125704)|VARIABLE_ASSIGNMENT|[167]|this|{}|0x44f86d0b
19:20:18.0 (41135827)|HEAP_ALLOCATE|[EXTERNAL]|Bytes:6
19:20:18.0 (41160189)|STATEMENT_EXECUTE|[167]
19:20:18.0 (41161670)|STATEMENT_EXECUTE|[169]
19:20:18.0 (41162709)|STATEMENT_EXECUTE|[171]
19:20:18.0 (41163505)|STATEMENT_EXECUTE|[173]
19:20:18.0 (41164605)|STATEMENT_EXECUTE|[175]
19:20:18.0 (41165471)|STATEMENT_EXECUTE|[177]
19:20:18.0 (41166344)|STATEMENT_EXECUTE|[179]
19:20:18.0 (41169518)|CONSTRUCTOR_EXIT|[91]|01p2800000FELrp|<init>()
19:20:18.0 (41176068)|VARIABLE_SCOPE_BEGIN|[91]|ow|RecentlyViewedRecords.objectWrapper|true|false
19:20:18.0 (41192584)|VARIABLE_ASSIGNMENT|[91]|ow|{}|0x44f86d0b
19:20:18.0 (41197798)|STATEMENT_EXECUTE|[92]
19:20:18.0 (41429419)|HEAP_ALLOCATE|[92]|Bytes:8
19:20:18.0 (41452119)|HEAP_ALLOCATE|[92]|Bytes:14
19:20:18.0 (41481694)|VARIABLE_ASSIGNMENT|[EXTERNAL]|this|{}|0x44f86d0b
19:20:18.0 (41491004)|VARIABLE_ASSIGNMENT|[EXTERNAL]|value|"Scheduler Name"
19:20:18.0 (41502445)|VARIABLE_ASSIGNMENT|[169]|this.label|"Scheduler Name"|0x44f86d0b
19:20:18.0 (41511807)|STATEMENT_EXECUTE|[93]
19:20:18.0 (41567340)|HEAP_ALLOCATE|[93]|Bytes:10
19:20:18.0 (41585730)|HEAP_ALLOCATE|[93]|Bytes:10
19:20:18.0 (41612770)|VARIABLE_ASSIGNMENT|[EXTERNAL]|this|{"label":"Scheduler Name"}|0x44f86d0b
19:20:18.0 (41620800)|VARIABLE_ASSIGNMENT|[EXTERNAL]|value|"SCH-000008"
19:20:18.0 (41629281)|VARIABLE_ASSIGNMENT|[171]|this.value|"SCH-000008"|0x44f86d0b
19:20:18.0 (41637022)|STATEMENT_EXECUTE|[94]
19:20:18.0 (41679278)|VARIABLE_ASSIGNMENT|[EXTERNAL]|this|{"label":"Scheduler Name","value":"SCH-000008"}|0x44f86d0b
19:20:18.0 (41688562)|VARIABLE_ASSIGNMENT|[EXTERNAL]|value|null
19:20:18.0 (41695730)|VARIABLE_ASSIGNMENT|[173]|this.refName|null|0x44f86d0b
19:20:18.0 (41707086)|STATEMENT_EXECUTE|[95]
19:20:18.0 (41730514)|VARIABLE_ASSIGNMENT|[EXTERNAL]|this|{"label":"Scheduler Name","value":"SCH-000008"}|0x44f86d0b
19:20:18.0 (41738167)|VARIABLE_ASSIGNMENT|[EXTERNAL]|value|"name"
19:20:18.0 (41744643)|VARIABLE_ASSIGNMENT|[175]|this.api|"name"|0x44f86d0b
19:20:18.0 (41751930)|STATEMENT_EXECUTE|[96]
19:20:18.0 (41797941)|HEAP_ALLOCATE|[96]|Bytes:8
19:20:18.0 (42523194)|HEAP_ALLOCATE|[96]|Bytes:12
19:20:18.0 (42553733)|HEAP_ALLOCATE|[96]|Bytes:6
19:20:18.0 (42586879)|VARIABLE_ASSIGNMENT|[EXTERNAL]|this|{"api":"name","label":"Scheduler Name","value":"SCH-000008"}|0x44f86d0b
19:20:18.0 (42595951)|VARIABLE_ASSIGNMENT|[EXTERNAL]|value|"STRING"
19:20:18.0 (42604393)|VARIABLE_ASSIGNMENT|[177]|this.type|"STRING"|0x44f86d0b
19:20:18.0 (42613286)|STATEMENT_EXECUTE|[98]
19:20:18.0 (42616896)|HEAP_ALLOCATE|[98]|Bytes:4
19:20:18.0 (42658870)|HEAP_ALLOCATE|[98]|Bytes:105
19:20:18.0 (42671925)|HEAP_ALLOCATE|[98]|Bytes:109
19:20:18.0 (42683629)|USER_DEBUG|[98]|DEBUG|ow==objectWrapper:[api=name, iconUrl=null, label=Scheduler Name, refName=null, type=STRING, value=SCH-000008]
19:20:18.0 (42691187)|STATEMENT_EXECUTE|[99]
19:20:18.0 (42718895)|HEAP_ALLOCATE|[EXTERNAL]|Bytes:4
19:20:18.0 (42735800)|HEAP_ALLOCATE|[88]|Bytes:5
19:20:18.0 (42748215)|VARIABLE_ASSIGNMENT|[88]|st|null
19:20:18.0 (42753562)|STATEMENT_EXECUTE|[102]
19:20:18.0 (42760333)|SYSTEM_MODE_EXIT|false
19:20:18.42 (42784824)|CUMULATIVE_LIMIT_USAGE
19:20:18.42 (42784824)|LIMIT_USAGE_FOR_NS|(default)|
  Number of SOQL queries: 1 out of 100
  Number of query rows: 1 out of 50000
  Number of SOSL queries: 0 out of 20
  Number of DML statements: 0 out of 150
  Number of DML rows: 0 out of 10000
  Maximum CPU time: 0 out of 10000
  Maximum heap size: 0 out of 6000000
  Number of callouts: 0 out of 100
  Number of Email Invocations: 0 out of 10
  Number of future calls: 0 out of 50
  Number of queueable jobs added to the queue: 0 out of 50
  Number of Mobile Apex push calls: 0 out of 10

19:20:18.42 (42784824)|CUMULATIVE_LIMIT_USAGE_END

19:20:18.0 (42817451)|CODE_UNIT_FINISHED|RecentlyViewedRecords.queryCompactLayout
19:20:18.0 (44267414)|CODE_UNIT_STARTED|[EXTERNAL]|Aura
19:20:18.0 (44305366)|CODE_UNIT_FINISHED|Aura
19:20:18.0 (44329385)|CODE_UNIT_FINISHED|Aura
19:20:18.0 (45111796)|EXECUTION_FINISHED
