40.0 APEX_CODE,FINEST;APEX_PROFILING,INFO;CALLOUT,INFO;DB,INFO;SYSTEM,DEBUG;VALIDATION,INFO;VISUALFORCE,INFO;WAVE,INFO;WORKFLOW,INFO
19:03:53.0 (74325)|USER_INFO|[EXTERNAL]|00528000001JBjQ|ramu.veligeti@yahoo.co.in|Pacific Standard Time|GMT-07:00
19:03:53.0 (119138)|EXECUTION_STARTED
19:03:53.0 (124290)|CODE_UNIT_STARTED|[EXTERNAL]|Aura
19:03:53.0 (11395468)|HEAP_ALLOCATE|[72]|Bytes:3
19:03:53.0 (11434500)|HEAP_ALLOCATE|[77]|Bytes:152
19:03:53.0 (11449031)|HEAP_ALLOCATE|[342]|Bytes:408
19:03:53.0 (11463618)|HEAP_ALLOCATE|[355]|Bytes:408
19:03:53.0 (11476828)|HEAP_ALLOCATE|[467]|Bytes:48
19:03:53.0 (11499543)|HEAP_ALLOCATE|[139]|Bytes:6
19:03:53.0 (11511367)|HEAP_ALLOCATE|[EXTERNAL]|Bytes:18
19:03:53.0 (11519114)|HEAP_ALLOCATE|[EXTERNAL]|Bytes:4
19:03:53.0 (11706420)|HEAP_ALLOCATE|[EXTERNAL]|Bytes:12
19:03:53.0 (11713392)|HEAP_ALLOCATE|[EXTERNAL]|Bytes:12
19:03:53.0 (12934903)|CODE_UNIT_STARTED|[EXTERNAL]|01p2800000FELrp|RecentlyViewedRecords.queryCompactLayout
19:03:53.0 (12989937)|VARIABLE_SCOPE_BEGIN|[2]|RecentlyViewedRecords.FIELDSET_NAME|String|false|true
19:03:53.0 (13001501)|VARIABLE_SCOPE_BEGIN|[3]|RecentlyViewedRecords.private_apiFieldNames|Map<String,Set<String>>|true|true
19:03:53.0 (13010080)|VARIABLE_SCOPE_BEGIN|[5]|RecentlyViewedRecords.rvi|Recently_Viewed__c|true|true
19:03:53.0 (13017464)|VARIABLE_SCOPE_BEGIN|[4]|RecentlyViewedRecords.schemaMap|Map<String,Schema.SObjectType>|true|true
19:03:53.0 (13076204)|HEAP_ALLOCATE|[EXTERNAL]|Bytes:35
19:03:53.0 (13088872)|HEAP_ALLOCATE|[EXTERNAL]|Bytes:20
19:03:53.0 (13094766)|HEAP_ALLOCATE|[EXTERNAL]|Bytes:38
19:03:53.0 (13227819)|METHOD_ENTRY|[1]|01p2800000FELrp|RecentlyViewedRecords.RecentlyViewedRecords()
19:03:53.0 (13238550)|STATEMENT_EXECUTE|[1]
19:03:53.0 (13245120)|STATEMENT_EXECUTE|[1]
19:03:53.0 (13246884)|STATEMENT_EXECUTE|[2]
19:03:53.0 (13252087)|HEAP_ALLOCATE|[2]|Bytes:19
19:03:53.0 (13284331)|VARIABLE_ASSIGNMENT|[2]|RecentlyViewedRecords.FIELDSET_NAME|"RecentlyViewedHover"
19:03:53.0 (13292440)|STATEMENT_EXECUTE|[3]
19:03:53.0 (13299487)|HEAP_ALLOCATE|[3]|Bytes:4
19:03:53.0 (13332026)|VARIABLE_ASSIGNMENT|[3]|RecentlyViewedRecords.private_apiFieldNames|{}|0x593139bc
19:03:53.0 (13341841)|STATEMENT_EXECUTE|[4]
19:03:53.0 (13384694)|HEAP_ALLOCATE|[50]|Bytes:5
19:03:53.0 (13413244)|HEAP_ALLOCATE|[56]|Bytes:5
19:03:53.0 (13423987)|HEAP_ALLOCATE|[64]|Bytes:7
19:03:53.0 (26964151)|HEAP_ALLOCATE|[4]|Bytes:1456
19:03:53.0 (27245050)|VARIABLE_ASSIGNMENT|[4]|RecentlyViewedRecords.schemaMap|"{acceptedeventrelation=AcceptedEventRelation, acchierarchy__account_hierarchy__mdt=accHierarchy__Account_Hierarchy__mdt, acchierarchy__account_hierarchy_setup__c=accHierarchy__Account_Hierarchy_Setup__c, account=Account, accountcleaninfo=AccountCleanInfo, accountcontactrole=AccountContactRole, accountfeed=AccountFeed, accounthistory=AccountHistory, accountpartner=AccountPartner, accountshare=AccountShare, ...}"|0x582c8958
19:03:53.0 (27263842)|STATEMENT_EXECUTE|[5]
19:03:53.0 (28284930)|HEAP_ALLOCATE|[5]|Bytes:20
19:03:53.0 (28326242)|VARIABLE_ASSIGNMENT|[5]|RecentlyViewedRecords.rvi|{"IsDeleted":false,"Name":"a0d28000002ZKNz","SetupOwnerId":"00528000001JBjQAAW","Records_to_Display__ (1 more) ...":"20"}|0x4e9d72ea
19:03:53.0 (28335341)|STATEMENT_EXECUTE|[147]
19:03:53.0 (28336770)|STATEMENT_EXECUTE|[167]
19:03:53.0 (28347249)|METHOD_EXIT|[1]|RecentlyViewedRecords
19:03:53.0 (28355507)|HEAP_ALLOCATE|[EXTERNAL]|Bytes:4
19:03:53.0 (28359557)|HEAP_ALLOCATE|[EXTERNAL]|Bytes:12
19:03:53.0 (28366057)|SYSTEM_MODE_ENTER|false
19:03:53.0 (28375839)|VARIABLE_SCOPE_BEGIN|[33]|rvId|Id|false|false
19:03:53.0 (28444585)|VARIABLE_ASSIGNMENT|[33]|rvId|"a0f28000008b0TVAAY"
19:03:53.0 (28453706)|VARIABLE_SCOPE_BEGIN|[33]|objName|String|false|false
19:03:53.0 (28465887)|VARIABLE_ASSIGNMENT|[33]|objName|"Scheduler__c"
19:03:53.0 (28478793)|STATEMENT_EXECUTE|[33]
19:03:53.0 (28480086)|STATEMENT_EXECUTE|[34]
19:03:53.0 (28488946)|HEAP_ALLOCATE|[34]|Bytes:4
19:03:53.0 (28508396)|VARIABLE_SCOPE_BEGIN|[34]|objMap|Map<String,String>|true|false
19:03:53.0 (28530796)|VARIABLE_ASSIGNMENT|[34]|objMap|{}|0x1eb15e5c
19:03:53.0 (28539133)|STATEMENT_EXECUTE|[35]
19:03:53.0 (28649283)|HEAP_ALLOCATE|[35]|Bytes:4
19:03:53.0 (28709234)|VARIABLE_SCOPE_BEGIN|[35]|owList|List<RecentlyViewedRecords.objectWrapper>|true|false
19:03:53.0 (28733184)|HEAP_ALLOCATE|[EXTERNAL]|Bytes:4
19:03:53.0 (28744033)|VARIABLE_ASSIGNMENT|[35]|owList|[]|0x22eb629b
19:03:53.0 (28749548)|STATEMENT_EXECUTE|[36]
19:03:53.0 (37654448)|HEAP_ALLOCATE|[36]|Bytes:1628
19:03:53.0 (37696208)|VARIABLE_SCOPE_BEGIN|[36]|globalDescribeMap|Map<String,Schema.SObjectType>|true|false
19:03:53.0 (38016594)|VARIABLE_ASSIGNMENT|[36]|globalDescribeMap|"{acceptedeventrelation=AcceptedEventRelation, acchierarchy__account_hierarchy__mdt=accHierarchy__Account_Hierarchy__mdt, acchierarchy__account_hierarchy_setup__c=accHierarchy__Account_Hierarchy_Setup__c, account=Account, accountcleaninfo=AccountCleanInfo, accountcontactrole=AccountContactRole, accountfeed=AccountFeed, accounthistory=AccountHistory, accountpartner=AccountPartner, accountshare=AccountShare, ...}"|0x7dbb610f
19:03:53.0 (38043013)|STATEMENT_EXECUTE|[37]
19:03:53.0 (38131342)|VARIABLE_SCOPE_BEGIN|[37]|SObjectTypeObj|Schema.SObjectType|true|false
19:03:53.0 (38210964)|VARIABLE_ASSIGNMENT|[37]|SObjectTypeObj|"common.apex.runtime.impl.ApexSObjectTypeToken@58144670"|0x58144670
19:03:53.0 (38224174)|STATEMENT_EXECUTE|[38]
19:03:53.0 (38439538)|HEAP_ALLOCATE|[38]|Bytes:4
19:03:53.0 (38476692)|VARIABLE_SCOPE_BEGIN|[38]|describeSObjectResultObj|Schema.DescribeSObjectResult|true|false
19:03:53.0 (38569889)|VARIABLE_ASSIGNMENT|[38]|describeSObjectResultObj|"common.api.soap.wsdl.DescribeSObjectResult@315dff72"|0x13505087
19:03:53.0 (38582591)|STATEMENT_EXECUTE|[39]
19:03:53.0 (38588424)|HEAP_ALLOCATE|[39]|Bytes:15
19:03:53.0 (38600411)|HEAP_ALLOCATE|[39]|Bytes:2
19:03:53.0 (38747851)|HEAP_ALLOCATE|[39]|Bytes:378
19:03:53.0 (38783236)|HEAP_ALLOCATE|[39]|Bytes:414
19:03:53.0 (38811790)|USER_DEBUG|[39]|DEBUG|FIELDSET_NAME==RecentlyViewedHover==Schema.DescribeSObjectResult[getHasSubtypes=false;getKeyPrefix=a0f;getLabel=Scheduler;getLabelPlural=Scheduler;getName=Scheduler__c;isAccessible=true;isCreateable=true;isCustom=true;isCustomSetting=false;isDeletable=true;isDeprecatedAndHidden=false;isFeedEnabled=false;isMergeable=false;isMruEnabled=true;isQueryable=true;isSearchable=true;isUndeletable=true;isUpdateable=true;]
19:03:53.0 (38836503)|STATEMENT_EXECUTE|[40]
19:03:53.0 (40352668)|HEAP_ALLOCATE|[40]|Bytes:4
19:03:53.0 (40430854)|VARIABLE_SCOPE_BEGIN|[40]|fieldSetObj|Schema.FieldSet|true|false
19:03:53.0 (40451438)|VARIABLE_ASSIGNMENT|[40]|fieldSetObj|null|
19:03:53.0 (40459909)|STATEMENT_EXECUTE|[41]
19:03:53.0 (40465396)|HEAP_ALLOCATE|[41]|Bytes:13
19:03:53.0 (40529376)|HEAP_ALLOCATE|[41]|Bytes:17
19:03:53.0 (40546239)|USER_DEBUG|[41]|DEBUG|fieldSetObj==null
19:03:53.0 (40558078)|STATEMENT_EXECUTE|[42]
19:03:53.0 (40568505)|HEAP_ALLOCATE|[42]|Bytes:4
19:03:53.0 (40606327)|VARIABLE_SCOPE_BEGIN|[42]|fieldApis|List<String>|true|false
19:03:53.0 (40645326)|HEAP_ALLOCATE|[EXTERNAL]|Bytes:4
19:03:53.0 (40662152)|VARIABLE_ASSIGNMENT|[42]|fieldApis|[]|0x22254ed4
19:03:53.0 (40671602)|STATEMENT_EXECUTE|[43]
19:03:53.0 (40682375)|HEAP_ALLOCATE|[43]|Bytes:4
19:03:53.0 (40715039)|VARIABLE_SCOPE_BEGIN|[43]|refFieldToIgnore|Set<String>|true|false
19:03:53.0 (40749412)|VARIABLE_ASSIGNMENT|[43]|refFieldToIgnore|[]|0x33e0f67f
19:03:53.0 (40759682)|STATEMENT_EXECUTE|[44]
19:03:53.0 (40765316)|HEAP_ALLOCATE|[44]|Bytes:4
19:03:53.0 (40775721)|VARIABLE_SCOPE_BEGIN|[44]|refMap|Map<String,String>|true|false
19:03:53.0 (40797053)|VARIABLE_ASSIGNMENT|[44]|refMap|{}|0x37739c23
19:03:53.0 (40806498)|STATEMENT_EXECUTE|[45]
19:03:53.0 (40810414)|VARIABLE_SCOPE_BEGIN|[45]|query|String|false|false
19:03:53.0 (40824457)|VARIABLE_ASSIGNMENT|[45]|query|null
19:03:53.0 (40831977)|STATEMENT_EXECUTE|[66]
19:03:53.0 (40836108)|HEAP_ALLOCATE|[67]|Bytes:4
19:03:53.0 (40896434)|STATEMENT_EXECUTE|[67]
19:03:53.0 (40898862)|STATEMENT_EXECUTE|[68]
19:03:53.0 (40902716)|HEAP_ALLOCATE|[68]|Bytes:4
19:03:53.0 (40938254)|HEAP_ALLOCATE|[EXTERNAL]|Bytes:4
19:03:53.0 (40948875)|STATEMENT_EXECUTE|[69]
19:03:53.0 (40952305)|HEAP_ALLOCATE|[69]|Bytes:20
19:03:53.0 (40958804)|HEAP_ALLOCATE|[69]|Bytes:13
19:03:53.0 (40989796)|HEAP_ALLOCATE|[69]|Bytes:18
19:03:53.0 (41005629)|HEAP_ALLOCATE|[69]|Bytes:1
19:03:53.0 (41019030)|HEAP_ALLOCATE|[69]|Bytes:64
19:03:53.0 (41032341)|VARIABLE_ASSIGNMENT|[69]|query|"Select Id,Name from  (44 more) ..."
19:03:53.0 (41040706)|STATEMENT_EXECUTE|[85]
19:03:53.0 (41043943)|HEAP_ALLOCATE|[85]|Bytes:7
19:03:53.0 (41052410)|HEAP_ALLOCATE|[85]|Bytes:71
19:03:53.0 (41078666)|USER_DEBUG|[85]|DEBUG|query==Select Id,Name from Scheduler__c where Id = 'a0f28000008b0TVAAY'
19:03:53.0 (41091616)|STATEMENT_EXECUTE|[86]
19:03:53.0 (41425939)|SOQL_EXECUTE_BEGIN|[86]|Aggregations:0|Select Id,Name from Scheduler__c where Id = 'a0f28000008b0TVAAY'
19:03:53.0 (43145275)|SOQL_EXECUTE_END|[86]|Rows:1
19:03:53.0 (43168493)|HEAP_ALLOCATE|[86]|Bytes:8
19:03:53.0 (43182387)|HEAP_ALLOCATE|[86]|Bytes:47
19:03:53.0 (43233244)|HEAP_ALLOCATE|[86]|Bytes:8
19:03:53.0 (43249141)|HEAP_ALLOCATE|[86]|Bytes:33
19:03:53.0 (43290533)|HEAP_ALLOCATE|[86]|Bytes:12
19:03:53.0 (43298639)|VARIABLE_SCOPE_BEGIN|[86]|so|SObject|true|false
19:03:53.0 (43320825)|VARIABLE_ASSIGNMENT|[86]|so|{"Id":"a0f28000008b0TVAAY","Name":"SCH-000008"}|0x43629d0a
19:03:53.0 (43327991)|STATEMENT_EXECUTE|[87]
19:03:53.0 (43330937)|HEAP_ALLOCATE|[87]|Bytes:4
19:03:53.0 (43394580)|HEAP_ALLOCATE|[87]|Bytes:53
19:03:53.0 (43410674)|HEAP_ALLOCATE|[87]|Bytes:57
19:03:53.0 (43422364)|USER_DEBUG|[87]|DEBUG|so==Scheduler__c:{Id=a0f28000008b0TVAAY, Name=SCH-000008}
19:03:53.0 (43499294)|HEAP_ALLOCATE|[88]|Bytes:5
19:03:53.0 (43511724)|HEAP_ALLOCATE|[88]|Bytes:4
19:03:53.0 (43519259)|VARIABLE_SCOPE_BEGIN|[88]|st|String|false|false
19:03:53.0 (43529294)|VARIABLE_ASSIGNMENT|[88]|st|"name"
19:03:53.0 (43534025)|STATEMENT_EXECUTE|[88]
19:03:53.0 (43562584)|STATEMENT_EXECUTE|[89]
19:03:53.0 (43564066)|STATEMENT_EXECUTE|[90]
19:03:53.0 (43576344)|METHOD_ENTRY|[90]|01p2800000FELrp|RecentlyViewedRecords.findFieldInfo(String, String)
19:03:53.0 (43593131)|VARIABLE_SCOPE_BEGIN|[136]|objName|String|false|false
19:03:53.0 (43602629)|VARIABLE_ASSIGNMENT|[136]|objName|"Scheduler__c"
19:03:53.0 (43606999)|VARIABLE_SCOPE_BEGIN|[136]|fieldApi|String|false|false
19:03:53.0 (43613111)|VARIABLE_ASSIGNMENT|[136]|fieldApi|"name"
19:03:53.0 (43618499)|STATEMENT_EXECUTE|[136]
19:03:53.0 (43619694)|STATEMENT_EXECUTE|[137]
19:03:53.0 (43651355)|VARIABLE_SCOPE_BEGIN|[137]|leadSchema|Schema.SObjectType|true|false
19:03:53.0 (43746772)|VARIABLE_ASSIGNMENT|[137]|leadSchema|"common.apex.runtime.impl.ApexSObjectTypeToken@58144670"|0x58144670
19:03:53.0 (43753635)|STATEMENT_EXECUTE|[138]
19:03:53.0 (43792735)|HEAP_ALLOCATE|[138]|Bytes:4
19:03:53.0 (43981242)|HEAP_ALLOCATE|[138]|Bytes:64
19:03:53.0 (43994093)|METHOD_EXIT|[90]|01p2800000FELrp|RecentlyViewedRecords.findFieldInfo(String, String)
19:03:53.0 (44001292)|VARIABLE_SCOPE_BEGIN|[90]|fieldMap|Map<String,Schema.SObjectField>|true|false
19:03:53.0 (44123845)|VARIABLE_ASSIGNMENT|[90]|fieldMap|"{createdbyid=CreatedById, createddate=CreatedDate, filter_wrapper_json__c=Filter_Wrapper_JSON__c, id=Id, isdeleted=IsDeleted, lastmodifiedbyid=LastModifiedById, lastmodifieddate=LastModifiedDate, lastreferenceddate=LastReferencedDate, lastvieweddate=LastViewedDate, name=Name, ...}"|0xa6d448e
19:03:53.0 (44136071)|STATEMENT_EXECUTE|[91]
19:03:53.0 (44150828)|HEAP_ALLOCATE|[91]|Bytes:180
19:03:53.0 (44158323)|HEAP_ALLOCATE|[91]|Bytes:23
19:03:53.0 (44165708)|HEAP_ALLOCATE|[91]|Bytes:28
19:03:53.0 (44177527)|CONSTRUCTOR_ENTRY|[91]|01p2800000FELrp|<init>()
19:03:53.0 (44195713)|VARIABLE_SCOPE_BEGIN|[167]|this|RecentlyViewedRecords.objectWrapper|true|false
19:03:53.0 (44226173)|VARIABLE_ASSIGNMENT|[167]|this|{}|0x30f77832
19:03:53.0 (44236528)|HEAP_ALLOCATE|[EXTERNAL]|Bytes:6
19:03:53.0 (44259773)|STATEMENT_EXECUTE|[167]
19:03:53.0 (44261274)|STATEMENT_EXECUTE|[169]
19:03:53.0 (44262375)|STATEMENT_EXECUTE|[171]
19:03:53.0 (44263305)|STATEMENT_EXECUTE|[173]
19:03:53.0 (44264175)|STATEMENT_EXECUTE|[175]
19:03:53.0 (44265038)|STATEMENT_EXECUTE|[177]
19:03:53.0 (44265947)|STATEMENT_EXECUTE|[179]
19:03:53.0 (44270094)|CONSTRUCTOR_EXIT|[91]|01p2800000FELrp|<init>()
19:03:53.0 (44275993)|VARIABLE_SCOPE_BEGIN|[91]|ow|RecentlyViewedRecords.objectWrapper|true|false
19:03:53.0 (44292735)|VARIABLE_ASSIGNMENT|[91]|ow|{}|0x30f77832
19:03:53.0 (44298357)|STATEMENT_EXECUTE|[92]
19:03:53.0 (44541279)|HEAP_ALLOCATE|[92]|Bytes:8
19:03:53.0 (44564374)|HEAP_ALLOCATE|[92]|Bytes:14
19:03:53.0 (44594047)|VARIABLE_ASSIGNMENT|[EXTERNAL]|this|{}|0x30f77832
19:03:53.0 (44602843)|VARIABLE_ASSIGNMENT|[EXTERNAL]|value|"Scheduler Name"
19:03:53.0 (44613621)|VARIABLE_ASSIGNMENT|[169]|this.label|"Scheduler Name"|0x30f77832
19:03:53.0 (44621758)|STATEMENT_EXECUTE|[93]
19:03:53.0 (44673866)|HEAP_ALLOCATE|[93]|Bytes:10
19:03:53.0 (44692685)|HEAP_ALLOCATE|[93]|Bytes:10
19:03:53.0 (44719589)|VARIABLE_ASSIGNMENT|[EXTERNAL]|this|{"label":"Scheduler Name"}|0x30f77832
19:03:53.0 (44727559)|VARIABLE_ASSIGNMENT|[EXTERNAL]|value|"SCH-000008"
19:03:53.0 (44734890)|VARIABLE_ASSIGNMENT|[171]|this.value|"SCH-000008"|0x30f77832
19:03:53.0 (44742641)|STATEMENT_EXECUTE|[94]
19:03:53.0 (44784132)|VARIABLE_ASSIGNMENT|[EXTERNAL]|this|{"label":"Scheduler Name","value":"SCH-000008"}|0x30f77832
19:03:53.0 (44794065)|VARIABLE_ASSIGNMENT|[EXTERNAL]|value|null
19:03:53.0 (44801192)|VARIABLE_ASSIGNMENT|[173]|this.refName|null|0x30f77832
19:03:53.0 (44808488)|STATEMENT_EXECUTE|[95]
19:03:53.0 (44832152)|VARIABLE_ASSIGNMENT|[EXTERNAL]|this|{"label":"Scheduler Name","value":"SCH-000008"}|0x30f77832
19:03:53.0 (44839673)|VARIABLE_ASSIGNMENT|[EXTERNAL]|value|"name"
19:03:53.0 (44845578)|VARIABLE_ASSIGNMENT|[175]|this.api|"name"|0x30f77832
19:03:53.0 (44852488)|STATEMENT_EXECUTE|[96]
19:03:53.0 (44899084)|HEAP_ALLOCATE|[96]|Bytes:8
19:03:53.0 (45659585)|HEAP_ALLOCATE|[96]|Bytes:12
19:03:53.0 (45695904)|HEAP_ALLOCATE|[96]|Bytes:6
19:03:53.0 (45733766)|VARIABLE_ASSIGNMENT|[EXTERNAL]|this|{"api":"name","label":"Scheduler Name","value":"SCH-000008"}|0x30f77832
19:03:53.0 (45742550)|VARIABLE_ASSIGNMENT|[EXTERNAL]|value|"STRING"
19:03:53.0 (45750875)|VARIABLE_ASSIGNMENT|[177]|this.type|"STRING"|0x30f77832
19:03:53.0 (45759207)|STATEMENT_EXECUTE|[98]
19:03:53.0 (45762586)|HEAP_ALLOCATE|[98]|Bytes:4
19:03:53.0 (45806172)|HEAP_ALLOCATE|[98]|Bytes:105
19:03:53.0 (45820222)|HEAP_ALLOCATE|[98]|Bytes:109
19:03:53.0 (45832025)|USER_DEBUG|[98]|DEBUG|ow==objectWrapper:[api=name, iconUrl=null, label=Scheduler Name, refName=null, type=STRING, value=SCH-000008]
19:03:53.0 (45842298)|STATEMENT_EXECUTE|[99]
19:03:53.0 (45865558)|HEAP_ALLOCATE|[EXTERNAL]|Bytes:4
19:03:53.0 (45882201)|HEAP_ALLOCATE|[88]|Bytes:5
19:03:53.0 (45893585)|VARIABLE_ASSIGNMENT|[88]|st|null
19:03:53.0 (45898239)|STATEMENT_EXECUTE|[102]
19:03:53.0 (45905252)|SYSTEM_MODE_EXIT|false
19:03:53.45 (45929005)|CUMULATIVE_LIMIT_USAGE
19:03:53.45 (45929005)|LIMIT_USAGE_FOR_NS|(default)|
  Number of SOQL queries: 1 out of 100
  Number of query rows: 1 out of 50000
  Number of SOSL queries: 0 out of 20
  Number of DML statements: 0 out of 150
  Number of DML rows: 0 out of 10000
  Maximum CPU time: 0 out of 10000
  Maximum heap size: 0 out of 6000000
  Number of callouts: 0 out of 100
  Number of Email Invocations: 0 out of 10
  Number of future calls: 0 out of 50
  Number of queueable jobs added to the queue: 0 out of 50
  Number of Mobile Apex push calls: 0 out of 10

19:03:53.45 (45929005)|CUMULATIVE_LIMIT_USAGE_END

19:03:53.0 (45961706)|CODE_UNIT_FINISHED|RecentlyViewedRecords.queryCompactLayout
19:03:53.0 (47265671)|CODE_UNIT_STARTED|[EXTERNAL]|Aura
19:03:53.0 (47305942)|CODE_UNIT_FINISHED|Aura
19:03:53.0 (47334712)|CODE_UNIT_FINISHED|Aura
19:03:53.0 (48063206)|EXECUTION_FINISHED
