40.0 APEX_CODE,FINEST;APEX_PROFILING,INFO;CALLOUT,INFO;DB,INFO;SYSTEM,DEBUG;VALIDATION,INFO;VISUALFORCE,INFO;WAVE,INFO;WORKFLOW,INFO
18:54:11.0 (64966)|USER_INFO|[EXTERNAL]|00528000001JBjQ|ramu.veligeti@yahoo.co.in|Pacific Standard Time|GMT-07:00
18:54:11.0 (1887655)|ENTERING_MANAGED_PKG|accHierarchy
18:54:11.0 (2124948)|ENTERING_MANAGED_PKG|accHierarchy
18:54:11.0 (15410935)|ENTERING_MANAGED_PKG|accHierarchy
18:54:11.0 (40722612)|SOQL_EXECUTE_BEGIN|[99]|Aggregations:0|SELECT Account_fields__c FROM Account_Hierarchy_Setup__C LIMIT 1
18:54:11.0 (53407422)|SOQL_EXECUTE_END|[99]|Rows:1
18:54:11.0 (58047325)|ENTERING_MANAGED_PKG|accHierarchy
18:54:11.0 (58156091)|ENTERING_MANAGED_PKG|accHierarchy
18:54:11.0 (58212288)|ENTERING_MANAGED_PKG|accHierarchy
18:54:11.0 (58249396)|ENTERING_MANAGED_PKG|accHierarchy
18:54:11.0 (58313410)|ENTERING_MANAGED_PKG|accHierarchy
18:54:11.0 (58812132)|ENTERING_MANAGED_PKG|accHierarchy
18:54:11.0 (58911510)|ENTERING_MANAGED_PKG|accHierarchy
18:54:11.0 (58983551)|ENTERING_MANAGED_PKG|accHierarchy
18:54:11.0 (59016732)|ENTERING_MANAGED_PKG|accHierarchy
18:54:11.0 (59063995)|ENTERING_MANAGED_PKG|accHierarchy
18:54:11.0 (59099352)|ENTERING_MANAGED_PKG|accHierarchy
18:54:11.0 (59138812)|ENTERING_MANAGED_PKG|accHierarchy
18:54:11.0 (172818884)|ENTERING_MANAGED_PKG|accHierarchy
18:54:11.0 (173490045)|ENTERING_MANAGED_PKG|accHierarchy
18:54:11.0 (174106281)|SOQL_EXECUTE_BEGIN|[36]|Aggregations:0|SELECT Id, State, CronJobDetail.Id, CronJobDetail.Name, CronJobDetail.JobType FROM CronTrigger WHERE CronJobDetail.Name = :tmpVar1 LIMIT 1
18:54:11.0 (186664452)|SOQL_EXECUTE_END|[36]|Rows:0
18:54:11.0 (187050288)|SOQL_EXECUTE_BEGIN|[37]|Aggregations:0|SELECT Id FROM ApexClass WHERE Name = :tmpVar1 LIMIT 1
18:54:11.0 (215068429)|SOQL_EXECUTE_END|[37]|Rows:1
18:54:11.0 (215773579)|SOQL_EXECUTE_BEGIN|[38]|Aggregations:0|SELECT Id FROM AsyncApexJob WHERE ((ApexClassID = :tmpVar1 AND Status != 'Aborted' AND Status != 'Completed' AND Status != 'Failed') OR (ApexClassID = :tmpVar2 AND Status = 'Completed' AND CompletedDate <= :tmpVar3 AND CompletedDate >= :tmpVar4)) LIMIT 1
18:54:11.0 (229112345)|SOQL_EXECUTE_END|[38]|Rows:0
18:54:11.0 (229363212)|ENTERING_MANAGED_PKG|accHierarchy
18:54:11.0 (229438345)|ENTERING_MANAGED_PKG|accHierarchy
18:54:11.0 (229463101)|ENTERING_MANAGED_PKG|accHierarchy
18:54:11.0 (229503591)|ENTERING_MANAGED_PKG|accHierarchy
18:54:11.0 (229750263)|ENTERING_MANAGED_PKG|accHierarchy
18:54:11.0 (230188044)|SOQL_EXECUTE_BEGIN|[1189]|Aggregations:0|SELECT hierarchy_parents__C, topParentId__c,Name,Phone,Ownership,BillingCity,NumberOfEmployees,Id,ParentId from Account WHERE id = :accountId LIMIT 1
18:54:11.0 (243263500)|SOQL_EXECUTE_END|[1189]|Rows:1
18:54:11.0 (243538020)|ENTERING_MANAGED_PKG|accHierarchy
18:54:11.0 (244095305)|SOQL_EXECUTE_BEGIN|[1193]|Aggregations:0|SELECT Name,Phone,Ownership,BillingCity,NumberOfEmployees,Id,ParentId from Account WHERE parentId = :accountId LIMIT 4
18:54:11.0 (287048013)|SOQL_EXECUTE_END|[1193]|Rows:0
18:54:11.0 (287217747)|ENTERING_MANAGED_PKG|accHierarchy
18:54:11.0 (287788383)|ENTERING_MANAGED_PKG|accHierarchy
18:54:11.0 (287896307)|ENTERING_MANAGED_PKG|accHierarchy
18:54:11.0 (287957211)|ENTERING_MANAGED_PKG|accHierarchy
18:54:11.0 (288053257)|ENTERING_MANAGED_PKG|accHierarchy
18:54:11.0 (288091103)|ENTERING_MANAGED_PKG|accHierarchy
18:54:11.0 (294297860)|SOQL_EXECUTE_BEGIN|[20]|Aggregations:0|SELECT Profile.PermissionsViewAllData FROM User WHERE Id = :tmpVar1 LIMIT 1
18:54:11.0 (314200138)|SOQL_EXECUTE_END|[20]|Rows:1
18:54:11.0 (314692352)|ENTERING_MANAGED_PKG|accHierarchy
18:54:11.0 (314824851)|ENTERING_MANAGED_PKG|accHierarchy
18:54:11.0 (314905753)|ENTERING_MANAGED_PKG|accHierarchy
18:54:11.0 (314996904)|ENTERING_MANAGED_PKG|accHierarchy
18:54:11.0 (315102428)|ENTERING_MANAGED_PKG|accHierarchy
18:54:11.0 (315173175)|ENTERING_MANAGED_PKG|accHierarchy
18:54:11.0 (315266801)|ENTERING_MANAGED_PKG|accHierarchy
18:54:11.0 (315340076)|ENTERING_MANAGED_PKG|accHierarchy
18:54:11.0 (315412607)|ENTERING_MANAGED_PKG|accHierarchy
18:54:11.0 (315510482)|ENTERING_MANAGED_PKG|accHierarchy
18:54:11.0 (315892898)|ENTERING_MANAGED_PKG|accHierarchy
18:54:11.0 (315980878)|ENTERING_MANAGED_PKG|accHierarchy
18:54:11.0 (316060945)|ENTERING_MANAGED_PKG|accHierarchy
18:54:11.0 (316131832)|ENTERING_MANAGED_PKG|accHierarchy
18:54:11.0 (316201455)|ENTERING_MANAGED_PKG|accHierarchy
18:54:11.0 (316265507)|ENTERING_MANAGED_PKG|accHierarchy
18:54:11.0 (316329156)|ENTERING_MANAGED_PKG|accHierarchy
18:54:11.0 (316742851)|ENTERING_MANAGED_PKG|accHierarchy
18:54:11.0 (316799933)|ENTERING_MANAGED_PKG|accHierarchy
18:54:11.0 (316854884)|ENTERING_MANAGED_PKG|accHierarchy
18:54:11.0 (316948387)|ENTERING_MANAGED_PKG|accHierarchy
18:54:11.0 (317157122)|ENTERING_MANAGED_PKG|accHierarchy
18:54:11.0 (317251548)|ENTERING_MANAGED_PKG|accHierarchy
18:54:11.0 (317294383)|ENTERING_MANAGED_PKG|accHierarchy
18:54:11.0 (317441779)|ENTERING_MANAGED_PKG|accHierarchy
18:54:11.0 (317488940)|ENTERING_MANAGED_PKG|accHierarchy
18:54:11.0 (317515488)|ENTERING_MANAGED_PKG|accHierarchy
18:54:11.0 (317538901)|ENTERING_MANAGED_PKG|accHierarchy
18:54:11.0 (317561093)|ENTERING_MANAGED_PKG|accHierarchy
18:54:11.0 (317582691)|ENTERING_MANAGED_PKG|accHierarchy
18:54:11.0 (317603356)|ENTERING_MANAGED_PKG|accHierarchy
18:54:11.0 (317826430)|ENTERING_MANAGED_PKG|accHierarchy
18:54:11.0 (317884949)|ENTERING_MANAGED_PKG|accHierarchy
18:54:11.0 (317929952)|ENTERING_MANAGED_PKG|accHierarchy
18:54:11.0 (317979908)|ENTERING_MANAGED_PKG|accHierarchy
18:54:11.0 (318023518)|ENTERING_MANAGED_PKG|accHierarchy
18:54:11.0 (318167683)|ENTERING_MANAGED_PKG|accHierarchy
18:54:11.0 (318244703)|ENTERING_MANAGED_PKG|accHierarchy
18:54:11.0 (318279499)|ENTERING_MANAGED_PKG|accHierarchy
18:54:11.0 (318401570)|ENTERING_MANAGED_PKG|accHierarchy
18:54:11.0 (318438457)|ENTERING_MANAGED_PKG|accHierarchy
18:54:11.0 (318469231)|ENTERING_MANAGED_PKG|accHierarchy
18:54:11.0 (318493539)|ENTERING_MANAGED_PKG|accHierarchy
18:54:11.0 (318515577)|ENTERING_MANAGED_PKG|accHierarchy
18:54:11.0 (318537267)|ENTERING_MANAGED_PKG|accHierarchy
18:54:11.0 (318557926)|ENTERING_MANAGED_PKG|accHierarchy
18:54:11.0 (318763269)|ENTERING_MANAGED_PKG|accHierarchy
18:54:11.0 (318797818)|ENTERING_MANAGED_PKG|accHierarchy
18:54:11.0 (318826842)|ENTERING_MANAGED_PKG|accHierarchy
18:54:11.0 (318862347)|ENTERING_MANAGED_PKG|accHierarchy
18:54:11.0 (318888981)|ENTERING_MANAGED_PKG|accHierarchy
18:54:11.0 (319006390)|ENTERING_MANAGED_PKG|accHierarchy
18:54:11.0 (319062804)|ENTERING_MANAGED_PKG|accHierarchy
18:54:11.0 (319088011)|ENTERING_MANAGED_PKG|accHierarchy
18:54:11.0 (319197536)|ENTERING_MANAGED_PKG|accHierarchy
18:54:11.0 (319234806)|ENTERING_MANAGED_PKG|accHierarchy
18:54:11.0 (319259220)|ENTERING_MANAGED_PKG|accHierarchy
18:54:11.0 (319282197)|ENTERING_MANAGED_PKG|accHierarchy
18:54:11.0 (319303565)|ENTERING_MANAGED_PKG|accHierarchy
18:54:11.0 (319325725)|ENTERING_MANAGED_PKG|accHierarchy
18:54:11.0 (319347710)|ENTERING_MANAGED_PKG|accHierarchy
18:54:11.0 (319556899)|ENTERING_MANAGED_PKG|accHierarchy
18:54:11.0 (319591477)|ENTERING_MANAGED_PKG|accHierarchy
18:54:11.0 (319620932)|ENTERING_MANAGED_PKG|accHierarchy
18:54:11.0 (319656552)|ENTERING_MANAGED_PKG|accHierarchy
18:54:11.0 (319684060)|ENTERING_MANAGED_PKG|accHierarchy
18:54:11.0 (319802168)|ENTERING_MANAGED_PKG|accHierarchy
18:54:11.0 (319861425)|ENTERING_MANAGED_PKG|accHierarchy
18:54:11.0 (319888276)|ENTERING_MANAGED_PKG|accHierarchy
18:54:11.0 (319996318)|ENTERING_MANAGED_PKG|accHierarchy
18:54:11.0 (320034382)|ENTERING_MANAGED_PKG|accHierarchy
18:54:11.0 (320059050)|ENTERING_MANAGED_PKG|accHierarchy
18:54:11.0 (320080852)|ENTERING_MANAGED_PKG|accHierarchy
18:54:11.0 (320106750)|ENTERING_MANAGED_PKG|accHierarchy
18:54:11.0 (320129330)|ENTERING_MANAGED_PKG|accHierarchy
18:54:11.0 (320151881)|ENTERING_MANAGED_PKG|accHierarchy
18:54:11.0 (320358901)|ENTERING_MANAGED_PKG|accHierarchy
18:54:11.0 (320394361)|ENTERING_MANAGED_PKG|accHierarchy
18:54:11.0 (320424170)|ENTERING_MANAGED_PKG|accHierarchy
18:54:11.0 (320458248)|ENTERING_MANAGED_PKG|accHierarchy
18:54:11.0 (320492631)|ENTERING_MANAGED_PKG|accHierarchy
18:54:11.0 (320641470)|ENTERING_MANAGED_PKG|accHierarchy
18:54:11.0 (320693579)|ENTERING_MANAGED_PKG|accHierarchy
18:54:11.0 (320709416)|ENTERING_MANAGED_PKG|accHierarchy
18:54:11.0 (320761587)|ENTERING_MANAGED_PKG|accHierarchy
18:54:11.0 (320801190)|ENTERING_MANAGED_PKG|accHierarchy
18:54:11.0 (320829533)|ENTERING_MANAGED_PKG|accHierarchy
18:54:11.0 (320895001)|ENTERING_MANAGED_PKG|accHierarchy
18:54:11.0 (321078717)|ENTERING_MANAGED_PKG|accHierarchy
18:54:11.0 (321108870)|ENTERING_MANAGED_PKG|accHierarchy
18:54:11.0 (321224590)|ENTERING_MANAGED_PKG|accHierarchy
18:54:11.0 (321244459)|ENTERING_MANAGED_PKG|accHierarchy
18:54:11.0 (321273217)|ENTERING_MANAGED_PKG|accHierarchy
18:54:11.0 (321287552)|ENTERING_MANAGED_PKG|accHierarchy
18:54:11.0 (321303961)|ENTERING_MANAGED_PKG|accHierarchy
