40.0 APEX_CODE,FINEST;APEX_PROFILING,INFO;CALLOUT,INFO;DB,INFO;SYSTEM,DEBUG;VALIDATION,INFO;VISUALFORCE,INFO;WAVE,INFO;WORKFLOW,INFO
19:15:13.0 (67257)|USER_INFO|[EXTERNAL]|00528000001JBjQ|ramu.veligeti@yahoo.co.in|Pacific Standard Time|GMT-07:00
19:15:13.0 (1700402)|ENTERING_MANAGED_PKG|accHierarchy
19:15:13.0 (1885456)|ENTERING_MANAGED_PKG|accHierarchy
19:15:13.0 (5983913)|ENTERING_MANAGED_PKG|accHierarchy
19:15:13.0 (7935995)|SOQL_EXECUTE_BEGIN|[99]|Aggregations:0|SELECT Account_fields__c FROM Account_Hierarchy_Setup__C LIMIT 1
19:15:13.0 (10565221)|SOQL_EXECUTE_END|[99]|Rows:1
19:15:13.0 (13337555)|ENTERING_MANAGED_PKG|accHierarchy
19:15:13.0 (13417949)|ENTERING_MANAGED_PKG|accHierarchy
19:15:13.0 (13445568)|ENTERING_MANAGED_PKG|accHierarchy
19:15:13.0 (13464125)|ENTERING_MANAGED_PKG|accHierarchy
19:15:13.0 (13542866)|ENTERING_MANAGED_PKG|accHierarchy
19:15:13.0 (13621457)|ENTERING_MANAGED_PKG|accHierarchy
19:15:13.0 (13761217)|ENTERING_MANAGED_PKG|accHierarchy
19:15:13.0 (13865608)|ENTERING_MANAGED_PKG|accHierarchy
19:15:13.0 (13894490)|ENTERING_MANAGED_PKG|accHierarchy
19:15:13.0 (13916754)|ENTERING_MANAGED_PKG|accHierarchy
19:15:13.0 (13935141)|ENTERING_MANAGED_PKG|accHierarchy
19:15:13.0 (13957433)|ENTERING_MANAGED_PKG|accHierarchy
19:15:13.0 (14066591)|ENTERING_MANAGED_PKG|accHierarchy
19:15:13.0 (14577869)|ENTERING_MANAGED_PKG|accHierarchy
19:15:13.0 (15087229)|SOQL_EXECUTE_BEGIN|[36]|Aggregations:0|SELECT Id, State, CronJobDetail.Id, CronJobDetail.Name, CronJobDetail.JobType FROM CronTrigger WHERE CronJobDetail.Name = :tmpVar1 LIMIT 1
19:15:13.0 (17390616)|SOQL_EXECUTE_END|[36]|Rows:0
19:15:13.0 (17763435)|SOQL_EXECUTE_BEGIN|[37]|Aggregations:0|SELECT Id FROM ApexClass WHERE Name = :tmpVar1 LIMIT 1
19:15:13.0 (22649874)|SOQL_EXECUTE_END|[37]|Rows:1
19:15:13.0 (23855776)|SOQL_EXECUTE_BEGIN|[38]|Aggregations:0|SELECT Id FROM AsyncApexJob WHERE ((ApexClassID = :tmpVar1 AND Status != 'Aborted' AND Status != 'Completed' AND Status != 'Failed') OR (ApexClassID = :tmpVar2 AND Status = 'Completed' AND CompletedDate <= :tmpVar3 AND CompletedDate >= :tmpVar4)) LIMIT 1
19:15:13.0 (27140049)|SOQL_EXECUTE_END|[38]|Rows:0
19:15:13.0 (27482886)|ENTERING_MANAGED_PKG|accHierarchy
19:15:13.0 (27542690)|ENTERING_MANAGED_PKG|accHierarchy
19:15:13.0 (27571086)|ENTERING_MANAGED_PKG|accHierarchy
19:15:13.0 (27604091)|ENTERING_MANAGED_PKG|accHierarchy
19:15:13.0 (27933901)|ENTERING_MANAGED_PKG|accHierarchy
19:15:13.0 (28585987)|SOQL_EXECUTE_BEGIN|[1189]|Aggregations:0|SELECT hierarchy_parents__C, topParentId__c,Name,Phone,Ownership,BillingCity,NumberOfEmployees,Id,ParentId from Account WHERE id = :accountId LIMIT 1
19:15:13.0 (35154933)|SOQL_EXECUTE_END|[1189]|Rows:1
19:15:13.0 (35497537)|ENTERING_MANAGED_PKG|accHierarchy
19:15:13.0 (35982338)|SOQL_EXECUTE_BEGIN|[1193]|Aggregations:0|SELECT Name,Phone,Ownership,BillingCity,NumberOfEmployees,Id,ParentId from Account WHERE parentId = :accountId LIMIT 4
19:15:13.0 (39268674)|SOQL_EXECUTE_END|[1193]|Rows:0
19:15:13.0 (39414986)|ENTERING_MANAGED_PKG|accHierarchy
19:15:13.0 (39533418)|ENTERING_MANAGED_PKG|accHierarchy
19:15:13.0 (39629914)|ENTERING_MANAGED_PKG|accHierarchy
19:15:13.0 (39694451)|ENTERING_MANAGED_PKG|accHierarchy
19:15:13.0 (39852523)|ENTERING_MANAGED_PKG|accHierarchy
19:15:13.0 (39903944)|ENTERING_MANAGED_PKG|accHierarchy
19:15:13.0 (43603643)|SOQL_EXECUTE_BEGIN|[20]|Aggregations:0|SELECT Profile.PermissionsViewAllData FROM User WHERE Id = :tmpVar1 LIMIT 1
19:15:13.0 (49674775)|SOQL_EXECUTE_END|[20]|Rows:1
19:15:13.0 (49976742)|ENTERING_MANAGED_PKG|accHierarchy
19:15:13.0 (50027251)|ENTERING_MANAGED_PKG|accHierarchy
19:15:13.0 (50049431)|ENTERING_MANAGED_PKG|accHierarchy
19:15:13.0 (50081184)|ENTERING_MANAGED_PKG|accHierarchy
19:15:13.0 (50143415)|ENTERING_MANAGED_PKG|accHierarchy
19:15:13.0 (50167016)|ENTERING_MANAGED_PKG|accHierarchy
19:15:13.0 (50210144)|ENTERING_MANAGED_PKG|accHierarchy
19:15:13.0 (50249339)|ENTERING_MANAGED_PKG|accHierarchy
19:15:13.0 (50274630)|ENTERING_MANAGED_PKG|accHierarchy
19:15:13.0 (50306952)|ENTERING_MANAGED_PKG|accHierarchy
19:15:13.0 (50473293)|ENTERING_MANAGED_PKG|accHierarchy
19:15:13.0 (50527338)|ENTERING_MANAGED_PKG|accHierarchy
19:15:13.0 (50550132)|ENTERING_MANAGED_PKG|accHierarchy
19:15:13.0 (50568532)|ENTERING_MANAGED_PKG|accHierarchy
19:15:13.0 (50587539)|ENTERING_MANAGED_PKG|accHierarchy
19:15:13.0 (50604012)|ENTERING_MANAGED_PKG|accHierarchy
19:15:13.0 (50619093)|ENTERING_MANAGED_PKG|accHierarchy
19:15:13.0 (50897755)|ENTERING_MANAGED_PKG|accHierarchy
19:15:13.0 (50926172)|ENTERING_MANAGED_PKG|accHierarchy
19:15:13.0 (50951350)|ENTERING_MANAGED_PKG|accHierarchy
19:15:13.0 (50981275)|ENTERING_MANAGED_PKG|accHierarchy
19:15:13.0 (51097275)|ENTERING_MANAGED_PKG|accHierarchy
19:15:13.0 (51148698)|ENTERING_MANAGED_PKG|accHierarchy
19:15:13.0 (51168846)|ENTERING_MANAGED_PKG|accHierarchy
19:15:13.0 (51249013)|ENTERING_MANAGED_PKG|accHierarchy
19:15:13.0 (51271569)|ENTERING_MANAGED_PKG|accHierarchy
19:15:13.0 (51284334)|ENTERING_MANAGED_PKG|accHierarchy
19:15:13.0 (51295234)|ENTERING_MANAGED_PKG|accHierarchy
19:15:13.0 (51305849)|ENTERING_MANAGED_PKG|accHierarchy
19:15:13.0 (51316605)|ENTERING_MANAGED_PKG|accHierarchy
19:15:13.0 (51326974)|ENTERING_MANAGED_PKG|accHierarchy
19:15:13.0 (51459016)|ENTERING_MANAGED_PKG|accHierarchy
19:15:13.0 (51488382)|ENTERING_MANAGED_PKG|accHierarchy
19:15:13.0 (51520314)|ENTERING_MANAGED_PKG|accHierarchy
19:15:13.0 (51547628)|ENTERING_MANAGED_PKG|accHierarchy
19:15:13.0 (51567633)|ENTERING_MANAGED_PKG|accHierarchy
19:15:13.0 (51638921)|ENTERING_MANAGED_PKG|accHierarchy
19:15:13.0 (51678118)|ENTERING_MANAGED_PKG|accHierarchy
19:15:13.0 (51694849)|ENTERING_MANAGED_PKG|accHierarchy
19:15:13.0 (51764887)|ENTERING_MANAGED_PKG|accHierarchy
19:15:13.0 (51786131)|ENTERING_MANAGED_PKG|accHierarchy
19:15:13.0 (51798486)|ENTERING_MANAGED_PKG|accHierarchy
19:15:13.0 (51809187)|ENTERING_MANAGED_PKG|accHierarchy
19:15:13.0 (51819804)|ENTERING_MANAGED_PKG|accHierarchy
19:15:13.0 (51834585)|ENTERING_MANAGED_PKG|accHierarchy
19:15:13.0 (51853593)|ENTERING_MANAGED_PKG|accHierarchy
19:15:13.0 (51988048)|ENTERING_MANAGED_PKG|accHierarchy
19:15:13.0 (52011376)|ENTERING_MANAGED_PKG|accHierarchy
19:15:13.0 (52038761)|ENTERING_MANAGED_PKG|accHierarchy
19:15:13.0 (52061106)|ENTERING_MANAGED_PKG|accHierarchy
19:15:13.0 (52074355)|ENTERING_MANAGED_PKG|accHierarchy
19:15:13.0 (52141205)|ENTERING_MANAGED_PKG|accHierarchy
19:15:13.0 (52170651)|ENTERING_MANAGED_PKG|accHierarchy
19:15:13.0 (52184002)|ENTERING_MANAGED_PKG|accHierarchy
19:15:13.0 (52243035)|ENTERING_MANAGED_PKG|accHierarchy
19:15:13.0 (52263698)|ENTERING_MANAGED_PKG|accHierarchy
19:15:13.0 (52275809)|ENTERING_MANAGED_PKG|accHierarchy
19:15:13.0 (52289847)|ENTERING_MANAGED_PKG|accHierarchy
19:15:13.0 (52302275)|ENTERING_MANAGED_PKG|accHierarchy
19:15:13.0 (52312741)|ENTERING_MANAGED_PKG|accHierarchy
19:15:13.0 (52323143)|ENTERING_MANAGED_PKG|accHierarchy
19:15:13.0 (52459337)|ENTERING_MANAGED_PKG|accHierarchy
19:15:13.0 (52480057)|ENTERING_MANAGED_PKG|accHierarchy
19:15:13.0 (52495286)|ENTERING_MANAGED_PKG|accHierarchy
19:15:13.0 (52512551)|ENTERING_MANAGED_PKG|accHierarchy
19:15:13.0 (52525166)|ENTERING_MANAGED_PKG|accHierarchy
19:15:13.0 (52591235)|ENTERING_MANAGED_PKG|accHierarchy
19:15:13.0 (52619737)|ENTERING_MANAGED_PKG|accHierarchy
19:15:13.0 (52632748)|ENTERING_MANAGED_PKG|accHierarchy
19:15:13.0 (52692331)|ENTERING_MANAGED_PKG|accHierarchy
19:15:13.0 (52712617)|ENTERING_MANAGED_PKG|accHierarchy
19:15:13.0 (52724127)|ENTERING_MANAGED_PKG|accHierarchy
19:15:13.0 (52734685)|ENTERING_MANAGED_PKG|accHierarchy
19:15:13.0 (52745120)|ENTERING_MANAGED_PKG|accHierarchy
19:15:13.0 (52761696)|ENTERING_MANAGED_PKG|accHierarchy
19:15:13.0 (52772927)|ENTERING_MANAGED_PKG|accHierarchy
19:15:13.0 (52912142)|ENTERING_MANAGED_PKG|accHierarchy
19:15:13.0 (52941652)|ENTERING_MANAGED_PKG|accHierarchy
19:15:13.0 (52965276)|ENTERING_MANAGED_PKG|accHierarchy
19:15:13.0 (52997244)|ENTERING_MANAGED_PKG|accHierarchy
19:15:13.0 (53011345)|ENTERING_MANAGED_PKG|accHierarchy
19:15:13.0 (53088856)|ENTERING_MANAGED_PKG|accHierarchy
19:15:13.0 (53120518)|ENTERING_MANAGED_PKG|accHierarchy
19:15:13.0 (53133086)|ENTERING_MANAGED_PKG|accHierarchy
19:15:13.0 (53175575)|ENTERING_MANAGED_PKG|accHierarchy
19:15:13.0 (53199766)|ENTERING_MANAGED_PKG|accHierarchy
19:15:13.0 (53222062)|ENTERING_MANAGED_PKG|accHierarchy
19:15:13.0 (53276293)|ENTERING_MANAGED_PKG|accHierarchy
19:15:13.0 (53401935)|ENTERING_MANAGED_PKG|accHierarchy
19:15:13.0 (53420420)|ENTERING_MANAGED_PKG|accHierarchy
19:15:13.0 (53532905)|ENTERING_MANAGED_PKG|accHierarchy
19:15:13.0 (53551410)|ENTERING_MANAGED_PKG|accHierarchy
19:15:13.0 (53578510)|ENTERING_MANAGED_PKG|accHierarchy
19:15:13.0 (53591832)|ENTERING_MANAGED_PKG|accHierarchy
19:15:13.0 (53608814)|ENTERING_MANAGED_PKG|accHierarchy
