40.0 APEX_CODE,FINEST;APEX_PROFILING,INFO;CALLOUT,INFO;DB,INFO;SYSTEM,DEBUG;VALIDATION,INFO;VISUALFORCE,INFO;WAVE,INFO;WORKFLOW,INFO
18:54:27.0 (51579)|USER_INFO|[EXTERNAL]|00528000001JBjQ|ramu.veligeti@yahoo.co.in|Pacific Standard Time|GMT-07:00
18:54:27.0 (89976)|EXECUTION_STARTED
18:54:27.0 (94216)|CODE_UNIT_STARTED|[EXTERNAL]|Aura
18:54:27.0 (9445457)|HEAP_ALLOCATE|[72]|Bytes:3
18:54:27.0 (9491972)|HEAP_ALLOCATE|[77]|Bytes:152
18:54:27.0 (9526917)|HEAP_ALLOCATE|[342]|Bytes:408
18:54:27.0 (9552860)|HEAP_ALLOCATE|[355]|Bytes:408
18:54:27.0 (9572285)|HEAP_ALLOCATE|[467]|Bytes:48
18:54:27.0 (9604502)|HEAP_ALLOCATE|[139]|Bytes:6
18:54:27.0 (9626728)|HEAP_ALLOCATE|[EXTERNAL]|Bytes:18
18:54:27.0 (9639321)|HEAP_ALLOCATE|[EXTERNAL]|Bytes:4
18:54:27.0 (9951830)|HEAP_ALLOCATE|[EXTERNAL]|Bytes:12
18:54:27.0 (9962979)|HEAP_ALLOCATE|[EXTERNAL]|Bytes:12
18:54:27.0 (11000338)|CODE_UNIT_STARTED|[EXTERNAL]|01p2800000FELrp|RecentlyViewedRecords.queryCompactLayout
18:54:27.0 (11050073)|VARIABLE_SCOPE_BEGIN|[2]|RecentlyViewedRecords.FIELDSET_NAME|String|false|true
18:54:27.0 (11060601)|VARIABLE_SCOPE_BEGIN|[3]|RecentlyViewedRecords.private_apiFieldNames|Map<String,Set<String>>|true|true
18:54:27.0 (11068244)|VARIABLE_SCOPE_BEGIN|[5]|RecentlyViewedRecords.rvi|Recently_Viewed__c|true|true
18:54:27.0 (11076278)|VARIABLE_SCOPE_BEGIN|[4]|RecentlyViewedRecords.schemaMap|Map<String,Schema.SObjectType>|true|true
18:54:27.0 (11115355)|HEAP_ALLOCATE|[EXTERNAL]|Bytes:35
18:54:27.0 (11123023)|HEAP_ALLOCATE|[EXTERNAL]|Bytes:20
18:54:27.0 (11127469)|HEAP_ALLOCATE|[EXTERNAL]|Bytes:38
18:54:27.0 (11231469)|METHOD_ENTRY|[1]|01p2800000FELrp|RecentlyViewedRecords.RecentlyViewedRecords()
18:54:27.0 (11238502)|STATEMENT_EXECUTE|[1]
18:54:27.0 (11243321)|STATEMENT_EXECUTE|[1]
18:54:27.0 (11244501)|STATEMENT_EXECUTE|[2]
18:54:27.0 (11247815)|HEAP_ALLOCATE|[2]|Bytes:19
18:54:27.0 (11270431)|VARIABLE_ASSIGNMENT|[2]|RecentlyViewedRecords.FIELDSET_NAME|"RecentlyViewedHover"
18:54:27.0 (11275407)|STATEMENT_EXECUTE|[3]
18:54:27.0 (11280795)|HEAP_ALLOCATE|[3]|Bytes:4
18:54:27.0 (11307160)|VARIABLE_ASSIGNMENT|[3]|RecentlyViewedRecords.private_apiFieldNames|{}|0x7260ee14
18:54:27.0 (11313095)|STATEMENT_EXECUTE|[4]
18:54:27.0 (11343382)|HEAP_ALLOCATE|[50]|Bytes:5
18:54:27.0 (11360063)|HEAP_ALLOCATE|[56]|Bytes:5
18:54:27.0 (11367095)|HEAP_ALLOCATE|[64]|Bytes:7
18:54:27.0 (25820359)|HEAP_ALLOCATE|[4]|Bytes:1456
18:54:27.0 (26093380)|VARIABLE_ASSIGNMENT|[4]|RecentlyViewedRecords.schemaMap|"{acceptedeventrelation=AcceptedEventRelation, acchierarchy__account_hierarchy__mdt=accHierarchy__Account_Hierarchy__mdt, acchierarchy__account_hierarchy_setup__c=accHierarchy__Account_Hierarchy_Setup__c, account=Account, accountcleaninfo=AccountCleanInfo, accountcontactrole=AccountContactRole, accountfeed=AccountFeed, accounthistory=AccountHistory, accountpartner=AccountPartner, accountshare=AccountShare, ...}"|0x60287732
18:54:27.0 (26111042)|STATEMENT_EXECUTE|[5]
18:54:27.0 (27484909)|HEAP_ALLOCATE|[5]|Bytes:20
18:54:27.0 (27528105)|VARIABLE_ASSIGNMENT|[5]|RecentlyViewedRecords.rvi|{"IsDeleted":false,"Name":"a0d28000002ZKNz","SetupOwnerId":"00528000001JBjQAAW","Records_to_Display__ (1 more) ...":"20"}|0x22ad19b3
18:54:27.0 (27536796)|STATEMENT_EXECUTE|[147]
18:54:27.0 (27538243)|STATEMENT_EXECUTE|[167]
18:54:27.0 (27547252)|METHOD_EXIT|[1]|RecentlyViewedRecords
18:54:27.0 (27556059)|HEAP_ALLOCATE|[EXTERNAL]|Bytes:4
18:54:27.0 (27562262)|HEAP_ALLOCATE|[EXTERNAL]|Bytes:12
18:54:27.0 (27571090)|SYSTEM_MODE_ENTER|false
18:54:27.0 (27584467)|VARIABLE_SCOPE_BEGIN|[33]|rvId|Id|false|false
18:54:27.0 (27678171)|VARIABLE_ASSIGNMENT|[33]|rvId|"a0f28000008b0AbAAI"
18:54:27.0 (27689258)|VARIABLE_SCOPE_BEGIN|[33]|objName|String|false|false
18:54:27.0 (27702565)|VARIABLE_ASSIGNMENT|[33]|objName|"Scheduler__c"
18:54:27.0 (27715618)|STATEMENT_EXECUTE|[33]
18:54:27.0 (27717419)|STATEMENT_EXECUTE|[34]
18:54:27.0 (27727751)|HEAP_ALLOCATE|[34]|Bytes:4
18:54:27.0 (27746142)|VARIABLE_SCOPE_BEGIN|[34]|objMap|Map<String,String>|true|false
18:54:27.0 (27768715)|VARIABLE_ASSIGNMENT|[34]|objMap|{}|0x574843bc
18:54:27.0 (27777733)|STATEMENT_EXECUTE|[35]
18:54:27.0 (27908993)|HEAP_ALLOCATE|[35]|Bytes:4
18:54:27.0 (27989367)|VARIABLE_SCOPE_BEGIN|[35]|owList|List<RecentlyViewedRecords.objectWrapper>|true|false
18:54:27.0 (28023900)|HEAP_ALLOCATE|[EXTERNAL]|Bytes:4
18:54:27.0 (28040583)|VARIABLE_ASSIGNMENT|[35]|owList|[]|0x747a2f80
18:54:27.0 (28050017)|STATEMENT_EXECUTE|[36]
18:54:27.0 (36021545)|HEAP_ALLOCATE|[36]|Bytes:1628
18:54:27.0 (36043713)|VARIABLE_SCOPE_BEGIN|[36]|globalDescribeMap|Map<String,Schema.SObjectType>|true|false
18:54:27.0 (36255305)|VARIABLE_ASSIGNMENT|[36]|globalDescribeMap|"{acceptedeventrelation=AcceptedEventRelation, acchierarchy__account_hierarchy__mdt=accHierarchy__Account_Hierarchy__mdt, acchierarchy__account_hierarchy_setup__c=accHierarchy__Account_Hierarchy_Setup__c, account=Account, accountcleaninfo=AccountCleanInfo, accountcontactrole=AccountContactRole, accountfeed=AccountFeed, accounthistory=AccountHistory, accountpartner=AccountPartner, accountshare=AccountShare, ...}"|0x2cb50577
18:54:27.0 (36270955)|STATEMENT_EXECUTE|[37]
18:54:27.0 (36346385)|VARIABLE_SCOPE_BEGIN|[37]|SObjectTypeObj|Schema.SObjectType|true|false
18:54:27.0 (36424103)|VARIABLE_ASSIGNMENT|[37]|SObjectTypeObj|"common.apex.runtime.impl.ApexSObjectTypeToken@669ff1d3"|0x669ff1d3
18:54:27.0 (36435645)|STATEMENT_EXECUTE|[38]
18:54:27.0 (36647313)|HEAP_ALLOCATE|[38]|Bytes:4
18:54:27.0 (36673509)|VARIABLE_SCOPE_BEGIN|[38]|describeSObjectResultObj|Schema.DescribeSObjectResult|true|false
18:54:27.0 (36738834)|VARIABLE_ASSIGNMENT|[38]|describeSObjectResultObj|"common.api.soap.wsdl.DescribeSObjectResult@315dff72"|0x526605ce
18:54:27.0 (36746616)|STATEMENT_EXECUTE|[39]
18:54:27.0 (36751882)|HEAP_ALLOCATE|[39]|Bytes:15
18:54:27.0 (36761413)|HEAP_ALLOCATE|[39]|Bytes:2
18:54:27.0 (36875771)|HEAP_ALLOCATE|[39]|Bytes:378
18:54:27.0 (36901030)|HEAP_ALLOCATE|[39]|Bytes:414
18:54:27.0 (36922735)|USER_DEBUG|[39]|DEBUG|FIELDSET_NAME==RecentlyViewedHover==Schema.DescribeSObjectResult[getHasSubtypes=false;getKeyPrefix=a0f;getLabel=Scheduler;getLabelPlural=Scheduler;getName=Scheduler__c;isAccessible=true;isCreateable=true;isCustom=true;isCustomSetting=false;isDeletable=true;isDeprecatedAndHidden=false;isFeedEnabled=false;isMergeable=false;isMruEnabled=true;isQueryable=true;isSearchable=true;isUndeletable=true;isUpdateable=true;]
18:54:27.0 (36935134)|STATEMENT_EXECUTE|[40]
18:54:27.0 (38371896)|HEAP_ALLOCATE|[40]|Bytes:4
18:54:27.0 (38439007)|VARIABLE_SCOPE_BEGIN|[40]|fieldSetObj|Schema.FieldSet|true|false
18:54:27.0 (38455729)|VARIABLE_ASSIGNMENT|[40]|fieldSetObj|null|
18:54:27.0 (38463259)|STATEMENT_EXECUTE|[41]
18:54:27.0 (38468145)|HEAP_ALLOCATE|[41]|Bytes:13
18:54:27.0 (38540944)|HEAP_ALLOCATE|[41]|Bytes:17
18:54:27.0 (38556227)|USER_DEBUG|[41]|DEBUG|fieldSetObj==null
18:54:27.0 (38565525)|STATEMENT_EXECUTE|[42]
18:54:27.0 (38575230)|HEAP_ALLOCATE|[42]|Bytes:4
18:54:27.0 (38604416)|VARIABLE_SCOPE_BEGIN|[42]|fieldApis|List<String>|true|false
18:54:27.0 (38635679)|HEAP_ALLOCATE|[EXTERNAL]|Bytes:4
18:54:27.0 (38649123)|VARIABLE_ASSIGNMENT|[42]|fieldApis|[]|0x774fec9a
18:54:27.0 (38657374)|STATEMENT_EXECUTE|[43]
18:54:27.0 (38667475)|HEAP_ALLOCATE|[43]|Bytes:4
18:54:27.0 (38698087)|VARIABLE_SCOPE_BEGIN|[43]|refFieldToIgnore|Set<String>|true|false
18:54:27.0 (38728544)|VARIABLE_ASSIGNMENT|[43]|refFieldToIgnore|[]|0x15e5dfc8
18:54:27.0 (38736206)|STATEMENT_EXECUTE|[44]
18:54:27.0 (38742375)|HEAP_ALLOCATE|[44]|Bytes:4
18:54:27.0 (38751340)|VARIABLE_SCOPE_BEGIN|[44]|refMap|Map<String,String>|true|false
18:54:27.0 (38772804)|VARIABLE_ASSIGNMENT|[44]|refMap|{}|0x2d0a3deb
18:54:27.0 (38780126)|STATEMENT_EXECUTE|[45]
18:54:27.0 (38783962)|VARIABLE_SCOPE_BEGIN|[45]|query|String|false|false
18:54:27.0 (38797153)|VARIABLE_ASSIGNMENT|[45]|query|null
18:54:27.0 (38803883)|STATEMENT_EXECUTE|[66]
18:54:27.0 (38807892)|HEAP_ALLOCATE|[67]|Bytes:4
18:54:27.0 (38861270)|STATEMENT_EXECUTE|[67]
18:54:27.0 (38864152)|STATEMENT_EXECUTE|[68]
18:54:27.0 (38867703)|HEAP_ALLOCATE|[68]|Bytes:4
18:54:27.0 (38901555)|HEAP_ALLOCATE|[EXTERNAL]|Bytes:4
18:54:27.0 (38912171)|STATEMENT_EXECUTE|[69]
18:54:27.0 (38916107)|HEAP_ALLOCATE|[69]|Bytes:20
18:54:27.0 (38922203)|HEAP_ALLOCATE|[69]|Bytes:13
18:54:27.0 (38951843)|HEAP_ALLOCATE|[69]|Bytes:18
18:54:27.0 (38965375)|HEAP_ALLOCATE|[69]|Bytes:1
18:54:27.0 (38981397)|HEAP_ALLOCATE|[69]|Bytes:64
18:54:27.0 (39004593)|VARIABLE_ASSIGNMENT|[69]|query|"Select Id,Name from  (44 more) ..."
18:54:27.0 (39013273)|STATEMENT_EXECUTE|[85]
18:54:27.0 (39016569)|HEAP_ALLOCATE|[85]|Bytes:7
18:54:27.0 (39025570)|HEAP_ALLOCATE|[85]|Bytes:71
18:54:27.0 (39050894)|USER_DEBUG|[85]|DEBUG|query==Select Id,Name from Scheduler__c where Id = 'a0f28000008b0AbAAI'
18:54:27.0 (39062885)|STATEMENT_EXECUTE|[86]
18:54:27.0 (39471259)|SOQL_EXECUTE_BEGIN|[86]|Aggregations:0|Select Id,Name from Scheduler__c where Id = 'a0f28000008b0AbAAI'
18:54:27.0 (41552784)|SOQL_EXECUTE_END|[86]|Rows:1
18:54:27.0 (41580343)|HEAP_ALLOCATE|[86]|Bytes:8
18:54:27.0 (41597581)|HEAP_ALLOCATE|[86]|Bytes:47
18:54:27.0 (41653097)|HEAP_ALLOCATE|[86]|Bytes:8
18:54:27.0 (41669207)|HEAP_ALLOCATE|[86]|Bytes:33
18:54:27.0 (41723030)|HEAP_ALLOCATE|[86]|Bytes:12
18:54:27.0 (41730857)|VARIABLE_SCOPE_BEGIN|[86]|so|SObject|true|false
18:54:27.0 (41751541)|VARIABLE_ASSIGNMENT|[86]|so|{"Id":"a0f28000008b0AbAAI","Name":"SCH-000002"}|0x671565e9
18:54:27.0 (41759156)|STATEMENT_EXECUTE|[87]
18:54:27.0 (41762218)|HEAP_ALLOCATE|[87]|Bytes:4
18:54:27.0 (41819628)|HEAP_ALLOCATE|[87]|Bytes:53
18:54:27.0 (41835075)|HEAP_ALLOCATE|[87]|Bytes:57
18:54:27.0 (41854526)|USER_DEBUG|[87]|DEBUG|so==Scheduler__c:{Id=a0f28000008b0AbAAI, Name=SCH-000002}
18:54:27.0 (41943798)|HEAP_ALLOCATE|[88]|Bytes:5
18:54:27.0 (41957737)|HEAP_ALLOCATE|[88]|Bytes:4
18:54:27.0 (41965364)|VARIABLE_SCOPE_BEGIN|[88]|st|String|false|false
18:54:27.0 (41975426)|VARIABLE_ASSIGNMENT|[88]|st|"name"
18:54:27.0 (41984700)|STATEMENT_EXECUTE|[88]
18:54:27.0 (42013479)|STATEMENT_EXECUTE|[89]
18:54:27.0 (42015960)|STATEMENT_EXECUTE|[90]
18:54:27.0 (42036112)|METHOD_ENTRY|[90]|01p2800000FELrp|RecentlyViewedRecords.findFieldInfo(String, String)
18:54:27.0 (42052883)|VARIABLE_SCOPE_BEGIN|[136]|objName|String|false|false
18:54:27.0 (42061099)|VARIABLE_ASSIGNMENT|[136]|objName|"Scheduler__c"
18:54:27.0 (42064894)|VARIABLE_SCOPE_BEGIN|[136]|fieldApi|String|false|false
18:54:27.0 (42071332)|VARIABLE_ASSIGNMENT|[136]|fieldApi|"name"
18:54:27.0 (42078334)|STATEMENT_EXECUTE|[136]
18:54:27.0 (42079598)|STATEMENT_EXECUTE|[137]
18:54:27.0 (42109345)|VARIABLE_SCOPE_BEGIN|[137]|leadSchema|Schema.SObjectType|true|false
18:54:27.0 (42172674)|VARIABLE_ASSIGNMENT|[137]|leadSchema|"common.apex.runtime.impl.ApexSObjectTypeToken@669ff1d3"|0x669ff1d3
18:54:27.0 (42179750)|STATEMENT_EXECUTE|[138]
18:54:27.0 (42212708)|HEAP_ALLOCATE|[138]|Bytes:4
18:54:27.0 (42442277)|HEAP_ALLOCATE|[138]|Bytes:64
18:54:27.0 (42461297)|METHOD_EXIT|[90]|01p2800000FELrp|RecentlyViewedRecords.findFieldInfo(String, String)
18:54:27.0 (42472739)|VARIABLE_SCOPE_BEGIN|[90]|fieldMap|Map<String,Schema.SObjectField>|true|false
18:54:27.0 (42597617)|VARIABLE_ASSIGNMENT|[90]|fieldMap|"{createdbyid=CreatedById, createddate=CreatedDate, filter_wrapper_json__c=Filter_Wrapper_JSON__c, id=Id, isdeleted=IsDeleted, lastmodifiedbyid=LastModifiedById, lastmodifieddate=LastModifiedDate, lastreferenceddate=LastReferencedDate, lastvieweddate=LastViewedDate, name=Name, ...}"|0x77562f27
18:54:27.0 (42609809)|STATEMENT_EXECUTE|[91]
18:54:27.0 (42625780)|HEAP_ALLOCATE|[91]|Bytes:180
18:54:27.0 (42633299)|HEAP_ALLOCATE|[91]|Bytes:23
18:54:27.0 (42640967)|HEAP_ALLOCATE|[91]|Bytes:28
18:54:27.0 (42653868)|CONSTRUCTOR_ENTRY|[91]|01p2800000FELrp|<init>()
18:54:27.0 (42672173)|VARIABLE_SCOPE_BEGIN|[167]|this|RecentlyViewedRecords.objectWrapper|true|false
18:54:27.0 (42703488)|VARIABLE_ASSIGNMENT|[167]|this|{}|0x3508d3d9
18:54:27.0 (42714973)|HEAP_ALLOCATE|[EXTERNAL]|Bytes:6
18:54:27.0 (42746651)|STATEMENT_EXECUTE|[167]
18:54:27.0 (42748933)|STATEMENT_EXECUTE|[169]
18:54:27.0 (42750405)|STATEMENT_EXECUTE|[171]
18:54:27.0 (42751578)|STATEMENT_EXECUTE|[173]
18:54:27.0 (42752932)|STATEMENT_EXECUTE|[175]
18:54:27.0 (42754162)|STATEMENT_EXECUTE|[177]
18:54:27.0 (42755691)|STATEMENT_EXECUTE|[179]
18:54:27.0 (42760293)|CONSTRUCTOR_EXIT|[91]|01p2800000FELrp|<init>()
18:54:27.0 (42769944)|VARIABLE_SCOPE_BEGIN|[91]|ow|RecentlyViewedRecords.objectWrapper|true|false
18:54:27.0 (42804013)|VARIABLE_ASSIGNMENT|[91]|ow|{}|0x3508d3d9
18:54:27.0 (42811628)|STATEMENT_EXECUTE|[92]
18:54:27.0 (43137548)|HEAP_ALLOCATE|[92]|Bytes:8
18:54:27.0 (43169241)|HEAP_ALLOCATE|[92]|Bytes:14
18:54:27.0 (43211445)|VARIABLE_ASSIGNMENT|[EXTERNAL]|this|{}|0x3508d3d9
18:54:27.0 (43227659)|VARIABLE_ASSIGNMENT|[EXTERNAL]|value|"Scheduler Name"
18:54:27.0 (43243467)|VARIABLE_ASSIGNMENT|[169]|this.label|"Scheduler Name"|0x3508d3d9
18:54:27.0 (43258695)|STATEMENT_EXECUTE|[93]
18:54:27.0 (43332312)|HEAP_ALLOCATE|[93]|Bytes:10
18:54:27.0 (43364839)|HEAP_ALLOCATE|[93]|Bytes:10
18:54:27.0 (43412934)|VARIABLE_ASSIGNMENT|[EXTERNAL]|this|{"label":"Scheduler Name"}|0x3508d3d9
18:54:27.0 (43426185)|VARIABLE_ASSIGNMENT|[EXTERNAL]|value|"SCH-000002"
18:54:27.0 (43439180)|VARIABLE_ASSIGNMENT|[171]|this.value|"SCH-000002"|0x3508d3d9
18:54:27.0 (43453746)|STATEMENT_EXECUTE|[94]
18:54:27.0 (43529808)|VARIABLE_ASSIGNMENT|[EXTERNAL]|this|{"label":"Scheduler Name","value":"SCH-000002"}|0x3508d3d9
18:54:27.0 (43544511)|VARIABLE_ASSIGNMENT|[EXTERNAL]|value|null
18:54:27.0 (43556291)|VARIABLE_ASSIGNMENT|[173]|this.refName|null|0x3508d3d9
18:54:27.0 (43569987)|STATEMENT_EXECUTE|[95]
18:54:27.0 (43607091)|VARIABLE_ASSIGNMENT|[EXTERNAL]|this|{"label":"Scheduler Name","value":"SCH-000002"}|0x3508d3d9
18:54:27.0 (43619607)|VARIABLE_ASSIGNMENT|[EXTERNAL]|value|"name"
18:54:27.0 (43631760)|VARIABLE_ASSIGNMENT|[175]|this.api|"name"|0x3508d3d9
18:54:27.0 (43645366)|STATEMENT_EXECUTE|[96]
18:54:27.0 (43721047)|HEAP_ALLOCATE|[96]|Bytes:8
18:54:27.0 (44808194)|HEAP_ALLOCATE|[96]|Bytes:12
18:54:27.0 (44848158)|HEAP_ALLOCATE|[96]|Bytes:6
18:54:27.0 (44900019)|VARIABLE_ASSIGNMENT|[EXTERNAL]|this|{"api":"name","label":"Scheduler Name","value":"SCH-000002"}|0x3508d3d9
18:54:27.0 (44914314)|VARIABLE_ASSIGNMENT|[EXTERNAL]|value|"STRING"
18:54:27.0 (44929140)|VARIABLE_ASSIGNMENT|[177]|this.type|"STRING"|0x3508d3d9
18:54:27.0 (44944067)|STATEMENT_EXECUTE|[98]
18:54:27.0 (44948947)|HEAP_ALLOCATE|[98]|Bytes:4
18:54:27.0 (45030244)|HEAP_ALLOCATE|[98]|Bytes:105
18:54:27.0 (45056674)|HEAP_ALLOCATE|[98]|Bytes:109
18:54:27.0 (45073852)|USER_DEBUG|[98]|DEBUG|ow==objectWrapper:[api=name, iconUrl=null, label=Scheduler Name, refName=null, type=STRING, value=SCH-000002]
18:54:27.0 (45086517)|STATEMENT_EXECUTE|[99]
18:54:27.0 (45122400)|HEAP_ALLOCATE|[EXTERNAL]|Bytes:4
18:54:27.0 (45147117)|HEAP_ALLOCATE|[88]|Bytes:5
18:54:27.0 (45164266)|VARIABLE_ASSIGNMENT|[88]|st|null
18:54:27.0 (45172330)|STATEMENT_EXECUTE|[102]
18:54:27.0 (45181513)|SYSTEM_MODE_EXIT|false
18:54:27.45 (45208218)|CUMULATIVE_LIMIT_USAGE
18:54:27.45 (45208218)|LIMIT_USAGE_FOR_NS|(default)|
  Number of SOQL queries: 1 out of 100
  Number of query rows: 1 out of 50000
  Number of SOSL queries: 0 out of 20
  Number of DML statements: 0 out of 150
  Number of DML rows: 0 out of 10000
  Maximum CPU time: 0 out of 10000
  Maximum heap size: 0 out of 6000000
  Number of callouts: 0 out of 100
  Number of Email Invocations: 0 out of 10
  Number of future calls: 0 out of 50
  Number of queueable jobs added to the queue: 0 out of 50
  Number of Mobile Apex push calls: 0 out of 10

18:54:27.45 (45208218)|CUMULATIVE_LIMIT_USAGE_END

18:54:27.0 (45249170)|CODE_UNIT_FINISHED|RecentlyViewedRecords.queryCompactLayout
18:54:27.0 (46500919)|CODE_UNIT_STARTED|[EXTERNAL]|Aura
18:54:27.0 (46550073)|CODE_UNIT_FINISHED|Aura
18:54:27.0 (46581219)|CODE_UNIT_FINISHED|Aura
18:54:27.0 (47329864)|EXECUTION_FINISHED
