40.0 APEX_CODE,FINEST;APEX_PROFILING,INFO;CALLOUT,INFO;DB,INFO;SYSTEM,DEBUG;VALIDATION,INFO;VISUALFORCE,INFO;WAVE,INFO;WORKFLOW,INFO
19:09:07.0 (76538)|USER_INFO|[EXTERNAL]|00528000001JBjQ|ramu.veligeti@yahoo.co.in|Pacific Standard Time|GMT-07:00
19:09:07.0 (127193)|EXECUTION_STARTED
19:09:07.0 (132063)|CODE_UNIT_STARTED|[EXTERNAL]|Aura
19:09:07.0 (13921556)|HEAP_ALLOCATE|[72]|Bytes:3
19:09:07.0 (13955245)|HEAP_ALLOCATE|[77]|Bytes:152
19:09:07.0 (13969070)|HEAP_ALLOCATE|[342]|Bytes:408
19:09:07.0 (13983468)|HEAP_ALLOCATE|[355]|Bytes:408
19:09:07.0 (13996452)|HEAP_ALLOCATE|[467]|Bytes:48
19:09:07.0 (14018562)|HEAP_ALLOCATE|[139]|Bytes:6
19:09:07.0 (14031492)|HEAP_ALLOCATE|[EXTERNAL]|Bytes:18
19:09:07.0 (14039380)|HEAP_ALLOCATE|[EXTERNAL]|Bytes:4
19:09:07.0 (14232970)|HEAP_ALLOCATE|[EXTERNAL]|Bytes:12
19:09:07.0 (14239971)|HEAP_ALLOCATE|[EXTERNAL]|Bytes:12
19:09:07.0 (15158204)|CODE_UNIT_STARTED|[EXTERNAL]|01p2800000FELrp|RecentlyViewedRecords.queryCompactLayout
19:09:07.0 (15224212)|VARIABLE_SCOPE_BEGIN|[2]|RecentlyViewedRecords.FIELDSET_NAME|String|false|true
19:09:07.0 (15239376)|VARIABLE_SCOPE_BEGIN|[3]|RecentlyViewedRecords.private_apiFieldNames|Map<String,Set<String>>|true|true
19:09:07.0 (15251697)|VARIABLE_SCOPE_BEGIN|[5]|RecentlyViewedRecords.rvi|Recently_Viewed__c|true|true
19:09:07.0 (15263485)|VARIABLE_SCOPE_BEGIN|[4]|RecentlyViewedRecords.schemaMap|Map<String,Schema.SObjectType>|true|true
19:09:07.0 (15327652)|HEAP_ALLOCATE|[EXTERNAL]|Bytes:35
19:09:07.0 (15338787)|HEAP_ALLOCATE|[EXTERNAL]|Bytes:20
19:09:07.0 (15344597)|HEAP_ALLOCATE|[EXTERNAL]|Bytes:38
19:09:07.0 (15415932)|METHOD_ENTRY|[1]|01p2800000FELrp|RecentlyViewedRecords.RecentlyViewedRecords()
19:09:07.0 (15424132)|STATEMENT_EXECUTE|[1]
19:09:07.0 (15429951)|STATEMENT_EXECUTE|[1]
19:09:07.0 (15431627)|STATEMENT_EXECUTE|[2]
19:09:07.0 (15435682)|HEAP_ALLOCATE|[2]|Bytes:19
19:09:07.0 (15459633)|VARIABLE_ASSIGNMENT|[2]|RecentlyViewedRecords.FIELDSET_NAME|"RecentlyViewedHover"
19:09:07.0 (15464609)|STATEMENT_EXECUTE|[3]
19:09:07.0 (15479203)|HEAP_ALLOCATE|[3]|Bytes:4
19:09:07.0 (15503708)|VARIABLE_ASSIGNMENT|[3]|RecentlyViewedRecords.private_apiFieldNames|{}|0x718b3f9d
19:09:07.0 (15510006)|STATEMENT_EXECUTE|[4]
19:09:07.0 (15539887)|HEAP_ALLOCATE|[50]|Bytes:5
19:09:07.0 (15558773)|HEAP_ALLOCATE|[56]|Bytes:5
19:09:07.0 (15565828)|HEAP_ALLOCATE|[64]|Bytes:7
19:09:07.0 (32212055)|HEAP_ALLOCATE|[4]|Bytes:1456
19:09:07.0 (32567922)|VARIABLE_ASSIGNMENT|[4]|RecentlyViewedRecords.schemaMap|"{acceptedeventrelation=AcceptedEventRelation, acchierarchy__account_hierarchy__mdt=accHierarchy__Account_Hierarchy__mdt, acchierarchy__account_hierarchy_setup__c=accHierarchy__Account_Hierarchy_Setup__c, account=Account, accountcleaninfo=AccountCleanInfo, accountcontactrole=AccountContactRole, accountfeed=AccountFeed, accounthistory=AccountHistory, accountpartner=AccountPartner, accountshare=AccountShare, ...}"|0x64817162
19:09:07.0 (32592706)|STATEMENT_EXECUTE|[5]
19:09:07.0 (33921811)|HEAP_ALLOCATE|[5]|Bytes:20
19:09:07.0 (33982469)|VARIABLE_ASSIGNMENT|[5]|RecentlyViewedRecords.rvi|{"IsDeleted":false,"Name":"a0d28000002ZKNz","SetupOwnerId":"00528000001JBjQAAW","Records_to_Display__ (1 more) ...":"20"}|0x670d98ce
19:09:07.0 (34003984)|STATEMENT_EXECUTE|[147]
19:09:07.0 (34007190)|STATEMENT_EXECUTE|[167]
19:09:07.0 (34018135)|METHOD_EXIT|[1]|RecentlyViewedRecords
19:09:07.0 (34029526)|HEAP_ALLOCATE|[EXTERNAL]|Bytes:4
19:09:07.0 (34034521)|HEAP_ALLOCATE|[EXTERNAL]|Bytes:12
19:09:07.0 (34044586)|SYSTEM_MODE_ENTER|false
19:09:07.0 (34058113)|VARIABLE_SCOPE_BEGIN|[33]|rvId|Id|false|false
19:09:07.0 (34159565)|VARIABLE_ASSIGNMENT|[33]|rvId|"a0f28000008b0NDAAY"
19:09:07.0 (34170741)|VARIABLE_SCOPE_BEGIN|[33]|objName|String|false|false
19:09:07.0 (34183295)|VARIABLE_ASSIGNMENT|[33]|objName|"Scheduler__c"
19:09:07.0 (34196627)|STATEMENT_EXECUTE|[33]
19:09:07.0 (34198404)|STATEMENT_EXECUTE|[34]
19:09:07.0 (34207955)|HEAP_ALLOCATE|[34]|Bytes:4
19:09:07.0 (34226211)|VARIABLE_SCOPE_BEGIN|[34]|objMap|Map<String,String>|true|false
19:09:07.0 (34251604)|VARIABLE_ASSIGNMENT|[34]|objMap|{}|0x4fd23465
19:09:07.0 (34260740)|STATEMENT_EXECUTE|[35]
19:09:07.0 (34438506)|HEAP_ALLOCATE|[35]|Bytes:4
19:09:07.0 (34525053)|VARIABLE_SCOPE_BEGIN|[35]|owList|List<RecentlyViewedRecords.objectWrapper>|true|false
19:09:07.0 (34549739)|HEAP_ALLOCATE|[EXTERNAL]|Bytes:4
19:09:07.0 (34563114)|VARIABLE_ASSIGNMENT|[35]|owList|[]|0x20b7469c
19:09:07.0 (34572987)|STATEMENT_EXECUTE|[36]
19:09:07.0 (45120627)|HEAP_ALLOCATE|[36]|Bytes:1628
19:09:07.0 (45153930)|VARIABLE_SCOPE_BEGIN|[36]|globalDescribeMap|Map<String,Schema.SObjectType>|true|false
19:09:07.0 (45413993)|VARIABLE_ASSIGNMENT|[36]|globalDescribeMap|"{acceptedeventrelation=AcceptedEventRelation, acchierarchy__account_hierarchy__mdt=accHierarchy__Account_Hierarchy__mdt, acchierarchy__account_hierarchy_setup__c=accHierarchy__Account_Hierarchy_Setup__c, account=Account, accountcleaninfo=AccountCleanInfo, accountcontactrole=AccountContactRole, accountfeed=AccountFeed, accounthistory=AccountHistory, accountpartner=AccountPartner, accountshare=AccountShare, ...}"|0x616a2b52
19:09:07.0 (45430405)|STATEMENT_EXECUTE|[37]
19:09:07.0 (45525875)|VARIABLE_SCOPE_BEGIN|[37]|SObjectTypeObj|Schema.SObjectType|true|false
19:09:07.0 (45608220)|VARIABLE_ASSIGNMENT|[37]|SObjectTypeObj|"common.apex.runtime.impl.ApexSObjectTypeToken@6aaa0459"|0x6aaa0459
19:09:07.0 (45620887)|STATEMENT_EXECUTE|[38]
19:09:07.0 (45827570)|HEAP_ALLOCATE|[38]|Bytes:4
19:09:07.0 (45863802)|VARIABLE_SCOPE_BEGIN|[38]|describeSObjectResultObj|Schema.DescribeSObjectResult|true|false
19:09:07.0 (45944594)|VARIABLE_ASSIGNMENT|[38]|describeSObjectResultObj|"common.api.soap.wsdl.DescribeSObjectResult@315dff72"|0x1e1cc9f5
19:09:07.0 (45954598)|STATEMENT_EXECUTE|[39]
19:09:07.0 (45959585)|HEAP_ALLOCATE|[39]|Bytes:15
19:09:07.0 (45969415)|HEAP_ALLOCATE|[39]|Bytes:2
19:09:07.0 (46115274)|HEAP_ALLOCATE|[39]|Bytes:378
19:09:07.0 (46150394)|HEAP_ALLOCATE|[39]|Bytes:414
19:09:07.0 (46177622)|USER_DEBUG|[39]|DEBUG|FIELDSET_NAME==RecentlyViewedHover==Schema.DescribeSObjectResult[getHasSubtypes=false;getKeyPrefix=a0f;getLabel=Scheduler;getLabelPlural=Scheduler;getName=Scheduler__c;isAccessible=true;isCreateable=true;isCustom=true;isCustomSetting=false;isDeletable=true;isDeprecatedAndHidden=false;isFeedEnabled=false;isMergeable=false;isMruEnabled=true;isQueryable=true;isSearchable=true;isUndeletable=true;isUpdateable=true;]
19:09:07.0 (46198634)|STATEMENT_EXECUTE|[40]
19:09:07.0 (47515304)|HEAP_ALLOCATE|[40]|Bytes:4
19:09:07.0 (47587206)|VARIABLE_SCOPE_BEGIN|[40]|fieldSetObj|Schema.FieldSet|true|false
19:09:07.0 (47601666)|VARIABLE_ASSIGNMENT|[40]|fieldSetObj|null|
19:09:07.0 (47607354)|STATEMENT_EXECUTE|[41]
19:09:07.0 (47611560)|HEAP_ALLOCATE|[41]|Bytes:13
19:09:07.0 (47666933)|HEAP_ALLOCATE|[41]|Bytes:17
19:09:07.0 (47679354)|USER_DEBUG|[41]|DEBUG|fieldSetObj==null
19:09:07.0 (47686326)|STATEMENT_EXECUTE|[42]
19:09:07.0 (47694359)|HEAP_ALLOCATE|[42]|Bytes:4
19:09:07.0 (47721744)|VARIABLE_SCOPE_BEGIN|[42]|fieldApis|List<String>|true|false
19:09:07.0 (47747902)|HEAP_ALLOCATE|[EXTERNAL]|Bytes:4
19:09:07.0 (47764064)|VARIABLE_ASSIGNMENT|[42]|fieldApis|[]|0x77f97a8d
19:09:07.0 (47773861)|STATEMENT_EXECUTE|[43]
19:09:07.0 (47783989)|HEAP_ALLOCATE|[43]|Bytes:4
19:09:07.0 (47809322)|VARIABLE_SCOPE_BEGIN|[43]|refFieldToIgnore|Set<String>|true|false
19:09:07.0 (47833631)|VARIABLE_ASSIGNMENT|[43]|refFieldToIgnore|[]|0xf5256e6
19:09:07.0 (47843311)|STATEMENT_EXECUTE|[44]
19:09:07.0 (47848757)|HEAP_ALLOCATE|[44]|Bytes:4
19:09:07.0 (47859261)|VARIABLE_SCOPE_BEGIN|[44]|refMap|Map<String,String>|true|false
19:09:07.0 (47878866)|VARIABLE_ASSIGNMENT|[44]|refMap|{}|0x5fd91a39
19:09:07.0 (47884196)|STATEMENT_EXECUTE|[45]
19:09:07.0 (47886810)|VARIABLE_SCOPE_BEGIN|[45]|query|String|false|false
19:09:07.0 (47895812)|VARIABLE_ASSIGNMENT|[45]|query|null
19:09:07.0 (47900553)|STATEMENT_EXECUTE|[66]
19:09:07.0 (47903599)|HEAP_ALLOCATE|[67]|Bytes:4
19:09:07.0 (47941694)|STATEMENT_EXECUTE|[67]
19:09:07.0 (47943043)|STATEMENT_EXECUTE|[68]
19:09:07.0 (47945352)|HEAP_ALLOCATE|[68]|Bytes:4
19:09:07.0 (47979365)|HEAP_ALLOCATE|[EXTERNAL]|Bytes:4
19:09:07.0 (47986858)|STATEMENT_EXECUTE|[69]
19:09:07.0 (47989216)|HEAP_ALLOCATE|[69]|Bytes:20
19:09:07.0 (47993977)|HEAP_ALLOCATE|[69]|Bytes:13
19:09:07.0 (48013687)|HEAP_ALLOCATE|[69]|Bytes:18
19:09:07.0 (48023114)|HEAP_ALLOCATE|[69]|Bytes:1
19:09:07.0 (48032459)|HEAP_ALLOCATE|[69]|Bytes:64
19:09:07.0 (48046740)|VARIABLE_ASSIGNMENT|[69]|query|"Select Id,Name from  (44 more) ..."
19:09:07.0 (48054082)|STATEMENT_EXECUTE|[85]
19:09:07.0 (48057097)|HEAP_ALLOCATE|[85]|Bytes:7
19:09:07.0 (48066055)|HEAP_ALLOCATE|[85]|Bytes:71
19:09:07.0 (48085691)|USER_DEBUG|[85]|DEBUG|query==Select Id,Name from Scheduler__c where Id = 'a0f28000008b0NDAAY'
19:09:07.0 (48093420)|STATEMENT_EXECUTE|[86]
19:09:07.0 (48332950)|SOQL_EXECUTE_BEGIN|[86]|Aggregations:0|Select Id,Name from Scheduler__c where Id = 'a0f28000008b0NDAAY'
19:09:07.0 (50462666)|SOQL_EXECUTE_END|[86]|Rows:1
19:09:07.0 (50484266)|HEAP_ALLOCATE|[86]|Bytes:8
19:09:07.0 (50497988)|HEAP_ALLOCATE|[86]|Bytes:47
19:09:07.0 (50554490)|HEAP_ALLOCATE|[86]|Bytes:8
19:09:07.0 (50572246)|HEAP_ALLOCATE|[86]|Bytes:33
19:09:07.0 (50635683)|HEAP_ALLOCATE|[86]|Bytes:12
19:09:07.0 (50643974)|VARIABLE_SCOPE_BEGIN|[86]|so|SObject|true|false
19:09:07.0 (50669465)|VARIABLE_ASSIGNMENT|[86]|so|{"Id":"a0f28000008b0NDAAY","Name":"SCH-000007"}|0x2fe871d4
19:09:07.0 (50677386)|STATEMENT_EXECUTE|[87]
19:09:07.0 (50680683)|HEAP_ALLOCATE|[87]|Bytes:4
19:09:07.0 (50762855)|HEAP_ALLOCATE|[87]|Bytes:53
19:09:07.0 (50783473)|HEAP_ALLOCATE|[87]|Bytes:57
19:09:07.0 (50795420)|USER_DEBUG|[87]|DEBUG|so==Scheduler__c:{Id=a0f28000008b0NDAAY, Name=SCH-000007}
19:09:07.0 (50878122)|HEAP_ALLOCATE|[88]|Bytes:5
19:09:07.0 (50890726)|HEAP_ALLOCATE|[88]|Bytes:4
19:09:07.0 (50898136)|VARIABLE_SCOPE_BEGIN|[88]|st|String|false|false
19:09:07.0 (50908687)|VARIABLE_ASSIGNMENT|[88]|st|"name"
19:09:07.0 (50914219)|STATEMENT_EXECUTE|[88]
19:09:07.0 (50940684)|STATEMENT_EXECUTE|[89]
19:09:07.0 (50942091)|STATEMENT_EXECUTE|[90]
19:09:07.0 (50954331)|METHOD_ENTRY|[90]|01p2800000FELrp|RecentlyViewedRecords.findFieldInfo(String, String)
19:09:07.0 (50970660)|VARIABLE_SCOPE_BEGIN|[136]|objName|String|false|false
19:09:07.0 (50980724)|VARIABLE_ASSIGNMENT|[136]|objName|"Scheduler__c"
19:09:07.0 (50985224)|VARIABLE_SCOPE_BEGIN|[136]|fieldApi|String|false|false
19:09:07.0 (50992626)|VARIABLE_ASSIGNMENT|[136]|fieldApi|"name"
19:09:07.0 (50998382)|STATEMENT_EXECUTE|[136]
19:09:07.0 (50999614)|STATEMENT_EXECUTE|[137]
19:09:07.0 (51031752)|VARIABLE_SCOPE_BEGIN|[137]|leadSchema|Schema.SObjectType|true|false
19:09:07.0 (51115239)|VARIABLE_ASSIGNMENT|[137]|leadSchema|"common.apex.runtime.impl.ApexSObjectTypeToken@6aaa0459"|0x6aaa0459
19:09:07.0 (51122753)|STATEMENT_EXECUTE|[138]
19:09:07.0 (51166266)|HEAP_ALLOCATE|[138]|Bytes:4
19:09:07.0 (51356819)|HEAP_ALLOCATE|[138]|Bytes:64
19:09:07.0 (51372187)|METHOD_EXIT|[90]|01p2800000FELrp|RecentlyViewedRecords.findFieldInfo(String, String)
19:09:07.0 (51379693)|VARIABLE_SCOPE_BEGIN|[90]|fieldMap|Map<String,Schema.SObjectField>|true|false
19:09:07.0 (51505908)|VARIABLE_ASSIGNMENT|[90]|fieldMap|"{createdbyid=CreatedById, createddate=CreatedDate, filter_wrapper_json__c=Filter_Wrapper_JSON__c, id=Id, isdeleted=IsDeleted, lastmodifiedbyid=LastModifiedById, lastmodifieddate=LastModifiedDate, lastreferenceddate=LastReferencedDate, lastvieweddate=LastViewedDate, name=Name, ...}"|0x2c8eb02f
19:09:07.0 (51517873)|STATEMENT_EXECUTE|[91]
19:09:07.0 (51532546)|HEAP_ALLOCATE|[91]|Bytes:180
19:09:07.0 (51539649)|HEAP_ALLOCATE|[91]|Bytes:23
19:09:07.0 (51547992)|HEAP_ALLOCATE|[91]|Bytes:28
19:09:07.0 (51562466)|CONSTRUCTOR_ENTRY|[91]|01p2800000FELrp|<init>()
19:09:07.0 (51586278)|VARIABLE_SCOPE_BEGIN|[167]|this|RecentlyViewedRecords.objectWrapper|true|false
19:09:07.0 (51624856)|VARIABLE_ASSIGNMENT|[167]|this|{}|0x19b72383
19:09:07.0 (51637034)|HEAP_ALLOCATE|[EXTERNAL]|Bytes:6
19:09:07.0 (51665388)|STATEMENT_EXECUTE|[167]
19:09:07.0 (51667085)|STATEMENT_EXECUTE|[169]
19:09:07.0 (51668161)|STATEMENT_EXECUTE|[171]
19:09:07.0 (51669013)|STATEMENT_EXECUTE|[173]
19:09:07.0 (51669946)|STATEMENT_EXECUTE|[175]
19:09:07.0 (51670857)|STATEMENT_EXECUTE|[177]
19:09:07.0 (51671763)|STATEMENT_EXECUTE|[179]
19:09:07.0 (51676123)|CONSTRUCTOR_EXIT|[91]|01p2800000FELrp|<init>()
19:09:07.0 (51682798)|VARIABLE_SCOPE_BEGIN|[91]|ow|RecentlyViewedRecords.objectWrapper|true|false
19:09:07.0 (51702528)|VARIABLE_ASSIGNMENT|[91]|ow|{}|0x19b72383
19:09:07.0 (51708095)|STATEMENT_EXECUTE|[92]
19:09:07.0 (51937351)|HEAP_ALLOCATE|[92]|Bytes:8
19:09:07.0 (51960089)|HEAP_ALLOCATE|[92]|Bytes:14
19:09:07.0 (51991936)|VARIABLE_ASSIGNMENT|[EXTERNAL]|this|{}|0x19b72383
19:09:07.0 (52000538)|VARIABLE_ASSIGNMENT|[EXTERNAL]|value|"Scheduler Name"
19:09:07.0 (52012228)|VARIABLE_ASSIGNMENT|[169]|this.label|"Scheduler Name"|0x19b72383
19:09:07.0 (52021663)|STATEMENT_EXECUTE|[93]
19:09:07.0 (52075858)|HEAP_ALLOCATE|[93]|Bytes:10
19:09:07.0 (52094651)|HEAP_ALLOCATE|[93]|Bytes:10
19:09:07.0 (52122928)|VARIABLE_ASSIGNMENT|[EXTERNAL]|this|{"label":"Scheduler Name"}|0x19b72383
19:09:07.0 (52131334)|VARIABLE_ASSIGNMENT|[EXTERNAL]|value|"SCH-000007"
19:09:07.0 (52140425)|VARIABLE_ASSIGNMENT|[171]|this.value|"SCH-000007"|0x19b72383
19:09:07.0 (52152622)|STATEMENT_EXECUTE|[94]
19:09:07.0 (52202259)|VARIABLE_ASSIGNMENT|[EXTERNAL]|this|{"label":"Scheduler Name","value":"SCH-000007"}|0x19b72383
19:09:07.0 (52212151)|VARIABLE_ASSIGNMENT|[EXTERNAL]|value|null
19:09:07.0 (52219075)|VARIABLE_ASSIGNMENT|[173]|this.refName|null|0x19b72383
19:09:07.0 (52226012)|STATEMENT_EXECUTE|[95]
19:09:07.0 (52250256)|VARIABLE_ASSIGNMENT|[EXTERNAL]|this|{"label":"Scheduler Name","value":"SCH-000007"}|0x19b72383
19:09:07.0 (52258307)|VARIABLE_ASSIGNMENT|[EXTERNAL]|value|"name"
19:09:07.0 (52264801)|VARIABLE_ASSIGNMENT|[175]|this.api|"name"|0x19b72383
19:09:07.0 (52271427)|STATEMENT_EXECUTE|[96]
19:09:07.0 (52319161)|HEAP_ALLOCATE|[96]|Bytes:8
19:09:07.0 (53072624)|HEAP_ALLOCATE|[96]|Bytes:12
19:09:07.0 (53104119)|HEAP_ALLOCATE|[96]|Bytes:6
19:09:07.0 (53139984)|VARIABLE_ASSIGNMENT|[EXTERNAL]|this|{"api":"name","label":"Scheduler Name","value":"SCH-000007"}|0x19b72383
19:09:07.0 (53148327)|VARIABLE_ASSIGNMENT|[EXTERNAL]|value|"STRING"
19:09:07.0 (53156159)|VARIABLE_ASSIGNMENT|[177]|this.type|"STRING"|0x19b72383
19:09:07.0 (53164281)|STATEMENT_EXECUTE|[98]
19:09:07.0 (53167696)|HEAP_ALLOCATE|[98]|Bytes:4
19:09:07.0 (53210844)|HEAP_ALLOCATE|[98]|Bytes:105
19:09:07.0 (53224198)|HEAP_ALLOCATE|[98]|Bytes:109
19:09:07.0 (53236346)|USER_DEBUG|[98]|DEBUG|ow==objectWrapper:[api=name, iconUrl=null, label=Scheduler Name, refName=null, type=STRING, value=SCH-000007]
19:09:07.0 (53244130)|STATEMENT_EXECUTE|[99]
19:09:07.0 (53267843)|HEAP_ALLOCATE|[EXTERNAL]|Bytes:4
19:09:07.0 (53286213)|HEAP_ALLOCATE|[88]|Bytes:5
19:09:07.0 (53297214)|VARIABLE_ASSIGNMENT|[88]|st|null
19:09:07.0 (53301841)|STATEMENT_EXECUTE|[102]
19:09:07.0 (53308612)|SYSTEM_MODE_EXIT|false
19:09:07.53 (53326307)|CUMULATIVE_LIMIT_USAGE
19:09:07.53 (53326307)|LIMIT_USAGE_FOR_NS|(default)|
  Number of SOQL queries: 1 out of 100
  Number of query rows: 1 out of 50000
  Number of SOSL queries: 0 out of 20
  Number of DML statements: 0 out of 150
  Number of DML rows: 0 out of 10000
  Maximum CPU time: 0 out of 10000
  Maximum heap size: 0 out of 6000000
  Number of callouts: 0 out of 100
  Number of Email Invocations: 0 out of 10
  Number of future calls: 0 out of 50
  Number of queueable jobs added to the queue: 0 out of 50
  Number of Mobile Apex push calls: 0 out of 10

19:09:07.53 (53326307)|CUMULATIVE_LIMIT_USAGE_END

19:09:07.0 (53357968)|CODE_UNIT_FINISHED|RecentlyViewedRecords.queryCompactLayout
19:09:07.0 (54531750)|CODE_UNIT_STARTED|[EXTERNAL]|Aura
19:09:07.0 (54589054)|CODE_UNIT_FINISHED|Aura
19:09:07.0 (54631381)|CODE_UNIT_FINISHED|Aura
19:09:07.0 (55353558)|EXECUTION_FINISHED
19:09:07.57 (57517140)|USER_INFO|[EXTERNAL]|00528000001JBjQ|ramu.veligeti@yahoo.co.in|Pacific Standard Time|GMT-07:00
19:09:07.57 (57541954)|EXECUTION_STARTED
19:09:07.57 (57545035)|CODE_UNIT_STARTED|[EXTERNAL]|Aura
19:09:07.57 (57705265)|HEAP_ALLOCATE|[EXTERNAL]|Bytes:18
19:09:07.57 (57721515)|HEAP_ALLOCATE|[EXTERNAL]|Bytes:4
19:09:07.57 (57769301)|HEAP_ALLOCATE|[EXTERNAL]|Bytes:12
19:09:07.57 (57775572)|HEAP_ALLOCATE|[EXTERNAL]|Bytes:12
19:09:07.57 (58801803)|CODE_UNIT_STARTED|[EXTERNAL]|01p2800000FELrp|RecentlyViewedRecords.queryCompactLayout
19:09:07.57 (58861039)|HEAP_ALLOCATE|[EXTERNAL]|Bytes:4
19:09:07.57 (58869148)|HEAP_ALLOCATE|[EXTERNAL]|Bytes:12
19:09:07.57 (58880727)|SYSTEM_MODE_ENTER|false
19:09:07.57 (58894876)|VARIABLE_SCOPE_BEGIN|[33]|rvId|Id|false|false
19:09:07.57 (59050928)|VARIABLE_ASSIGNMENT|[33]|rvId|"a0f28000008b0NDAAY"
19:09:07.57 (59062304)|VARIABLE_SCOPE_BEGIN|[33]|objName|String|false|false
19:09:07.57 (59077527)|VARIABLE_ASSIGNMENT|[33]|objName|"Scheduler__c"
19:09:07.57 (59094138)|STATEMENT_EXECUTE|[33]
19:09:07.57 (59096735)|STATEMENT_EXECUTE|[34]
19:09:07.57 (59105948)|HEAP_ALLOCATE|[34]|Bytes:4
19:09:07.57 (59127165)|VARIABLE_SCOPE_BEGIN|[34]|objMap|Map<String,String>|true|false
19:09:07.57 (59158181)|VARIABLE_ASSIGNMENT|[34]|objMap|{}|0x2490f327
19:09:07.57 (59166030)|STATEMENT_EXECUTE|[35]
19:09:07.57 (59173637)|HEAP_ALLOCATE|[35]|Bytes:4
19:09:07.57 (59195810)|VARIABLE_SCOPE_BEGIN|[35]|owList|List<RecentlyViewedRecords.objectWrapper>|true|false
19:09:07.57 (59234647)|HEAP_ALLOCATE|[EXTERNAL]|Bytes:4
19:09:07.57 (59246970)|VARIABLE_ASSIGNMENT|[35]|owList|[]|0x3ae242a0
19:09:07.57 (59255650)|STATEMENT_EXECUTE|[36]
19:09:07.57 (67460468)|HEAP_ALLOCATE|[36]|Bytes:1628
19:09:07.57 (67507758)|VARIABLE_SCOPE_BEGIN|[36]|globalDescribeMap|Map<String,Schema.SObjectType>|true|false
19:09:07.57 (67827013)|VARIABLE_ASSIGNMENT|[36]|globalDescribeMap|"{acceptedeventrelation=AcceptedEventRelation, acchierarchy__account_hierarchy__mdt=accHierarchy__Account_Hierarchy__mdt, acchierarchy__account_hierarchy_setup__c=accHierarchy__Account_Hierarchy_Setup__c, account=Account, accountcleaninfo=AccountCleanInfo, accountcontactrole=AccountContactRole, accountfeed=AccountFeed, accounthistory=AccountHistory, accountpartner=AccountPartner, accountshare=AccountShare, ...}"|0x665338a0
19:09:07.57 (67854530)|STATEMENT_EXECUTE|[37]
19:09:07.57 (67891345)|VARIABLE_SCOPE_BEGIN|[37]|SObjectTypeObj|Schema.SObjectType|true|false
19:09:07.57 (67966914)|VARIABLE_ASSIGNMENT|[37]|SObjectTypeObj|"common.apex.runtime.impl.ApexSObjectTypeToken@6aaa0459"|0x6aaa0459
19:09:07.57 (67979552)|STATEMENT_EXECUTE|[38]
19:09:07.57 (68014867)|HEAP_ALLOCATE|[38]|Bytes:4
19:09:07.57 (68028963)|VARIABLE_SCOPE_BEGIN|[38]|describeSObjectResultObj|Schema.DescribeSObjectResult|true|false
19:09:07.57 (68112585)|VARIABLE_ASSIGNMENT|[38]|describeSObjectResultObj|"common.api.soap.wsdl.DescribeSObjectResult@315dff72"|0xf3e47ae
19:09:07.57 (68124064)|STATEMENT_EXECUTE|[39]
19:09:07.57 (68252824)|HEAP_ALLOCATE|[39]|Bytes:378
19:09:07.57 (68283028)|HEAP_ALLOCATE|[39]|Bytes:414
19:09:07.57 (68299590)|USER_DEBUG|[39]|DEBUG|FIELDSET_NAME==RecentlyViewedHover==Schema.DescribeSObjectResult[getHasSubtypes=false;getKeyPrefix=a0f;getLabel=Scheduler;getLabelPlural=Scheduler;getName=Scheduler__c;isAccessible=true;isCreateable=true;isCustom=true;isCustomSetting=false;isDeletable=true;isDeprecatedAndHidden=false;isFeedEnabled=false;isMergeable=false;isMruEnabled=true;isQueryable=true;isSearchable=true;isUndeletable=true;isUpdateable=true;]
19:09:07.57 (68320622)|STATEMENT_EXECUTE|[40]
19:09:07.57 (69251904)|HEAP_ALLOCATE|[40]|Bytes:4
19:09:07.57 (69280333)|VARIABLE_SCOPE_BEGIN|[40]|fieldSetObj|Schema.FieldSet|true|false
19:09:07.57 (69294675)|VARIABLE_ASSIGNMENT|[40]|fieldSetObj|null|
19:09:07.57 (69299932)|STATEMENT_EXECUTE|[41]
19:09:07.57 (69321595)|HEAP_ALLOCATE|[41]|Bytes:17
19:09:07.57 (69330997)|USER_DEBUG|[41]|DEBUG|fieldSetObj==null
19:09:07.57 (69337329)|STATEMENT_EXECUTE|[42]
19:09:07.57 (69341111)|HEAP_ALLOCATE|[42]|Bytes:4
19:09:07.57 (69354484)|VARIABLE_SCOPE_BEGIN|[42]|fieldApis|List<String>|true|false
19:09:07.57 (69379492)|HEAP_ALLOCATE|[EXTERNAL]|Bytes:4
19:09:07.57 (69392437)|VARIABLE_ASSIGNMENT|[42]|fieldApis|[]|0x2c1494a5
19:09:07.57 (69398663)|STATEMENT_EXECUTE|[43]
19:09:07.57 (69404950)|HEAP_ALLOCATE|[43]|Bytes:4
19:09:07.57 (69418452)|VARIABLE_SCOPE_BEGIN|[43]|refFieldToIgnore|Set<String>|true|false
19:09:07.57 (69439949)|VARIABLE_ASSIGNMENT|[43]|refFieldToIgnore|[]|0x44b34c5
19:09:07.57 (69446367)|STATEMENT_EXECUTE|[44]
19:09:07.57 (69449784)|HEAP_ALLOCATE|[44]|Bytes:4
19:09:07.57 (69456004)|VARIABLE_SCOPE_BEGIN|[44]|refMap|Map<String,String>|true|false
19:09:07.57 (69470746)|VARIABLE_ASSIGNMENT|[44]|refMap|{}|0x7ba29ad4
19:09:07.57 (69475444)|STATEMENT_EXECUTE|[45]
19:09:07.57 (69478201)|VARIABLE_SCOPE_BEGIN|[45]|query|String|false|false
19:09:07.57 (69486278)|VARIABLE_ASSIGNMENT|[45]|query|null
19:09:07.57 (69490229)|STATEMENT_EXECUTE|[66]
19:09:07.57 (69509045)|STATEMENT_EXECUTE|[67]
19:09:07.57 (69510282)|STATEMENT_EXECUTE|[68]
19:09:07.57 (69517153)|HEAP_ALLOCATE|[EXTERNAL]|Bytes:4
19:09:07.57 (69522606)|STATEMENT_EXECUTE|[69]
19:09:07.57 (69532512)|HEAP_ALLOCATE|[69]|Bytes:18
19:09:07.57 (69545071)|HEAP_ALLOCATE|[69]|Bytes:64
19:09:07.57 (69554102)|VARIABLE_ASSIGNMENT|[69]|query|"Select Id,Name from  (44 more) ..."
19:09:07.57 (69558206)|STATEMENT_EXECUTE|[85]
19:09:07.57 (69562246)|HEAP_ALLOCATE|[85]|Bytes:71
19:09:07.57 (69570157)|USER_DEBUG|[85]|DEBUG|query==Select Id,Name from Scheduler__c where Id = 'a0f28000008b0NDAAY'
19:09:07.57 (69575936)|STATEMENT_EXECUTE|[86]
19:09:07.57 (69749632)|SOQL_EXECUTE_BEGIN|[86]|Aggregations:0|Select Id,Name from Scheduler__c where Id = 'a0f28000008b0NDAAY'
19:09:07.57 (71278856)|SOQL_EXECUTE_END|[86]|Rows:1
19:09:07.57 (71298460)|HEAP_ALLOCATE|[86]|Bytes:8
19:09:07.57 (71312606)|HEAP_ALLOCATE|[86]|Bytes:47
19:09:07.57 (71340277)|HEAP_ALLOCATE|[86]|Bytes:8
19:09:07.57 (71375894)|HEAP_ALLOCATE|[86]|Bytes:12
19:09:07.57 (71384008)|VARIABLE_SCOPE_BEGIN|[86]|so|SObject|true|false
19:09:07.57 (71408931)|VARIABLE_ASSIGNMENT|[86]|so|{"Id":"a0f28000008b0NDAAY","Name":"SCH-000007"}|0x38c96a2a
19:09:07.57 (71417167)|STATEMENT_EXECUTE|[87]
19:09:07.57 (71462492)|HEAP_ALLOCATE|[87]|Bytes:53
19:09:07.57 (71478930)|HEAP_ALLOCATE|[87]|Bytes:57
19:09:07.57 (71488428)|USER_DEBUG|[87]|DEBUG|so==Scheduler__c:{Id=a0f28000008b0NDAAY, Name=SCH-000007}
19:09:07.57 (71514111)|HEAP_ALLOCATE|[88]|Bytes:5
19:09:07.57 (71524257)|HEAP_ALLOCATE|[88]|Bytes:4
19:09:07.57 (71531256)|VARIABLE_SCOPE_BEGIN|[88]|st|String|false|false
19:09:07.57 (71541167)|VARIABLE_ASSIGNMENT|[88]|st|"name"
19:09:07.57 (71547091)|STATEMENT_EXECUTE|[88]
19:09:07.57 (71558745)|STATEMENT_EXECUTE|[89]
19:09:07.57 (71560108)|STATEMENT_EXECUTE|[90]
19:09:07.57 (71570987)|METHOD_ENTRY|[90]|01p2800000FELrp|RecentlyViewedRecords.findFieldInfo(String, String)
19:09:07.57 (71579576)|VARIABLE_SCOPE_BEGIN|[136]|objName|String|false|false
19:09:07.57 (71589673)|VARIABLE_ASSIGNMENT|[136]|objName|"Scheduler__c"
19:09:07.57 (71594028)|VARIABLE_SCOPE_BEGIN|[136]|fieldApi|String|false|false
19:09:07.57 (71603356)|VARIABLE_ASSIGNMENT|[136]|fieldApi|"name"
19:09:07.57 (71610979)|STATEMENT_EXECUTE|[136]
19:09:07.57 (71612449)|STATEMENT_EXECUTE|[137]
19:09:07.57 (71640305)|VARIABLE_SCOPE_BEGIN|[137]|leadSchema|Schema.SObjectType|true|false
19:09:07.57 (71720872)|VARIABLE_ASSIGNMENT|[137]|leadSchema|"common.apex.runtime.impl.ApexSObjectTypeToken@6aaa0459"|0x6aaa0459
19:09:07.57 (71728674)|STATEMENT_EXECUTE|[138]
19:09:07.57 (71751501)|HEAP_ALLOCATE|[138]|Bytes:4
19:09:07.57 (71895273)|HEAP_ALLOCATE|[138]|Bytes:64
19:09:07.57 (71906253)|METHOD_EXIT|[90]|01p2800000FELrp|RecentlyViewedRecords.findFieldInfo(String, String)
19:09:07.57 (71913969)|VARIABLE_SCOPE_BEGIN|[90]|fieldMap|Map<String,Schema.SObjectField>|true|false
19:09:07.57 (72040799)|VARIABLE_ASSIGNMENT|[90]|fieldMap|"{createdbyid=CreatedById, createddate=CreatedDate, filter_wrapper_json__c=Filter_Wrapper_JSON__c, id=Id, isdeleted=IsDeleted, lastmodifiedbyid=LastModifiedById, lastmodifieddate=LastModifiedDate, lastreferenceddate=LastReferencedDate, lastvieweddate=LastViewedDate, name=Name, ...}"|0x658e9eeb
19:09:07.57 (72053216)|STATEMENT_EXECUTE|[91]
19:09:07.57 (72059595)|HEAP_ALLOCATE|[91]|Bytes:28
19:09:07.57 (72070752)|CONSTRUCTOR_ENTRY|[91]|01p2800000FELrp|<init>()
19:09:07.57 (72078203)|VARIABLE_SCOPE_BEGIN|[167]|this|RecentlyViewedRecords.objectWrapper|true|false
19:09:07.57 (72111591)|VARIABLE_ASSIGNMENT|[167]|this|{}|0x7c26bc8c
19:09:07.57 (72130693)|STATEMENT_EXECUTE|[167]
19:09:07.57 (72131828)|STATEMENT_EXECUTE|[169]
19:09:07.57 (72132850)|STATEMENT_EXECUTE|[171]
19:09:07.57 (72133826)|STATEMENT_EXECUTE|[173]
19:09:07.57 (72135402)|STATEMENT_EXECUTE|[175]
19:09:07.57 (72136341)|STATEMENT_EXECUTE|[177]
19:09:07.57 (72137275)|STATEMENT_EXECUTE|[179]
19:09:07.57 (72140928)|CONSTRUCTOR_EXIT|[91]|01p2800000FELrp|<init>()
19:09:07.57 (72146964)|VARIABLE_SCOPE_BEGIN|[91]|ow|RecentlyViewedRecords.objectWrapper|true|false
19:09:07.57 (72163951)|VARIABLE_ASSIGNMENT|[91]|ow|{}|0x7c26bc8c
19:09:07.57 (72169635)|STATEMENT_EXECUTE|[92]
19:09:07.57 (72228015)|HEAP_ALLOCATE|[92]|Bytes:8
19:09:07.57 (72241276)|HEAP_ALLOCATE|[92]|Bytes:14
19:09:07.57 (72261737)|VARIABLE_ASSIGNMENT|[EXTERNAL]|this|{}|0x7c26bc8c
19:09:07.57 (72270307)|VARIABLE_ASSIGNMENT|[EXTERNAL]|value|"Scheduler Name"
19:09:07.57 (72280048)|VARIABLE_ASSIGNMENT|[169]|this.label|"Scheduler Name"|0x7c26bc8c
19:09:07.57 (72288164)|STATEMENT_EXECUTE|[93]
19:09:07.57 (72319186)|HEAP_ALLOCATE|[93]|Bytes:10
19:09:07.57 (72335932)|HEAP_ALLOCATE|[93]|Bytes:10
19:09:07.57 (72359863)|VARIABLE_ASSIGNMENT|[EXTERNAL]|this|{"label":"Scheduler Name"}|0x7c26bc8c
19:09:07.57 (72368666)|VARIABLE_ASSIGNMENT|[EXTERNAL]|value|"SCH-000007"
19:09:07.57 (72376881)|VARIABLE_ASSIGNMENT|[171]|this.value|"SCH-000007"|0x7c26bc8c
19:09:07.57 (72383846)|STATEMENT_EXECUTE|[94]
19:09:07.57 (72410030)|VARIABLE_ASSIGNMENT|[EXTERNAL]|this|{"label":"Scheduler Name","value":"SCH-000007"}|0x7c26bc8c
19:09:07.57 (72419505)|VARIABLE_ASSIGNMENT|[EXTERNAL]|value|null
19:09:07.57 (72426276)|VARIABLE_ASSIGNMENT|[173]|this.refName|null|0x7c26bc8c
19:09:07.57 (72433653)|STATEMENT_EXECUTE|[95]
19:09:07.57 (72447357)|VARIABLE_ASSIGNMENT|[EXTERNAL]|this|{"label":"Scheduler Name","value":"SCH-000007"}|0x7c26bc8c
19:09:07.57 (72455143)|VARIABLE_ASSIGNMENT|[EXTERNAL]|value|"name"
19:09:07.57 (72460962)|VARIABLE_ASSIGNMENT|[175]|this.api|"name"|0x7c26bc8c
19:09:07.57 (72467389)|STATEMENT_EXECUTE|[96]
19:09:07.57 (72494942)|HEAP_ALLOCATE|[96]|Bytes:8
19:09:07.57 (72542845)|HEAP_ALLOCATE|[96]|Bytes:12
19:09:07.57 (72563026)|HEAP_ALLOCATE|[96]|Bytes:6
19:09:07.57 (72588611)|VARIABLE_ASSIGNMENT|[EXTERNAL]|this|{"api":"name","label":"Scheduler Name","value":"SCH-000007"}|0x7c26bc8c
19:09:07.57 (72597549)|VARIABLE_ASSIGNMENT|[EXTERNAL]|value|"STRING"
19:09:07.57 (72604199)|VARIABLE_ASSIGNMENT|[177]|this.type|"STRING"|0x7c26bc8c
19:09:07.57 (72612470)|STATEMENT_EXECUTE|[98]
19:09:07.57 (72644536)|HEAP_ALLOCATE|[98]|Bytes:105
19:09:07.57 (72655877)|HEAP_ALLOCATE|[98]|Bytes:109
19:09:07.57 (72664903)|USER_DEBUG|[98]|DEBUG|ow==objectWrapper:[api=name, iconUrl=null, label=Scheduler Name, refName=null, type=STRING, value=SCH-000007]
19:09:07.57 (72672294)|STATEMENT_EXECUTE|[99]
19:09:07.57 (72679859)|HEAP_ALLOCATE|[EXTERNAL]|Bytes:4
19:09:07.57 (72692682)|HEAP_ALLOCATE|[88]|Bytes:5
19:09:07.57 (72705317)|VARIABLE_ASSIGNMENT|[88]|st|null
19:09:07.57 (72711084)|STATEMENT_EXECUTE|[102]
19:09:07.57 (72718472)|SYSTEM_MODE_EXIT|false
19:09:07.72 (72739405)|CUMULATIVE_LIMIT_USAGE
19:09:07.72 (72739405)|LIMIT_USAGE_FOR_NS|(default)|
  Number of SOQL queries: 2 out of 100
  Number of query rows: 2 out of 50000
  Number of SOSL queries: 0 out of 20
  Number of DML statements: 0 out of 150
  Number of DML rows: 0 out of 10000
  Maximum CPU time: 0 out of 10000
  Maximum heap size: 0 out of 6000000
  Number of callouts: 0 out of 100
  Number of Email Invocations: 0 out of 10
  Number of future calls: 0 out of 50
  Number of queueable jobs added to the queue: 0 out of 50
  Number of Mobile Apex push calls: 0 out of 10

19:09:07.72 (72739405)|CUMULATIVE_LIMIT_USAGE_END

19:09:07.57 (72771564)|CODE_UNIT_FINISHED|RecentlyViewedRecords.queryCompactLayout
19:09:07.57 (74225460)|CODE_UNIT_STARTED|[EXTERNAL]|Aura
19:09:07.57 (74290725)|CODE_UNIT_FINISHED|Aura
19:09:07.57 (74332948)|CODE_UNIT_FINISHED|Aura
19:09:07.57 (75177611)|EXECUTION_FINISHED
