40.0 APEX_CODE,FINEST;APEX_PROFILING,INFO;CALLOUT,INFO;DB,INFO;SYSTEM,DEBUG;VALIDATION,INFO;VISUALFORCE,INFO;WAVE,INFO;WORKFLOW,INFO
18:48:22.0 (66377)|USER_INFO|[EXTERNAL]|00528000001JBjQ|ramu.veligeti@yahoo.co.in|Pacific Standard Time|GMT-07:00
18:48:22.0 (108113)|EXECUTION_STARTED
18:48:22.0 (112797)|CODE_UNIT_STARTED|[EXTERNAL]|Aura
18:48:22.0 (10594432)|HEAP_ALLOCATE|[72]|Bytes:3
18:48:22.0 (10626526)|HEAP_ALLOCATE|[77]|Bytes:152
18:48:22.0 (10641275)|HEAP_ALLOCATE|[342]|Bytes:408
18:48:22.0 (10655118)|HEAP_ALLOCATE|[355]|Bytes:408
18:48:22.0 (10667364)|HEAP_ALLOCATE|[467]|Bytes:48
18:48:22.0 (10689502)|HEAP_ALLOCATE|[139]|Bytes:6
18:48:22.0 (10701078)|HEAP_ALLOCATE|[EXTERNAL]|Bytes:18
18:48:22.0 (10708922)|HEAP_ALLOCATE|[EXTERNAL]|Bytes:4
18:48:22.0 (10887914)|HEAP_ALLOCATE|[EXTERNAL]|Bytes:12
18:48:22.0 (10894565)|HEAP_ALLOCATE|[EXTERNAL]|Bytes:12
18:48:22.0 (11919543)|CODE_UNIT_STARTED|[EXTERNAL]|01p2800000FELrp|RecentlyViewedRecords.queryCompactLayout
18:48:22.0 (11961991)|VARIABLE_SCOPE_BEGIN|[2]|RecentlyViewedRecords.FIELDSET_NAME|String|false|true
18:48:22.0 (11972761)|VARIABLE_SCOPE_BEGIN|[3]|RecentlyViewedRecords.private_apiFieldNames|Map<String,Set<String>>|true|true
18:48:22.0 (11979618)|VARIABLE_SCOPE_BEGIN|[5]|RecentlyViewedRecords.rvi|Recently_Viewed__c|true|true
18:48:22.0 (11986222)|VARIABLE_SCOPE_BEGIN|[4]|RecentlyViewedRecords.schemaMap|Map<String,Schema.SObjectType>|true|true
18:48:22.0 (12133874)|HEAP_ALLOCATE|[EXTERNAL]|Bytes:35
18:48:22.0 (12145307)|HEAP_ALLOCATE|[EXTERNAL]|Bytes:20
18:48:22.0 (12149505)|HEAP_ALLOCATE|[EXTERNAL]|Bytes:38
18:48:22.0 (12257644)|METHOD_ENTRY|[1]|01p2800000FELrp|RecentlyViewedRecords.RecentlyViewedRecords()
18:48:22.0 (12265864)|STATEMENT_EXECUTE|[1]
18:48:22.0 (12270452)|STATEMENT_EXECUTE|[1]
18:48:22.0 (12271651)|STATEMENT_EXECUTE|[2]
18:48:22.0 (12275360)|HEAP_ALLOCATE|[2]|Bytes:19
18:48:22.0 (12297742)|VARIABLE_ASSIGNMENT|[2]|RecentlyViewedRecords.FIELDSET_NAME|"RecentlyViewedHover"
18:48:22.0 (12302409)|STATEMENT_EXECUTE|[3]
18:48:22.0 (12305799)|HEAP_ALLOCATE|[3]|Bytes:4
18:48:22.0 (12327667)|VARIABLE_ASSIGNMENT|[3]|RecentlyViewedRecords.private_apiFieldNames|{}|0x643379ba
18:48:22.0 (12333526)|STATEMENT_EXECUTE|[4]
18:48:22.0 (12362060)|HEAP_ALLOCATE|[50]|Bytes:5
18:48:22.0 (12379713)|HEAP_ALLOCATE|[56]|Bytes:5
18:48:22.0 (12386483)|HEAP_ALLOCATE|[64]|Bytes:7
18:48:22.0 (25487685)|HEAP_ALLOCATE|[4]|Bytes:1456
18:48:22.0 (25724063)|VARIABLE_ASSIGNMENT|[4]|RecentlyViewedRecords.schemaMap|"{acceptedeventrelation=AcceptedEventRelation, acchierarchy__account_hierarchy__mdt=accHierarchy__Account_Hierarchy__mdt, acchierarchy__account_hierarchy_setup__c=accHierarchy__Account_Hierarchy_Setup__c, account=Account, accountcleaninfo=AccountCleanInfo, accountcontactrole=AccountContactRole, accountfeed=AccountFeed, accounthistory=AccountHistory, accountpartner=AccountPartner, accountshare=AccountShare, ...}"|0x47762eb2
18:48:22.0 (25741506)|STATEMENT_EXECUTE|[5]
18:48:22.0 (26510722)|HEAP_ALLOCATE|[5]|Bytes:20
18:48:22.0 (26548975)|VARIABLE_ASSIGNMENT|[5]|RecentlyViewedRecords.rvi|{"IsDeleted":false,"Name":"a0d28000002ZKNz","SetupOwnerId":"00528000001JBjQAAW","Records_to_Display__ (1 more) ...":"20"}|0x53770403
18:48:22.0 (26557207)|STATEMENT_EXECUTE|[147]
18:48:22.0 (26558649)|STATEMENT_EXECUTE|[167]
18:48:22.0 (26565521)|METHOD_EXIT|[1]|RecentlyViewedRecords
18:48:22.0 (26572984)|HEAP_ALLOCATE|[EXTERNAL]|Bytes:4
18:48:22.0 (26576164)|HEAP_ALLOCATE|[EXTERNAL]|Bytes:12
18:48:22.0 (26581985)|SYSTEM_MODE_ENTER|false
18:48:22.0 (26592690)|VARIABLE_SCOPE_BEGIN|[33]|rvId|Id|false|false
18:48:22.0 (26653096)|VARIABLE_ASSIGNMENT|[33]|rvId|"a0f28000008b0NDAAY"
18:48:22.0 (26660546)|VARIABLE_SCOPE_BEGIN|[33]|objName|String|false|false
18:48:22.0 (26669087)|VARIABLE_ASSIGNMENT|[33]|objName|"Scheduler__c"
18:48:22.0 (26677655)|STATEMENT_EXECUTE|[33]
18:48:22.0 (26679032)|STATEMENT_EXECUTE|[34]
18:48:22.0 (26686279)|HEAP_ALLOCATE|[34]|Bytes:4
18:48:22.0 (26698744)|VARIABLE_SCOPE_BEGIN|[34]|objMap|Map<String,String>|true|false
18:48:22.0 (26713800)|VARIABLE_ASSIGNMENT|[34]|objMap|{}|0x5a83e1ec
18:48:22.0 (26718851)|STATEMENT_EXECUTE|[35]
18:48:22.0 (26722988)|HEAP_ALLOCATE|[35]|Bytes:4
18:48:22.0 (26770190)|VARIABLE_SCOPE_BEGIN|[35]|owList|List<RecentlyViewedRecords.objectWrapper>|true|false
18:48:22.0 (26791420)|HEAP_ALLOCATE|[EXTERNAL]|Bytes:4
18:48:22.0 (26800714)|VARIABLE_ASSIGNMENT|[35]|owList|[]|0x2023e2de
18:48:22.0 (26805596)|STATEMENT_EXECUTE|[36]
18:48:22.0 (32953426)|HEAP_ALLOCATE|[36]|Bytes:1628
18:48:22.0 (32979368)|VARIABLE_SCOPE_BEGIN|[36]|globalDescribeMap|Map<String,Schema.SObjectType>|true|false
18:48:22.0 (33189937)|VARIABLE_ASSIGNMENT|[36]|globalDescribeMap|"{acceptedeventrelation=AcceptedEventRelation, acchierarchy__account_hierarchy__mdt=accHierarchy__Account_Hierarchy__mdt, acchierarchy__account_hierarchy_setup__c=accHierarchy__Account_Hierarchy_Setup__c, account=Account, accountcleaninfo=AccountCleanInfo, accountcontactrole=AccountContactRole, accountfeed=AccountFeed, accounthistory=AccountHistory, accountpartner=AccountPartner, accountshare=AccountShare, ...}"|0x4b9fadc5
18:48:22.0 (33208752)|STATEMENT_EXECUTE|[37]
18:48:22.0 (33275905)|VARIABLE_SCOPE_BEGIN|[37]|SObjectTypeObj|Schema.SObjectType|true|false
18:48:22.0 (33327557)|VARIABLE_ASSIGNMENT|[37]|SObjectTypeObj|"common.apex.runtime.impl.ApexSObjectTypeToken@553c2061"|0x553c2061
18:48:22.0 (33334964)|STATEMENT_EXECUTE|[38]
18:48:22.0 (33552001)|HEAP_ALLOCATE|[38]|Bytes:4
18:48:22.0 (33579639)|VARIABLE_SCOPE_BEGIN|[38]|describeSObjectResultObj|Schema.DescribeSObjectResult|true|false
18:48:22.0 (33644237)|VARIABLE_ASSIGNMENT|[38]|describeSObjectResultObj|"common.api.soap.wsdl.DescribeSObjectResult@315dff72"|0x193873c6
18:48:22.0 (33651766)|STATEMENT_EXECUTE|[39]
18:48:22.0 (33656314)|HEAP_ALLOCATE|[39]|Bytes:15
18:48:22.0 (33665571)|HEAP_ALLOCATE|[39]|Bytes:2
18:48:22.0 (33779581)|HEAP_ALLOCATE|[39]|Bytes:378
18:48:22.0 (33800685)|HEAP_ALLOCATE|[39]|Bytes:414
18:48:22.0 (33821569)|USER_DEBUG|[39]|DEBUG|FIELDSET_NAME==RecentlyViewedHover==Schema.DescribeSObjectResult[getHasSubtypes=false;getKeyPrefix=a0f;getLabel=Scheduler;getLabelPlural=Scheduler;getName=Scheduler__c;isAccessible=true;isCreateable=true;isCustom=true;isCustomSetting=false;isDeletable=true;isDeprecatedAndHidden=false;isFeedEnabled=false;isMergeable=false;isMruEnabled=true;isQueryable=true;isSearchable=true;isUndeletable=true;isUpdateable=true;]
18:48:22.0 (33834241)|STATEMENT_EXECUTE|[40]
18:48:22.0 (36015383)|HEAP_ALLOCATE|[40]|Bytes:4
18:48:22.0 (36068958)|VARIABLE_SCOPE_BEGIN|[40]|fieldSetObj|Schema.FieldSet|true|false
18:48:22.0 (36082240)|VARIABLE_ASSIGNMENT|[40]|fieldSetObj|null|
18:48:22.0 (36088278)|STATEMENT_EXECUTE|[41]
18:48:22.0 (36092980)|HEAP_ALLOCATE|[41]|Bytes:13
18:48:22.0 (36140845)|HEAP_ALLOCATE|[41]|Bytes:17
18:48:22.0 (36153289)|USER_DEBUG|[41]|DEBUG|fieldSetObj==null
18:48:22.0 (36160534)|STATEMENT_EXECUTE|[42]
18:48:22.0 (36168764)|HEAP_ALLOCATE|[42]|Bytes:4
18:48:22.0 (36194748)|VARIABLE_SCOPE_BEGIN|[42]|fieldApis|List<String>|true|false
18:48:22.0 (36224202)|HEAP_ALLOCATE|[EXTERNAL]|Bytes:4
18:48:22.0 (36235880)|VARIABLE_ASSIGNMENT|[42]|fieldApis|[]|0x2f3db6a4
18:48:22.0 (36241365)|STATEMENT_EXECUTE|[43]
18:48:22.0 (36248882)|HEAP_ALLOCATE|[43]|Bytes:4
18:48:22.0 (36270855)|VARIABLE_SCOPE_BEGIN|[43]|refFieldToIgnore|Set<String>|true|false
18:48:22.0 (36292661)|VARIABLE_ASSIGNMENT|[43]|refFieldToIgnore|[]|0x2dd3ca1c
18:48:22.0 (36298523)|STATEMENT_EXECUTE|[44]
18:48:22.0 (36302773)|HEAP_ALLOCATE|[44]|Bytes:4
18:48:22.0 (36309984)|VARIABLE_SCOPE_BEGIN|[44]|refMap|Map<String,String>|true|false
18:48:22.0 (36322989)|VARIABLE_ASSIGNMENT|[44]|refMap|{}|0x2129d0ae
18:48:22.0 (36327562)|STATEMENT_EXECUTE|[45]
18:48:22.0 (36329686)|VARIABLE_SCOPE_BEGIN|[45]|query|String|false|false
18:48:22.0 (36337304)|VARIABLE_ASSIGNMENT|[45]|query|null
18:48:22.0 (36341444)|STATEMENT_EXECUTE|[66]
18:48:22.0 (36344075)|HEAP_ALLOCATE|[67]|Bytes:4
18:48:22.0 (36377517)|STATEMENT_EXECUTE|[67]
18:48:22.0 (36379000)|STATEMENT_EXECUTE|[68]
18:48:22.0 (36381256)|HEAP_ALLOCATE|[68]|Bytes:4
18:48:22.0 (36404301)|HEAP_ALLOCATE|[EXTERNAL]|Bytes:4
18:48:22.0 (36410414)|STATEMENT_EXECUTE|[69]
18:48:22.0 (36412703)|HEAP_ALLOCATE|[69]|Bytes:20
18:48:22.0 (36416621)|HEAP_ALLOCATE|[69]|Bytes:13
18:48:22.0 (36434189)|HEAP_ALLOCATE|[69]|Bytes:18
18:48:22.0 (36442746)|HEAP_ALLOCATE|[69]|Bytes:1
18:48:22.0 (36450968)|HEAP_ALLOCATE|[69]|Bytes:64
18:48:22.0 (36459844)|VARIABLE_ASSIGNMENT|[69]|query|"Select Id,Name from  (44 more) ..."
18:48:22.0 (36464931)|STATEMENT_EXECUTE|[85]
18:48:22.0 (36466785)|HEAP_ALLOCATE|[85]|Bytes:7
18:48:22.0 (36471765)|HEAP_ALLOCATE|[85]|Bytes:71
18:48:22.0 (36489165)|USER_DEBUG|[85]|DEBUG|query==Select Id,Name from Scheduler__c where Id = 'a0f28000008b0NDAAY'
18:48:22.0 (36496650)|STATEMENT_EXECUTE|[86]
18:48:22.0 (36769293)|SOQL_EXECUTE_BEGIN|[86]|Aggregations:0|Select Id,Name from Scheduler__c where Id = 'a0f28000008b0NDAAY'
18:48:22.0 (39181698)|SOQL_EXECUTE_END|[86]|Rows:1
18:48:22.0 (39212288)|HEAP_ALLOCATE|[86]|Bytes:8
18:48:22.0 (39231044)|HEAP_ALLOCATE|[86]|Bytes:47
18:48:22.0 (39359223)|HEAP_ALLOCATE|[86]|Bytes:8
18:48:22.0 (39376377)|HEAP_ALLOCATE|[86]|Bytes:33
18:48:22.0 (39427526)|HEAP_ALLOCATE|[86]|Bytes:12
18:48:22.0 (39434897)|VARIABLE_SCOPE_BEGIN|[86]|so|SObject|true|false
18:48:22.0 (39453644)|VARIABLE_ASSIGNMENT|[86]|so|{"Id":"a0f28000008b0NDAAY","Name":"SCH-000007"}|0x5a27251a
18:48:22.0 (39460597)|STATEMENT_EXECUTE|[87]
18:48:22.0 (39463718)|HEAP_ALLOCATE|[87]|Bytes:4
18:48:22.0 (39519439)|HEAP_ALLOCATE|[87]|Bytes:53
18:48:22.0 (39535082)|HEAP_ALLOCATE|[87]|Bytes:57
18:48:22.0 (39545015)|USER_DEBUG|[87]|DEBUG|so==Scheduler__c:{Id=a0f28000008b0NDAAY, Name=SCH-000007}
18:48:22.0 (39643516)|HEAP_ALLOCATE|[88]|Bytes:5
18:48:22.0 (39661055)|HEAP_ALLOCATE|[88]|Bytes:4
18:48:22.0 (39670927)|VARIABLE_SCOPE_BEGIN|[88]|st|String|false|false
18:48:22.0 (39684870)|VARIABLE_ASSIGNMENT|[88]|st|"name"
18:48:22.0 (39692543)|STATEMENT_EXECUTE|[88]
18:48:22.0 (39720873)|STATEMENT_EXECUTE|[89]
18:48:22.0 (39722534)|STATEMENT_EXECUTE|[90]
18:48:22.0 (39736966)|METHOD_ENTRY|[90]|01p2800000FELrp|RecentlyViewedRecords.findFieldInfo(String, String)
18:48:22.0 (39757293)|VARIABLE_SCOPE_BEGIN|[136]|objName|String|false|false
18:48:22.0 (39766669)|VARIABLE_ASSIGNMENT|[136]|objName|"Scheduler__c"
18:48:22.0 (39770638)|VARIABLE_SCOPE_BEGIN|[136]|fieldApi|String|false|false
18:48:22.0 (39776948)|VARIABLE_ASSIGNMENT|[136]|fieldApi|"name"
18:48:22.0 (39782943)|STATEMENT_EXECUTE|[136]
18:48:22.0 (39784138)|STATEMENT_EXECUTE|[137]
18:48:22.0 (39814197)|VARIABLE_SCOPE_BEGIN|[137]|leadSchema|Schema.SObjectType|true|false
18:48:22.0 (39873771)|VARIABLE_ASSIGNMENT|[137]|leadSchema|"common.apex.runtime.impl.ApexSObjectTypeToken@553c2061"|0x553c2061
18:48:22.0 (39880596)|STATEMENT_EXECUTE|[138]
18:48:22.0 (39911954)|HEAP_ALLOCATE|[138]|Bytes:4
18:48:22.0 (40071781)|HEAP_ALLOCATE|[138]|Bytes:64
18:48:22.0 (40084714)|METHOD_EXIT|[90]|01p2800000FELrp|RecentlyViewedRecords.findFieldInfo(String, String)
18:48:22.0 (40091617)|VARIABLE_SCOPE_BEGIN|[90]|fieldMap|Map<String,Schema.SObjectField>|true|false
18:48:22.0 (40226438)|VARIABLE_ASSIGNMENT|[90]|fieldMap|"{createdbyid=CreatedById, createddate=CreatedDate, filter_wrapper_json__c=Filter_Wrapper_JSON__c, id=Id, isdeleted=IsDeleted, lastmodifiedbyid=LastModifiedById, lastmodifieddate=LastModifiedDate, lastreferenceddate=LastReferencedDate, lastvieweddate=LastViewedDate, name=Name, ...}"|0x4dd9a77d
18:48:22.0 (40242317)|STATEMENT_EXECUTE|[91]
18:48:22.0 (40318135)|HEAP_ALLOCATE|[91]|Bytes:180
18:48:22.0 (40327385)|HEAP_ALLOCATE|[91]|Bytes:23
18:48:22.0 (40342368)|HEAP_ALLOCATE|[91]|Bytes:28
18:48:22.0 (40361329)|CONSTRUCTOR_ENTRY|[91]|01p2800000FELrp|<init>()
18:48:22.0 (40385618)|VARIABLE_SCOPE_BEGIN|[167]|this|RecentlyViewedRecords.objectWrapper|true|false
18:48:22.0 (40432490)|VARIABLE_ASSIGNMENT|[167]|this|{}|0x17a36647
18:48:22.0 (40443818)|HEAP_ALLOCATE|[EXTERNAL]|Bytes:6
18:48:22.0 (40467761)|STATEMENT_EXECUTE|[167]
18:48:22.0 (40469144)|STATEMENT_EXECUTE|[169]
18:48:22.0 (40470194)|STATEMENT_EXECUTE|[171]
18:48:22.0 (40471032)|STATEMENT_EXECUTE|[173]
18:48:22.0 (40472136)|STATEMENT_EXECUTE|[175]
18:48:22.0 (40473012)|STATEMENT_EXECUTE|[177]
18:48:22.0 (40473879)|STATEMENT_EXECUTE|[179]
18:48:22.0 (40477566)|CONSTRUCTOR_EXIT|[91]|01p2800000FELrp|<init>()
18:48:22.0 (40484522)|VARIABLE_SCOPE_BEGIN|[91]|ow|RecentlyViewedRecords.objectWrapper|true|false
18:48:22.0 (40501982)|VARIABLE_ASSIGNMENT|[91]|ow|{}|0x17a36647
18:48:22.0 (40507906)|STATEMENT_EXECUTE|[92]
18:48:22.0 (40854000)|HEAP_ALLOCATE|[92]|Bytes:8
18:48:22.0 (40879287)|HEAP_ALLOCATE|[92]|Bytes:14
18:48:22.0 (40915254)|VARIABLE_ASSIGNMENT|[EXTERNAL]|this|{}|0x17a36647
18:48:22.0 (40925407)|VARIABLE_ASSIGNMENT|[EXTERNAL]|value|"Scheduler Name"
18:48:22.0 (40938021)|VARIABLE_ASSIGNMENT|[169]|this.label|"Scheduler Name"|0x17a36647
18:48:22.0 (40946585)|STATEMENT_EXECUTE|[93]
18:48:22.0 (41009637)|HEAP_ALLOCATE|[93]|Bytes:10
18:48:22.0 (41030649)|HEAP_ALLOCATE|[93]|Bytes:10
18:48:22.0 (41061136)|VARIABLE_ASSIGNMENT|[EXTERNAL]|this|{"label":"Scheduler Name"}|0x17a36647
18:48:22.0 (41069675)|VARIABLE_ASSIGNMENT|[EXTERNAL]|value|"SCH-000007"
18:48:22.0 (41077862)|VARIABLE_ASSIGNMENT|[171]|this.value|"SCH-000007"|0x17a36647
18:48:22.0 (41086605)|STATEMENT_EXECUTE|[94]
18:48:22.0 (41133923)|VARIABLE_ASSIGNMENT|[EXTERNAL]|this|{"label":"Scheduler Name","value":"SCH-000007"}|0x17a36647
18:48:22.0 (41147518)|VARIABLE_ASSIGNMENT|[EXTERNAL]|value|null
18:48:22.0 (41154869)|VARIABLE_ASSIGNMENT|[173]|this.refName|null|0x17a36647
18:48:22.0 (41162322)|STATEMENT_EXECUTE|[95]
18:48:22.0 (41215265)|VARIABLE_ASSIGNMENT|[EXTERNAL]|this|{"label":"Scheduler Name","value":"SCH-000007"}|0x17a36647
18:48:22.0 (41227059)|VARIABLE_ASSIGNMENT|[EXTERNAL]|value|"name"
18:48:22.0 (41235165)|VARIABLE_ASSIGNMENT|[175]|this.api|"name"|0x17a36647
18:48:22.0 (41243748)|STATEMENT_EXECUTE|[96]
18:48:22.0 (41296860)|HEAP_ALLOCATE|[96]|Bytes:8
18:48:22.0 (42022991)|HEAP_ALLOCATE|[96]|Bytes:12
18:48:22.0 (42054338)|HEAP_ALLOCATE|[96]|Bytes:6
18:48:22.0 (42093211)|VARIABLE_ASSIGNMENT|[EXTERNAL]|this|{"api":"name","label":"Scheduler Name","value":"SCH-000007"}|0x17a36647
18:48:22.0 (42102292)|VARIABLE_ASSIGNMENT|[EXTERNAL]|value|"STRING"
18:48:22.0 (42111862)|VARIABLE_ASSIGNMENT|[177]|this.type|"STRING"|0x17a36647
18:48:22.0 (42120124)|STATEMENT_EXECUTE|[98]
18:48:22.0 (42123728)|HEAP_ALLOCATE|[98]|Bytes:4
18:48:22.0 (42182339)|HEAP_ALLOCATE|[98]|Bytes:105
18:48:22.0 (42197594)|HEAP_ALLOCATE|[98]|Bytes:109
18:48:22.0 (42212738)|USER_DEBUG|[98]|DEBUG|ow==objectWrapper:[api=name, iconUrl=null, label=Scheduler Name, refName=null, type=STRING, value=SCH-000007]
18:48:22.0 (42220359)|STATEMENT_EXECUTE|[99]
18:48:22.0 (42244542)|HEAP_ALLOCATE|[EXTERNAL]|Bytes:4
18:48:22.0 (42260129)|HEAP_ALLOCATE|[88]|Bytes:5
18:48:22.0 (42271242)|VARIABLE_ASSIGNMENT|[88]|st|null
18:48:22.0 (42275860)|STATEMENT_EXECUTE|[102]
18:48:22.0 (42283137)|SYSTEM_MODE_EXIT|false
18:48:22.42 (42303123)|CUMULATIVE_LIMIT_USAGE
18:48:22.42 (42303123)|LIMIT_USAGE_FOR_NS|(default)|
  Number of SOQL queries: 1 out of 100
  Number of query rows: 1 out of 50000
  Number of SOSL queries: 0 out of 20
  Number of DML statements: 0 out of 150
  Number of DML rows: 0 out of 10000
  Maximum CPU time: 0 out of 10000
  Maximum heap size: 0 out of 6000000
  Number of callouts: 0 out of 100
  Number of Email Invocations: 0 out of 10
  Number of future calls: 0 out of 50
  Number of queueable jobs added to the queue: 0 out of 50
  Number of Mobile Apex push calls: 0 out of 10

18:48:22.42 (42303123)|CUMULATIVE_LIMIT_USAGE_END

18:48:22.0 (42333717)|CODE_UNIT_FINISHED|RecentlyViewedRecords.queryCompactLayout
18:48:22.0 (43567090)|CODE_UNIT_STARTED|[EXTERNAL]|Aura
18:48:22.0 (43619641)|CODE_UNIT_FINISHED|Aura
18:48:22.0 (43654649)|CODE_UNIT_FINISHED|Aura
18:48:22.0 (44372309)|EXECUTION_FINISHED
