40.0 APEX_CODE,FINEST;APEX_PROFILING,INFO;CALLOUT,INFO;DB,INFO;SYSTEM,DEBUG;VALIDATION,INFO;VISUALFORCE,INFO;WAVE,INFO;WORKFLOW,INFO
19:06:32.0 (71836)|USER_INFO|[EXTERNAL]|00528000001JBjQ|ramu.veligeti@yahoo.co.in|Pacific Standard Time|GMT-07:00
19:06:32.0 (108721)|EXECUTION_STARTED
19:06:32.0 (113257)|CODE_UNIT_STARTED|[EXTERNAL]|Aura
19:06:32.0 (10186805)|HEAP_ALLOCATE|[72]|Bytes:3
19:06:32.0 (10233644)|HEAP_ALLOCATE|[77]|Bytes:152
19:06:32.0 (10249918)|HEAP_ALLOCATE|[342]|Bytes:408
19:06:32.0 (10264563)|HEAP_ALLOCATE|[355]|Bytes:408
19:06:32.0 (10277631)|HEAP_ALLOCATE|[467]|Bytes:48
19:06:32.0 (10304499)|HEAP_ALLOCATE|[139]|Bytes:6
19:06:32.0 (10316989)|HEAP_ALLOCATE|[EXTERNAL]|Bytes:18
19:06:32.0 (10326385)|HEAP_ALLOCATE|[EXTERNAL]|Bytes:4
19:06:32.0 (10553532)|HEAP_ALLOCATE|[EXTERNAL]|Bytes:4
19:06:32.0 (10561501)|HEAP_ALLOCATE|[EXTERNAL]|Bytes:4
19:06:32.0 (11506930)|CODE_UNIT_STARTED|[EXTERNAL]|01p2800000FELrp|RecentlyViewedRecords.queryCompactLayout
19:06:32.0 (11556432)|VARIABLE_SCOPE_BEGIN|[2]|RecentlyViewedRecords.FIELDSET_NAME|String|false|true
19:06:32.0 (11568549)|VARIABLE_SCOPE_BEGIN|[3]|RecentlyViewedRecords.private_apiFieldNames|Map<String,Set<String>>|true|true
19:06:32.0 (11576325)|VARIABLE_SCOPE_BEGIN|[5]|RecentlyViewedRecords.rvi|Recently_Viewed__c|true|true
19:06:32.0 (11585750)|VARIABLE_SCOPE_BEGIN|[4]|RecentlyViewedRecords.schemaMap|Map<String,Schema.SObjectType>|true|true
19:06:32.0 (11759684)|HEAP_ALLOCATE|[EXTERNAL]|Bytes:35
19:06:32.0 (11769769)|HEAP_ALLOCATE|[EXTERNAL]|Bytes:20
19:06:32.0 (11773269)|HEAP_ALLOCATE|[EXTERNAL]|Bytes:38
19:06:32.0 (11912293)|METHOD_ENTRY|[1]|01p2800000FELrp|RecentlyViewedRecords.RecentlyViewedRecords()
19:06:32.0 (11920296)|STATEMENT_EXECUTE|[1]
19:06:32.0 (11925332)|STATEMENT_EXECUTE|[1]
19:06:32.0 (11926555)|STATEMENT_EXECUTE|[2]
19:06:32.0 (11930850)|HEAP_ALLOCATE|[2]|Bytes:19
19:06:32.0 (11956989)|VARIABLE_ASSIGNMENT|[2]|RecentlyViewedRecords.FIELDSET_NAME|"RecentlyViewedHover"
19:06:32.0 (11961751)|STATEMENT_EXECUTE|[3]
19:06:32.0 (11966679)|HEAP_ALLOCATE|[3]|Bytes:4
19:06:32.0 (11992354)|VARIABLE_ASSIGNMENT|[3]|RecentlyViewedRecords.private_apiFieldNames|{}|0x3c3093a0
19:06:32.0 (11998153)|STATEMENT_EXECUTE|[4]
19:06:32.0 (12029204)|HEAP_ALLOCATE|[50]|Bytes:5
19:06:32.0 (12052165)|HEAP_ALLOCATE|[56]|Bytes:5
19:06:32.0 (12059591)|HEAP_ALLOCATE|[64]|Bytes:7
19:06:32.0 (25485949)|HEAP_ALLOCATE|[4]|Bytes:1456
19:06:32.0 (25806602)|VARIABLE_ASSIGNMENT|[4]|RecentlyViewedRecords.schemaMap|"{acceptedeventrelation=AcceptedEventRelation, acchierarchy__account_hierarchy__mdt=accHierarchy__Account_Hierarchy__mdt, acchierarchy__account_hierarchy_setup__c=accHierarchy__Account_Hierarchy_Setup__c, account=Account, accountcleaninfo=AccountCleanInfo, accountcontactrole=AccountContactRole, accountfeed=AccountFeed, accounthistory=AccountHistory, accountpartner=AccountPartner, accountshare=AccountShare, ...}"|0x5fc79ce8
19:06:32.0 (25824903)|STATEMENT_EXECUTE|[5]
19:06:32.0 (26932753)|HEAP_ALLOCATE|[5]|Bytes:20
19:06:32.0 (26976850)|VARIABLE_ASSIGNMENT|[5]|RecentlyViewedRecords.rvi|{"IsDeleted":false,"Name":"a0d28000002ZKNz","SetupOwnerId":"00528000001JBjQAAW","Records_to_Display__ (1 more) ...":"20"}|0xb607c25
19:06:32.0 (26984828)|STATEMENT_EXECUTE|[147]
19:06:32.0 (26986222)|STATEMENT_EXECUTE|[167]
19:06:32.0 (26995747)|METHOD_EXIT|[1]|RecentlyViewedRecords
19:06:32.0 (27006010)|HEAP_ALLOCATE|[EXTERNAL]|Bytes:4
19:06:32.0 (27009821)|HEAP_ALLOCATE|[EXTERNAL]|Bytes:4
19:06:32.0 (27016069)|SYSTEM_MODE_ENTER|false
19:06:32.0 (27027684)|VARIABLE_SCOPE_BEGIN|[33]|rvId|Id|false|false
19:06:32.0 (27085397)|VARIABLE_ASSIGNMENT|[33]|rvId|"00528000001JBjQAAW"
19:06:32.0 (27092510)|VARIABLE_SCOPE_BEGIN|[33]|objName|String|false|false
19:06:32.0 (27100965)|VARIABLE_ASSIGNMENT|[33]|objName|"User"
19:06:32.0 (27110686)|STATEMENT_EXECUTE|[33]
19:06:32.0 (27112312)|STATEMENT_EXECUTE|[34]
19:06:32.0 (27127656)|HEAP_ALLOCATE|[34]|Bytes:4
19:06:32.0 (27142797)|VARIABLE_SCOPE_BEGIN|[34]|objMap|Map<String,String>|true|false
19:06:32.0 (27160654)|VARIABLE_ASSIGNMENT|[34]|objMap|{}|0x5036b930
19:06:32.0 (27166432)|STATEMENT_EXECUTE|[35]
19:06:32.0 (27171677)|HEAP_ALLOCATE|[35]|Bytes:4
19:06:32.0 (27235403)|VARIABLE_SCOPE_BEGIN|[35]|owList|List<RecentlyViewedRecords.objectWrapper>|true|false
19:06:32.0 (27259816)|HEAP_ALLOCATE|[EXTERNAL]|Bytes:4
19:06:32.0 (27272493)|VARIABLE_ASSIGNMENT|[35]|owList|[]|0x65a6925e
19:06:32.0 (27277553)|STATEMENT_EXECUTE|[36]
19:06:32.0 (32563400)|HEAP_ALLOCATE|[36]|Bytes:1628
19:06:32.0 (32582270)|VARIABLE_SCOPE_BEGIN|[36]|globalDescribeMap|Map<String,Schema.SObjectType>|true|false
19:06:32.0 (32759313)|VARIABLE_ASSIGNMENT|[36]|globalDescribeMap|"{acceptedeventrelation=AcceptedEventRelation, acchierarchy__account_hierarchy__mdt=accHierarchy__Account_Hierarchy__mdt, acchierarchy__account_hierarchy_setup__c=accHierarchy__Account_Hierarchy_Setup__c, account=Account, accountcleaninfo=AccountCleanInfo, accountcontactrole=AccountContactRole, accountfeed=AccountFeed, accounthistory=AccountHistory, accountpartner=AccountPartner, accountshare=AccountShare, ...}"|0x6daf4b9b
19:06:32.0 (32773334)|STATEMENT_EXECUTE|[37]
19:06:32.0 (32840787)|VARIABLE_SCOPE_BEGIN|[37]|SObjectTypeObj|Schema.SObjectType|true|false
19:06:32.0 (32891009)|VARIABLE_ASSIGNMENT|[37]|SObjectTypeObj|"common.apex.runtime.impl.ApexSObjectTypeToken@74d8bbd7"|0x74d8bbd7
19:06:32.0 (32898168)|STATEMENT_EXECUTE|[38]
19:06:32.0 (33088883)|HEAP_ALLOCATE|[38]|Bytes:4
19:06:32.0 (33115586)|VARIABLE_SCOPE_BEGIN|[38]|describeSObjectResultObj|Schema.DescribeSObjectResult|true|false
19:06:32.0 (33182557)|VARIABLE_ASSIGNMENT|[38]|describeSObjectResultObj|"common.api.soap.wsdl.DescribeSObjectResult@1b46225b"|0x57c35f5d
19:06:32.0 (33189718)|STATEMENT_EXECUTE|[39]
19:06:32.0 (33195587)|HEAP_ALLOCATE|[39]|Bytes:15
19:06:32.0 (33205594)|HEAP_ALLOCATE|[39]|Bytes:2
19:06:32.0 (33339825)|HEAP_ALLOCATE|[39]|Bytes:363
19:06:32.0 (33360688)|HEAP_ALLOCATE|[39]|Bytes:399
19:06:32.0 (33381718)|USER_DEBUG|[39]|DEBUG|FIELDSET_NAME==RecentlyViewedHover==Schema.DescribeSObjectResult[getHasSubtypes=false;getKeyPrefix=005;getLabel=User;getLabelPlural=Users;getName=User;isAccessible=true;isCreateable=true;isCustom=false;isCustomSetting=false;isDeletable=false;isDeprecatedAndHidden=false;isFeedEnabled=true;isMergeable=false;isMruEnabled=true;isQueryable=true;isSearchable=true;isUndeletable=false;isUpdateable=true;]
19:06:32.0 (33395003)|STATEMENT_EXECUTE|[40]
19:06:32.0 (34936821)|HEAP_ALLOCATE|[40]|Bytes:4
19:06:32.0 (34981660)|VARIABLE_SCOPE_BEGIN|[40]|fieldSetObj|Schema.FieldSet|true|false
19:06:32.0 (34994622)|VARIABLE_ASSIGNMENT|[40]|fieldSetObj|null|
19:06:32.0 (34999801)|STATEMENT_EXECUTE|[41]
19:06:32.0 (35003079)|HEAP_ALLOCATE|[41]|Bytes:13
19:06:32.0 (35045049)|HEAP_ALLOCATE|[41]|Bytes:17
19:06:32.0 (35055835)|USER_DEBUG|[41]|DEBUG|fieldSetObj==null
19:06:32.0 (35062428)|STATEMENT_EXECUTE|[42]
19:06:32.0 (35072046)|HEAP_ALLOCATE|[42]|Bytes:4
19:06:32.0 (35102406)|VARIABLE_SCOPE_BEGIN|[42]|fieldApis|List<String>|true|false
19:06:32.0 (35142946)|HEAP_ALLOCATE|[EXTERNAL]|Bytes:4
19:06:32.0 (35156948)|VARIABLE_ASSIGNMENT|[42]|fieldApis|[]|0x1d4af15a
19:06:32.0 (35163056)|STATEMENT_EXECUTE|[43]
19:06:32.0 (35174890)|HEAP_ALLOCATE|[43]|Bytes:4
19:06:32.0 (35203592)|VARIABLE_SCOPE_BEGIN|[43]|refFieldToIgnore|Set<String>|true|false
19:06:32.0 (35227873)|VARIABLE_ASSIGNMENT|[43]|refFieldToIgnore|[]|0x50be6c19
19:06:32.0 (35233361)|STATEMENT_EXECUTE|[44]
19:06:32.0 (35237590)|HEAP_ALLOCATE|[44]|Bytes:4
19:06:32.0 (35244257)|VARIABLE_SCOPE_BEGIN|[44]|refMap|Map<String,String>|true|false
19:06:32.0 (35261581)|VARIABLE_ASSIGNMENT|[44]|refMap|{}|0x140d59b7
19:06:32.0 (35266265)|STATEMENT_EXECUTE|[45]
19:06:32.0 (35268826)|VARIABLE_SCOPE_BEGIN|[45]|query|String|false|false
19:06:32.0 (35276491)|VARIABLE_ASSIGNMENT|[45]|query|null
19:06:32.0 (35280892)|STATEMENT_EXECUTE|[66]
19:06:32.0 (35283756)|HEAP_ALLOCATE|[67]|Bytes:4
19:06:32.0 (35321647)|STATEMENT_EXECUTE|[67]
19:06:32.0 (35323186)|STATEMENT_EXECUTE|[68]
19:06:32.0 (35325583)|HEAP_ALLOCATE|[68]|Bytes:4
19:06:32.0 (35348939)|HEAP_ALLOCATE|[EXTERNAL]|Bytes:4
19:06:32.0 (35355206)|STATEMENT_EXECUTE|[69]
19:06:32.0 (35357580)|HEAP_ALLOCATE|[69]|Bytes:20
19:06:32.0 (35361544)|HEAP_ALLOCATE|[69]|Bytes:13
19:06:32.0 (35378242)|HEAP_ALLOCATE|[69]|Bytes:18
19:06:32.0 (35386417)|HEAP_ALLOCATE|[69]|Bytes:1
19:06:32.0 (35395257)|HEAP_ALLOCATE|[69]|Bytes:56
19:06:32.0 (35404000)|VARIABLE_ASSIGNMENT|[69]|query|"Select Id,Name from  (36 more) ..."
19:06:32.0 (35408915)|STATEMENT_EXECUTE|[85]
19:06:32.0 (35410805)|HEAP_ALLOCATE|[85]|Bytes:7
19:06:32.0 (35415796)|HEAP_ALLOCATE|[85]|Bytes:63
19:06:32.0 (35432680)|USER_DEBUG|[85]|DEBUG|query==Select Id,Name from User where Id = '00528000001JBjQAAW'
19:06:32.0 (35439483)|STATEMENT_EXECUTE|[86]
19:06:32.0 (36289087)|SOQL_EXECUTE_BEGIN|[86]|Aggregations:0|Select Id,Name from User where Id = '00528000001JBjQAAW'
19:06:32.0 (38626898)|SOQL_EXECUTE_END|[86]|Rows:1
19:06:32.0 (38657471)|HEAP_ALLOCATE|[86]|Bytes:8
19:06:32.0 (38675586)|HEAP_ALLOCATE|[86]|Bytes:50
19:06:32.0 (38734206)|HEAP_ALLOCATE|[86]|Bytes:8
19:06:32.0 (38754369)|HEAP_ALLOCATE|[86]|Bytes:33
19:06:32.0 (38803251)|HEAP_ALLOCATE|[86]|Bytes:12
19:06:32.0 (38812789)|VARIABLE_SCOPE_BEGIN|[86]|so|SObject|true|false
19:06:32.0 (38837638)|VARIABLE_ASSIGNMENT|[86]|so|{"Id":"00528000001JBjQAAW","Name":"Ramu Veligeti"}|0x6fccf19a
19:06:32.0 (38846129)|STATEMENT_EXECUTE|[87]
19:06:32.0 (38849847)|HEAP_ALLOCATE|[87]|Bytes:4
19:06:32.0 (38930483)|HEAP_ALLOCATE|[87]|Bytes:48
19:06:32.0 (38945887)|HEAP_ALLOCATE|[87]|Bytes:52
19:06:32.0 (38958652)|USER_DEBUG|[87]|DEBUG|so==User:{Id=00528000001JBjQAAW, Name=Ramu Veligeti}
19:06:32.0 (39045122)|HEAP_ALLOCATE|[88]|Bytes:5
19:06:32.0 (39058544)|HEAP_ALLOCATE|[88]|Bytes:4
19:06:32.0 (39067045)|VARIABLE_SCOPE_BEGIN|[88]|st|String|false|false
19:06:32.0 (39078630)|VARIABLE_ASSIGNMENT|[88]|st|"name"
19:06:32.0 (39084629)|STATEMENT_EXECUTE|[88]
19:06:32.0 (39113680)|STATEMENT_EXECUTE|[89]
19:06:32.0 (39116314)|STATEMENT_EXECUTE|[90]
19:06:32.0 (39132390)|METHOD_ENTRY|[90]|01p2800000FELrp|RecentlyViewedRecords.findFieldInfo(String, String)
19:06:32.0 (39153263)|VARIABLE_SCOPE_BEGIN|[136]|objName|String|false|false
19:06:32.0 (39163072)|VARIABLE_ASSIGNMENT|[136]|objName|"User"
19:06:32.0 (39169519)|VARIABLE_SCOPE_BEGIN|[136]|fieldApi|String|false|false
19:06:32.0 (39181014)|VARIABLE_ASSIGNMENT|[136]|fieldApi|"name"
19:06:32.0 (39196168)|STATEMENT_EXECUTE|[136]
19:06:32.0 (39197549)|STATEMENT_EXECUTE|[137]
19:06:32.0 (39237614)|VARIABLE_SCOPE_BEGIN|[137]|leadSchema|Schema.SObjectType|true|false
19:06:32.0 (39378642)|VARIABLE_ASSIGNMENT|[137]|leadSchema|"common.apex.runtime.impl.ApexSObjectTypeToken@74d8bbd7"|0x74d8bbd7
19:06:32.0 (39386528)|STATEMENT_EXECUTE|[138]
19:06:32.0 (39426544)|HEAP_ALLOCATE|[138]|Bytes:4
19:06:32.0 (40383317)|HEAP_ALLOCATE|[138]|Bytes:640
19:06:32.0 (40400471)|METHOD_EXIT|[90]|01p2800000FELrp|RecentlyViewedRecords.findFieldInfo(String, String)
19:06:32.0 (40408702)|VARIABLE_SCOPE_BEGIN|[90]|fieldMap|Map<String,Schema.SObjectField>|true|false
19:06:32.0 (40632476)|VARIABLE_ASSIGNMENT|[90]|fieldMap|"{aboutme=AboutMe, accountid=AccountId, address=Address, alias=Alias, badgetext=BadgeText, bannerphotourl=BannerPhotoUrl, bksl2__about_us__c=BKSL2__About_us__c, bksl2__booking_social_account2__c=BKSL2__Booking_Social_Account2__c, bksl2__booking_social_account__c=BKSL2__Booking_Social_Account__c, bksl2__expert__c=BKSL2__Expert__c, ...}"|0x6c76cd2e
19:06:32.0 (40646815)|STATEMENT_EXECUTE|[91]
19:06:32.0 (40747739)|HEAP_ALLOCATE|[91]|Bytes:180
19:06:32.0 (40761032)|HEAP_ALLOCATE|[91]|Bytes:23
19:06:32.0 (40777926)|HEAP_ALLOCATE|[91]|Bytes:28
19:06:32.0 (40798914)|CONSTRUCTOR_ENTRY|[91]|01p2800000FELrp|<init>()
19:06:32.0 (40826566)|VARIABLE_SCOPE_BEGIN|[167]|this|RecentlyViewedRecords.objectWrapper|true|false
19:06:32.0 (40897779)|VARIABLE_ASSIGNMENT|[167]|this|{}|0x2494cd5b
19:06:32.0 (40909903)|HEAP_ALLOCATE|[EXTERNAL]|Bytes:6
19:06:32.0 (40933483)|STATEMENT_EXECUTE|[167]
19:06:32.0 (40935022)|STATEMENT_EXECUTE|[169]
19:06:32.0 (40936333)|STATEMENT_EXECUTE|[171]
19:06:32.0 (40937197)|STATEMENT_EXECUTE|[173]
19:06:32.0 (40938048)|STATEMENT_EXECUTE|[175]
19:06:32.0 (40943972)|STATEMENT_EXECUTE|[177]
19:06:32.0 (40944892)|STATEMENT_EXECUTE|[179]
19:06:32.0 (40949366)|CONSTRUCTOR_EXIT|[91]|01p2800000FELrp|<init>()
19:06:32.0 (40956190)|VARIABLE_SCOPE_BEGIN|[91]|ow|RecentlyViewedRecords.objectWrapper|true|false
19:06:32.0 (40977262)|VARIABLE_ASSIGNMENT|[91]|ow|{}|0x2494cd5b
19:06:32.0 (40996737)|STATEMENT_EXECUTE|[92]
19:06:32.0 (41315022)|HEAP_ALLOCATE|[92]|Bytes:8
19:06:32.0 (41340781)|HEAP_ALLOCATE|[92]|Bytes:9
19:06:32.0 (41378283)|VARIABLE_ASSIGNMENT|[EXTERNAL]|this|{}|0x2494cd5b
19:06:32.0 (41389088)|VARIABLE_ASSIGNMENT|[EXTERNAL]|value|"Full Name"
19:06:32.0 (41399921)|VARIABLE_ASSIGNMENT|[169]|this.label|"Full Name"|0x2494cd5b
19:06:32.0 (41409041)|STATEMENT_EXECUTE|[93]
19:06:32.0 (41465977)|HEAP_ALLOCATE|[93]|Bytes:13
19:06:32.0 (41486140)|HEAP_ALLOCATE|[93]|Bytes:13
19:06:32.0 (41524627)|VARIABLE_ASSIGNMENT|[EXTERNAL]|this|{"label":"Full Name"}|0x2494cd5b
19:06:32.0 (41538709)|VARIABLE_ASSIGNMENT|[EXTERNAL]|value|"Ramu Veligeti"
19:06:32.0 (41547998)|VARIABLE_ASSIGNMENT|[171]|this.value|"Ramu Veligeti"|0x2494cd5b
19:06:32.0 (41556146)|STATEMENT_EXECUTE|[94]
19:06:32.0 (41607936)|VARIABLE_ASSIGNMENT|[EXTERNAL]|this|{"label":"Full Name","value":"Ramu Veligeti"}|0x2494cd5b
19:06:32.0 (41617420)|VARIABLE_ASSIGNMENT|[EXTERNAL]|value|null
19:06:32.0 (41624608)|VARIABLE_ASSIGNMENT|[173]|this.refName|null|0x2494cd5b
19:06:32.0 (41632163)|STATEMENT_EXECUTE|[95]
19:06:32.0 (41675546)|VARIABLE_ASSIGNMENT|[EXTERNAL]|this|{"label":"Full Name","value":"Ramu Veligeti"}|0x2494cd5b
19:06:32.0 (41684091)|VARIABLE_ASSIGNMENT|[EXTERNAL]|value|"name"
19:06:32.0 (41692353)|VARIABLE_ASSIGNMENT|[175]|this.api|"name"|0x2494cd5b
19:06:32.0 (41700017)|STATEMENT_EXECUTE|[96]
19:06:32.0 (41754139)|HEAP_ALLOCATE|[96]|Bytes:8
19:06:32.0 (42530083)|HEAP_ALLOCATE|[96]|Bytes:12
19:06:32.0 (42563509)|HEAP_ALLOCATE|[96]|Bytes:6
19:06:32.0 (42604474)|VARIABLE_ASSIGNMENT|[EXTERNAL]|this|{"api":"name","label":"Full Name","value":"Ramu Veligeti"}|0x2494cd5b
19:06:32.0 (42615553)|VARIABLE_ASSIGNMENT|[EXTERNAL]|value|"STRING"
19:06:32.0 (42624257)|VARIABLE_ASSIGNMENT|[177]|this.type|"STRING"|0x2494cd5b
19:06:32.0 (42638352)|STATEMENT_EXECUTE|[98]
19:06:32.0 (42641825)|HEAP_ALLOCATE|[98]|Bytes:4
19:06:32.0 (42717511)|HEAP_ALLOCATE|[98]|Bytes:103
19:06:32.0 (42740771)|HEAP_ALLOCATE|[98]|Bytes:107
19:06:32.0 (42758136)|USER_DEBUG|[98]|DEBUG|ow==objectWrapper:[api=name, iconUrl=null, label=Full Name, refName=null, type=STRING, value=Ramu Veligeti]
19:06:32.0 (42766350)|STATEMENT_EXECUTE|[99]
19:06:32.0 (42792911)|HEAP_ALLOCATE|[EXTERNAL]|Bytes:4
19:06:32.0 (42815347)|HEAP_ALLOCATE|[88]|Bytes:5
19:06:32.0 (42827725)|VARIABLE_ASSIGNMENT|[88]|st|null
19:06:32.0 (42832806)|STATEMENT_EXECUTE|[102]
19:06:32.0 (42840211)|SYSTEM_MODE_EXIT|false
19:06:32.42 (42862854)|CUMULATIVE_LIMIT_USAGE
19:06:32.42 (42862854)|LIMIT_USAGE_FOR_NS|(default)|
  Number of SOQL queries: 1 out of 100
  Number of query rows: 1 out of 50000
  Number of SOSL queries: 0 out of 20
  Number of DML statements: 0 out of 150
  Number of DML rows: 0 out of 10000
  Maximum CPU time: 0 out of 10000
  Maximum heap size: 0 out of 6000000
  Number of callouts: 0 out of 100
  Number of Email Invocations: 0 out of 10
  Number of future calls: 0 out of 50
  Number of queueable jobs added to the queue: 0 out of 50
  Number of Mobile Apex push calls: 0 out of 10

19:06:32.42 (42862854)|CUMULATIVE_LIMIT_USAGE_END

19:06:32.0 (42903075)|CODE_UNIT_FINISHED|RecentlyViewedRecords.queryCompactLayout
19:06:32.0 (44488266)|CODE_UNIT_STARTED|[EXTERNAL]|Aura
19:06:32.0 (44539545)|CODE_UNIT_FINISHED|Aura
19:06:32.0 (44569470)|CODE_UNIT_FINISHED|Aura
19:06:32.0 (45391343)|EXECUTION_FINISHED
