40.0 APEX_CODE,FINEST;APEX_PROFILING,INFO;CALLOUT,INFO;DB,INFO;SYSTEM,DEBUG;VALIDATION,INFO;VISUALFORCE,INFO;WAVE,INFO;WORKFLOW,INFO
19:07:02.0 (60872)|USER_INFO|[EXTERNAL]|00528000001JBjQ|ramu.veligeti@yahoo.co.in|Pacific Standard Time|GMT-07:00
19:07:02.0 (103980)|EXECUTION_STARTED
19:07:02.0 (107161)|CODE_UNIT_STARTED|[EXTERNAL]|Aura
19:07:02.0 (13213507)|HEAP_ALLOCATE|[72]|Bytes:3
19:07:02.0 (13271110)|HEAP_ALLOCATE|[77]|Bytes:152
19:07:02.0 (13287747)|HEAP_ALLOCATE|[342]|Bytes:408
19:07:02.0 (13301648)|HEAP_ALLOCATE|[355]|Bytes:408
19:07:02.0 (13314917)|HEAP_ALLOCATE|[467]|Bytes:48
19:07:02.0 (13338751)|HEAP_ALLOCATE|[139]|Bytes:6
19:07:02.0 (13352387)|HEAP_ALLOCATE|[EXTERNAL]|Bytes:18
19:07:02.0 (13361388)|HEAP_ALLOCATE|[EXTERNAL]|Bytes:4
19:07:02.0 (13588982)|HEAP_ALLOCATE|[EXTERNAL]|Bytes:7
19:07:02.0 (13596333)|HEAP_ALLOCATE|[EXTERNAL]|Bytes:7
19:07:02.0 (14867113)|CODE_UNIT_STARTED|[EXTERNAL]|01p2800000FELrp|RecentlyViewedRecords.queryCompactLayout
19:07:02.0 (14918668)|VARIABLE_SCOPE_BEGIN|[2]|RecentlyViewedRecords.FIELDSET_NAME|String|false|true
19:07:02.0 (14930751)|VARIABLE_SCOPE_BEGIN|[3]|RecentlyViewedRecords.private_apiFieldNames|Map<String,Set<String>>|true|true
19:07:02.0 (14938135)|VARIABLE_SCOPE_BEGIN|[5]|RecentlyViewedRecords.rvi|Recently_Viewed__c|true|true
19:07:02.0 (14945689)|VARIABLE_SCOPE_BEGIN|[4]|RecentlyViewedRecords.schemaMap|Map<String,Schema.SObjectType>|true|true
19:07:02.0 (15004677)|HEAP_ALLOCATE|[EXTERNAL]|Bytes:35
19:07:02.0 (15013697)|HEAP_ALLOCATE|[EXTERNAL]|Bytes:20
19:07:02.0 (15017342)|HEAP_ALLOCATE|[EXTERNAL]|Bytes:38
19:07:02.0 (15125344)|METHOD_ENTRY|[1]|01p2800000FELrp|RecentlyViewedRecords.RecentlyViewedRecords()
19:07:02.0 (15134112)|STATEMENT_EXECUTE|[1]
19:07:02.0 (15138846)|STATEMENT_EXECUTE|[1]
19:07:02.0 (15140095)|STATEMENT_EXECUTE|[2]
19:07:02.0 (15143718)|HEAP_ALLOCATE|[2]|Bytes:19
19:07:02.0 (15175645)|VARIABLE_ASSIGNMENT|[2]|RecentlyViewedRecords.FIELDSET_NAME|"RecentlyViewedHover"
19:07:02.0 (15180868)|STATEMENT_EXECUTE|[3]
19:07:02.0 (15184754)|HEAP_ALLOCATE|[3]|Bytes:4
19:07:02.0 (15208380)|VARIABLE_ASSIGNMENT|[3]|RecentlyViewedRecords.private_apiFieldNames|{}|0x30c5adc4
19:07:02.0 (15214322)|STATEMENT_EXECUTE|[4]
19:07:02.0 (15248784)|HEAP_ALLOCATE|[50]|Bytes:5
19:07:02.0 (15270245)|HEAP_ALLOCATE|[56]|Bytes:5
19:07:02.0 (15276788)|HEAP_ALLOCATE|[64]|Bytes:7
19:07:02.0 (32504416)|HEAP_ALLOCATE|[4]|Bytes:1456
19:07:02.0 (32874232)|VARIABLE_ASSIGNMENT|[4]|RecentlyViewedRecords.schemaMap|"{acceptedeventrelation=AcceptedEventRelation, acchierarchy__account_hierarchy__mdt=accHierarchy__Account_Hierarchy__mdt, acchierarchy__account_hierarchy_setup__c=accHierarchy__Account_Hierarchy_Setup__c, account=Account, accountcleaninfo=AccountCleanInfo, accountcontactrole=AccountContactRole, accountfeed=AccountFeed, accounthistory=AccountHistory, accountpartner=AccountPartner, accountshare=AccountShare, ...}"|0xf15f248
19:07:02.0 (32893883)|STATEMENT_EXECUTE|[5]
19:07:02.0 (33783579)|HEAP_ALLOCATE|[5]|Bytes:20
19:07:02.0 (33837618)|VARIABLE_ASSIGNMENT|[5]|RecentlyViewedRecords.rvi|{"IsDeleted":false,"Name":"a0d28000002ZKNz","SetupOwnerId":"00528000001JBjQAAW","Records_to_Display__ (1 more) ...":"20"}|0x691879d3
19:07:02.0 (33852057)|STATEMENT_EXECUTE|[147]
19:07:02.0 (33854292)|STATEMENT_EXECUTE|[167]
19:07:02.0 (33864300)|METHOD_EXIT|[1]|RecentlyViewedRecords
19:07:02.0 (33876839)|HEAP_ALLOCATE|[EXTERNAL]|Bytes:4
19:07:02.0 (33882125)|HEAP_ALLOCATE|[EXTERNAL]|Bytes:7
19:07:02.0 (33891201)|SYSTEM_MODE_ENTER|false
19:07:02.0 (33908259)|VARIABLE_SCOPE_BEGIN|[33]|rvId|Id|false|false
19:07:02.0 (33985121)|VARIABLE_ASSIGNMENT|[33]|rvId|"0032800000tktEdAAI"
19:07:02.0 (33991554)|VARIABLE_SCOPE_BEGIN|[33]|objName|String|false|false
19:07:02.0 (33999910)|VARIABLE_ASSIGNMENT|[33]|objName|"Contact"
19:07:02.0 (34010307)|STATEMENT_EXECUTE|[33]
19:07:02.0 (34012350)|STATEMENT_EXECUTE|[34]
19:07:02.0 (34021633)|HEAP_ALLOCATE|[34]|Bytes:4
19:07:02.0 (34036329)|VARIABLE_SCOPE_BEGIN|[34]|objMap|Map<String,String>|true|false
19:07:02.0 (34052367)|VARIABLE_ASSIGNMENT|[34]|objMap|{}|0x74ae42b9
19:07:02.0 (34057496)|STATEMENT_EXECUTE|[35]
19:07:02.0 (34161950)|HEAP_ALLOCATE|[35]|Bytes:4
19:07:02.0 (34220973)|VARIABLE_SCOPE_BEGIN|[35]|owList|List<RecentlyViewedRecords.objectWrapper>|true|false
19:07:02.0 (34253209)|HEAP_ALLOCATE|[EXTERNAL]|Bytes:4
19:07:02.0 (34263118)|VARIABLE_ASSIGNMENT|[35]|owList|[]|0x540969d6
19:07:02.0 (34268974)|STATEMENT_EXECUTE|[36]
19:07:02.0 (41767153)|HEAP_ALLOCATE|[36]|Bytes:1628
19:07:02.0 (41799280)|VARIABLE_SCOPE_BEGIN|[36]|globalDescribeMap|Map<String,Schema.SObjectType>|true|false
19:07:02.0 (42035712)|VARIABLE_ASSIGNMENT|[36]|globalDescribeMap|"{acceptedeventrelation=AcceptedEventRelation, acchierarchy__account_hierarchy__mdt=accHierarchy__Account_Hierarchy__mdt, acchierarchy__account_hierarchy_setup__c=accHierarchy__Account_Hierarchy_Setup__c, account=Account, accountcleaninfo=AccountCleanInfo, accountcontactrole=AccountContactRole, accountfeed=AccountFeed, accounthistory=AccountHistory, accountpartner=AccountPartner, accountshare=AccountShare, ...}"|0x2c961164
19:07:02.0 (42053866)|STATEMENT_EXECUTE|[37]
19:07:02.0 (42137682)|VARIABLE_SCOPE_BEGIN|[37]|SObjectTypeObj|Schema.SObjectType|true|false
19:07:02.0 (42195480)|VARIABLE_ASSIGNMENT|[37]|SObjectTypeObj|"common.apex.runtime.impl.ApexSObjectTypeToken@66a23c4"|0x66a23c4
19:07:02.0 (42202987)|STATEMENT_EXECUTE|[38]
19:07:02.0 (42452022)|HEAP_ALLOCATE|[38]|Bytes:4
19:07:02.0 (42480077)|VARIABLE_SCOPE_BEGIN|[38]|describeSObjectResultObj|Schema.DescribeSObjectResult|true|false
19:07:02.0 (42570132)|VARIABLE_ASSIGNMENT|[38]|describeSObjectResultObj|"common.api.soap.wsdl.DescribeSObjectResult@36bd9e2e"|0x30eb39b
19:07:02.0 (42580104)|STATEMENT_EXECUTE|[39]
19:07:02.0 (42602445)|HEAP_ALLOCATE|[39]|Bytes:15
19:07:02.0 (42616266)|HEAP_ALLOCATE|[39]|Bytes:2
19:07:02.0 (42751856)|HEAP_ALLOCATE|[39]|Bytes:369
19:07:02.0 (42775634)|HEAP_ALLOCATE|[39]|Bytes:405
19:07:02.0 (42799402)|USER_DEBUG|[39]|DEBUG|FIELDSET_NAME==RecentlyViewedHover==Schema.DescribeSObjectResult[getHasSubtypes=false;getKeyPrefix=003;getLabel=Contact;getLabelPlural=Contacts;getName=Contact;isAccessible=true;isCreateable=true;isCustom=false;isCustomSetting=false;isDeletable=true;isDeprecatedAndHidden=false;isFeedEnabled=true;isMergeable=true;isMruEnabled=true;isQueryable=true;isSearchable=true;isUndeletable=true;isUpdateable=true;]
19:07:02.0 (42812971)|STATEMENT_EXECUTE|[40]
19:07:02.0 (44569001)|HEAP_ALLOCATE|[40]|Bytes:12
19:07:02.0 (44619978)|VARIABLE_SCOPE_BEGIN|[40]|fieldSetObj|Schema.FieldSet|true|false
19:07:02.0 (44633607)|VARIABLE_ASSIGNMENT|[40]|fieldSetObj|null|
19:07:02.0 (44640290)|STATEMENT_EXECUTE|[41]
19:07:02.0 (44643833)|HEAP_ALLOCATE|[41]|Bytes:13
19:07:02.0 (44689318)|HEAP_ALLOCATE|[41]|Bytes:17
19:07:02.0 (44702249)|USER_DEBUG|[41]|DEBUG|fieldSetObj==null
19:07:02.0 (44709523)|STATEMENT_EXECUTE|[42]
19:07:02.0 (44715492)|HEAP_ALLOCATE|[42]|Bytes:4
19:07:02.0 (44742536)|VARIABLE_SCOPE_BEGIN|[42]|fieldApis|List<String>|true|false
19:07:02.0 (44769210)|HEAP_ALLOCATE|[EXTERNAL]|Bytes:4
19:07:02.0 (44781199)|VARIABLE_ASSIGNMENT|[42]|fieldApis|[]|0xfdedd81
19:07:02.0 (44786851)|STATEMENT_EXECUTE|[43]
19:07:02.0 (44792460)|HEAP_ALLOCATE|[43]|Bytes:4
19:07:02.0 (44814006)|VARIABLE_SCOPE_BEGIN|[43]|refFieldToIgnore|Set<String>|true|false
19:07:02.0 (44837857)|VARIABLE_ASSIGNMENT|[43]|refFieldToIgnore|[]|0x79ba358a
19:07:02.0 (44844187)|STATEMENT_EXECUTE|[44]
19:07:02.0 (44849014)|HEAP_ALLOCATE|[44]|Bytes:4
19:07:02.0 (44855467)|VARIABLE_SCOPE_BEGIN|[44]|refMap|Map<String,String>|true|false
19:07:02.0 (44870349)|VARIABLE_ASSIGNMENT|[44]|refMap|{}|0x438c8abc
19:07:02.0 (44875729)|STATEMENT_EXECUTE|[45]
19:07:02.0 (44877929)|VARIABLE_SCOPE_BEGIN|[45]|query|String|false|false
19:07:02.0 (44886942)|VARIABLE_ASSIGNMENT|[45]|query|null
19:07:02.0 (44891633)|STATEMENT_EXECUTE|[66]
19:07:02.0 (44894487)|HEAP_ALLOCATE|[67]|Bytes:4
19:07:02.0 (44929689)|STATEMENT_EXECUTE|[67]
19:07:02.0 (44931179)|STATEMENT_EXECUTE|[68]
19:07:02.0 (44933623)|HEAP_ALLOCATE|[68]|Bytes:4
19:07:02.0 (44956597)|HEAP_ALLOCATE|[EXTERNAL]|Bytes:4
19:07:02.0 (44963474)|STATEMENT_EXECUTE|[69]
19:07:02.0 (44965459)|HEAP_ALLOCATE|[69]|Bytes:20
19:07:02.0 (44969570)|HEAP_ALLOCATE|[69]|Bytes:13
19:07:02.0 (44987487)|HEAP_ALLOCATE|[69]|Bytes:18
19:07:02.0 (44995948)|HEAP_ALLOCATE|[69]|Bytes:1
19:07:02.0 (45004190)|HEAP_ALLOCATE|[69]|Bytes:59
19:07:02.0 (45013791)|VARIABLE_ASSIGNMENT|[69]|query|"Select Id,Name from  (39 more) ..."
19:07:02.0 (45018813)|STATEMENT_EXECUTE|[85]
19:07:02.0 (45020694)|HEAP_ALLOCATE|[85]|Bytes:7
19:07:02.0 (45025999)|HEAP_ALLOCATE|[85]|Bytes:66
19:07:02.0 (45042927)|USER_DEBUG|[85]|DEBUG|query==Select Id,Name from Contact where Id = '0032800000tktEdAAI'
19:07:02.0 (45050187)|STATEMENT_EXECUTE|[86]
19:07:02.0 (45455462)|SOQL_EXECUTE_BEGIN|[86]|Aggregations:0|Select Id,Name from Contact where Id = '0032800000tktEdAAI'
19:07:02.0 (47316855)|SOQL_EXECUTE_END|[86]|Rows:1
19:07:02.0 (47344176)|HEAP_ALLOCATE|[86]|Bytes:8
19:07:02.0 (47362849)|HEAP_ALLOCATE|[86]|Bytes:50
19:07:02.0 (47430178)|HEAP_ALLOCATE|[86]|Bytes:8
19:07:02.0 (47453178)|HEAP_ALLOCATE|[86]|Bytes:33
19:07:02.0 (47514851)|HEAP_ALLOCATE|[86]|Bytes:12
19:07:02.0 (47526137)|VARIABLE_SCOPE_BEGIN|[86]|so|SObject|true|false
19:07:02.0 (47555110)|VARIABLE_ASSIGNMENT|[86]|so|{"Id":"0032800000tktEdAAI","Name":"Ramu Veligeti"}|0x1e040a9d
19:07:02.0 (47565390)|STATEMENT_EXECUTE|[87]
19:07:02.0 (47570021)|HEAP_ALLOCATE|[87]|Bytes:4
19:07:02.0 (47650737)|HEAP_ALLOCATE|[87]|Bytes:51
19:07:02.0 (47670592)|HEAP_ALLOCATE|[87]|Bytes:55
19:07:02.0 (47685411)|USER_DEBUG|[87]|DEBUG|so==Contact:{Id=0032800000tktEdAAI, Name=Ramu Veligeti}
19:07:02.0 (47772463)|HEAP_ALLOCATE|[88]|Bytes:5
19:07:02.0 (47788574)|HEAP_ALLOCATE|[88]|Bytes:4
19:07:02.0 (47797599)|VARIABLE_SCOPE_BEGIN|[88]|st|String|false|false
19:07:02.0 (47811750)|VARIABLE_ASSIGNMENT|[88]|st|"name"
19:07:02.0 (47819909)|STATEMENT_EXECUTE|[88]
19:07:02.0 (47855178)|STATEMENT_EXECUTE|[89]
19:07:02.0 (47857443)|STATEMENT_EXECUTE|[90]
19:07:02.0 (47872866)|METHOD_ENTRY|[90]|01p2800000FELrp|RecentlyViewedRecords.findFieldInfo(String, String)
19:07:02.0 (47893545)|VARIABLE_SCOPE_BEGIN|[136]|objName|String|false|false
19:07:02.0 (47905830)|VARIABLE_ASSIGNMENT|[136]|objName|"Contact"
19:07:02.0 (47911542)|VARIABLE_SCOPE_BEGIN|[136]|fieldApi|String|false|false
19:07:02.0 (47922509)|VARIABLE_ASSIGNMENT|[136]|fieldApi|"name"
19:07:02.0 (47929924)|STATEMENT_EXECUTE|[136]
19:07:02.0 (47931805)|STATEMENT_EXECUTE|[137]
19:07:02.0 (47971492)|VARIABLE_SCOPE_BEGIN|[137]|leadSchema|Schema.SObjectType|true|false
19:07:02.0 (48081756)|VARIABLE_ASSIGNMENT|[137]|leadSchema|"common.apex.runtime.impl.ApexSObjectTypeToken@66a23c4"|0x66a23c4
19:07:02.0 (48104642)|STATEMENT_EXECUTE|[138]
19:07:02.0 (48149218)|HEAP_ALLOCATE|[138]|Bytes:4
19:07:02.0 (48670523)|HEAP_ALLOCATE|[138]|Bytes:276
19:07:02.0 (48685006)|METHOD_EXIT|[90]|01p2800000FELrp|RecentlyViewedRecords.findFieldInfo(String, String)
19:07:02.0 (48692825)|VARIABLE_SCOPE_BEGIN|[90]|fieldMap|Map<String,Schema.SObjectField>|true|false
19:07:02.0 (48889005)|VARIABLE_ASSIGNMENT|[90]|fieldMap|"{accountid=AccountId, assistantname=AssistantName, assistantphone=AssistantPhone, birthdate=Birthdate, bksl2__critical_notification__c=BKSL2__Critical_Notification__c, bksl2__facebook_content__c=BKSL2__Facebook_Content__c, bksl2__facebook_id__c=BKSL2__Facebook_ID__c, bksl2__gender__c=BKSL2__Gender__c, cleanstatus=CleanStatus, createdbyid=CreatedById, ...}"|0x371b20ac
19:07:02.0 (48908097)|STATEMENT_EXECUTE|[91]
19:07:02.0 (48926391)|HEAP_ALLOCATE|[91]|Bytes:180
19:07:02.0 (48936350)|HEAP_ALLOCATE|[91]|Bytes:23
19:07:02.0 (48945285)|HEAP_ALLOCATE|[91]|Bytes:28
19:07:02.0 (48960087)|CONSTRUCTOR_ENTRY|[91]|01p2800000FELrp|<init>()
19:07:02.0 (48983319)|VARIABLE_SCOPE_BEGIN|[167]|this|RecentlyViewedRecords.objectWrapper|true|false
19:07:02.0 (49022797)|VARIABLE_ASSIGNMENT|[167]|this|{}|0x437d0a01
19:07:02.0 (49037691)|HEAP_ALLOCATE|[EXTERNAL]|Bytes:6
19:07:02.0 (49065091)|STATEMENT_EXECUTE|[167]
19:07:02.0 (49067179)|STATEMENT_EXECUTE|[169]
19:07:02.0 (49068881)|STATEMENT_EXECUTE|[171]
19:07:02.0 (49070240)|STATEMENT_EXECUTE|[173]
19:07:02.0 (49071763)|STATEMENT_EXECUTE|[175]
19:07:02.0 (49073185)|STATEMENT_EXECUTE|[177]
19:07:02.0 (49075071)|STATEMENT_EXECUTE|[179]
19:07:02.0 (49080744)|CONSTRUCTOR_EXIT|[91]|01p2800000FELrp|<init>()
19:07:02.0 (49101378)|VARIABLE_SCOPE_BEGIN|[91]|ow|RecentlyViewedRecords.objectWrapper|true|false
19:07:02.0 (49129000)|VARIABLE_ASSIGNMENT|[91]|ow|{}|0x437d0a01
19:07:02.0 (49137284)|STATEMENT_EXECUTE|[92]
19:07:02.0 (49483111)|HEAP_ALLOCATE|[92]|Bytes:8
19:07:02.0 (49513042)|HEAP_ALLOCATE|[92]|Bytes:9
19:07:02.0 (49553162)|VARIABLE_ASSIGNMENT|[EXTERNAL]|this|{}|0x437d0a01
19:07:02.0 (49566253)|VARIABLE_ASSIGNMENT|[EXTERNAL]|value|"Full Name"
19:07:02.0 (49580178)|VARIABLE_ASSIGNMENT|[169]|this.label|"Full Name"|0x437d0a01
19:07:02.0 (49593262)|STATEMENT_EXECUTE|[93]
19:07:02.0 (49663667)|HEAP_ALLOCATE|[93]|Bytes:13
19:07:02.0 (49690798)|HEAP_ALLOCATE|[93]|Bytes:13
19:07:02.0 (49731314)|VARIABLE_ASSIGNMENT|[EXTERNAL]|this|{"label":"Full Name"}|0x437d0a01
19:07:02.0 (49744143)|VARIABLE_ASSIGNMENT|[EXTERNAL]|value|"Ramu Veligeti"
19:07:02.0 (49754900)|VARIABLE_ASSIGNMENT|[171]|this.value|"Ramu Veligeti"|0x437d0a01
19:07:02.0 (49766088)|STATEMENT_EXECUTE|[94]
19:07:02.0 (49827743)|VARIABLE_ASSIGNMENT|[EXTERNAL]|this|{"label":"Full Name","value":"Ramu Veligeti"}|0x437d0a01
19:07:02.0 (49841584)|VARIABLE_ASSIGNMENT|[EXTERNAL]|value|null
19:07:02.0 (49852816)|VARIABLE_ASSIGNMENT|[173]|this.refName|null|0x437d0a01
19:07:02.0 (49864163)|STATEMENT_EXECUTE|[95]
19:07:02.0 (49900760)|VARIABLE_ASSIGNMENT|[EXTERNAL]|this|{"label":"Full Name","value":"Ramu Veligeti"}|0x437d0a01
19:07:02.0 (49912385)|VARIABLE_ASSIGNMENT|[EXTERNAL]|value|"name"
19:07:02.0 (49921636)|VARIABLE_ASSIGNMENT|[175]|this.api|"name"|0x437d0a01
19:07:02.0 (49933832)|STATEMENT_EXECUTE|[96]
19:07:02.0 (50003704)|HEAP_ALLOCATE|[96]|Bytes:8
19:07:02.0 (51010753)|HEAP_ALLOCATE|[96]|Bytes:12
19:07:02.0 (51047630)|HEAP_ALLOCATE|[96]|Bytes:6
19:07:02.0 (51099715)|VARIABLE_ASSIGNMENT|[EXTERNAL]|this|{"api":"name","label":"Full Name","value":"Ramu Veligeti"}|0x437d0a01
19:07:02.0 (51112435)|VARIABLE_ASSIGNMENT|[EXTERNAL]|value|"STRING"
19:07:02.0 (51124217)|VARIABLE_ASSIGNMENT|[177]|this.type|"STRING"|0x437d0a01
19:07:02.0 (51137125)|STATEMENT_EXECUTE|[98]
19:07:02.0 (51141704)|HEAP_ALLOCATE|[98]|Bytes:4
19:07:02.0 (51202029)|HEAP_ALLOCATE|[98]|Bytes:103
19:07:02.0 (51222540)|HEAP_ALLOCATE|[98]|Bytes:107
19:07:02.0 (51239103)|USER_DEBUG|[98]|DEBUG|ow==objectWrapper:[api=name, iconUrl=null, label=Full Name, refName=null, type=STRING, value=Ramu Veligeti]
19:07:02.0 (51249942)|STATEMENT_EXECUTE|[99]
19:07:02.0 (51280929)|HEAP_ALLOCATE|[EXTERNAL]|Bytes:4
19:07:02.0 (51304328)|HEAP_ALLOCATE|[88]|Bytes:5
19:07:02.0 (51319572)|VARIABLE_ASSIGNMENT|[88]|st|null
19:07:02.0 (51327404)|STATEMENT_EXECUTE|[102]
19:07:02.0 (51336434)|SYSTEM_MODE_EXIT|false
19:07:02.51 (51359938)|CUMULATIVE_LIMIT_USAGE
19:07:02.51 (51359938)|LIMIT_USAGE_FOR_NS|(default)|
  Number of SOQL queries: 1 out of 100
  Number of query rows: 1 out of 50000
  Number of SOSL queries: 0 out of 20
  Number of DML statements: 0 out of 150
  Number of DML rows: 0 out of 10000
  Maximum CPU time: 0 out of 10000
  Maximum heap size: 0 out of 6000000
  Number of callouts: 0 out of 100
  Number of Email Invocations: 0 out of 10
  Number of future calls: 0 out of 50
  Number of queueable jobs added to the queue: 0 out of 50
  Number of Mobile Apex push calls: 0 out of 10

19:07:02.51 (51359938)|CUMULATIVE_LIMIT_USAGE_END

19:07:02.0 (51397455)|CODE_UNIT_FINISHED|RecentlyViewedRecords.queryCompactLayout
19:07:02.0 (52822226)|CODE_UNIT_STARTED|[EXTERNAL]|Aura
19:07:02.0 (52865416)|CODE_UNIT_FINISHED|Aura
19:07:02.0 (52891534)|CODE_UNIT_FINISHED|Aura
19:07:02.0 (53704876)|EXECUTION_FINISHED
