40.0 APEX_CODE,FINEST;APEX_PROFILING,INFO;CALLOUT,INFO;DB,INFO;SYSTEM,DEBUG;VALIDATION,INFO;VISUALFORCE,INFO;WAVE,INFO;WORKFLOW,INFO
18:57:52.0 (61134)|USER_INFO|[EXTERNAL]|00528000001JBjQ|ramu.veligeti@yahoo.co.in|Pacific Standard Time|GMT-07:00
18:57:52.0 (98123)|EXECUTION_STARTED
18:57:52.0 (101388)|CODE_UNIT_STARTED|[EXTERNAL]|Aura
18:57:52.0 (12074983)|HEAP_ALLOCATE|[72]|Bytes:3
18:57:52.0 (12160615)|HEAP_ALLOCATE|[77]|Bytes:152
18:57:52.0 (12177364)|HEAP_ALLOCATE|[342]|Bytes:408
18:57:52.0 (12191429)|HEAP_ALLOCATE|[355]|Bytes:408
18:57:52.0 (12204321)|HEAP_ALLOCATE|[467]|Bytes:48
18:57:52.0 (29533151)|HEAP_ALLOCATE|[139]|Bytes:6
18:57:52.0 (29613676)|HEAP_ALLOCATE|[EXTERNAL]|Bytes:18
18:57:52.0 (29644031)|HEAP_ALLOCATE|[EXTERNAL]|Bytes:4
18:57:52.0 (30049587)|HEAP_ALLOCATE|[EXTERNAL]|Bytes:12
18:57:52.0 (30060910)|HEAP_ALLOCATE|[EXTERNAL]|Bytes:12
18:57:52.0 (30979954)|CODE_UNIT_STARTED|[EXTERNAL]|01p2800000FELrp|RecentlyViewedRecords.queryCompactLayout
18:57:52.0 (31051662)|VARIABLE_SCOPE_BEGIN|[2]|RecentlyViewedRecords.FIELDSET_NAME|String|false|true
18:57:52.0 (31347852)|VARIABLE_SCOPE_BEGIN|[3]|RecentlyViewedRecords.private_apiFieldNames|Map<String,Set<String>>|true|true
18:57:52.0 (31360552)|VARIABLE_SCOPE_BEGIN|[5]|RecentlyViewedRecords.rvi|Recently_Viewed__c|true|true
18:57:52.0 (31371058)|VARIABLE_SCOPE_BEGIN|[4]|RecentlyViewedRecords.schemaMap|Map<String,Schema.SObjectType>|true|true
18:57:52.0 (31459622)|HEAP_ALLOCATE|[EXTERNAL]|Bytes:35
18:57:52.0 (31473828)|HEAP_ALLOCATE|[EXTERNAL]|Bytes:20
18:57:52.0 (31480142)|HEAP_ALLOCATE|[EXTERNAL]|Bytes:38
18:57:52.0 (31652854)|METHOD_ENTRY|[1]|01p2800000FELrp|RecentlyViewedRecords.RecentlyViewedRecords()
18:57:52.0 (31668006)|STATEMENT_EXECUTE|[1]
18:57:52.0 (31674443)|STATEMENT_EXECUTE|[1]
18:57:52.0 (31676059)|STATEMENT_EXECUTE|[2]
18:57:52.0 (31688155)|HEAP_ALLOCATE|[2]|Bytes:19
18:57:52.0 (31724006)|VARIABLE_ASSIGNMENT|[2]|RecentlyViewedRecords.FIELDSET_NAME|"RecentlyViewedHover"
18:57:52.0 (31731098)|STATEMENT_EXECUTE|[3]
18:57:52.0 (31742506)|HEAP_ALLOCATE|[3]|Bytes:4
18:57:52.0 (31792554)|VARIABLE_ASSIGNMENT|[3]|RecentlyViewedRecords.private_apiFieldNames|{}|0x4ae1cf06
18:57:52.0 (31802049)|STATEMENT_EXECUTE|[4]
18:57:52.0 (31848433)|HEAP_ALLOCATE|[50]|Bytes:5
18:57:52.0 (31878285)|HEAP_ALLOCATE|[56]|Bytes:5
18:57:52.0 (31889924)|HEAP_ALLOCATE|[64]|Bytes:7
18:57:52.0 (50174403)|HEAP_ALLOCATE|[4]|Bytes:1456
18:57:52.0 (50502330)|VARIABLE_ASSIGNMENT|[4]|RecentlyViewedRecords.schemaMap|"{acceptedeventrelation=AcceptedEventRelation, acchierarchy__account_hierarchy__mdt=accHierarchy__Account_Hierarchy__mdt, acchierarchy__account_hierarchy_setup__c=accHierarchy__Account_Hierarchy_Setup__c, account=Account, accountcleaninfo=AccountCleanInfo, accountcontactrole=AccountContactRole, accountfeed=AccountFeed, accounthistory=AccountHistory, accountpartner=AccountPartner, accountshare=AccountShare, ...}"|0x223f47c9
18:57:52.0 (50520061)|STATEMENT_EXECUTE|[5]
18:57:52.0 (51375152)|HEAP_ALLOCATE|[5]|Bytes:20
18:57:52.0 (51444964)|VARIABLE_ASSIGNMENT|[5]|RecentlyViewedRecords.rvi|{"IsDeleted":false,"Name":"a0d28000002ZKNz","SetupOwnerId":"00528000001JBjQAAW","Records_to_Display__ (1 more) ...":"20"}|0x587b4eec
18:57:52.0 (51454355)|STATEMENT_EXECUTE|[147]
18:57:52.0 (51455793)|STATEMENT_EXECUTE|[167]
18:57:52.0 (51484515)|METHOD_EXIT|[1]|RecentlyViewedRecords
18:57:52.0 (51496213)|HEAP_ALLOCATE|[EXTERNAL]|Bytes:4
18:57:52.0 (51500567)|HEAP_ALLOCATE|[EXTERNAL]|Bytes:12
18:57:52.0 (51507827)|SYSTEM_MODE_ENTER|false
18:57:52.0 (51517274)|VARIABLE_SCOPE_BEGIN|[33]|rvId|Id|false|false
18:57:52.0 (51584752)|VARIABLE_ASSIGNMENT|[33]|rvId|"a0f28000008b0AbAAI"
18:57:52.0 (51592085)|VARIABLE_SCOPE_BEGIN|[33]|objName|String|false|false
18:57:52.0 (51601100)|VARIABLE_ASSIGNMENT|[33]|objName|"Scheduler__c"
18:57:52.0 (51613100)|STATEMENT_EXECUTE|[33]
18:57:52.0 (51614500)|STATEMENT_EXECUTE|[34]
18:57:52.0 (51622719)|HEAP_ALLOCATE|[34]|Bytes:4
18:57:52.0 (51640510)|VARIABLE_SCOPE_BEGIN|[34]|objMap|Map<String,String>|true|false
18:57:52.0 (51663123)|VARIABLE_ASSIGNMENT|[34]|objMap|{}|0x1ca6231a
18:57:52.0 (51672350)|STATEMENT_EXECUTE|[35]
18:57:52.0 (51804641)|HEAP_ALLOCATE|[35]|Bytes:4
18:57:52.0 (51915142)|VARIABLE_SCOPE_BEGIN|[35]|owList|List<RecentlyViewedRecords.objectWrapper>|true|false
18:57:52.0 (51940771)|HEAP_ALLOCATE|[EXTERNAL]|Bytes:4
18:57:52.0 (51952491)|VARIABLE_ASSIGNMENT|[35]|owList|[]|0x44ff2e48
18:57:52.0 (51958274)|STATEMENT_EXECUTE|[36]
18:57:52.0 (60796108)|HEAP_ALLOCATE|[36]|Bytes:1628
18:57:52.0 (60832362)|VARIABLE_SCOPE_BEGIN|[36]|globalDescribeMap|Map<String,Schema.SObjectType>|true|false
18:57:52.0 (61080922)|VARIABLE_ASSIGNMENT|[36]|globalDescribeMap|"{acceptedeventrelation=AcceptedEventRelation, acchierarchy__account_hierarchy__mdt=accHierarchy__Account_Hierarchy__mdt, acchierarchy__account_hierarchy_setup__c=accHierarchy__Account_Hierarchy_Setup__c, account=Account, accountcleaninfo=AccountCleanInfo, accountcontactrole=AccountContactRole, accountfeed=AccountFeed, accounthistory=AccountHistory, accountpartner=AccountPartner, accountshare=AccountShare, ...}"|0x60d23095
18:57:52.0 (61098647)|STATEMENT_EXECUTE|[37]
18:57:52.0 (61173073)|VARIABLE_SCOPE_BEGIN|[37]|SObjectTypeObj|Schema.SObjectType|true|false
18:57:52.0 (61224743)|VARIABLE_ASSIGNMENT|[37]|SObjectTypeObj|"common.apex.runtime.impl.ApexSObjectTypeToken@625c1e4d"|0x625c1e4d
18:57:52.0 (61232697)|STATEMENT_EXECUTE|[38]
18:57:52.0 (61427903)|HEAP_ALLOCATE|[38]|Bytes:4
18:57:52.0 (61454951)|VARIABLE_SCOPE_BEGIN|[38]|describeSObjectResultObj|Schema.DescribeSObjectResult|true|false
18:57:52.0 (61517781)|VARIABLE_ASSIGNMENT|[38]|describeSObjectResultObj|"common.api.soap.wsdl.DescribeSObjectResult@315dff72"|0x3587562
18:57:52.0 (61526232)|STATEMENT_EXECUTE|[39]
18:57:52.0 (61530875)|HEAP_ALLOCATE|[39]|Bytes:15
18:57:52.0 (61540368)|HEAP_ALLOCATE|[39]|Bytes:2
18:57:52.0 (61685259)|HEAP_ALLOCATE|[39]|Bytes:378
18:57:52.0 (61709560)|HEAP_ALLOCATE|[39]|Bytes:414
18:57:52.0 (61732029)|USER_DEBUG|[39]|DEBUG|FIELDSET_NAME==RecentlyViewedHover==Schema.DescribeSObjectResult[getHasSubtypes=false;getKeyPrefix=a0f;getLabel=Scheduler;getLabelPlural=Scheduler;getName=Scheduler__c;isAccessible=true;isCreateable=true;isCustom=true;isCustomSetting=false;isDeletable=true;isDeprecatedAndHidden=false;isFeedEnabled=false;isMergeable=false;isMruEnabled=true;isQueryable=true;isSearchable=true;isUndeletable=true;isUpdateable=true;]
18:57:52.0 (61745920)|STATEMENT_EXECUTE|[40]
18:57:52.0 (62908065)|HEAP_ALLOCATE|[40]|Bytes:4
18:57:52.0 (62960810)|VARIABLE_SCOPE_BEGIN|[40]|fieldSetObj|Schema.FieldSet|true|false
18:57:52.0 (62973542)|VARIABLE_ASSIGNMENT|[40]|fieldSetObj|null|
18:57:52.0 (62979039)|STATEMENT_EXECUTE|[41]
18:57:52.0 (62982440)|HEAP_ALLOCATE|[41]|Bytes:13
18:57:52.0 (63024441)|HEAP_ALLOCATE|[41]|Bytes:17
18:57:52.0 (63035962)|USER_DEBUG|[41]|DEBUG|fieldSetObj==null
18:57:52.0 (63042375)|STATEMENT_EXECUTE|[42]
18:57:52.0 (63051938)|HEAP_ALLOCATE|[42]|Bytes:4
18:57:52.0 (63078121)|VARIABLE_SCOPE_BEGIN|[42]|fieldApis|List<String>|true|false
18:57:52.0 (63106860)|HEAP_ALLOCATE|[EXTERNAL]|Bytes:4
18:57:52.0 (63122932)|VARIABLE_ASSIGNMENT|[42]|fieldApis|[]|0x3b284f4f
18:57:52.0 (63132090)|STATEMENT_EXECUTE|[43]
18:57:52.0 (63142035)|HEAP_ALLOCATE|[43]|Bytes:4
18:57:52.0 (63172207)|VARIABLE_SCOPE_BEGIN|[43]|refFieldToIgnore|Set<String>|true|false
18:57:52.0 (63196958)|VARIABLE_ASSIGNMENT|[43]|refFieldToIgnore|[]|0x7b9bce2d
18:57:52.0 (63206164)|STATEMENT_EXECUTE|[44]
18:57:52.0 (63211043)|HEAP_ALLOCATE|[44]|Bytes:4
18:57:52.0 (63218372)|VARIABLE_SCOPE_BEGIN|[44]|refMap|Map<String,String>|true|false
18:57:52.0 (63233486)|VARIABLE_ASSIGNMENT|[44]|refMap|{}|0x5fa2e141
18:57:52.0 (63238217)|STATEMENT_EXECUTE|[45]
18:57:52.0 (63240724)|VARIABLE_SCOPE_BEGIN|[45]|query|String|false|false
18:57:52.0 (63249126)|VARIABLE_ASSIGNMENT|[45]|query|null
18:57:52.0 (63253932)|STATEMENT_EXECUTE|[66]
18:57:52.0 (63256509)|HEAP_ALLOCATE|[67]|Bytes:4
18:57:52.0 (63297054)|STATEMENT_EXECUTE|[67]
18:57:52.0 (63299163)|STATEMENT_EXECUTE|[68]
18:57:52.0 (63302638)|HEAP_ALLOCATE|[68]|Bytes:4
18:57:52.0 (63331221)|HEAP_ALLOCATE|[EXTERNAL]|Bytes:4
18:57:52.0 (63337943)|STATEMENT_EXECUTE|[69]
18:57:52.0 (63339980)|HEAP_ALLOCATE|[69]|Bytes:20
18:57:52.0 (63344174)|HEAP_ALLOCATE|[69]|Bytes:13
18:57:52.0 (63361845)|HEAP_ALLOCATE|[69]|Bytes:18
18:57:52.0 (63370393)|HEAP_ALLOCATE|[69]|Bytes:1
18:57:52.0 (63379219)|HEAP_ALLOCATE|[69]|Bytes:64
18:57:52.0 (63388218)|VARIABLE_ASSIGNMENT|[69]|query|"Select Id,Name from  (44 more) ..."
18:57:52.0 (63396497)|STATEMENT_EXECUTE|[85]
18:57:52.0 (63398669)|HEAP_ALLOCATE|[85]|Bytes:7
18:57:52.0 (63404488)|HEAP_ALLOCATE|[85]|Bytes:71
18:57:52.0 (63421119)|USER_DEBUG|[85]|DEBUG|query==Select Id,Name from Scheduler__c where Id = 'a0f28000008b0AbAAI'
18:57:52.0 (63428951)|STATEMENT_EXECUTE|[86]
18:57:52.0 (63709037)|SOQL_EXECUTE_BEGIN|[86]|Aggregations:0|Select Id,Name from Scheduler__c where Id = 'a0f28000008b0AbAAI'
18:57:52.0 (65573998)|SOQL_EXECUTE_END|[86]|Rows:1
18:57:52.0 (65600517)|HEAP_ALLOCATE|[86]|Bytes:8
18:57:52.0 (65622052)|HEAP_ALLOCATE|[86]|Bytes:47
18:57:52.0 (65689881)|HEAP_ALLOCATE|[86]|Bytes:8
18:57:52.0 (65707264)|HEAP_ALLOCATE|[86]|Bytes:33
18:57:52.0 (65762485)|HEAP_ALLOCATE|[86]|Bytes:12
18:57:52.0 (65770647)|VARIABLE_SCOPE_BEGIN|[86]|so|SObject|true|false
18:57:52.0 (65791574)|VARIABLE_ASSIGNMENT|[86]|so|{"Id":"a0f28000008b0AbAAI","Name":"SCH-000002"}|0x45bde5f6
18:57:52.0 (65798930)|STATEMENT_EXECUTE|[87]
18:57:52.0 (65801925)|HEAP_ALLOCATE|[87]|Bytes:4
18:57:52.0 (65866402)|HEAP_ALLOCATE|[87]|Bytes:53
18:57:52.0 (65881798)|HEAP_ALLOCATE|[87]|Bytes:57
18:57:52.0 (65892834)|USER_DEBUG|[87]|DEBUG|so==Scheduler__c:{Id=a0f28000008b0AbAAI, Name=SCH-000002}
18:57:52.0 (65979406)|HEAP_ALLOCATE|[88]|Bytes:5
18:57:52.0 (65991123)|HEAP_ALLOCATE|[88]|Bytes:4
18:57:52.0 (65998339)|VARIABLE_SCOPE_BEGIN|[88]|st|String|false|false
18:57:52.0 (66008486)|VARIABLE_ASSIGNMENT|[88]|st|"name"
18:57:52.0 (66014158)|STATEMENT_EXECUTE|[88]
18:57:52.0 (66041185)|STATEMENT_EXECUTE|[89]
18:57:52.0 (66042565)|STATEMENT_EXECUTE|[90]
18:57:52.0 (66056077)|METHOD_ENTRY|[90]|01p2800000FELrp|RecentlyViewedRecords.findFieldInfo(String, String)
18:57:52.0 (66074627)|VARIABLE_SCOPE_BEGIN|[136]|objName|String|false|false
18:57:52.0 (66083945)|VARIABLE_ASSIGNMENT|[136]|objName|"Scheduler__c"
18:57:52.0 (66087907)|VARIABLE_SCOPE_BEGIN|[136]|fieldApi|String|false|false
18:57:52.0 (66094197)|VARIABLE_ASSIGNMENT|[136]|fieldApi|"name"
18:57:52.0 (66106779)|STATEMENT_EXECUTE|[136]
18:57:52.0 (66108168)|STATEMENT_EXECUTE|[137]
18:57:52.0 (66138218)|VARIABLE_SCOPE_BEGIN|[137]|leadSchema|Schema.SObjectType|true|false
18:57:52.0 (66234445)|VARIABLE_ASSIGNMENT|[137]|leadSchema|"common.apex.runtime.impl.ApexSObjectTypeToken@625c1e4d"|0x625c1e4d
18:57:52.0 (66242554)|STATEMENT_EXECUTE|[138]
18:57:52.0 (66277373)|HEAP_ALLOCATE|[138]|Bytes:4
18:57:52.0 (66449055)|HEAP_ALLOCATE|[138]|Bytes:64
18:57:52.0 (66461258)|METHOD_EXIT|[90]|01p2800000FELrp|RecentlyViewedRecords.findFieldInfo(String, String)
18:57:52.0 (66468895)|VARIABLE_SCOPE_BEGIN|[90]|fieldMap|Map<String,Schema.SObjectField>|true|false
18:57:52.0 (66587516)|VARIABLE_ASSIGNMENT|[90]|fieldMap|"{createdbyid=CreatedById, createddate=CreatedDate, filter_wrapper_json__c=Filter_Wrapper_JSON__c, id=Id, isdeleted=IsDeleted, lastmodifiedbyid=LastModifiedById, lastmodifieddate=LastModifiedDate, lastreferenceddate=LastReferencedDate, lastvieweddate=LastViewedDate, name=Name, ...}"|0x22211683
18:57:52.0 (66599259)|STATEMENT_EXECUTE|[91]
18:57:52.0 (66616275)|HEAP_ALLOCATE|[91]|Bytes:180
18:57:52.0 (66623719)|HEAP_ALLOCATE|[91]|Bytes:23
18:57:52.0 (66632339)|HEAP_ALLOCATE|[91]|Bytes:28
18:57:52.0 (66644590)|CONSTRUCTOR_ENTRY|[91]|01p2800000FELrp|<init>()
18:57:52.0 (66662696)|VARIABLE_SCOPE_BEGIN|[167]|this|RecentlyViewedRecords.objectWrapper|true|false
18:57:52.0 (66702277)|VARIABLE_ASSIGNMENT|[167]|this|{}|0x4ede7c42
18:57:52.0 (66713148)|HEAP_ALLOCATE|[EXTERNAL]|Bytes:6
18:57:52.0 (66739088)|STATEMENT_EXECUTE|[167]
18:57:52.0 (66740467)|STATEMENT_EXECUTE|[169]
18:57:52.0 (66741588)|STATEMENT_EXECUTE|[171]
18:57:52.0 (66742409)|STATEMENT_EXECUTE|[173]
18:57:52.0 (66743279)|STATEMENT_EXECUTE|[175]
18:57:52.0 (66744150)|STATEMENT_EXECUTE|[177]
18:57:52.0 (66745032)|STATEMENT_EXECUTE|[179]
18:57:52.0 (66748917)|CONSTRUCTOR_EXIT|[91]|01p2800000FELrp|<init>()
18:57:52.0 (66754707)|VARIABLE_SCOPE_BEGIN|[91]|ow|RecentlyViewedRecords.objectWrapper|true|false
18:57:52.0 (66772185)|VARIABLE_ASSIGNMENT|[91]|ow|{}|0x4ede7c42
18:57:52.0 (66778494)|STATEMENT_EXECUTE|[92]
18:57:52.0 (66994397)|HEAP_ALLOCATE|[92]|Bytes:8
18:57:52.0 (67019332)|HEAP_ALLOCATE|[92]|Bytes:14
18:57:52.0 (67051235)|VARIABLE_ASSIGNMENT|[EXTERNAL]|this|{}|0x4ede7c42
18:57:52.0 (67062070)|VARIABLE_ASSIGNMENT|[EXTERNAL]|value|"Scheduler Name"
18:57:52.0 (67076189)|VARIABLE_ASSIGNMENT|[169]|this.label|"Scheduler Name"|0x4ede7c42
18:57:52.0 (67088507)|STATEMENT_EXECUTE|[93]
18:57:52.0 (67144207)|HEAP_ALLOCATE|[93]|Bytes:10
18:57:52.0 (67163046)|HEAP_ALLOCATE|[93]|Bytes:10
18:57:52.0 (67190995)|VARIABLE_ASSIGNMENT|[EXTERNAL]|this|{"label":"Scheduler Name"}|0x4ede7c42
18:57:52.0 (67198741)|VARIABLE_ASSIGNMENT|[EXTERNAL]|value|"SCH-000002"
18:57:52.0 (67206406)|VARIABLE_ASSIGNMENT|[171]|this.value|"SCH-000002"|0x4ede7c42
18:57:52.0 (67213613)|STATEMENT_EXECUTE|[94]
18:57:52.0 (67258769)|VARIABLE_ASSIGNMENT|[EXTERNAL]|this|{"label":"Scheduler Name","value":"SCH-000002"}|0x4ede7c42
18:57:52.0 (67268179)|VARIABLE_ASSIGNMENT|[EXTERNAL]|value|null
18:57:52.0 (67274603)|VARIABLE_ASSIGNMENT|[173]|this.refName|null|0x4ede7c42
18:57:52.0 (67281665)|STATEMENT_EXECUTE|[95]
18:57:52.0 (67306725)|VARIABLE_ASSIGNMENT|[EXTERNAL]|this|{"label":"Scheduler Name","value":"SCH-000002"}|0x4ede7c42
18:57:52.0 (67314425)|VARIABLE_ASSIGNMENT|[EXTERNAL]|value|"name"
18:57:52.0 (67321526)|VARIABLE_ASSIGNMENT|[175]|this.api|"name"|0x4ede7c42
18:57:52.0 (67328989)|STATEMENT_EXECUTE|[96]
18:57:52.0 (67375728)|HEAP_ALLOCATE|[96]|Bytes:8
18:57:52.0 (68149783)|HEAP_ALLOCATE|[96]|Bytes:12
18:57:52.0 (68181156)|HEAP_ALLOCATE|[96]|Bytes:6
18:57:52.0 (68227466)|VARIABLE_ASSIGNMENT|[EXTERNAL]|this|{"api":"name","label":"Scheduler Name","value":"SCH-000002"}|0x4ede7c42
18:57:52.0 (68236432)|VARIABLE_ASSIGNMENT|[EXTERNAL]|value|"STRING"
18:57:52.0 (68245292)|VARIABLE_ASSIGNMENT|[177]|this.type|"STRING"|0x4ede7c42
18:57:52.0 (68253778)|STATEMENT_EXECUTE|[98]
18:57:52.0 (68257036)|HEAP_ALLOCATE|[98]|Bytes:4
18:57:52.0 (68301576)|HEAP_ALLOCATE|[98]|Bytes:105
18:57:52.0 (68314801)|HEAP_ALLOCATE|[98]|Bytes:109
18:57:52.0 (68325692)|USER_DEBUG|[98]|DEBUG|ow==objectWrapper:[api=name, iconUrl=null, label=Scheduler Name, refName=null, type=STRING, value=SCH-000002]
18:57:52.0 (68333260)|STATEMENT_EXECUTE|[99]
18:57:52.0 (68356418)|HEAP_ALLOCATE|[EXTERNAL]|Bytes:4
18:57:52.0 (68375357)|HEAP_ALLOCATE|[88]|Bytes:5
18:57:52.0 (68387164)|VARIABLE_ASSIGNMENT|[88]|st|null
18:57:52.0 (68391847)|STATEMENT_EXECUTE|[102]
18:57:52.0 (68402360)|SYSTEM_MODE_EXIT|false
18:57:52.68 (68422446)|CUMULATIVE_LIMIT_USAGE
18:57:52.68 (68422446)|LIMIT_USAGE_FOR_NS|(default)|
  Number of SOQL queries: 1 out of 100
  Number of query rows: 1 out of 50000
  Number of SOSL queries: 0 out of 20
  Number of DML statements: 0 out of 150
  Number of DML rows: 0 out of 10000
  Maximum CPU time: 0 out of 10000
  Maximum heap size: 0 out of 6000000
  Number of callouts: 0 out of 100
  Number of Email Invocations: 0 out of 10
  Number of future calls: 0 out of 50
  Number of queueable jobs added to the queue: 0 out of 50
  Number of Mobile Apex push calls: 0 out of 10

18:57:52.68 (68422446)|CUMULATIVE_LIMIT_USAGE_END

18:57:52.0 (68461352)|CODE_UNIT_FINISHED|RecentlyViewedRecords.queryCompactLayout
18:57:52.0 (69533042)|CODE_UNIT_STARTED|[EXTERNAL]|Aura
18:57:52.0 (69589600)|CODE_UNIT_FINISHED|Aura
18:57:52.0 (69622264)|CODE_UNIT_FINISHED|Aura
18:57:52.0 (70332519)|EXECUTION_FINISHED
