40.0 APEX_CODE,FINEST;APEX_PROFILING,INFO;CALLOUT,INFO;DB,INFO;SYSTEM,DEBUG;VALIDATION,INFO;VISUALFORCE,INFO;WAVE,INFO;WORKFLOW,INFO
18:54:24.0 (87814)|USER_INFO|[EXTERNAL]|00528000001JBjQ|ramu.veligeti@yahoo.co.in|Pacific Standard Time|GMT-07:00
18:54:24.0 (1939316)|ENTERING_MANAGED_PKG|accHierarchy
18:54:24.0 (2083386)|ENTERING_MANAGED_PKG|accHierarchy
18:54:24.0 (6917851)|ENTERING_MANAGED_PKG|accHierarchy
18:54:24.0 (8789680)|SOQL_EXECUTE_BEGIN|[99]|Aggregations:0|SELECT Account_fields__c FROM Account_Hierarchy_Setup__C LIMIT 1
18:54:24.0 (12496015)|SOQL_EXECUTE_END|[99]|Rows:1
18:54:24.0 (15759769)|ENTERING_MANAGED_PKG|accHierarchy
18:54:24.0 (15859631)|ENTERING_MANAGED_PKG|accHierarchy
18:54:24.0 (15886419)|ENTERING_MANAGED_PKG|accHierarchy
18:54:24.0 (15903419)|ENTERING_MANAGED_PKG|accHierarchy
18:54:24.0 (15976378)|ENTERING_MANAGED_PKG|accHierarchy
18:54:24.0 (16054111)|ENTERING_MANAGED_PKG|accHierarchy
18:54:24.0 (16163791)|ENTERING_MANAGED_PKG|accHierarchy
18:54:24.0 (16286979)|ENTERING_MANAGED_PKG|accHierarchy
18:54:24.0 (16317779)|ENTERING_MANAGED_PKG|accHierarchy
18:54:24.0 (16338988)|ENTERING_MANAGED_PKG|accHierarchy
18:54:24.0 (16356166)|ENTERING_MANAGED_PKG|accHierarchy
18:54:24.0 (16377525)|ENTERING_MANAGED_PKG|accHierarchy
18:54:24.0 (16519568)|ENTERING_MANAGED_PKG|accHierarchy
18:54:24.0 (16999320)|ENTERING_MANAGED_PKG|accHierarchy
18:54:24.0 (17806429)|SOQL_EXECUTE_BEGIN|[36]|Aggregations:0|SELECT Id, State, CronJobDetail.Id, CronJobDetail.Name, CronJobDetail.JobType FROM CronTrigger WHERE CronJobDetail.Name = :tmpVar1 LIMIT 1
18:54:24.0 (20885534)|SOQL_EXECUTE_END|[36]|Rows:0
18:54:24.0 (21259600)|SOQL_EXECUTE_BEGIN|[37]|Aggregations:0|SELECT Id FROM ApexClass WHERE Name = :tmpVar1 LIMIT 1
18:54:24.0 (28421901)|SOQL_EXECUTE_END|[37]|Rows:1
18:54:24.0 (29353985)|SOQL_EXECUTE_BEGIN|[38]|Aggregations:0|SELECT Id FROM AsyncApexJob WHERE ((ApexClassID = :tmpVar1 AND Status != 'Aborted' AND Status != 'Completed' AND Status != 'Failed') OR (ApexClassID = :tmpVar2 AND Status = 'Completed' AND CompletedDate <= :tmpVar3 AND CompletedDate >= :tmpVar4)) LIMIT 1
18:54:24.0 (32059965)|SOQL_EXECUTE_END|[38]|Rows:0
18:54:24.0 (32373412)|ENTERING_MANAGED_PKG|accHierarchy
18:54:24.0 (32428822)|ENTERING_MANAGED_PKG|accHierarchy
18:54:24.0 (32455071)|ENTERING_MANAGED_PKG|accHierarchy
18:54:24.0 (32485735)|ENTERING_MANAGED_PKG|accHierarchy
18:54:24.0 (32802412)|ENTERING_MANAGED_PKG|accHierarchy
18:54:24.0 (33379084)|SOQL_EXECUTE_BEGIN|[1189]|Aggregations:0|SELECT hierarchy_parents__C, topParentId__c,Name,Phone,Ownership,BillingCity,NumberOfEmployees,Id,ParentId from Account WHERE id = :accountId LIMIT 1
18:54:24.0 (38653079)|SOQL_EXECUTE_END|[1189]|Rows:1
18:54:24.0 (38866325)|ENTERING_MANAGED_PKG|accHierarchy
18:54:24.0 (39181844)|SOQL_EXECUTE_BEGIN|[1193]|Aggregations:0|SELECT Name,Phone,Ownership,BillingCity,NumberOfEmployees,Id,ParentId from Account WHERE parentId = :accountId LIMIT 4
18:54:24.0 (43608195)|SOQL_EXECUTE_END|[1193]|Rows:0
18:54:24.0 (43787499)|ENTERING_MANAGED_PKG|accHierarchy
18:54:24.0 (43895940)|ENTERING_MANAGED_PKG|accHierarchy
18:54:24.0 (43971162)|ENTERING_MANAGED_PKG|accHierarchy
18:54:24.0 (44014844)|ENTERING_MANAGED_PKG|accHierarchy
18:54:24.0 (44135977)|ENTERING_MANAGED_PKG|accHierarchy
18:54:24.0 (44166288)|ENTERING_MANAGED_PKG|accHierarchy
18:54:24.0 (46733983)|SOQL_EXECUTE_BEGIN|[20]|Aggregations:0|SELECT Profile.PermissionsViewAllData FROM User WHERE Id = :tmpVar1 LIMIT 1
18:54:24.0 (54209501)|SOQL_EXECUTE_END|[20]|Rows:1
18:54:24.0 (54672426)|ENTERING_MANAGED_PKG|accHierarchy
18:54:24.0 (54745831)|ENTERING_MANAGED_PKG|accHierarchy
18:54:24.0 (54781385)|ENTERING_MANAGED_PKG|accHierarchy
18:54:24.0 (54825393)|ENTERING_MANAGED_PKG|accHierarchy
18:54:24.0 (54915440)|ENTERING_MANAGED_PKG|accHierarchy
18:54:24.0 (54953093)|ENTERING_MANAGED_PKG|accHierarchy
18:54:24.0 (55015981)|ENTERING_MANAGED_PKG|accHierarchy
18:54:24.0 (55076912)|ENTERING_MANAGED_PKG|accHierarchy
18:54:24.0 (55113006)|ENTERING_MANAGED_PKG|accHierarchy
18:54:24.0 (55156111)|ENTERING_MANAGED_PKG|accHierarchy
18:54:24.0 (55361005)|ENTERING_MANAGED_PKG|accHierarchy
18:54:24.0 (55412482)|ENTERING_MANAGED_PKG|accHierarchy
18:54:24.0 (55436259)|ENTERING_MANAGED_PKG|accHierarchy
18:54:24.0 (55452846)|ENTERING_MANAGED_PKG|accHierarchy
18:54:24.0 (55470175)|ENTERING_MANAGED_PKG|accHierarchy
18:54:24.0 (55485287)|ENTERING_MANAGED_PKG|accHierarchy
18:54:24.0 (55499599)|ENTERING_MANAGED_PKG|accHierarchy
18:54:24.0 (55764830)|ENTERING_MANAGED_PKG|accHierarchy
18:54:24.0 (55792554)|ENTERING_MANAGED_PKG|accHierarchy
18:54:24.0 (55816194)|ENTERING_MANAGED_PKG|accHierarchy
18:54:24.0 (55844194)|ENTERING_MANAGED_PKG|accHierarchy
18:54:24.0 (55942903)|ENTERING_MANAGED_PKG|accHierarchy
18:54:24.0 (55989709)|ENTERING_MANAGED_PKG|accHierarchy
18:54:24.0 (56007971)|ENTERING_MANAGED_PKG|accHierarchy
18:54:24.0 (56082310)|ENTERING_MANAGED_PKG|accHierarchy
18:54:24.0 (56102802)|ENTERING_MANAGED_PKG|accHierarchy
18:54:24.0 (56114951)|ENTERING_MANAGED_PKG|accHierarchy
18:54:24.0 (56125560)|ENTERING_MANAGED_PKG|accHierarchy
18:54:24.0 (56135669)|ENTERING_MANAGED_PKG|accHierarchy
18:54:24.0 (56145849)|ENTERING_MANAGED_PKG|accHierarchy
18:54:24.0 (56156215)|ENTERING_MANAGED_PKG|accHierarchy
18:54:24.0 (56279594)|ENTERING_MANAGED_PKG|accHierarchy
18:54:24.0 (56309789)|ENTERING_MANAGED_PKG|accHierarchy
18:54:24.0 (56331261)|ENTERING_MANAGED_PKG|accHierarchy
18:54:24.0 (56354428)|ENTERING_MANAGED_PKG|accHierarchy
18:54:24.0 (56391302)|ENTERING_MANAGED_PKG|accHierarchy
18:54:24.0 (56460382)|ENTERING_MANAGED_PKG|accHierarchy
18:54:24.0 (56497304)|ENTERING_MANAGED_PKG|accHierarchy
18:54:24.0 (56513640)|ENTERING_MANAGED_PKG|accHierarchy
18:54:24.0 (56575417)|ENTERING_MANAGED_PKG|accHierarchy
18:54:24.0 (56596154)|ENTERING_MANAGED_PKG|accHierarchy
18:54:24.0 (56607707)|ENTERING_MANAGED_PKG|accHierarchy
18:54:24.0 (56618107)|ENTERING_MANAGED_PKG|accHierarchy
18:54:24.0 (56628328)|ENTERING_MANAGED_PKG|accHierarchy
18:54:24.0 (56638545)|ENTERING_MANAGED_PKG|accHierarchy
18:54:24.0 (56649094)|ENTERING_MANAGED_PKG|accHierarchy
18:54:24.0 (56818924)|ENTERING_MANAGED_PKG|accHierarchy
18:54:24.0 (56845015)|ENTERING_MANAGED_PKG|accHierarchy
18:54:24.0 (56865684)|ENTERING_MANAGED_PKG|accHierarchy
18:54:24.0 (56890781)|ENTERING_MANAGED_PKG|accHierarchy
18:54:24.0 (56910650)|ENTERING_MANAGED_PKG|accHierarchy
18:54:24.0 (57092537)|ENTERING_MANAGED_PKG|accHierarchy
18:54:24.0 (57140725)|ENTERING_MANAGED_PKG|accHierarchy
18:54:24.0 (57161654)|ENTERING_MANAGED_PKG|accHierarchy
18:54:24.0 (57228099)|ENTERING_MANAGED_PKG|accHierarchy
18:54:24.0 (57249311)|ENTERING_MANAGED_PKG|accHierarchy
18:54:24.0 (57260783)|ENTERING_MANAGED_PKG|accHierarchy
18:54:24.0 (57271007)|ENTERING_MANAGED_PKG|accHierarchy
18:54:24.0 (57281246)|ENTERING_MANAGED_PKG|accHierarchy
18:54:24.0 (57291351)|ENTERING_MANAGED_PKG|accHierarchy
18:54:24.0 (57303756)|ENTERING_MANAGED_PKG|accHierarchy
18:54:24.0 (57416186)|ENTERING_MANAGED_PKG|accHierarchy
18:54:24.0 (57433299)|ENTERING_MANAGED_PKG|accHierarchy
18:54:24.0 (57447711)|ENTERING_MANAGED_PKG|accHierarchy
18:54:24.0 (57463721)|ENTERING_MANAGED_PKG|accHierarchy
18:54:24.0 (57476047)|ENTERING_MANAGED_PKG|accHierarchy
18:54:24.0 (57537509)|ENTERING_MANAGED_PKG|accHierarchy
18:54:24.0 (57562986)|ENTERING_MANAGED_PKG|accHierarchy
18:54:24.0 (57574799)|ENTERING_MANAGED_PKG|accHierarchy
18:54:24.0 (57653752)|ENTERING_MANAGED_PKG|accHierarchy
18:54:24.0 (57685567)|ENTERING_MANAGED_PKG|accHierarchy
18:54:24.0 (57705367)|ENTERING_MANAGED_PKG|accHierarchy
18:54:24.0 (57723576)|ENTERING_MANAGED_PKG|accHierarchy
18:54:24.0 (57741142)|ENTERING_MANAGED_PKG|accHierarchy
18:54:24.0 (57758982)|ENTERING_MANAGED_PKG|accHierarchy
18:54:24.0 (57789431)|ENTERING_MANAGED_PKG|accHierarchy
18:54:24.0 (57958084)|ENTERING_MANAGED_PKG|accHierarchy
18:54:24.0 (57984464)|ENTERING_MANAGED_PKG|accHierarchy
18:54:24.0 (58005787)|ENTERING_MANAGED_PKG|accHierarchy
18:54:24.0 (58032956)|ENTERING_MANAGED_PKG|accHierarchy
18:54:24.0 (58052561)|ENTERING_MANAGED_PKG|accHierarchy
18:54:24.0 (58143804)|ENTERING_MANAGED_PKG|accHierarchy
18:54:24.0 (58186399)|ENTERING_MANAGED_PKG|accHierarchy
18:54:24.0 (58206237)|ENTERING_MANAGED_PKG|accHierarchy
18:54:24.0 (58271379)|ENTERING_MANAGED_PKG|accHierarchy
18:54:24.0 (58300378)|ENTERING_MANAGED_PKG|accHierarchy
18:54:24.0 (58331072)|ENTERING_MANAGED_PKG|accHierarchy
18:54:24.0 (58402620)|ENTERING_MANAGED_PKG|accHierarchy
18:54:24.0 (58579743)|ENTERING_MANAGED_PKG|accHierarchy
18:54:24.0 (58606955)|ENTERING_MANAGED_PKG|accHierarchy
18:54:24.0 (58758367)|ENTERING_MANAGED_PKG|accHierarchy
18:54:24.0 (58785702)|ENTERING_MANAGED_PKG|accHierarchy
18:54:24.0 (58824267)|ENTERING_MANAGED_PKG|accHierarchy
18:54:24.0 (58845862)|ENTERING_MANAGED_PKG|accHierarchy
18:54:24.0 (58874804)|ENTERING_MANAGED_PKG|accHierarchy
