40.0 APEX_CODE,FINEST;APEX_PROFILING,INFO;CALLOUT,INFO;DB,INFO;SYSTEM,DEBUG;VALIDATION,INFO;VISUALFORCE,INFO;WAVE,INFO;WORKFLOW,INFO
19:24:32.0 (68253)|USER_INFO|[EXTERNAL]|00528000001JBjQ|ramu.veligeti@yahoo.co.in|Pacific Standard Time|GMT-07:00
19:24:32.0 (120691)|EXECUTION_STARTED
19:24:32.0 (125931)|CODE_UNIT_STARTED|[EXTERNAL]|Aura
19:24:32.0 (10336471)|HEAP_ALLOCATE|[72]|Bytes:3
19:24:32.0 (10381617)|HEAP_ALLOCATE|[77]|Bytes:152
19:24:32.0 (10396566)|HEAP_ALLOCATE|[342]|Bytes:408
19:24:32.0 (10410879)|HEAP_ALLOCATE|[355]|Bytes:408
19:24:32.0 (10423513)|HEAP_ALLOCATE|[467]|Bytes:48
19:24:32.0 (10448825)|HEAP_ALLOCATE|[139]|Bytes:6
19:24:32.0 (10461250)|HEAP_ALLOCATE|[EXTERNAL]|Bytes:18
19:24:32.0 (10470042)|HEAP_ALLOCATE|[EXTERNAL]|Bytes:4
19:24:32.0 (10672824)|HEAP_ALLOCATE|[EXTERNAL]|Bytes:11
19:24:32.0 (10680323)|HEAP_ALLOCATE|[EXTERNAL]|Bytes:11
19:24:32.0 (11939634)|CODE_UNIT_STARTED|[EXTERNAL]|01p2800000FELrp|RecentlyViewedRecords.queryCompactLayout
19:24:32.0 (12013622)|VARIABLE_SCOPE_BEGIN|[2]|RecentlyViewedRecords.FIELDSET_NAME|String|false|true
19:24:32.0 (12026251)|VARIABLE_SCOPE_BEGIN|[3]|RecentlyViewedRecords.private_apiFieldNames|Map<String,Set<String>>|true|true
19:24:32.0 (12033989)|VARIABLE_SCOPE_BEGIN|[5]|RecentlyViewedRecords.rvi|Recently_Viewed__c|true|true
19:24:32.0 (12041475)|VARIABLE_SCOPE_BEGIN|[4]|RecentlyViewedRecords.schemaMap|Map<String,Schema.SObjectType>|true|true
19:24:32.0 (12086197)|HEAP_ALLOCATE|[EXTERNAL]|Bytes:35
19:24:32.0 (12100554)|HEAP_ALLOCATE|[EXTERNAL]|Bytes:20
19:24:32.0 (12106830)|HEAP_ALLOCATE|[EXTERNAL]|Bytes:38
19:24:32.0 (12240036)|METHOD_ENTRY|[1]|01p2800000FELrp|RecentlyViewedRecords.RecentlyViewedRecords()
19:24:32.0 (12251786)|STATEMENT_EXECUTE|[1]
19:24:32.0 (12257909)|STATEMENT_EXECUTE|[1]
19:24:32.0 (12260167)|STATEMENT_EXECUTE|[2]
19:24:32.0 (12265579)|HEAP_ALLOCATE|[2]|Bytes:19
19:24:32.0 (12296874)|VARIABLE_ASSIGNMENT|[2]|RecentlyViewedRecords.FIELDSET_NAME|"RecentlyViewedHover"
19:24:32.0 (12305474)|STATEMENT_EXECUTE|[3]
19:24:32.0 (12311468)|HEAP_ALLOCATE|[3]|Bytes:4
19:24:32.0 (12345070)|VARIABLE_ASSIGNMENT|[3]|RecentlyViewedRecords.private_apiFieldNames|{}|0x7b9d0200
19:24:32.0 (12354810)|STATEMENT_EXECUTE|[4]
19:24:32.0 (12393405)|HEAP_ALLOCATE|[50]|Bytes:5
19:24:32.0 (12418167)|HEAP_ALLOCATE|[56]|Bytes:5
19:24:32.0 (12430071)|HEAP_ALLOCATE|[64]|Bytes:7
19:24:32.0 (31138424)|HEAP_ALLOCATE|[4]|Bytes:1456
19:24:32.0 (31553438)|VARIABLE_ASSIGNMENT|[4]|RecentlyViewedRecords.schemaMap|"{acceptedeventrelation=AcceptedEventRelation, acchierarchy__account_hierarchy__mdt=accHierarchy__Account_Hierarchy__mdt, acchierarchy__account_hierarchy_setup__c=accHierarchy__Account_Hierarchy_Setup__c, account=Account, accountcleaninfo=AccountCleanInfo, accountcontactrole=AccountContactRole, accountfeed=AccountFeed, accounthistory=AccountHistory, accountpartner=AccountPartner, accountshare=AccountShare, ...}"|0x42f97ea3
19:24:32.0 (31585736)|STATEMENT_EXECUTE|[5]
19:24:32.0 (32658358)|HEAP_ALLOCATE|[5]|Bytes:20
19:24:32.0 (32713489)|VARIABLE_ASSIGNMENT|[5]|RecentlyViewedRecords.rvi|{"IsDeleted":false,"Name":"a0d28000002ZKNz","SetupOwnerId":"00528000001JBjQAAW","Records_to_Display__ (1 more) ...":"20"}|0x5120b494
19:24:32.0 (32726468)|STATEMENT_EXECUTE|[147]
19:24:32.0 (32728421)|STATEMENT_EXECUTE|[167]
19:24:32.0 (32739655)|METHOD_EXIT|[1]|RecentlyViewedRecords
19:24:32.0 (32755769)|HEAP_ALLOCATE|[EXTERNAL]|Bytes:4
19:24:32.0 (32761323)|HEAP_ALLOCATE|[EXTERNAL]|Bytes:11
19:24:32.0 (32770823)|SYSTEM_MODE_ENTER|false
19:24:32.0 (32832570)|VARIABLE_SCOPE_BEGIN|[33]|rvId|Id|false|false
19:24:32.0 (32949808)|VARIABLE_ASSIGNMENT|[33]|rvId|"0062800000543lXAAQ"
19:24:32.0 (32960496)|VARIABLE_SCOPE_BEGIN|[33]|objName|String|false|false
19:24:32.0 (32974411)|VARIABLE_ASSIGNMENT|[33]|objName|"Opportunity"
19:24:32.0 (32990091)|STATEMENT_EXECUTE|[33]
19:24:32.0 (32992234)|STATEMENT_EXECUTE|[34]
19:24:32.0 (33002086)|HEAP_ALLOCATE|[34]|Bytes:4
19:24:32.0 (33023069)|VARIABLE_SCOPE_BEGIN|[34]|objMap|Map<String,String>|true|false
19:24:32.0 (33045812)|VARIABLE_ASSIGNMENT|[34]|objMap|{}|0x423e21b2
19:24:32.0 (33054486)|STATEMENT_EXECUTE|[35]
19:24:32.0 (33207726)|HEAP_ALLOCATE|[35]|Bytes:4
19:24:32.0 (33290922)|VARIABLE_SCOPE_BEGIN|[35]|owList|List<RecentlyViewedRecords.objectWrapper>|true|false
19:24:32.0 (33325661)|HEAP_ALLOCATE|[EXTERNAL]|Bytes:4
19:24:32.0 (33338975)|VARIABLE_ASSIGNMENT|[35]|owList|[]|0x4bbb4330
19:24:32.0 (33347413)|STATEMENT_EXECUTE|[36]
19:24:32.0 (42330610)|HEAP_ALLOCATE|[36]|Bytes:1628
19:24:32.0 (42357029)|VARIABLE_SCOPE_BEGIN|[36]|globalDescribeMap|Map<String,Schema.SObjectType>|true|false
19:24:32.0 (42617557)|VARIABLE_ASSIGNMENT|[36]|globalDescribeMap|"{acceptedeventrelation=AcceptedEventRelation, acchierarchy__account_hierarchy__mdt=accHierarchy__Account_Hierarchy__mdt, acchierarchy__account_hierarchy_setup__c=accHierarchy__Account_Hierarchy_Setup__c, account=Account, accountcleaninfo=AccountCleanInfo, accountcontactrole=AccountContactRole, accountfeed=AccountFeed, accounthistory=AccountHistory, accountpartner=AccountPartner, accountshare=AccountShare, ...}"|0x2b3b692e
19:24:32.0 (42641112)|STATEMENT_EXECUTE|[37]
19:24:32.0 (42725038)|VARIABLE_SCOPE_BEGIN|[37]|SObjectTypeObj|Schema.SObjectType|true|false
19:24:32.0 (42786664)|VARIABLE_ASSIGNMENT|[37]|SObjectTypeObj|"common.apex.runtime.impl.ApexSObjectTypeToken@7f6becc9"|0x7f6becc9
19:24:32.0 (42794543)|STATEMENT_EXECUTE|[38]
19:24:32.0 (43002401)|HEAP_ALLOCATE|[38]|Bytes:4
19:24:32.0 (43027118)|VARIABLE_SCOPE_BEGIN|[38]|describeSObjectResultObj|Schema.DescribeSObjectResult|true|false
19:24:32.0 (43090523)|VARIABLE_ASSIGNMENT|[38]|describeSObjectResultObj|"common.api.soap.wsdl.DescribeSObjectResult@61a57517"|0x2d5a69d5
19:24:32.0 (43099068)|STATEMENT_EXECUTE|[39]
19:24:32.0 (43103704)|HEAP_ALLOCATE|[39]|Bytes:15
19:24:32.0 (43112924)|HEAP_ALLOCATE|[39]|Bytes:2
19:24:32.0 (43240960)|HEAP_ALLOCATE|[39]|Bytes:383
19:24:32.0 (43272994)|HEAP_ALLOCATE|[39]|Bytes:419
19:24:32.0 (43301034)|USER_DEBUG|[39]|DEBUG|FIELDSET_NAME==RecentlyViewedHover==Schema.DescribeSObjectResult[getHasSubtypes=false;getKeyPrefix=006;getLabel=Opportunity;getLabelPlural=Opportunities;getName=Opportunity;isAccessible=true;isCreateable=true;isCustom=false;isCustomSetting=false;isDeletable=true;isDeprecatedAndHidden=false;isFeedEnabled=true;isMergeable=false;isMruEnabled=true;isQueryable=true;isSearchable=true;isUndeletable=true;isUpdateable=true;]
19:24:32.0 (43326086)|STATEMENT_EXECUTE|[40]
19:24:32.0 (44647138)|HEAP_ALLOCATE|[40]|Bytes:4
19:24:32.0 (44743496)|VARIABLE_SCOPE_BEGIN|[40]|fieldSetObj|Schema.FieldSet|true|false
19:24:32.0 (44797954)|VARIABLE_ASSIGNMENT|[40]|fieldSetObj|null|
19:24:32.0 (44814457)|STATEMENT_EXECUTE|[41]
19:24:32.0 (44825373)|HEAP_ALLOCATE|[41]|Bytes:13
19:24:32.0 (44976402)|HEAP_ALLOCATE|[41]|Bytes:17
19:24:32.0 (45014552)|USER_DEBUG|[41]|DEBUG|fieldSetObj==null
19:24:32.0 (45040342)|STATEMENT_EXECUTE|[42]
19:24:32.0 (45056519)|HEAP_ALLOCATE|[42]|Bytes:4
19:24:32.0 (45119592)|VARIABLE_SCOPE_BEGIN|[42]|fieldApis|List<String>|true|false
19:24:32.0 (45160452)|HEAP_ALLOCATE|[EXTERNAL]|Bytes:4
19:24:32.0 (45174883)|VARIABLE_ASSIGNMENT|[42]|fieldApis|[]|0x78dbf9b
19:24:32.0 (45182931)|STATEMENT_EXECUTE|[43]
19:24:32.0 (45191807)|HEAP_ALLOCATE|[43]|Bytes:4
19:24:32.0 (45220251)|VARIABLE_SCOPE_BEGIN|[43]|refFieldToIgnore|Set<String>|true|false
19:24:32.0 (45250668)|VARIABLE_ASSIGNMENT|[43]|refFieldToIgnore|[]|0x79e76a7e
19:24:32.0 (45260807)|STATEMENT_EXECUTE|[44]
19:24:32.0 (45265680)|HEAP_ALLOCATE|[44]|Bytes:4
19:24:32.0 (45275161)|VARIABLE_SCOPE_BEGIN|[44]|refMap|Map<String,String>|true|false
19:24:32.0 (45296784)|VARIABLE_ASSIGNMENT|[44]|refMap|{}|0x4a0bf71c
19:24:32.0 (45306126)|STATEMENT_EXECUTE|[45]
19:24:32.0 (45309714)|VARIABLE_SCOPE_BEGIN|[45]|query|String|false|false
19:24:32.0 (45324313)|VARIABLE_ASSIGNMENT|[45]|query|null
19:24:32.0 (45331961)|STATEMENT_EXECUTE|[66]
19:24:32.0 (45336023)|HEAP_ALLOCATE|[67]|Bytes:4
19:24:32.0 (45389327)|STATEMENT_EXECUTE|[67]
19:24:32.0 (45391148)|STATEMENT_EXECUTE|[68]
19:24:32.0 (45394233)|HEAP_ALLOCATE|[68]|Bytes:4
19:24:32.0 (45420871)|HEAP_ALLOCATE|[EXTERNAL]|Bytes:4
19:24:32.0 (45428066)|STATEMENT_EXECUTE|[69]
19:24:32.0 (45430159)|HEAP_ALLOCATE|[69]|Bytes:20
19:24:32.0 (45434235)|HEAP_ALLOCATE|[69]|Bytes:13
19:24:32.0 (45452594)|HEAP_ALLOCATE|[69]|Bytes:18
19:24:32.0 (45460765)|HEAP_ALLOCATE|[69]|Bytes:1
19:24:32.0 (45468785)|HEAP_ALLOCATE|[69]|Bytes:63
19:24:32.0 (45478265)|VARIABLE_ASSIGNMENT|[69]|query|"Select Id,Name from  (43 more) ..."
19:24:32.0 (45483538)|STATEMENT_EXECUTE|[85]
19:24:32.0 (45485298)|HEAP_ALLOCATE|[85]|Bytes:7
19:24:32.0 (45490376)|HEAP_ALLOCATE|[85]|Bytes:70
19:24:32.0 (45507930)|USER_DEBUG|[85]|DEBUG|query==Select Id,Name from Opportunity where Id = '0062800000543lXAAQ'
19:24:32.0 (45516261)|STATEMENT_EXECUTE|[86]
19:24:32.0 (46390270)|SOQL_EXECUTE_BEGIN|[86]|Aggregations:0|Select Id,Name from Opportunity where Id = '0062800000543lXAAQ'
19:24:32.0 (48127522)|SOQL_EXECUTE_END|[86]|Rows:1
19:24:32.0 (48151778)|HEAP_ALLOCATE|[86]|Bytes:8
19:24:32.0 (48171932)|HEAP_ALLOCATE|[86]|Bytes:67
19:24:32.0 (48243394)|HEAP_ALLOCATE|[86]|Bytes:8
19:24:32.0 (48259229)|HEAP_ALLOCATE|[86]|Bytes:33
19:24:32.0 (48310750)|HEAP_ALLOCATE|[86]|Bytes:12
19:24:32.0 (48317986)|VARIABLE_SCOPE_BEGIN|[86]|so|SObject|true|false
19:24:32.0 (48341747)|VARIABLE_ASSIGNMENT|[86]|so|{"Id":"0062800000543lXAAQ","Name":"United Oil Refinery  (10 more) ..."}|0x3ad81a04
19:24:32.0 (48348337)|STATEMENT_EXECUTE|[87]
19:24:32.0 (48351613)|HEAP_ALLOCATE|[87]|Bytes:4
19:24:32.0 (48419253)|HEAP_ALLOCATE|[87]|Bytes:72
19:24:32.0 (48441685)|HEAP_ALLOCATE|[87]|Bytes:76
19:24:32.0 (48456418)|USER_DEBUG|[87]|DEBUG|so==Opportunity:{Id=0062800000543lXAAQ, Name=United Oil Refinery Generators}
19:24:32.0 (48540645)|HEAP_ALLOCATE|[88]|Bytes:5
19:24:32.0 (48553671)|HEAP_ALLOCATE|[88]|Bytes:4
19:24:32.0 (48560894)|VARIABLE_SCOPE_BEGIN|[88]|st|String|false|false
19:24:32.0 (48571492)|VARIABLE_ASSIGNMENT|[88]|st|"name"
19:24:32.0 (48577725)|STATEMENT_EXECUTE|[88]
19:24:32.0 (48604681)|STATEMENT_EXECUTE|[89]
19:24:32.0 (48605973)|STATEMENT_EXECUTE|[90]
19:24:32.0 (48618940)|METHOD_ENTRY|[90]|01p2800000FELrp|RecentlyViewedRecords.findFieldInfo(String, String)
19:24:32.0 (48636106)|VARIABLE_SCOPE_BEGIN|[136]|objName|String|false|false
19:24:32.0 (48644733)|VARIABLE_ASSIGNMENT|[136]|objName|"Opportunity"
19:24:32.0 (48648643)|VARIABLE_SCOPE_BEGIN|[136]|fieldApi|String|false|false
19:24:32.0 (48655570)|VARIABLE_ASSIGNMENT|[136]|fieldApi|"name"
19:24:32.0 (48661595)|STATEMENT_EXECUTE|[136]
19:24:32.0 (48662759)|STATEMENT_EXECUTE|[137]
19:24:32.0 (48693046)|VARIABLE_SCOPE_BEGIN|[137]|leadSchema|Schema.SObjectType|true|false
19:24:32.0 (48768915)|VARIABLE_ASSIGNMENT|[137]|leadSchema|"common.apex.runtime.impl.ApexSObjectTypeToken@7f6becc9"|0x7f6becc9
19:24:32.0 (48778149)|STATEMENT_EXECUTE|[138]
19:24:32.0 (48812549)|HEAP_ALLOCATE|[138]|Bytes:4
19:24:32.0 (49203617)|HEAP_ALLOCATE|[138]|Bytes:172
19:24:32.0 (49224159)|METHOD_EXIT|[90]|01p2800000FELrp|RecentlyViewedRecords.findFieldInfo(String, String)
19:24:32.0 (49235782)|VARIABLE_SCOPE_BEGIN|[90]|fieldMap|Map<String,Schema.SObjectField>|true|false
19:24:32.0 (49382897)|VARIABLE_ASSIGNMENT|[90]|fieldMap|"{accountid=AccountId, amount=Amount, campaignid=CampaignId, closedate=CloseDate, contractid=ContractId, createdbyid=CreatedById, createddate=CreatedDate, currentgenerators__c=CurrentGenerators__c, deliveryinstallationstatus__c=DeliveryInstallationStatus__c, description=Description, ...}"|0x32066de8
19:24:32.0 (49400489)|STATEMENT_EXECUTE|[91]
19:24:32.0 (49417688)|HEAP_ALLOCATE|[91]|Bytes:180
19:24:32.0 (49426782)|HEAP_ALLOCATE|[91]|Bytes:23
19:24:32.0 (49434203)|HEAP_ALLOCATE|[91]|Bytes:28
19:24:32.0 (49446590)|CONSTRUCTOR_ENTRY|[91]|01p2800000FELrp|<init>()
19:24:32.0 (49464611)|VARIABLE_SCOPE_BEGIN|[167]|this|RecentlyViewedRecords.objectWrapper|true|false
19:24:32.0 (49496895)|VARIABLE_ASSIGNMENT|[167]|this|{}|0x2f0d5d35
19:24:32.0 (49506732)|HEAP_ALLOCATE|[EXTERNAL]|Bytes:6
19:24:32.0 (49529955)|STATEMENT_EXECUTE|[167]
19:24:32.0 (49531407)|STATEMENT_EXECUTE|[169]
19:24:32.0 (49532651)|STATEMENT_EXECUTE|[171]
19:24:32.0 (49533632)|STATEMENT_EXECUTE|[173]
19:24:32.0 (49534602)|STATEMENT_EXECUTE|[175]
19:24:32.0 (49535469)|STATEMENT_EXECUTE|[177]
19:24:32.0 (49536518)|STATEMENT_EXECUTE|[179]
19:24:32.0 (49540265)|CONSTRUCTOR_EXIT|[91]|01p2800000FELrp|<init>()
19:24:32.0 (49546182)|VARIABLE_SCOPE_BEGIN|[91]|ow|RecentlyViewedRecords.objectWrapper|true|false
19:24:32.0 (49562820)|VARIABLE_ASSIGNMENT|[91]|ow|{}|0x2f0d5d35
19:24:32.0 (49568881)|STATEMENT_EXECUTE|[92]
19:24:32.0 (50041382)|HEAP_ALLOCATE|[92]|Bytes:8
19:24:32.0 (50066618)|HEAP_ALLOCATE|[92]|Bytes:4
19:24:32.0 (50099604)|VARIABLE_ASSIGNMENT|[EXTERNAL]|this|{}|0x2f0d5d35
19:24:32.0 (50109173)|VARIABLE_ASSIGNMENT|[EXTERNAL]|value|"Name"
19:24:32.0 (50120158)|VARIABLE_ASSIGNMENT|[169]|this.label|"Name"|0x2f0d5d35
19:24:32.0 (50128578)|STATEMENT_EXECUTE|[93]
19:24:32.0 (50184303)|HEAP_ALLOCATE|[93]|Bytes:30
19:24:32.0 (50202881)|HEAP_ALLOCATE|[93]|Bytes:30
19:24:32.0 (50229999)|VARIABLE_ASSIGNMENT|[EXTERNAL]|this|{"label":"Name"}|0x2f0d5d35
19:24:32.0 (50239569)|VARIABLE_ASSIGNMENT|[EXTERNAL]|value|"United Oil Refinery  (10 more) ..."
19:24:32.0 (50248272)|VARIABLE_ASSIGNMENT|[171]|this.value|"United Oil Refinery  (10 more) ..."|0x2f0d5d35
19:24:32.0 (50256044)|STATEMENT_EXECUTE|[94]
19:24:32.0 (50310880)|VARIABLE_ASSIGNMENT|[EXTERNAL]|this|{"label":"Name","value":"United Oil Refinery  (10 more) ..."}|0x2f0d5d35
19:24:32.0 (50321106)|VARIABLE_ASSIGNMENT|[EXTERNAL]|value|null
19:24:32.0 (50328633)|VARIABLE_ASSIGNMENT|[173]|this.refName|null|0x2f0d5d35
19:24:32.0 (50335868)|STATEMENT_EXECUTE|[95]
19:24:32.0 (50360326)|VARIABLE_ASSIGNMENT|[EXTERNAL]|this|{"label":"Name","value":"United Oil Refinery  (10 more) ..."}|0x2f0d5d35
19:24:32.0 (50367999)|VARIABLE_ASSIGNMENT|[EXTERNAL]|value|"name"
19:24:32.0 (50374211)|VARIABLE_ASSIGNMENT|[175]|this.api|"name"|0x2f0d5d35
19:24:32.0 (50380698)|STATEMENT_EXECUTE|[96]
19:24:32.0 (50429896)|HEAP_ALLOCATE|[96]|Bytes:8
19:24:32.0 (51206047)|HEAP_ALLOCATE|[96]|Bytes:12
19:24:32.0 (51237836)|HEAP_ALLOCATE|[96]|Bytes:6
19:24:32.0 (51275343)|VARIABLE_ASSIGNMENT|[EXTERNAL]|this|{"api":"name","label":"Name","value":"United Oil Refinery  (10 more) ..."}|0x2f0d5d35
19:24:32.0 (51285382)|VARIABLE_ASSIGNMENT|[EXTERNAL]|value|"STRING"
19:24:32.0 (51294187)|VARIABLE_ASSIGNMENT|[177]|this.type|"STRING"|0x2f0d5d35
19:24:32.0 (51302568)|STATEMENT_EXECUTE|[98]
19:24:32.0 (51305594)|HEAP_ALLOCATE|[98]|Bytes:4
19:24:32.0 (51348746)|HEAP_ALLOCATE|[98]|Bytes:115
19:24:32.0 (51361384)|HEAP_ALLOCATE|[98]|Bytes:119
19:24:32.0 (51371788)|USER_DEBUG|[98]|DEBUG|ow==objectWrapper:[api=name, iconUrl=null, label=Name, refName=null, type=STRING, value=United Oil Refinery Generators]
19:24:32.0 (51379917)|STATEMENT_EXECUTE|[99]
19:24:32.0 (51401847)|HEAP_ALLOCATE|[EXTERNAL]|Bytes:4
19:24:32.0 (51416844)|HEAP_ALLOCATE|[88]|Bytes:5
19:24:32.0 (51427661)|VARIABLE_ASSIGNMENT|[88]|st|null
19:24:32.0 (51432467)|STATEMENT_EXECUTE|[102]
19:24:32.0 (51439175)|SYSTEM_MODE_EXIT|false
19:24:32.51 (51457685)|CUMULATIVE_LIMIT_USAGE
19:24:32.51 (51457685)|LIMIT_USAGE_FOR_NS|(default)|
  Number of SOQL queries: 1 out of 100
  Number of query rows: 1 out of 50000
  Number of SOSL queries: 0 out of 20
  Number of DML statements: 0 out of 150
  Number of DML rows: 0 out of 10000
  Maximum CPU time: 0 out of 10000
  Maximum heap size: 0 out of 6000000
  Number of callouts: 0 out of 100
  Number of Email Invocations: 0 out of 10
  Number of future calls: 0 out of 50
  Number of queueable jobs added to the queue: 0 out of 50
  Number of Mobile Apex push calls: 0 out of 10

19:24:32.51 (51457685)|CUMULATIVE_LIMIT_USAGE_END

19:24:32.0 (51484561)|CODE_UNIT_FINISHED|RecentlyViewedRecords.queryCompactLayout
19:24:32.0 (52633793)|CODE_UNIT_STARTED|[EXTERNAL]|Aura
19:24:32.0 (52680506)|CODE_UNIT_FINISHED|Aura
19:24:32.0 (52707633)|CODE_UNIT_FINISHED|Aura
19:24:32.0 (53668452)|EXECUTION_FINISHED
