40.0 APEX_CODE,FINEST;APEX_PROFILING,INFO;CALLOUT,INFO;DB,INFO;SYSTEM,DEBUG;VALIDATION,INFO;VISUALFORCE,INFO;WAVE,INFO;WORKFLOW,INFO
19:20:01.0 (78167)|USER_INFO|[EXTERNAL]|00528000001JBjQ|ramu.veligeti@yahoo.co.in|Pacific Standard Time|GMT-07:00
19:20:01.0 (114649)|EXECUTION_STARTED
19:20:01.0 (117606)|CODE_UNIT_STARTED|[EXTERNAL]|Aura
19:20:01.0 (9642868)|HEAP_ALLOCATE|[72]|Bytes:3
19:20:01.0 (9706144)|HEAP_ALLOCATE|[77]|Bytes:152
19:20:01.0 (9729047)|HEAP_ALLOCATE|[342]|Bytes:408
19:20:01.0 (9753639)|HEAP_ALLOCATE|[355]|Bytes:408
19:20:01.0 (9768530)|HEAP_ALLOCATE|[467]|Bytes:48
19:20:01.0 (9803732)|HEAP_ALLOCATE|[139]|Bytes:6
19:20:01.0 (9827926)|HEAP_ALLOCATE|[EXTERNAL]|Bytes:18
19:20:01.0 (9836545)|HEAP_ALLOCATE|[EXTERNAL]|Bytes:4
19:20:01.0 (10018474)|HEAP_ALLOCATE|[EXTERNAL]|Bytes:4
19:20:01.0 (10025919)|HEAP_ALLOCATE|[EXTERNAL]|Bytes:4
19:20:01.0 (10946509)|CODE_UNIT_STARTED|[EXTERNAL]|01p2800000FELrp|RecentlyViewedRecords.queryCompactLayout
19:20:01.0 (10983866)|VARIABLE_SCOPE_BEGIN|[2]|RecentlyViewedRecords.FIELDSET_NAME|String|false|true
19:20:01.0 (10994132)|VARIABLE_SCOPE_BEGIN|[3]|RecentlyViewedRecords.private_apiFieldNames|Map<String,Set<String>>|true|true
19:20:01.0 (11001620)|VARIABLE_SCOPE_BEGIN|[5]|RecentlyViewedRecords.rvi|Recently_Viewed__c|true|true
19:20:01.0 (11009381)|VARIABLE_SCOPE_BEGIN|[4]|RecentlyViewedRecords.schemaMap|Map<String,Schema.SObjectType>|true|true
19:20:01.0 (11150908)|HEAP_ALLOCATE|[EXTERNAL]|Bytes:35
19:20:01.0 (11159029)|HEAP_ALLOCATE|[EXTERNAL]|Bytes:20
19:20:01.0 (11163280)|HEAP_ALLOCATE|[EXTERNAL]|Bytes:38
19:20:01.0 (11288352)|METHOD_ENTRY|[1]|01p2800000FELrp|RecentlyViewedRecords.RecentlyViewedRecords()
19:20:01.0 (11296121)|STATEMENT_EXECUTE|[1]
19:20:01.0 (11300421)|STATEMENT_EXECUTE|[1]
19:20:01.0 (11301529)|STATEMENT_EXECUTE|[2]
19:20:01.0 (11305358)|HEAP_ALLOCATE|[2]|Bytes:19
19:20:01.0 (11329685)|VARIABLE_ASSIGNMENT|[2]|RecentlyViewedRecords.FIELDSET_NAME|"RecentlyViewedHover"
19:20:01.0 (11334698)|STATEMENT_EXECUTE|[3]
19:20:01.0 (11337883)|HEAP_ALLOCATE|[3]|Bytes:4
19:20:01.0 (11358438)|VARIABLE_ASSIGNMENT|[3]|RecentlyViewedRecords.private_apiFieldNames|{}|0x3f578d61
19:20:01.0 (11364398)|STATEMENT_EXECUTE|[4]
19:20:01.0 (11400094)|HEAP_ALLOCATE|[50]|Bytes:5
19:20:01.0 (11416944)|HEAP_ALLOCATE|[56]|Bytes:5
19:20:01.0 (11423902)|HEAP_ALLOCATE|[64]|Bytes:7
19:20:01.0 (27594942)|HEAP_ALLOCATE|[4]|Bytes:1456
19:20:01.0 (27854254)|VARIABLE_ASSIGNMENT|[4]|RecentlyViewedRecords.schemaMap|"{acceptedeventrelation=AcceptedEventRelation, acchierarchy__account_hierarchy__mdt=accHierarchy__Account_Hierarchy__mdt, acchierarchy__account_hierarchy_setup__c=accHierarchy__Account_Hierarchy_Setup__c, account=Account, accountcleaninfo=AccountCleanInfo, accountcontactrole=AccountContactRole, accountfeed=AccountFeed, accounthistory=AccountHistory, accountpartner=AccountPartner, accountshare=AccountShare, ...}"|0x2406ce
19:20:01.0 (27871810)|STATEMENT_EXECUTE|[5]
19:20:01.0 (28692784)|HEAP_ALLOCATE|[5]|Bytes:20
19:20:01.0 (28730629)|VARIABLE_ASSIGNMENT|[5]|RecentlyViewedRecords.rvi|{"IsDeleted":false,"Name":"a0d28000002ZKNz","SetupOwnerId":"00528000001JBjQAAW","Records_to_Display__ (1 more) ...":"20"}|0x4db40320
19:20:01.0 (28739649)|STATEMENT_EXECUTE|[147]
19:20:01.0 (28741143)|STATEMENT_EXECUTE|[167]
19:20:01.0 (28748554)|METHOD_EXIT|[1]|RecentlyViewedRecords
19:20:01.0 (28755759)|HEAP_ALLOCATE|[EXTERNAL]|Bytes:4
19:20:01.0 (28759955)|HEAP_ALLOCATE|[EXTERNAL]|Bytes:4
19:20:01.0 (28766508)|SYSTEM_MODE_ENTER|false
19:20:01.0 (28776553)|VARIABLE_SCOPE_BEGIN|[33]|rvId|Id|false|false
19:20:01.0 (28833478)|VARIABLE_ASSIGNMENT|[33]|rvId|"00528000001JBjQAAW"
19:20:01.0 (28840977)|VARIABLE_SCOPE_BEGIN|[33]|objName|String|false|false
19:20:01.0 (28849781)|VARIABLE_ASSIGNMENT|[33]|objName|"User"
19:20:01.0 (28858527)|STATEMENT_EXECUTE|[33]
19:20:01.0 (28859836)|STATEMENT_EXECUTE|[34]
19:20:01.0 (28867643)|HEAP_ALLOCATE|[34]|Bytes:4
19:20:01.0 (28880022)|VARIABLE_SCOPE_BEGIN|[34]|objMap|Map<String,String>|true|false
19:20:01.0 (28894617)|VARIABLE_ASSIGNMENT|[34]|objMap|{}|0x6eb9ce0b
19:20:01.0 (28900028)|STATEMENT_EXECUTE|[35]
19:20:01.0 (28904625)|HEAP_ALLOCATE|[35]|Bytes:4
19:20:01.0 (28955836)|VARIABLE_SCOPE_BEGIN|[35]|owList|List<RecentlyViewedRecords.objectWrapper>|true|false
19:20:01.0 (28982191)|HEAP_ALLOCATE|[EXTERNAL]|Bytes:4
19:20:01.0 (29004060)|VARIABLE_ASSIGNMENT|[35]|owList|[]|0xd2d73de
19:20:01.0 (29013254)|STATEMENT_EXECUTE|[36]
19:20:01.0 (37478035)|HEAP_ALLOCATE|[36]|Bytes:1628
19:20:01.0 (37508885)|VARIABLE_SCOPE_BEGIN|[36]|globalDescribeMap|Map<String,Schema.SObjectType>|true|false
19:20:01.0 (37744689)|VARIABLE_ASSIGNMENT|[36]|globalDescribeMap|"{acceptedeventrelation=AcceptedEventRelation, acchierarchy__account_hierarchy__mdt=accHierarchy__Account_Hierarchy__mdt, acchierarchy__account_hierarchy_setup__c=accHierarchy__Account_Hierarchy_Setup__c, account=Account, accountcleaninfo=AccountCleanInfo, accountcontactrole=AccountContactRole, accountfeed=AccountFeed, accounthistory=AccountHistory, accountpartner=AccountPartner, accountshare=AccountShare, ...}"|0x606dcc58
19:20:01.0 (37760698)|STATEMENT_EXECUTE|[37]
19:20:01.0 (37828276)|VARIABLE_SCOPE_BEGIN|[37]|SObjectTypeObj|Schema.SObjectType|true|false
19:20:01.0 (37880293)|VARIABLE_ASSIGNMENT|[37]|SObjectTypeObj|"common.apex.runtime.impl.ApexSObjectTypeToken@736e7304"|0x736e7304
19:20:01.0 (37888578)|STATEMENT_EXECUTE|[38]
19:20:01.0 (38040419)|HEAP_ALLOCATE|[38]|Bytes:4
19:20:01.0 (38070919)|VARIABLE_SCOPE_BEGIN|[38]|describeSObjectResultObj|Schema.DescribeSObjectResult|true|false
19:20:01.0 (38134055)|VARIABLE_ASSIGNMENT|[38]|describeSObjectResultObj|"common.api.soap.wsdl.DescribeSObjectResult@1b46225b"|0x3b531d37
19:20:01.0 (38142353)|STATEMENT_EXECUTE|[39]
19:20:01.0 (38147110)|HEAP_ALLOCATE|[39]|Bytes:15
19:20:01.0 (38156457)|HEAP_ALLOCATE|[39]|Bytes:2
19:20:01.0 (38270729)|HEAP_ALLOCATE|[39]|Bytes:363
19:20:01.0 (38291114)|HEAP_ALLOCATE|[39]|Bytes:399
19:20:01.0 (38309913)|USER_DEBUG|[39]|DEBUG|FIELDSET_NAME==RecentlyViewedHover==Schema.DescribeSObjectResult[getHasSubtypes=false;getKeyPrefix=005;getLabel=User;getLabelPlural=Users;getName=User;isAccessible=true;isCreateable=true;isCustom=false;isCustomSetting=false;isDeletable=false;isDeprecatedAndHidden=false;isFeedEnabled=true;isMergeable=false;isMruEnabled=true;isQueryable=true;isSearchable=true;isUndeletable=false;isUpdateable=true;]
19:20:01.0 (38322959)|STATEMENT_EXECUTE|[40]
19:20:01.0 (39790506)|HEAP_ALLOCATE|[40]|Bytes:4
19:20:01.0 (39844504)|VARIABLE_SCOPE_BEGIN|[40]|fieldSetObj|Schema.FieldSet|true|false
19:20:01.0 (39866151)|VARIABLE_ASSIGNMENT|[40]|fieldSetObj|null|
19:20:01.0 (39875269)|STATEMENT_EXECUTE|[41]
19:20:01.0 (39880564)|HEAP_ALLOCATE|[41]|Bytes:13
19:20:01.0 (39946233)|HEAP_ALLOCATE|[41]|Bytes:17
19:20:01.0 (39964740)|USER_DEBUG|[41]|DEBUG|fieldSetObj==null
19:20:01.0 (39976764)|STATEMENT_EXECUTE|[42]
19:20:01.0 (39984883)|HEAP_ALLOCATE|[42]|Bytes:4
19:20:01.0 (40020926)|VARIABLE_SCOPE_BEGIN|[42]|fieldApis|List<String>|true|false
19:20:01.0 (40076414)|HEAP_ALLOCATE|[EXTERNAL]|Bytes:4
19:20:01.0 (40092801)|VARIABLE_ASSIGNMENT|[42]|fieldApis|[]|0x413c4dae
19:20:01.0 (40099467)|STATEMENT_EXECUTE|[43]
19:20:01.0 (40108956)|HEAP_ALLOCATE|[43]|Bytes:4
19:20:01.0 (40136743)|VARIABLE_SCOPE_BEGIN|[43]|refFieldToIgnore|Set<String>|true|false
19:20:01.0 (40159244)|VARIABLE_ASSIGNMENT|[43]|refFieldToIgnore|[]|0x6d1f206b
19:20:01.0 (40165253)|STATEMENT_EXECUTE|[44]
19:20:01.0 (40168842)|HEAP_ALLOCATE|[44]|Bytes:4
19:20:01.0 (40175238)|VARIABLE_SCOPE_BEGIN|[44]|refMap|Map<String,String>|true|false
19:20:01.0 (40187590)|VARIABLE_ASSIGNMENT|[44]|refMap|{}|0x6e575256
19:20:01.0 (40192358)|STATEMENT_EXECUTE|[45]
19:20:01.0 (40194661)|VARIABLE_SCOPE_BEGIN|[45]|query|String|false|false
19:20:01.0 (40202815)|VARIABLE_ASSIGNMENT|[45]|query|null
19:20:01.0 (40207745)|STATEMENT_EXECUTE|[66]
19:20:01.0 (40210748)|HEAP_ALLOCATE|[67]|Bytes:4
19:20:01.0 (40246587)|STATEMENT_EXECUTE|[67]
19:20:01.0 (40248040)|STATEMENT_EXECUTE|[68]
19:20:01.0 (40250457)|HEAP_ALLOCATE|[68]|Bytes:4
19:20:01.0 (40274351)|HEAP_ALLOCATE|[EXTERNAL]|Bytes:4
19:20:01.0 (40281314)|STATEMENT_EXECUTE|[69]
19:20:01.0 (40283908)|HEAP_ALLOCATE|[69]|Bytes:20
19:20:01.0 (40287672)|HEAP_ALLOCATE|[69]|Bytes:13
19:20:01.0 (40305125)|HEAP_ALLOCATE|[69]|Bytes:18
19:20:01.0 (40313903)|HEAP_ALLOCATE|[69]|Bytes:1
19:20:01.0 (40322743)|HEAP_ALLOCATE|[69]|Bytes:56
19:20:01.0 (40332260)|VARIABLE_ASSIGNMENT|[69]|query|"Select Id,Name from  (36 more) ..."
19:20:01.0 (40345900)|STATEMENT_EXECUTE|[85]
19:20:01.0 (40348361)|HEAP_ALLOCATE|[85]|Bytes:7
19:20:01.0 (40354672)|HEAP_ALLOCATE|[85]|Bytes:63
19:20:01.0 (40374667)|USER_DEBUG|[85]|DEBUG|query==Select Id,Name from User where Id = '00528000001JBjQAAW'
19:20:01.0 (40386422)|STATEMENT_EXECUTE|[86]
19:20:01.0 (41389084)|SOQL_EXECUTE_BEGIN|[86]|Aggregations:0|Select Id,Name from User where Id = '00528000001JBjQAAW'
19:20:01.0 (43523228)|SOQL_EXECUTE_END|[86]|Rows:1
19:20:01.0 (43542491)|HEAP_ALLOCATE|[86]|Bytes:8
19:20:01.0 (43560288)|HEAP_ALLOCATE|[86]|Bytes:50
19:20:01.0 (43627326)|HEAP_ALLOCATE|[86]|Bytes:8
19:20:01.0 (43644923)|HEAP_ALLOCATE|[86]|Bytes:33
19:20:01.0 (43707632)|HEAP_ALLOCATE|[86]|Bytes:12
19:20:01.0 (43722213)|VARIABLE_SCOPE_BEGIN|[86]|so|SObject|true|false
19:20:01.0 (43749433)|VARIABLE_ASSIGNMENT|[86]|so|{"Id":"00528000001JBjQAAW","Name":"Ramu Veligeti"}|0x6b56d3c
19:20:01.0 (43756878)|STATEMENT_EXECUTE|[87]
19:20:01.0 (43760337)|HEAP_ALLOCATE|[87]|Bytes:4
19:20:01.0 (43842280)|HEAP_ALLOCATE|[87]|Bytes:48
19:20:01.0 (43867571)|HEAP_ALLOCATE|[87]|Bytes:52
19:20:01.0 (43883796)|USER_DEBUG|[87]|DEBUG|so==User:{Id=00528000001JBjQAAW, Name=Ramu Veligeti}
19:20:01.0 (43972225)|HEAP_ALLOCATE|[88]|Bytes:5
19:20:01.0 (43984956)|HEAP_ALLOCATE|[88]|Bytes:4
19:20:01.0 (43993106)|VARIABLE_SCOPE_BEGIN|[88]|st|String|false|false
19:20:01.0 (44003299)|VARIABLE_ASSIGNMENT|[88]|st|"name"
19:20:01.0 (44010051)|STATEMENT_EXECUTE|[88]
19:20:01.0 (44042474)|STATEMENT_EXECUTE|[89]
19:20:01.0 (44044393)|STATEMENT_EXECUTE|[90]
19:20:01.0 (44059736)|METHOD_ENTRY|[90]|01p2800000FELrp|RecentlyViewedRecords.findFieldInfo(String, String)
19:20:01.0 (44079331)|VARIABLE_SCOPE_BEGIN|[136]|objName|String|false|false
19:20:01.0 (44087806)|VARIABLE_ASSIGNMENT|[136]|objName|"User"
19:20:01.0 (44091871)|VARIABLE_SCOPE_BEGIN|[136]|fieldApi|String|false|false
19:20:01.0 (44098695)|VARIABLE_ASSIGNMENT|[136]|fieldApi|"name"
19:20:01.0 (44104115)|STATEMENT_EXECUTE|[136]
19:20:01.0 (44105266)|STATEMENT_EXECUTE|[137]
19:20:01.0 (44138735)|VARIABLE_SCOPE_BEGIN|[137]|leadSchema|Schema.SObjectType|true|false
19:20:01.0 (44236334)|VARIABLE_ASSIGNMENT|[137]|leadSchema|"common.apex.runtime.impl.ApexSObjectTypeToken@736e7304"|0x736e7304
19:20:01.0 (44245376)|STATEMENT_EXECUTE|[138]
19:20:01.0 (44286427)|HEAP_ALLOCATE|[138]|Bytes:4
19:20:01.0 (45248247)|HEAP_ALLOCATE|[138]|Bytes:640
19:20:01.0 (45265786)|METHOD_EXIT|[90]|01p2800000FELrp|RecentlyViewedRecords.findFieldInfo(String, String)
19:20:01.0 (45273661)|VARIABLE_SCOPE_BEGIN|[90]|fieldMap|Map<String,Schema.SObjectField>|true|false
19:20:01.0 (45457019)|VARIABLE_ASSIGNMENT|[90]|fieldMap|"{aboutme=AboutMe, accountid=AccountId, address=Address, alias=Alias, badgetext=BadgeText, bannerphotourl=BannerPhotoUrl, bksl2__about_us__c=BKSL2__About_us__c, bksl2__booking_social_account2__c=BKSL2__Booking_Social_Account2__c, bksl2__booking_social_account__c=BKSL2__Booking_Social_Account__c, bksl2__expert__c=BKSL2__Expert__c, ...}"|0x155e0873
19:20:01.0 (45470029)|STATEMENT_EXECUTE|[91]
19:20:01.0 (45545349)|HEAP_ALLOCATE|[91]|Bytes:180
19:20:01.0 (45553771)|HEAP_ALLOCATE|[91]|Bytes:23
19:20:01.0 (45566264)|HEAP_ALLOCATE|[91]|Bytes:28
19:20:01.0 (45586924)|CONSTRUCTOR_ENTRY|[91]|01p2800000FELrp|<init>()
19:20:01.0 (45610723)|VARIABLE_SCOPE_BEGIN|[167]|this|RecentlyViewedRecords.objectWrapper|true|false
19:20:01.0 (45654438)|VARIABLE_ASSIGNMENT|[167]|this|{}|0x424f94ed
19:20:01.0 (45665350)|HEAP_ALLOCATE|[EXTERNAL]|Bytes:6
19:20:01.0 (45688239)|STATEMENT_EXECUTE|[167]
19:20:01.0 (45689805)|STATEMENT_EXECUTE|[169]
19:20:01.0 (45690911)|STATEMENT_EXECUTE|[171]
19:20:01.0 (45691732)|STATEMENT_EXECUTE|[173]
19:20:01.0 (45692633)|STATEMENT_EXECUTE|[175]
19:20:01.0 (45693499)|STATEMENT_EXECUTE|[177]
19:20:01.0 (45694366)|STATEMENT_EXECUTE|[179]
19:20:01.0 (45698385)|CONSTRUCTOR_EXIT|[91]|01p2800000FELrp|<init>()
19:20:01.0 (45705148)|VARIABLE_SCOPE_BEGIN|[91]|ow|RecentlyViewedRecords.objectWrapper|true|false
19:20:01.0 (45722557)|VARIABLE_ASSIGNMENT|[91]|ow|{}|0x424f94ed
19:20:01.0 (45728659)|STATEMENT_EXECUTE|[92]
19:20:01.0 (46025022)|HEAP_ALLOCATE|[92]|Bytes:8
19:20:01.0 (46054196)|HEAP_ALLOCATE|[92]|Bytes:9
19:20:01.0 (46092123)|VARIABLE_ASSIGNMENT|[EXTERNAL]|this|{}|0x424f94ed
19:20:01.0 (46102529)|VARIABLE_ASSIGNMENT|[EXTERNAL]|value|"Full Name"
19:20:01.0 (46116419)|VARIABLE_ASSIGNMENT|[169]|this.label|"Full Name"|0x424f94ed
19:20:01.0 (46130343)|STATEMENT_EXECUTE|[93]
19:20:01.0 (46198921)|HEAP_ALLOCATE|[93]|Bytes:13
19:20:01.0 (46228121)|HEAP_ALLOCATE|[93]|Bytes:13
19:20:01.0 (46275204)|VARIABLE_ASSIGNMENT|[EXTERNAL]|this|{"label":"Full Name"}|0x424f94ed
19:20:01.0 (46290335)|VARIABLE_ASSIGNMENT|[EXTERNAL]|value|"Ramu Veligeti"
19:20:01.0 (46303601)|VARIABLE_ASSIGNMENT|[171]|this.value|"Ramu Veligeti"|0x424f94ed
19:20:01.0 (46315558)|STATEMENT_EXECUTE|[94]
19:20:01.0 (46388443)|VARIABLE_ASSIGNMENT|[EXTERNAL]|this|{"label":"Full Name","value":"Ramu Veligeti"}|0x424f94ed
19:20:01.0 (46406430)|VARIABLE_ASSIGNMENT|[EXTERNAL]|value|null
19:20:01.0 (46424365)|VARIABLE_ASSIGNMENT|[173]|this.refName|null|0x424f94ed
19:20:01.0 (46443167)|STATEMENT_EXECUTE|[95]
19:20:01.0 (46492730)|VARIABLE_ASSIGNMENT|[EXTERNAL]|this|{"label":"Full Name","value":"Ramu Veligeti"}|0x424f94ed
19:20:01.0 (46501508)|VARIABLE_ASSIGNMENT|[EXTERNAL]|value|"name"
19:20:01.0 (46508320)|VARIABLE_ASSIGNMENT|[175]|this.api|"name"|0x424f94ed
19:20:01.0 (46516421)|STATEMENT_EXECUTE|[96]
19:20:01.0 (46574244)|HEAP_ALLOCATE|[96]|Bytes:8
19:20:01.0 (47463397)|HEAP_ALLOCATE|[96]|Bytes:12
19:20:01.0 (47496060)|HEAP_ALLOCATE|[96]|Bytes:6
19:20:01.0 (47550703)|VARIABLE_ASSIGNMENT|[EXTERNAL]|this|{"api":"name","label":"Full Name","value":"Ramu Veligeti"}|0x424f94ed
19:20:01.0 (47560819)|VARIABLE_ASSIGNMENT|[EXTERNAL]|value|"STRING"
19:20:01.0 (47569760)|VARIABLE_ASSIGNMENT|[177]|this.type|"STRING"|0x424f94ed
19:20:01.0 (47578307)|STATEMENT_EXECUTE|[98]
19:20:01.0 (47581838)|HEAP_ALLOCATE|[98]|Bytes:4
19:20:01.0 (47651490)|HEAP_ALLOCATE|[98]|Bytes:103
19:20:01.0 (47667537)|HEAP_ALLOCATE|[98]|Bytes:107
19:20:01.0 (47678565)|USER_DEBUG|[98]|DEBUG|ow==objectWrapper:[api=name, iconUrl=null, label=Full Name, refName=null, type=STRING, value=Ramu Veligeti]
19:20:01.0 (47686169)|STATEMENT_EXECUTE|[99]
19:20:01.0 (47717643)|HEAP_ALLOCATE|[EXTERNAL]|Bytes:4
19:20:01.0 (47733983)|HEAP_ALLOCATE|[88]|Bytes:5
19:20:01.0 (47745570)|VARIABLE_ASSIGNMENT|[88]|st|null
19:20:01.0 (47751208)|STATEMENT_EXECUTE|[102]
19:20:01.0 (47757369)|SYSTEM_MODE_EXIT|false
19:20:01.47 (47775791)|CUMULATIVE_LIMIT_USAGE
19:20:01.47 (47775791)|LIMIT_USAGE_FOR_NS|(default)|
  Number of SOQL queries: 1 out of 100
  Number of query rows: 1 out of 50000
  Number of SOSL queries: 0 out of 20
  Number of DML statements: 0 out of 150
  Number of DML rows: 0 out of 10000
  Maximum CPU time: 0 out of 10000
  Maximum heap size: 0 out of 6000000
  Number of callouts: 0 out of 100
  Number of Email Invocations: 0 out of 10
  Number of future calls: 0 out of 50
  Number of queueable jobs added to the queue: 0 out of 50
  Number of Mobile Apex push calls: 0 out of 10

19:20:01.47 (47775791)|CUMULATIVE_LIMIT_USAGE_END

19:20:01.0 (47804144)|CODE_UNIT_FINISHED|RecentlyViewedRecords.queryCompactLayout
19:20:01.0 (49508995)|CODE_UNIT_STARTED|[EXTERNAL]|Aura
19:20:01.0 (49547646)|CODE_UNIT_FINISHED|Aura
19:20:01.0 (49576709)|CODE_UNIT_FINISHED|Aura
19:20:01.0 (50283590)|EXECUTION_FINISHED
