40.0 APEX_CODE,FINEST;APEX_PROFILING,INFO;CALLOUT,INFO;DB,INFO;SYSTEM,DEBUG;VALIDATION,INFO;VISUALFORCE,INFO;WAVE,INFO;WORKFLOW,INFO
19:13:57.0 (49907)|USER_INFO|[EXTERNAL]|00528000001JBjQ|ramu.veligeti@yahoo.co.in|Pacific Standard Time|GMT-07:00
19:13:57.0 (86130)|EXECUTION_STARTED
19:13:57.0 (89095)|CODE_UNIT_STARTED|[EXTERNAL]|Aura
19:13:57.0 (10252411)|HEAP_ALLOCATE|[72]|Bytes:3
19:13:57.0 (10295440)|HEAP_ALLOCATE|[77]|Bytes:152
19:13:57.0 (10314961)|HEAP_ALLOCATE|[342]|Bytes:408
19:13:57.0 (10336676)|HEAP_ALLOCATE|[355]|Bytes:408
19:13:57.0 (10361899)|HEAP_ALLOCATE|[467]|Bytes:48
19:13:57.0 (10392332)|HEAP_ALLOCATE|[139]|Bytes:6
19:13:57.0 (10410329)|HEAP_ALLOCATE|[EXTERNAL]|Bytes:18
19:13:57.0 (10421144)|HEAP_ALLOCATE|[EXTERNAL]|Bytes:4
19:13:57.0 (10711641)|HEAP_ALLOCATE|[EXTERNAL]|Bytes:12
19:13:57.0 (10720007)|HEAP_ALLOCATE|[EXTERNAL]|Bytes:12
19:13:57.0 (11544494)|CODE_UNIT_STARTED|[EXTERNAL]|01p2800000FELrp|RecentlyViewedRecords.queryCompactLayout
19:13:57.0 (11594108)|VARIABLE_SCOPE_BEGIN|[2]|RecentlyViewedRecords.FIELDSET_NAME|String|false|true
19:13:57.0 (11765694)|VARIABLE_SCOPE_BEGIN|[3]|RecentlyViewedRecords.private_apiFieldNames|Map<String,Set<String>>|true|true
19:13:57.0 (11863046)|VARIABLE_SCOPE_BEGIN|[5]|RecentlyViewedRecords.rvi|Recently_Viewed__c|true|true
19:13:57.0 (11874350)|VARIABLE_SCOPE_BEGIN|[4]|RecentlyViewedRecords.schemaMap|Map<String,Schema.SObjectType>|true|true
19:13:57.0 (12004888)|HEAP_ALLOCATE|[EXTERNAL]|Bytes:35
19:13:57.0 (12015039)|HEAP_ALLOCATE|[EXTERNAL]|Bytes:20
19:13:57.0 (12019765)|HEAP_ALLOCATE|[EXTERNAL]|Bytes:38
19:13:57.0 (12031139)|METHOD_ENTRY|[1]|01p2800000FELrp|RecentlyViewedRecords.RecentlyViewedRecords()
19:13:57.0 (12037749)|STATEMENT_EXECUTE|[1]
19:13:57.0 (12042413)|STATEMENT_EXECUTE|[1]
19:13:57.0 (12043452)|STATEMENT_EXECUTE|[2]
19:13:57.0 (12046227)|HEAP_ALLOCATE|[2]|Bytes:19
19:13:57.0 (12070584)|VARIABLE_ASSIGNMENT|[2]|RecentlyViewedRecords.FIELDSET_NAME|"RecentlyViewedHover"
19:13:57.0 (12075391)|STATEMENT_EXECUTE|[3]
19:13:57.0 (12078766)|HEAP_ALLOCATE|[3]|Bytes:4
19:13:57.0 (12100666)|VARIABLE_ASSIGNMENT|[3]|RecentlyViewedRecords.private_apiFieldNames|{}|0x66cc524f
19:13:57.0 (12106187)|STATEMENT_EXECUTE|[4]
19:13:57.0 (12134999)|HEAP_ALLOCATE|[50]|Bytes:5
19:13:57.0 (12152359)|HEAP_ALLOCATE|[56]|Bytes:5
19:13:57.0 (12159164)|HEAP_ALLOCATE|[64]|Bytes:7
19:13:57.0 (27412052)|HEAP_ALLOCATE|[4]|Bytes:1456
19:13:57.0 (27760869)|VARIABLE_ASSIGNMENT|[4]|RecentlyViewedRecords.schemaMap|"{acceptedeventrelation=AcceptedEventRelation, acchierarchy__account_hierarchy__mdt=accHierarchy__Account_Hierarchy__mdt, acchierarchy__account_hierarchy_setup__c=accHierarchy__Account_Hierarchy_Setup__c, account=Account, accountcleaninfo=AccountCleanInfo, accountcontactrole=AccountContactRole, accountfeed=AccountFeed, accounthistory=AccountHistory, accountpartner=AccountPartner, accountshare=AccountShare, ...}"|0x2d664cfb
19:13:57.0 (27787052)|STATEMENT_EXECUTE|[5]
19:13:57.0 (28773184)|HEAP_ALLOCATE|[5]|Bytes:20
19:13:57.0 (28820027)|VARIABLE_ASSIGNMENT|[5]|RecentlyViewedRecords.rvi|{"IsDeleted":false,"Name":"a0d28000002ZKNz","SetupOwnerId":"00528000001JBjQAAW","Records_to_Display__ (1 more) ...":"20"}|0x3206fd04
19:13:57.0 (28829228)|STATEMENT_EXECUTE|[147]
19:13:57.0 (28830660)|STATEMENT_EXECUTE|[167]
19:13:57.0 (28838421)|METHOD_EXIT|[1]|RecentlyViewedRecords
19:13:57.0 (28846206)|HEAP_ALLOCATE|[EXTERNAL]|Bytes:4
19:13:57.0 (28849963)|HEAP_ALLOCATE|[EXTERNAL]|Bytes:12
19:13:57.0 (28855436)|SYSTEM_MODE_ENTER|false
19:13:57.0 (28866401)|VARIABLE_SCOPE_BEGIN|[33]|rvId|Id|false|false
19:13:57.0 (28931380)|VARIABLE_ASSIGNMENT|[33]|rvId|"a0f28000008b0TVAAY"
19:13:57.0 (28938716)|VARIABLE_SCOPE_BEGIN|[33]|objName|String|false|false
19:13:57.0 (28946892)|VARIABLE_ASSIGNMENT|[33]|objName|"Scheduler__c"
19:13:57.0 (28955678)|STATEMENT_EXECUTE|[33]
19:13:57.0 (28956946)|STATEMENT_EXECUTE|[34]
19:13:57.0 (28964317)|HEAP_ALLOCATE|[34]|Bytes:4
19:13:57.0 (28977068)|VARIABLE_SCOPE_BEGIN|[34]|objMap|Map<String,String>|true|false
19:13:57.0 (28991990)|VARIABLE_ASSIGNMENT|[34]|objMap|{}|0x36dc8f21
19:13:57.0 (28997599)|STATEMENT_EXECUTE|[35]
19:13:57.0 (29001435)|HEAP_ALLOCATE|[35]|Bytes:4
19:13:57.0 (29058254)|VARIABLE_SCOPE_BEGIN|[35]|owList|List<RecentlyViewedRecords.objectWrapper>|true|false
19:13:57.0 (29080147)|HEAP_ALLOCATE|[EXTERNAL]|Bytes:4
19:13:57.0 (29090354)|VARIABLE_ASSIGNMENT|[35]|owList|[]|0x29420c95
19:13:57.0 (29095370)|STATEMENT_EXECUTE|[36]
19:13:57.0 (36757113)|HEAP_ALLOCATE|[36]|Bytes:1628
19:13:57.0 (36786412)|VARIABLE_SCOPE_BEGIN|[36]|globalDescribeMap|Map<String,Schema.SObjectType>|true|false
19:13:57.0 (37009872)|VARIABLE_ASSIGNMENT|[36]|globalDescribeMap|"{acceptedeventrelation=AcceptedEventRelation, acchierarchy__account_hierarchy__mdt=accHierarchy__Account_Hierarchy__mdt, acchierarchy__account_hierarchy_setup__c=accHierarchy__Account_Hierarchy_Setup__c, account=Account, accountcleaninfo=AccountCleanInfo, accountcontactrole=AccountContactRole, accountfeed=AccountFeed, accounthistory=AccountHistory, accountpartner=AccountPartner, accountshare=AccountShare, ...}"|0x473cadb8
19:13:57.0 (37025603)|STATEMENT_EXECUTE|[37]
19:13:57.0 (37095004)|VARIABLE_SCOPE_BEGIN|[37]|SObjectTypeObj|Schema.SObjectType|true|false
19:13:57.0 (37147864)|VARIABLE_ASSIGNMENT|[37]|SObjectTypeObj|"common.apex.runtime.impl.ApexSObjectTypeToken@42d78686"|0x42d78686
19:13:57.0 (37155682)|STATEMENT_EXECUTE|[38]
19:13:57.0 (37338691)|HEAP_ALLOCATE|[38]|Bytes:4
19:13:57.0 (37363036)|VARIABLE_SCOPE_BEGIN|[38]|describeSObjectResultObj|Schema.DescribeSObjectResult|true|false
19:13:57.0 (37427970)|VARIABLE_ASSIGNMENT|[38]|describeSObjectResultObj|"common.api.soap.wsdl.DescribeSObjectResult@315dff72"|0xb4c05bd
19:13:57.0 (37436532)|STATEMENT_EXECUTE|[39]
19:13:57.0 (37441151)|HEAP_ALLOCATE|[39]|Bytes:15
19:13:57.0 (37451160)|HEAP_ALLOCATE|[39]|Bytes:2
19:13:57.0 (37570005)|HEAP_ALLOCATE|[39]|Bytes:378
19:13:57.0 (37593130)|HEAP_ALLOCATE|[39]|Bytes:414
19:13:57.0 (37612525)|USER_DEBUG|[39]|DEBUG|FIELDSET_NAME==RecentlyViewedHover==Schema.DescribeSObjectResult[getHasSubtypes=false;getKeyPrefix=a0f;getLabel=Scheduler;getLabelPlural=Scheduler;getName=Scheduler__c;isAccessible=true;isCreateable=true;isCustom=true;isCustomSetting=false;isDeletable=true;isDeprecatedAndHidden=false;isFeedEnabled=false;isMergeable=false;isMruEnabled=true;isQueryable=true;isSearchable=true;isUndeletable=true;isUpdateable=true;]
19:13:57.0 (37625769)|STATEMENT_EXECUTE|[40]
19:13:57.0 (38824146)|HEAP_ALLOCATE|[40]|Bytes:4
19:13:57.0 (38874007)|VARIABLE_SCOPE_BEGIN|[40]|fieldSetObj|Schema.FieldSet|true|false
19:13:57.0 (38888204)|VARIABLE_ASSIGNMENT|[40]|fieldSetObj|null|
19:13:57.0 (38893508)|STATEMENT_EXECUTE|[41]
19:13:57.0 (38897118)|HEAP_ALLOCATE|[41]|Bytes:13
19:13:57.0 (38941272)|HEAP_ALLOCATE|[41]|Bytes:17
19:13:57.0 (38954061)|USER_DEBUG|[41]|DEBUG|fieldSetObj==null
19:13:57.0 (38961068)|STATEMENT_EXECUTE|[42]
19:13:57.0 (38967428)|HEAP_ALLOCATE|[42]|Bytes:4
19:13:57.0 (38992400)|VARIABLE_SCOPE_BEGIN|[42]|fieldApis|List<String>|true|false
19:13:57.0 (39017229)|HEAP_ALLOCATE|[EXTERNAL]|Bytes:4
19:13:57.0 (39030472)|VARIABLE_ASSIGNMENT|[42]|fieldApis|[]|0x308af543
19:13:57.0 (39036339)|STATEMENT_EXECUTE|[43]
19:13:57.0 (39044547)|HEAP_ALLOCATE|[43]|Bytes:4
19:13:57.0 (39065575)|VARIABLE_SCOPE_BEGIN|[43]|refFieldToIgnore|Set<String>|true|false
19:13:57.0 (39087111)|VARIABLE_ASSIGNMENT|[43]|refFieldToIgnore|[]|0x5b007f02
19:13:57.0 (39093758)|STATEMENT_EXECUTE|[44]
19:13:57.0 (39097243)|HEAP_ALLOCATE|[44]|Bytes:4
19:13:57.0 (39104022)|VARIABLE_SCOPE_BEGIN|[44]|refMap|Map<String,String>|true|false
19:13:57.0 (39117466)|VARIABLE_ASSIGNMENT|[44]|refMap|{}|0x24a1dbe7
19:13:57.0 (39122719)|STATEMENT_EXECUTE|[45]
19:13:57.0 (39125228)|VARIABLE_SCOPE_BEGIN|[45]|query|String|false|false
19:13:57.0 (39138531)|VARIABLE_ASSIGNMENT|[45]|query|null
19:13:57.0 (39145620)|STATEMENT_EXECUTE|[66]
19:13:57.0 (39149042)|HEAP_ALLOCATE|[67]|Bytes:4
19:13:57.0 (39197976)|STATEMENT_EXECUTE|[67]
19:13:57.0 (39200411)|STATEMENT_EXECUTE|[68]
19:13:57.0 (39204137)|HEAP_ALLOCATE|[68]|Bytes:4
19:13:57.0 (39233414)|HEAP_ALLOCATE|[EXTERNAL]|Bytes:4
19:13:57.0 (39240589)|STATEMENT_EXECUTE|[69]
19:13:57.0 (39243099)|HEAP_ALLOCATE|[69]|Bytes:20
19:13:57.0 (39247086)|HEAP_ALLOCATE|[69]|Bytes:13
19:13:57.0 (39265374)|HEAP_ALLOCATE|[69]|Bytes:18
19:13:57.0 (39273552)|HEAP_ALLOCATE|[69]|Bytes:1
19:13:57.0 (39281472)|HEAP_ALLOCATE|[69]|Bytes:64
19:13:57.0 (39292491)|VARIABLE_ASSIGNMENT|[69]|query|"Select Id,Name from  (44 more) ..."
19:13:57.0 (39300352)|STATEMENT_EXECUTE|[85]
19:13:57.0 (39303168)|HEAP_ALLOCATE|[85]|Bytes:7
19:13:57.0 (39311868)|HEAP_ALLOCATE|[85]|Bytes:71
19:13:57.0 (39335256)|USER_DEBUG|[85]|DEBUG|query==Select Id,Name from Scheduler__c where Id = 'a0f28000008b0TVAAY'
19:13:57.0 (39347486)|STATEMENT_EXECUTE|[86]
19:13:57.0 (39604175)|SOQL_EXECUTE_BEGIN|[86]|Aggregations:0|Select Id,Name from Scheduler__c where Id = 'a0f28000008b0TVAAY'
19:13:57.0 (42487552)|SOQL_EXECUTE_END|[86]|Rows:1
19:13:57.0 (42509904)|HEAP_ALLOCATE|[86]|Bytes:8
19:13:57.0 (42524255)|HEAP_ALLOCATE|[86]|Bytes:47
19:13:57.0 (42575247)|HEAP_ALLOCATE|[86]|Bytes:8
19:13:57.0 (42591132)|HEAP_ALLOCATE|[86]|Bytes:33
19:13:57.0 (42641559)|HEAP_ALLOCATE|[86]|Bytes:12
19:13:57.0 (42650358)|VARIABLE_SCOPE_BEGIN|[86]|so|SObject|true|false
19:13:57.0 (42670604)|VARIABLE_ASSIGNMENT|[86]|so|{"Id":"a0f28000008b0TVAAY","Name":"SCH-000008"}|0x1d453273
19:13:57.0 (42681672)|STATEMENT_EXECUTE|[87]
19:13:57.0 (42684845)|HEAP_ALLOCATE|[87]|Bytes:4
19:13:57.0 (42748090)|HEAP_ALLOCATE|[87]|Bytes:53
19:13:57.0 (42764575)|HEAP_ALLOCATE|[87]|Bytes:57
19:13:57.0 (42778158)|USER_DEBUG|[87]|DEBUG|so==Scheduler__c:{Id=a0f28000008b0TVAAY, Name=SCH-000008}
19:13:57.0 (42857630)|HEAP_ALLOCATE|[88]|Bytes:5
19:13:57.0 (42870907)|HEAP_ALLOCATE|[88]|Bytes:4
19:13:57.0 (42879244)|VARIABLE_SCOPE_BEGIN|[88]|st|String|false|false
19:13:57.0 (42888980)|VARIABLE_ASSIGNMENT|[88]|st|"name"
19:13:57.0 (42894238)|STATEMENT_EXECUTE|[88]
19:13:57.0 (42922448)|STATEMENT_EXECUTE|[89]
19:13:57.0 (42923777)|STATEMENT_EXECUTE|[90]
19:13:57.0 (42938695)|METHOD_ENTRY|[90]|01p2800000FELrp|RecentlyViewedRecords.findFieldInfo(String, String)
19:13:57.0 (42959821)|VARIABLE_SCOPE_BEGIN|[136]|objName|String|false|false
19:13:57.0 (42969836)|VARIABLE_ASSIGNMENT|[136]|objName|"Scheduler__c"
19:13:57.0 (42974358)|VARIABLE_SCOPE_BEGIN|[136]|fieldApi|String|false|false
19:13:57.0 (42981909)|VARIABLE_ASSIGNMENT|[136]|fieldApi|"name"
19:13:57.0 (42988161)|STATEMENT_EXECUTE|[136]
19:13:57.0 (42989356)|STATEMENT_EXECUTE|[137]
19:13:57.0 (43022950)|VARIABLE_SCOPE_BEGIN|[137]|leadSchema|Schema.SObjectType|true|false
19:13:57.0 (43095021)|VARIABLE_ASSIGNMENT|[137]|leadSchema|"common.apex.runtime.impl.ApexSObjectTypeToken@42d78686"|0x42d78686
19:13:57.0 (43102629)|STATEMENT_EXECUTE|[138]
19:13:57.0 (43139121)|HEAP_ALLOCATE|[138]|Bytes:4
19:13:57.0 (43308387)|HEAP_ALLOCATE|[138]|Bytes:64
19:13:57.0 (43320746)|METHOD_EXIT|[90]|01p2800000FELrp|RecentlyViewedRecords.findFieldInfo(String, String)
19:13:57.0 (43328185)|VARIABLE_SCOPE_BEGIN|[90]|fieldMap|Map<String,Schema.SObjectField>|true|false
19:13:57.0 (43448470)|VARIABLE_ASSIGNMENT|[90]|fieldMap|"{createdbyid=CreatedById, createddate=CreatedDate, filter_wrapper_json__c=Filter_Wrapper_JSON__c, id=Id, isdeleted=IsDeleted, lastmodifiedbyid=LastModifiedById, lastmodifieddate=LastModifiedDate, lastreferenceddate=LastReferencedDate, lastvieweddate=LastViewedDate, name=Name, ...}"|0x62b3d71f
19:13:57.0 (43459948)|STATEMENT_EXECUTE|[91]
19:13:57.0 (43477503)|HEAP_ALLOCATE|[91]|Bytes:180
19:13:57.0 (43484988)|HEAP_ALLOCATE|[91]|Bytes:23
19:13:57.0 (43496431)|HEAP_ALLOCATE|[91]|Bytes:28
19:13:57.0 (43519222)|CONSTRUCTOR_ENTRY|[91]|01p2800000FELrp|<init>()
19:13:57.0 (43543752)|VARIABLE_SCOPE_BEGIN|[167]|this|RecentlyViewedRecords.objectWrapper|true|false
19:13:57.0 (43591737)|VARIABLE_ASSIGNMENT|[167]|this|{}|0x5a32d639
19:13:57.0 (43602661)|HEAP_ALLOCATE|[EXTERNAL]|Bytes:6
19:13:57.0 (43624324)|STATEMENT_EXECUTE|[167]
19:13:57.0 (43625852)|STATEMENT_EXECUTE|[169]
19:13:57.0 (43626966)|STATEMENT_EXECUTE|[171]
19:13:57.0 (43627788)|STATEMENT_EXECUTE|[173]
19:13:57.0 (43628669)|STATEMENT_EXECUTE|[175]
19:13:57.0 (43629520)|STATEMENT_EXECUTE|[177]
19:13:57.0 (43630351)|STATEMENT_EXECUTE|[179]
19:13:57.0 (43633911)|CONSTRUCTOR_EXIT|[91]|01p2800000FELrp|<init>()
19:13:57.0 (43640433)|VARIABLE_SCOPE_BEGIN|[91]|ow|RecentlyViewedRecords.objectWrapper|true|false
19:13:57.0 (43657346)|VARIABLE_ASSIGNMENT|[91]|ow|{}|0x5a32d639
19:13:57.0 (43662663)|STATEMENT_EXECUTE|[92]
19:13:57.0 (44056998)|HEAP_ALLOCATE|[92]|Bytes:8
19:13:57.0 (44081726)|HEAP_ALLOCATE|[92]|Bytes:14
19:13:57.0 (44115015)|VARIABLE_ASSIGNMENT|[EXTERNAL]|this|{}|0x5a32d639
19:13:57.0 (44124992)|VARIABLE_ASSIGNMENT|[EXTERNAL]|value|"Scheduler Name"
19:13:57.0 (44135746)|VARIABLE_ASSIGNMENT|[169]|this.label|"Scheduler Name"|0x5a32d639
19:13:57.0 (44143985)|STATEMENT_EXECUTE|[93]
19:13:57.0 (44197411)|HEAP_ALLOCATE|[93]|Bytes:10
19:13:57.0 (44216022)|HEAP_ALLOCATE|[93]|Bytes:10
19:13:57.0 (44263223)|VARIABLE_ASSIGNMENT|[EXTERNAL]|this|{"label":"Scheduler Name"}|0x5a32d639
19:13:57.0 (44282151)|VARIABLE_ASSIGNMENT|[EXTERNAL]|value|"SCH-000008"
19:13:57.0 (44295074)|VARIABLE_ASSIGNMENT|[171]|this.value|"SCH-000008"|0x5a32d639
19:13:57.0 (44307444)|STATEMENT_EXECUTE|[94]
19:13:57.0 (44372213)|VARIABLE_ASSIGNMENT|[EXTERNAL]|this|{"label":"Scheduler Name","value":"SCH-000008"}|0x5a32d639
19:13:57.0 (44382668)|VARIABLE_ASSIGNMENT|[EXTERNAL]|value|null
19:13:57.0 (44390395)|VARIABLE_ASSIGNMENT|[173]|this.refName|null|0x5a32d639
19:13:57.0 (44399403)|STATEMENT_EXECUTE|[95]
19:13:57.0 (44442053)|VARIABLE_ASSIGNMENT|[EXTERNAL]|this|{"label":"Scheduler Name","value":"SCH-000008"}|0x5a32d639
19:13:57.0 (44449969)|VARIABLE_ASSIGNMENT|[EXTERNAL]|value|"name"
19:13:57.0 (44457456)|VARIABLE_ASSIGNMENT|[175]|this.api|"name"|0x5a32d639
19:13:57.0 (44465261)|STATEMENT_EXECUTE|[96]
19:13:57.0 (44524647)|HEAP_ALLOCATE|[96]|Bytes:8
19:13:57.0 (45265790)|HEAP_ALLOCATE|[96]|Bytes:12
19:13:57.0 (45296913)|HEAP_ALLOCATE|[96]|Bytes:6
19:13:57.0 (45336710)|VARIABLE_ASSIGNMENT|[EXTERNAL]|this|{"api":"name","label":"Scheduler Name","value":"SCH-000008"}|0x5a32d639
19:13:57.0 (45346364)|VARIABLE_ASSIGNMENT|[EXTERNAL]|value|"STRING"
19:13:57.0 (45354472)|VARIABLE_ASSIGNMENT|[177]|this.type|"STRING"|0x5a32d639
19:13:57.0 (45362831)|STATEMENT_EXECUTE|[98]
19:13:57.0 (45366237)|HEAP_ALLOCATE|[98]|Bytes:4
19:13:57.0 (45421072)|HEAP_ALLOCATE|[98]|Bytes:105
19:13:57.0 (45436826)|HEAP_ALLOCATE|[98]|Bytes:109
19:13:57.0 (45447322)|USER_DEBUG|[98]|DEBUG|ow==objectWrapper:[api=name, iconUrl=null, label=Scheduler Name, refName=null, type=STRING, value=SCH-000008]
19:13:57.0 (45454622)|STATEMENT_EXECUTE|[99]
19:13:57.0 (45487513)|HEAP_ALLOCATE|[EXTERNAL]|Bytes:4
19:13:57.0 (45510693)|HEAP_ALLOCATE|[88]|Bytes:5
19:13:57.0 (45523201)|VARIABLE_ASSIGNMENT|[88]|st|null
19:13:57.0 (45529161)|STATEMENT_EXECUTE|[102]
19:13:57.0 (45535567)|SYSTEM_MODE_EXIT|false
19:13:57.45 (45557684)|CUMULATIVE_LIMIT_USAGE
19:13:57.45 (45557684)|LIMIT_USAGE_FOR_NS|(default)|
  Number of SOQL queries: 1 out of 100
  Number of query rows: 1 out of 50000
  Number of SOSL queries: 0 out of 20
  Number of DML statements: 0 out of 150
  Number of DML rows: 0 out of 10000
  Maximum CPU time: 0 out of 10000
  Maximum heap size: 0 out of 6000000
  Number of callouts: 0 out of 100
  Number of Email Invocations: 0 out of 10
  Number of future calls: 0 out of 50
  Number of queueable jobs added to the queue: 0 out of 50
  Number of Mobile Apex push calls: 0 out of 10

19:13:57.45 (45557684)|CUMULATIVE_LIMIT_USAGE_END

19:13:57.0 (45587667)|CODE_UNIT_FINISHED|RecentlyViewedRecords.queryCompactLayout
19:13:57.0 (46702780)|CODE_UNIT_STARTED|[EXTERNAL]|Aura
19:13:57.0 (46737375)|CODE_UNIT_FINISHED|Aura
19:13:57.0 (46761159)|CODE_UNIT_FINISHED|Aura
19:13:57.0 (47438888)|EXECUTION_FINISHED
