40.0 APEX_CODE,FINEST;APEX_PROFILING,INFO;CALLOUT,INFO;DB,INFO;SYSTEM,DEBUG;VALIDATION,INFO;VISUALFORCE,INFO;WAVE,INFO;WORKFLOW,INFO
19:22:13.0 (55296)|USER_INFO|[EXTERNAL]|00528000001JBjQ|ramu.veligeti@yahoo.co.in|Pacific Standard Time|GMT-07:00
19:22:13.0 (88438)|EXECUTION_STARTED
19:22:13.0 (91688)|CODE_UNIT_STARTED|[EXTERNAL]|Aura
19:22:13.0 (9024558)|HEAP_ALLOCATE|[72]|Bytes:3
19:22:13.0 (9062588)|HEAP_ALLOCATE|[77]|Bytes:152
19:22:13.0 (9080497)|HEAP_ALLOCATE|[342]|Bytes:408
19:22:13.0 (9094912)|HEAP_ALLOCATE|[355]|Bytes:408
19:22:13.0 (9107319)|HEAP_ALLOCATE|[467]|Bytes:48
19:22:13.0 (9129739)|HEAP_ALLOCATE|[139]|Bytes:6
19:22:13.0 (9142722)|HEAP_ALLOCATE|[EXTERNAL]|Bytes:18
19:22:13.0 (9151625)|HEAP_ALLOCATE|[EXTERNAL]|Bytes:4
19:22:13.0 (9336860)|HEAP_ALLOCATE|[EXTERNAL]|Bytes:12
19:22:13.0 (9343201)|HEAP_ALLOCATE|[EXTERNAL]|Bytes:12
19:22:13.0 (10166263)|CODE_UNIT_STARTED|[EXTERNAL]|01p2800000FELrp|RecentlyViewedRecords.queryCompactLayout
19:22:13.0 (10223080)|VARIABLE_SCOPE_BEGIN|[2]|RecentlyViewedRecords.FIELDSET_NAME|String|false|true
19:22:13.0 (10237529)|VARIABLE_SCOPE_BEGIN|[3]|RecentlyViewedRecords.private_apiFieldNames|Map<String,Set<String>>|true|true
19:22:13.0 (10248152)|VARIABLE_SCOPE_BEGIN|[5]|RecentlyViewedRecords.rvi|Recently_Viewed__c|true|true
19:22:13.0 (10258307)|VARIABLE_SCOPE_BEGIN|[4]|RecentlyViewedRecords.schemaMap|Map<String,Schema.SObjectType>|true|true
19:22:13.0 (10318599)|HEAP_ALLOCATE|[EXTERNAL]|Bytes:35
19:22:13.0 (10328578)|HEAP_ALLOCATE|[EXTERNAL]|Bytes:20
19:22:13.0 (10334107)|HEAP_ALLOCATE|[EXTERNAL]|Bytes:38
19:22:13.0 (10395521)|METHOD_ENTRY|[1]|01p2800000FELrp|RecentlyViewedRecords.RecentlyViewedRecords()
19:22:13.0 (10404809)|STATEMENT_EXECUTE|[1]
19:22:13.0 (10410802)|STATEMENT_EXECUTE|[1]
19:22:13.0 (10412198)|STATEMENT_EXECUTE|[2]
19:22:13.0 (10416284)|HEAP_ALLOCATE|[2]|Bytes:19
19:22:13.0 (10444195)|VARIABLE_ASSIGNMENT|[2]|RecentlyViewedRecords.FIELDSET_NAME|"RecentlyViewedHover"
19:22:13.0 (10450596)|STATEMENT_EXECUTE|[3]
19:22:13.0 (10455328)|HEAP_ALLOCATE|[3]|Bytes:4
19:22:13.0 (10481839)|VARIABLE_ASSIGNMENT|[3]|RecentlyViewedRecords.private_apiFieldNames|{}|0xa433466
19:22:13.0 (10489719)|STATEMENT_EXECUTE|[4]
19:22:13.0 (10527746)|HEAP_ALLOCATE|[50]|Bytes:5
19:22:13.0 (10553311)|HEAP_ALLOCATE|[56]|Bytes:5
19:22:13.0 (10563250)|HEAP_ALLOCATE|[64]|Bytes:7
19:22:13.0 (26204805)|HEAP_ALLOCATE|[4]|Bytes:1456
19:22:13.0 (26459937)|VARIABLE_ASSIGNMENT|[4]|RecentlyViewedRecords.schemaMap|"{acceptedeventrelation=AcceptedEventRelation, acchierarchy__account_hierarchy__mdt=accHierarchy__Account_Hierarchy__mdt, acchierarchy__account_hierarchy_setup__c=accHierarchy__Account_Hierarchy_Setup__c, account=Account, accountcleaninfo=AccountCleanInfo, accountcontactrole=AccountContactRole, accountfeed=AccountFeed, accounthistory=AccountHistory, accountpartner=AccountPartner, accountshare=AccountShare, ...}"|0x360a337
19:22:13.0 (26479826)|STATEMENT_EXECUTE|[5]
19:22:13.0 (27322402)|HEAP_ALLOCATE|[5]|Bytes:20
19:22:13.0 (27363084)|VARIABLE_ASSIGNMENT|[5]|RecentlyViewedRecords.rvi|{"IsDeleted":false,"Name":"a0d28000002ZKNz","SetupOwnerId":"00528000001JBjQAAW","Records_to_Display__ (1 more) ...":"20"}|0xfedf1ae
19:22:13.0 (27371269)|STATEMENT_EXECUTE|[147]
19:22:13.0 (27372815)|STATEMENT_EXECUTE|[167]
19:22:13.0 (27381756)|METHOD_EXIT|[1]|RecentlyViewedRecords
19:22:13.0 (27390173)|HEAP_ALLOCATE|[EXTERNAL]|Bytes:4
19:22:13.0 (27393719)|HEAP_ALLOCATE|[EXTERNAL]|Bytes:12
19:22:13.0 (27399666)|SYSTEM_MODE_ENTER|false
19:22:13.0 (27408504)|VARIABLE_SCOPE_BEGIN|[33]|rvId|Id|false|false
19:22:13.0 (27467706)|VARIABLE_ASSIGNMENT|[33]|rvId|"a0f28000008b0AbAAI"
19:22:13.0 (27474910)|VARIABLE_SCOPE_BEGIN|[33]|objName|String|false|false
19:22:13.0 (27483262)|VARIABLE_ASSIGNMENT|[33]|objName|"Scheduler__c"
19:22:13.0 (27492046)|STATEMENT_EXECUTE|[33]
19:22:13.0 (27493406)|STATEMENT_EXECUTE|[34]
19:22:13.0 (27502711)|HEAP_ALLOCATE|[34]|Bytes:4
19:22:13.0 (27517040)|VARIABLE_SCOPE_BEGIN|[34]|objMap|Map<String,String>|true|false
19:22:13.0 (27532196)|VARIABLE_ASSIGNMENT|[34]|objMap|{}|0x1c9e0431
19:22:13.0 (27537910)|STATEMENT_EXECUTE|[35]
19:22:13.0 (27643541)|HEAP_ALLOCATE|[35]|Bytes:4
19:22:13.0 (27713607)|VARIABLE_SCOPE_BEGIN|[35]|owList|List<RecentlyViewedRecords.objectWrapper>|true|false
19:22:13.0 (27737728)|HEAP_ALLOCATE|[EXTERNAL]|Bytes:4
19:22:13.0 (27747276)|VARIABLE_ASSIGNMENT|[35]|owList|[]|0x1a61658e
19:22:13.0 (27752542)|STATEMENT_EXECUTE|[36]
19:22:13.0 (34164059)|HEAP_ALLOCATE|[36]|Bytes:1628
19:22:13.0 (34189814)|VARIABLE_SCOPE_BEGIN|[36]|globalDescribeMap|Map<String,Schema.SObjectType>|true|false
19:22:13.0 (34405145)|VARIABLE_ASSIGNMENT|[36]|globalDescribeMap|"{acceptedeventrelation=AcceptedEventRelation, acchierarchy__account_hierarchy__mdt=accHierarchy__Account_Hierarchy__mdt, acchierarchy__account_hierarchy_setup__c=accHierarchy__Account_Hierarchy_Setup__c, account=Account, accountcleaninfo=AccountCleanInfo, accountcontactrole=AccountContactRole, accountfeed=AccountFeed, accounthistory=AccountHistory, accountpartner=AccountPartner, accountshare=AccountShare, ...}"|0x575a667e
19:22:13.0 (34432963)|STATEMENT_EXECUTE|[37]
19:22:13.0 (34513841)|VARIABLE_SCOPE_BEGIN|[37]|SObjectTypeObj|Schema.SObjectType|true|false
19:22:13.0 (34594282)|VARIABLE_ASSIGNMENT|[37]|SObjectTypeObj|"common.apex.runtime.impl.ApexSObjectTypeToken@37da9dba"|0x37da9dba
19:22:13.0 (34607596)|STATEMENT_EXECUTE|[38]
19:22:13.0 (34825438)|HEAP_ALLOCATE|[38]|Bytes:4
19:22:13.0 (34851390)|VARIABLE_SCOPE_BEGIN|[38]|describeSObjectResultObj|Schema.DescribeSObjectResult|true|false
19:22:13.0 (34918249)|VARIABLE_ASSIGNMENT|[38]|describeSObjectResultObj|"common.api.soap.wsdl.DescribeSObjectResult@315dff72"|0x4e381db4
19:22:13.0 (34929360)|STATEMENT_EXECUTE|[39]
19:22:13.0 (34935266)|HEAP_ALLOCATE|[39]|Bytes:15
19:22:13.0 (34946598)|HEAP_ALLOCATE|[39]|Bytes:2
19:22:13.0 (35091122)|HEAP_ALLOCATE|[39]|Bytes:378
19:22:13.0 (35124240)|HEAP_ALLOCATE|[39]|Bytes:414
19:22:13.0 (35150655)|USER_DEBUG|[39]|DEBUG|FIELDSET_NAME==RecentlyViewedHover==Schema.DescribeSObjectResult[getHasSubtypes=false;getKeyPrefix=a0f;getLabel=Scheduler;getLabelPlural=Scheduler;getName=Scheduler__c;isAccessible=true;isCreateable=true;isCustom=true;isCustomSetting=false;isDeletable=true;isDeprecatedAndHidden=false;isFeedEnabled=false;isMergeable=false;isMruEnabled=true;isQueryable=true;isSearchable=true;isUndeletable=true;isUpdateable=true;]
19:22:13.0 (35169388)|STATEMENT_EXECUTE|[40]
19:22:13.0 (36399147)|HEAP_ALLOCATE|[40]|Bytes:4
19:22:13.0 (36448887)|VARIABLE_SCOPE_BEGIN|[40]|fieldSetObj|Schema.FieldSet|true|false
19:22:13.0 (36461256)|VARIABLE_ASSIGNMENT|[40]|fieldSetObj|null|
19:22:13.0 (36466680)|STATEMENT_EXECUTE|[41]
19:22:13.0 (36470275)|HEAP_ALLOCATE|[41]|Bytes:13
19:22:13.0 (36514564)|HEAP_ALLOCATE|[41]|Bytes:17
19:22:13.0 (36529225)|USER_DEBUG|[41]|DEBUG|fieldSetObj==null
19:22:13.0 (36539246)|STATEMENT_EXECUTE|[42]
19:22:13.0 (36546730)|HEAP_ALLOCATE|[42]|Bytes:4
19:22:13.0 (36571846)|VARIABLE_SCOPE_BEGIN|[42]|fieldApis|List<String>|true|false
19:22:13.0 (36602942)|HEAP_ALLOCATE|[EXTERNAL]|Bytes:4
19:22:13.0 (36617225)|VARIABLE_ASSIGNMENT|[42]|fieldApis|[]|0x5e5cacb6
19:22:13.0 (36625725)|STATEMENT_EXECUTE|[43]
19:22:13.0 (36635866)|HEAP_ALLOCATE|[43]|Bytes:4
19:22:13.0 (36669864)|VARIABLE_SCOPE_BEGIN|[43]|refFieldToIgnore|Set<String>|true|false
19:22:13.0 (36710865)|VARIABLE_ASSIGNMENT|[43]|refFieldToIgnore|[]|0x5007df74
19:22:13.0 (36720839)|STATEMENT_EXECUTE|[44]
19:22:13.0 (36726648)|HEAP_ALLOCATE|[44]|Bytes:4
19:22:13.0 (36735234)|VARIABLE_SCOPE_BEGIN|[44]|refMap|Map<String,String>|true|false
19:22:13.0 (36749775)|VARIABLE_ASSIGNMENT|[44]|refMap|{}|0x1e5103be
19:22:13.0 (36754729)|STATEMENT_EXECUTE|[45]
19:22:13.0 (36757018)|VARIABLE_SCOPE_BEGIN|[45]|query|String|false|false
19:22:13.0 (36765337)|VARIABLE_ASSIGNMENT|[45]|query|null
19:22:13.0 (36770185)|STATEMENT_EXECUTE|[66]
19:22:13.0 (36773018)|HEAP_ALLOCATE|[67]|Bytes:4
19:22:13.0 (36811386)|STATEMENT_EXECUTE|[67]
19:22:13.0 (36812865)|STATEMENT_EXECUTE|[68]
19:22:13.0 (36815231)|HEAP_ALLOCATE|[68]|Bytes:4
19:22:13.0 (36838613)|HEAP_ALLOCATE|[EXTERNAL]|Bytes:4
19:22:13.0 (36845221)|STATEMENT_EXECUTE|[69]
19:22:13.0 (36847253)|HEAP_ALLOCATE|[69]|Bytes:20
19:22:13.0 (36851719)|HEAP_ALLOCATE|[69]|Bytes:13
19:22:13.0 (36868943)|HEAP_ALLOCATE|[69]|Bytes:18
19:22:13.0 (36876673)|HEAP_ALLOCATE|[69]|Bytes:1
19:22:13.0 (36884693)|HEAP_ALLOCATE|[69]|Bytes:64
19:22:13.0 (36893377)|VARIABLE_ASSIGNMENT|[69]|query|"Select Id,Name from  (44 more) ..."
19:22:13.0 (36898159)|STATEMENT_EXECUTE|[85]
19:22:13.0 (36899872)|HEAP_ALLOCATE|[85]|Bytes:7
19:22:13.0 (36904984)|HEAP_ALLOCATE|[85]|Bytes:71
19:22:13.0 (36923459)|USER_DEBUG|[85]|DEBUG|query==Select Id,Name from Scheduler__c where Id = 'a0f28000008b0AbAAI'
19:22:13.0 (36931589)|STATEMENT_EXECUTE|[86]
19:22:13.0 (37126065)|SOQL_EXECUTE_BEGIN|[86]|Aggregations:0|Select Id,Name from Scheduler__c where Id = 'a0f28000008b0AbAAI'
19:22:13.0 (39087750)|SOQL_EXECUTE_END|[86]|Rows:1
19:22:13.0 (39114188)|HEAP_ALLOCATE|[86]|Bytes:8
19:22:13.0 (39133705)|HEAP_ALLOCATE|[86]|Bytes:47
19:22:13.0 (39196726)|HEAP_ALLOCATE|[86]|Bytes:8
19:22:13.0 (39215816)|HEAP_ALLOCATE|[86]|Bytes:33
19:22:13.0 (39286036)|HEAP_ALLOCATE|[86]|Bytes:12
19:22:13.0 (39294787)|VARIABLE_SCOPE_BEGIN|[86]|so|SObject|true|false
19:22:13.0 (39314180)|VARIABLE_ASSIGNMENT|[86]|so|{"Id":"a0f28000008b0AbAAI","Name":"SCH-000002"}|0x284f2f59
19:22:13.0 (39321883)|STATEMENT_EXECUTE|[87]
19:22:13.0 (39324960)|HEAP_ALLOCATE|[87]|Bytes:4
19:22:13.0 (39396516)|HEAP_ALLOCATE|[87]|Bytes:53
19:22:13.0 (39419290)|HEAP_ALLOCATE|[87]|Bytes:57
19:22:13.0 (39441293)|USER_DEBUG|[87]|DEBUG|so==Scheduler__c:{Id=a0f28000008b0AbAAI, Name=SCH-000002}
19:22:13.0 (39529821)|HEAP_ALLOCATE|[88]|Bytes:5
19:22:13.0 (39547642)|HEAP_ALLOCATE|[88]|Bytes:4
19:22:13.0 (39557255)|VARIABLE_SCOPE_BEGIN|[88]|st|String|false|false
19:22:13.0 (39567647)|VARIABLE_ASSIGNMENT|[88]|st|"name"
19:22:13.0 (39572744)|STATEMENT_EXECUTE|[88]
19:22:13.0 (39602030)|STATEMENT_EXECUTE|[89]
19:22:13.0 (39603737)|STATEMENT_EXECUTE|[90]
19:22:13.0 (39616097)|METHOD_ENTRY|[90]|01p2800000FELrp|RecentlyViewedRecords.findFieldInfo(String, String)
19:22:13.0 (39632808)|VARIABLE_SCOPE_BEGIN|[136]|objName|String|false|false
19:22:13.0 (39641820)|VARIABLE_ASSIGNMENT|[136]|objName|"Scheduler__c"
19:22:13.0 (39645900)|VARIABLE_SCOPE_BEGIN|[136]|fieldApi|String|false|false
19:22:13.0 (39651987)|VARIABLE_ASSIGNMENT|[136]|fieldApi|"name"
19:22:13.0 (39657182)|STATEMENT_EXECUTE|[136]
19:22:13.0 (39658416)|STATEMENT_EXECUTE|[137]
19:22:13.0 (39685432)|VARIABLE_SCOPE_BEGIN|[137]|leadSchema|Schema.SObjectType|true|false
19:22:13.0 (39754268)|VARIABLE_ASSIGNMENT|[137]|leadSchema|"common.apex.runtime.impl.ApexSObjectTypeToken@37da9dba"|0x37da9dba
19:22:13.0 (39761893)|STATEMENT_EXECUTE|[138]
19:22:13.0 (39792493)|HEAP_ALLOCATE|[138]|Bytes:4
19:22:13.0 (39957742)|HEAP_ALLOCATE|[138]|Bytes:64
19:22:13.0 (39969533)|METHOD_EXIT|[90]|01p2800000FELrp|RecentlyViewedRecords.findFieldInfo(String, String)
19:22:13.0 (39976907)|VARIABLE_SCOPE_BEGIN|[90]|fieldMap|Map<String,Schema.SObjectField>|true|false
19:22:13.0 (40099937)|VARIABLE_ASSIGNMENT|[90]|fieldMap|"{createdbyid=CreatedById, createddate=CreatedDate, filter_wrapper_json__c=Filter_Wrapper_JSON__c, id=Id, isdeleted=IsDeleted, lastmodifiedbyid=LastModifiedById, lastmodifieddate=LastModifiedDate, lastreferenceddate=LastReferencedDate, lastvieweddate=LastViewedDate, name=Name, ...}"|0x3402d872
19:22:13.0 (40112001)|STATEMENT_EXECUTE|[91]
19:22:13.0 (40127088)|HEAP_ALLOCATE|[91]|Bytes:180
19:22:13.0 (40134651)|HEAP_ALLOCATE|[91]|Bytes:23
19:22:13.0 (40141928)|HEAP_ALLOCATE|[91]|Bytes:28
19:22:13.0 (40154517)|CONSTRUCTOR_ENTRY|[91]|01p2800000FELrp|<init>()
19:22:13.0 (40171448)|VARIABLE_SCOPE_BEGIN|[167]|this|RecentlyViewedRecords.objectWrapper|true|false
19:22:13.0 (40203067)|VARIABLE_ASSIGNMENT|[167]|this|{}|0x60f496dd
19:22:13.0 (40213355)|HEAP_ALLOCATE|[EXTERNAL]|Bytes:6
19:22:13.0 (40235582)|STATEMENT_EXECUTE|[167]
19:22:13.0 (40237028)|STATEMENT_EXECUTE|[169]
19:22:13.0 (40238093)|STATEMENT_EXECUTE|[171]
19:22:13.0 (40238909)|STATEMENT_EXECUTE|[173]
19:22:13.0 (40239786)|STATEMENT_EXECUTE|[175]
19:22:13.0 (40240644)|STATEMENT_EXECUTE|[177]
19:22:13.0 (40241518)|STATEMENT_EXECUTE|[179]
19:22:13.0 (40244808)|CONSTRUCTOR_EXIT|[91]|01p2800000FELrp|<init>()
19:22:13.0 (40251383)|VARIABLE_SCOPE_BEGIN|[91]|ow|RecentlyViewedRecords.objectWrapper|true|false
19:22:13.0 (40268065)|VARIABLE_ASSIGNMENT|[91]|ow|{}|0x60f496dd
19:22:13.0 (40274117)|STATEMENT_EXECUTE|[92]
19:22:13.0 (40489619)|HEAP_ALLOCATE|[92]|Bytes:8
19:22:13.0 (40511365)|HEAP_ALLOCATE|[92]|Bytes:14
19:22:13.0 (40540506)|VARIABLE_ASSIGNMENT|[EXTERNAL]|this|{}|0x60f496dd
19:22:13.0 (40550005)|VARIABLE_ASSIGNMENT|[EXTERNAL]|value|"Scheduler Name"
19:22:13.0 (40560498)|VARIABLE_ASSIGNMENT|[169]|this.label|"Scheduler Name"|0x60f496dd
19:22:13.0 (40568850)|STATEMENT_EXECUTE|[93]
19:22:13.0 (40621459)|HEAP_ALLOCATE|[93]|Bytes:10
19:22:13.0 (40639208)|HEAP_ALLOCATE|[93]|Bytes:10
19:22:13.0 (40665162)|VARIABLE_ASSIGNMENT|[EXTERNAL]|this|{"label":"Scheduler Name"}|0x60f496dd
19:22:13.0 (40675489)|VARIABLE_ASSIGNMENT|[EXTERNAL]|value|"SCH-000002"
19:22:13.0 (40687011)|VARIABLE_ASSIGNMENT|[171]|this.value|"SCH-000002"|0x60f496dd
19:22:13.0 (40699868)|STATEMENT_EXECUTE|[94]
19:22:13.0 (40755647)|VARIABLE_ASSIGNMENT|[EXTERNAL]|this|{"label":"Scheduler Name","value":"SCH-000002"}|0x60f496dd
19:22:13.0 (40769464)|VARIABLE_ASSIGNMENT|[EXTERNAL]|value|null
19:22:13.0 (40783942)|VARIABLE_ASSIGNMENT|[173]|this.refName|null|0x60f496dd
19:22:13.0 (40797217)|STATEMENT_EXECUTE|[95]
19:22:13.0 (40824106)|VARIABLE_ASSIGNMENT|[EXTERNAL]|this|{"label":"Scheduler Name","value":"SCH-000002"}|0x60f496dd
19:22:13.0 (40831277)|VARIABLE_ASSIGNMENT|[EXTERNAL]|value|"name"
19:22:13.0 (40838037)|VARIABLE_ASSIGNMENT|[175]|this.api|"name"|0x60f496dd
19:22:13.0 (40845513)|STATEMENT_EXECUTE|[96]
19:22:13.0 (40896734)|HEAP_ALLOCATE|[96]|Bytes:8
19:22:13.0 (41642149)|HEAP_ALLOCATE|[96]|Bytes:12
19:22:13.0 (41672584)|HEAP_ALLOCATE|[96]|Bytes:6
19:22:13.0 (41709520)|VARIABLE_ASSIGNMENT|[EXTERNAL]|this|{"api":"name","label":"Scheduler Name","value":"SCH-000002"}|0x60f496dd
19:22:13.0 (41718590)|VARIABLE_ASSIGNMENT|[EXTERNAL]|value|"STRING"
19:22:13.0 (41728854)|VARIABLE_ASSIGNMENT|[177]|this.type|"STRING"|0x60f496dd
19:22:13.0 (41737405)|STATEMENT_EXECUTE|[98]
19:22:13.0 (41741330)|HEAP_ALLOCATE|[98]|Bytes:4
19:22:13.0 (41787401)|HEAP_ALLOCATE|[98]|Bytes:105
19:22:13.0 (41801138)|HEAP_ALLOCATE|[98]|Bytes:109
19:22:13.0 (41810575)|USER_DEBUG|[98]|DEBUG|ow==objectWrapper:[api=name, iconUrl=null, label=Scheduler Name, refName=null, type=STRING, value=SCH-000002]
19:22:13.0 (41817923)|STATEMENT_EXECUTE|[99]
19:22:13.0 (41840414)|HEAP_ALLOCATE|[EXTERNAL]|Bytes:4
19:22:13.0 (41854834)|HEAP_ALLOCATE|[88]|Bytes:5
19:22:13.0 (41868691)|VARIABLE_ASSIGNMENT|[88]|st|null
19:22:13.0 (41873826)|STATEMENT_EXECUTE|[102]
19:22:13.0 (41880303)|SYSTEM_MODE_EXIT|false
19:22:13.41 (41898644)|CUMULATIVE_LIMIT_USAGE
19:22:13.41 (41898644)|LIMIT_USAGE_FOR_NS|(default)|
  Number of SOQL queries: 1 out of 100
  Number of query rows: 1 out of 50000
  Number of SOSL queries: 0 out of 20
  Number of DML statements: 0 out of 150
  Number of DML rows: 0 out of 10000
  Maximum CPU time: 0 out of 10000
  Maximum heap size: 0 out of 6000000
  Number of callouts: 0 out of 100
  Number of Email Invocations: 0 out of 10
  Number of future calls: 0 out of 50
  Number of queueable jobs added to the queue: 0 out of 50
  Number of Mobile Apex push calls: 0 out of 10

19:22:13.41 (41898644)|CUMULATIVE_LIMIT_USAGE_END

19:22:13.0 (41932495)|CODE_UNIT_FINISHED|RecentlyViewedRecords.queryCompactLayout
19:22:13.0 (43249293)|CODE_UNIT_STARTED|[EXTERNAL]|Aura
19:22:13.0 (43287714)|CODE_UNIT_FINISHED|Aura
19:22:13.0 (43310838)|CODE_UNIT_FINISHED|Aura
19:22:13.0 (44128354)|EXECUTION_FINISHED
19:22:13.45 (45677008)|USER_INFO|[EXTERNAL]|00528000001JBjQ|ramu.veligeti@yahoo.co.in|Pacific Standard Time|GMT-07:00
19:22:13.45 (45692286)|EXECUTION_STARTED
19:22:13.45 (45694630)|CODE_UNIT_STARTED|[EXTERNAL]|Aura
19:22:13.45 (45792995)|HEAP_ALLOCATE|[EXTERNAL]|Bytes:18
19:22:13.45 (45802710)|HEAP_ALLOCATE|[EXTERNAL]|Bytes:4
19:22:13.45 (45839069)|HEAP_ALLOCATE|[EXTERNAL]|Bytes:12
19:22:13.45 (45844822)|HEAP_ALLOCATE|[EXTERNAL]|Bytes:12
19:22:13.45 (46660263)|CODE_UNIT_STARTED|[EXTERNAL]|01p2800000FELrp|RecentlyViewedRecords.queryCompactLayout
19:22:13.45 (46690007)|HEAP_ALLOCATE|[EXTERNAL]|Bytes:4
19:22:13.45 (46694276)|HEAP_ALLOCATE|[EXTERNAL]|Bytes:12
19:22:13.45 (46700951)|SYSTEM_MODE_ENTER|false
19:22:13.45 (46706721)|VARIABLE_SCOPE_BEGIN|[33]|rvId|Id|false|false
19:22:13.45 (46781727)|VARIABLE_ASSIGNMENT|[33]|rvId|"a0f28000008b0AbAAI"
19:22:13.45 (46787835)|VARIABLE_SCOPE_BEGIN|[33]|objName|String|false|false
19:22:13.45 (46796749)|VARIABLE_ASSIGNMENT|[33]|objName|"Scheduler__c"
19:22:13.45 (46805812)|STATEMENT_EXECUTE|[33]
19:22:13.45 (46807270)|STATEMENT_EXECUTE|[34]
19:22:13.45 (46811078)|HEAP_ALLOCATE|[34]|Bytes:4
19:22:13.45 (46821153)|VARIABLE_SCOPE_BEGIN|[34]|objMap|Map<String,String>|true|false
19:22:13.45 (46845013)|VARIABLE_ASSIGNMENT|[34]|objMap|{}|0x195934b
19:22:13.45 (46854689)|STATEMENT_EXECUTE|[35]
19:22:13.45 (46859950)|HEAP_ALLOCATE|[35]|Bytes:4
19:22:13.45 (46872212)|VARIABLE_SCOPE_BEGIN|[35]|owList|List<RecentlyViewedRecords.objectWrapper>|true|false
19:22:13.45 (46893454)|HEAP_ALLOCATE|[EXTERNAL]|Bytes:4
19:22:13.45 (46901852)|VARIABLE_ASSIGNMENT|[35]|owList|[]|0xa436e94
19:22:13.45 (46906815)|STATEMENT_EXECUTE|[36]
19:22:13.45 (51758429)|HEAP_ALLOCATE|[36]|Bytes:1628
19:22:13.45 (51782592)|VARIABLE_SCOPE_BEGIN|[36]|globalDescribeMap|Map<String,Schema.SObjectType>|true|false
19:22:13.45 (51977602)|VARIABLE_ASSIGNMENT|[36]|globalDescribeMap|"{acceptedeventrelation=AcceptedEventRelation, acchierarchy__account_hierarchy__mdt=accHierarchy__Account_Hierarchy__mdt, acchierarchy__account_hierarchy_setup__c=accHierarchy__Account_Hierarchy_Setup__c, account=Account, accountcleaninfo=AccountCleanInfo, accountcontactrole=AccountContactRole, accountfeed=AccountFeed, accounthistory=AccountHistory, accountpartner=AccountPartner, accountshare=AccountShare, ...}"|0x3d6eaa85
19:22:13.45 (51992782)|STATEMENT_EXECUTE|[37]
19:22:13.45 (52020149)|VARIABLE_SCOPE_BEGIN|[37]|SObjectTypeObj|Schema.SObjectType|true|false
19:22:13.45 (52072453)|VARIABLE_ASSIGNMENT|[37]|SObjectTypeObj|"common.apex.runtime.impl.ApexSObjectTypeToken@37da9dba"|0x37da9dba
19:22:13.45 (52080003)|STATEMENT_EXECUTE|[38]
19:22:13.45 (52101600)|HEAP_ALLOCATE|[38]|Bytes:4
19:22:13.45 (52109968)|VARIABLE_SCOPE_BEGIN|[38]|describeSObjectResultObj|Schema.DescribeSObjectResult|true|false
19:22:13.45 (52162558)|VARIABLE_ASSIGNMENT|[38]|describeSObjectResultObj|"common.api.soap.wsdl.DescribeSObjectResult@315dff72"|0x2117f684
19:22:13.45 (52169878)|STATEMENT_EXECUTE|[39]
19:22:13.45 (52268453)|HEAP_ALLOCATE|[39]|Bytes:378
19:22:13.45 (52284895)|HEAP_ALLOCATE|[39]|Bytes:414
19:22:13.45 (52301892)|USER_DEBUG|[39]|DEBUG|FIELDSET_NAME==RecentlyViewedHover==Schema.DescribeSObjectResult[getHasSubtypes=false;getKeyPrefix=a0f;getLabel=Scheduler;getLabelPlural=Scheduler;getName=Scheduler__c;isAccessible=true;isCreateable=true;isCustom=true;isCustomSetting=false;isDeletable=true;isDeprecatedAndHidden=false;isFeedEnabled=false;isMergeable=false;isMruEnabled=true;isQueryable=true;isSearchable=true;isUndeletable=true;isUpdateable=true;]
19:22:13.45 (52317511)|STATEMENT_EXECUTE|[40]
19:22:13.45 (53119324)|HEAP_ALLOCATE|[40]|Bytes:4
19:22:13.45 (53149111)|VARIABLE_SCOPE_BEGIN|[40]|fieldSetObj|Schema.FieldSet|true|false
19:22:13.45 (53162238)|VARIABLE_ASSIGNMENT|[40]|fieldSetObj|null|
19:22:13.45 (53167561)|STATEMENT_EXECUTE|[41]
19:22:13.45 (53199756)|HEAP_ALLOCATE|[41]|Bytes:17
19:22:13.45 (53213897)|USER_DEBUG|[41]|DEBUG|fieldSetObj==null
19:22:13.45 (53225312)|STATEMENT_EXECUTE|[42]
19:22:13.45 (53230733)|HEAP_ALLOCATE|[42]|Bytes:4
19:22:13.45 (53248404)|VARIABLE_SCOPE_BEGIN|[42]|fieldApis|List<String>|true|false
19:22:13.45 (53285111)|HEAP_ALLOCATE|[EXTERNAL]|Bytes:4
19:22:13.45 (53297253)|VARIABLE_ASSIGNMENT|[42]|fieldApis|[]|0xcb52626
19:22:13.45 (53302618)|STATEMENT_EXECUTE|[43]
19:22:13.45 (53308090)|HEAP_ALLOCATE|[43]|Bytes:4
19:22:13.45 (53320870)|VARIABLE_SCOPE_BEGIN|[43]|refFieldToIgnore|Set<String>|true|false
19:22:13.45 (53341947)|VARIABLE_ASSIGNMENT|[43]|refFieldToIgnore|[]|0x1d13deea
19:22:13.45 (53347986)|STATEMENT_EXECUTE|[44]
19:22:13.45 (53351489)|HEAP_ALLOCATE|[44]|Bytes:4
19:22:13.45 (53357586)|VARIABLE_SCOPE_BEGIN|[44]|refMap|Map<String,String>|true|false
19:22:13.45 (53370571)|VARIABLE_ASSIGNMENT|[44]|refMap|{}|0x5561754f
19:22:13.45 (53375313)|STATEMENT_EXECUTE|[45]
19:22:13.45 (53377975)|VARIABLE_SCOPE_BEGIN|[45]|query|String|false|false
19:22:13.45 (53386090)|VARIABLE_ASSIGNMENT|[45]|query|null
19:22:13.45 (53390995)|STATEMENT_EXECUTE|[66]
19:22:13.45 (53421564)|STATEMENT_EXECUTE|[67]
19:22:13.45 (53423800)|STATEMENT_EXECUTE|[68]
19:22:13.45 (53433764)|HEAP_ALLOCATE|[EXTERNAL]|Bytes:4
19:22:13.45 (53444124)|STATEMENT_EXECUTE|[69]
19:22:13.45 (53460444)|HEAP_ALLOCATE|[69]|Bytes:18
19:22:13.45 (53480093)|HEAP_ALLOCATE|[69]|Bytes:64
19:22:13.45 (53495617)|VARIABLE_ASSIGNMENT|[69]|query|"Select Id,Name from  (44 more) ..."
19:22:13.45 (53502917)|STATEMENT_EXECUTE|[85]
19:22:13.45 (53509190)|HEAP_ALLOCATE|[85]|Bytes:71
19:22:13.45 (53519943)|USER_DEBUG|[85]|DEBUG|query==Select Id,Name from Scheduler__c where Id = 'a0f28000008b0AbAAI'
19:22:13.45 (53526304)|STATEMENT_EXECUTE|[86]
19:22:13.45 (53674527)|SOQL_EXECUTE_BEGIN|[86]|Aggregations:0|Select Id,Name from Scheduler__c where Id = 'a0f28000008b0AbAAI'
19:22:13.45 (56461390)|SOQL_EXECUTE_END|[86]|Rows:1
19:22:13.45 (56480509)|HEAP_ALLOCATE|[86]|Bytes:8
19:22:13.45 (56495113)|HEAP_ALLOCATE|[86]|Bytes:47
19:22:13.45 (56517165)|HEAP_ALLOCATE|[86]|Bytes:8
19:22:13.45 (56549473)|HEAP_ALLOCATE|[86]|Bytes:12
19:22:13.45 (56557249)|VARIABLE_SCOPE_BEGIN|[86]|so|SObject|true|false
19:22:13.45 (56577399)|VARIABLE_ASSIGNMENT|[86]|so|{"Id":"a0f28000008b0AbAAI","Name":"SCH-000002"}|0x49ff2b0e
19:22:13.45 (56584332)|STATEMENT_EXECUTE|[87]
19:22:13.45 (56621631)|HEAP_ALLOCATE|[87]|Bytes:53
19:22:13.45 (56635668)|HEAP_ALLOCATE|[87]|Bytes:57
19:22:13.45 (56644296)|USER_DEBUG|[87]|DEBUG|so==Scheduler__c:{Id=a0f28000008b0AbAAI, Name=SCH-000002}
19:22:13.45 (56669467)|HEAP_ALLOCATE|[88]|Bytes:5
19:22:13.45 (56679210)|HEAP_ALLOCATE|[88]|Bytes:4
19:22:13.45 (56685488)|VARIABLE_SCOPE_BEGIN|[88]|st|String|false|false
19:22:13.45 (56695086)|VARIABLE_ASSIGNMENT|[88]|st|"name"
19:22:13.45 (56700283)|STATEMENT_EXECUTE|[88]
19:22:13.45 (56711115)|STATEMENT_EXECUTE|[89]
19:22:13.45 (56712279)|STATEMENT_EXECUTE|[90]
19:22:13.45 (56722616)|METHOD_ENTRY|[90]|01p2800000FELrp|RecentlyViewedRecords.findFieldInfo(String, String)
19:22:13.45 (56730260)|VARIABLE_SCOPE_BEGIN|[136]|objName|String|false|false
19:22:13.45 (56737830)|VARIABLE_ASSIGNMENT|[136]|objName|"Scheduler__c"
19:22:13.45 (56742144)|VARIABLE_SCOPE_BEGIN|[136]|fieldApi|String|false|false
19:22:13.45 (56748271)|VARIABLE_ASSIGNMENT|[136]|fieldApi|"name"
19:22:13.45 (56754439)|STATEMENT_EXECUTE|[136]
19:22:13.45 (56755717)|STATEMENT_EXECUTE|[137]
19:22:13.45 (56770492)|VARIABLE_SCOPE_BEGIN|[137]|leadSchema|Schema.SObjectType|true|false
19:22:13.45 (56831582)|VARIABLE_ASSIGNMENT|[137]|leadSchema|"common.apex.runtime.impl.ApexSObjectTypeToken@37da9dba"|0x37da9dba
19:22:13.45 (56838443)|STATEMENT_EXECUTE|[138]
19:22:13.45 (56856554)|HEAP_ALLOCATE|[138]|Bytes:4
19:22:13.45 (56980422)|HEAP_ALLOCATE|[138]|Bytes:64
19:22:13.45 (56992821)|METHOD_EXIT|[90]|01p2800000FELrp|RecentlyViewedRecords.findFieldInfo(String, String)
19:22:13.45 (57000689)|VARIABLE_SCOPE_BEGIN|[90]|fieldMap|Map<String,Schema.SObjectField>|true|false
19:22:13.45 (57130644)|VARIABLE_ASSIGNMENT|[90]|fieldMap|"{createdbyid=CreatedById, createddate=CreatedDate, filter_wrapper_json__c=Filter_Wrapper_JSON__c, id=Id, isdeleted=IsDeleted, lastmodifiedbyid=LastModifiedById, lastmodifieddate=LastModifiedDate, lastreferenceddate=LastReferencedDate, lastvieweddate=LastViewedDate, name=Name, ...}"|0x21b76569
19:22:13.45 (57142928)|STATEMENT_EXECUTE|[91]
19:22:13.45 (57149705)|HEAP_ALLOCATE|[91]|Bytes:28
19:22:13.45 (57159747)|CONSTRUCTOR_ENTRY|[91]|01p2800000FELrp|<init>()
19:22:13.45 (57167812)|VARIABLE_SCOPE_BEGIN|[167]|this|RecentlyViewedRecords.objectWrapper|true|false
19:22:13.45 (57216492)|VARIABLE_ASSIGNMENT|[167]|this|{}|0x4f320a6c
19:22:13.45 (57244451)|STATEMENT_EXECUTE|[167]
19:22:13.45 (57246566)|STATEMENT_EXECUTE|[169]
19:22:13.45 (57248154)|STATEMENT_EXECUTE|[171]
19:22:13.45 (57249502)|STATEMENT_EXECUTE|[173]
19:22:13.45 (57251500)|STATEMENT_EXECUTE|[175]
19:22:13.45 (57252924)|STATEMENT_EXECUTE|[177]
19:22:13.45 (57254389)|STATEMENT_EXECUTE|[179]
19:22:13.45 (57259115)|CONSTRUCTOR_EXIT|[91]|01p2800000FELrp|<init>()
19:22:13.45 (57268311)|VARIABLE_SCOPE_BEGIN|[91]|ow|RecentlyViewedRecords.objectWrapper|true|false
19:22:13.45 (57292229)|VARIABLE_ASSIGNMENT|[91]|ow|{}|0x4f320a6c
19:22:13.45 (57300310)|STATEMENT_EXECUTE|[92]
19:22:13.45 (57348248)|HEAP_ALLOCATE|[92]|Bytes:8
19:22:13.45 (57361516)|HEAP_ALLOCATE|[92]|Bytes:14
19:22:13.45 (57382631)|VARIABLE_ASSIGNMENT|[EXTERNAL]|this|{}|0x4f320a6c
19:22:13.45 (57394302)|VARIABLE_ASSIGNMENT|[EXTERNAL]|value|"Scheduler Name"
19:22:13.45 (57405112)|VARIABLE_ASSIGNMENT|[169]|this.label|"Scheduler Name"|0x4f320a6c
19:22:13.45 (57412864)|STATEMENT_EXECUTE|[93]
19:22:13.45 (57458312)|HEAP_ALLOCATE|[93]|Bytes:10
19:22:13.45 (57484337)|HEAP_ALLOCATE|[93]|Bytes:10
19:22:13.45 (57520814)|VARIABLE_ASSIGNMENT|[EXTERNAL]|this|{"label":"Scheduler Name"}|0x4f320a6c
19:22:13.45 (57533827)|VARIABLE_ASSIGNMENT|[EXTERNAL]|value|"SCH-000002"
19:22:13.45 (57545517)|VARIABLE_ASSIGNMENT|[171]|this.value|"SCH-000002"|0x4f320a6c
19:22:13.45 (57556223)|STATEMENT_EXECUTE|[94]
19:22:13.45 (57589604)|VARIABLE_ASSIGNMENT|[EXTERNAL]|this|{"label":"Scheduler Name","value":"SCH-000002"}|0x4f320a6c
19:22:13.45 (57597816)|VARIABLE_ASSIGNMENT|[EXTERNAL]|value|null
19:22:13.45 (57604798)|VARIABLE_ASSIGNMENT|[173]|this.refName|null|0x4f320a6c
19:22:13.45 (57611827)|STATEMENT_EXECUTE|[95]
19:22:13.45 (57625552)|VARIABLE_ASSIGNMENT|[EXTERNAL]|this|{"label":"Scheduler Name","value":"SCH-000002"}|0x4f320a6c
19:22:13.45 (57632348)|VARIABLE_ASSIGNMENT|[EXTERNAL]|value|"name"
19:22:13.45 (57638289)|VARIABLE_ASSIGNMENT|[175]|this.api|"name"|0x4f320a6c
19:22:13.45 (57644514)|STATEMENT_EXECUTE|[96]
19:22:13.45 (57676429)|HEAP_ALLOCATE|[96]|Bytes:8
19:22:13.45 (57731945)|HEAP_ALLOCATE|[96]|Bytes:12
19:22:13.45 (57753326)|HEAP_ALLOCATE|[96]|Bytes:6
19:22:13.45 (57778611)|VARIABLE_ASSIGNMENT|[EXTERNAL]|this|{"api":"name","label":"Scheduler Name","value":"SCH-000002"}|0x4f320a6c
19:22:13.45 (57786631)|VARIABLE_ASSIGNMENT|[EXTERNAL]|value|"STRING"
19:22:13.45 (57793374)|VARIABLE_ASSIGNMENT|[177]|this.type|"STRING"|0x4f320a6c
19:22:13.45 (57800195)|STATEMENT_EXECUTE|[98]
19:22:13.45 (57825135)|HEAP_ALLOCATE|[98]|Bytes:105
19:22:13.45 (57836339)|HEAP_ALLOCATE|[98]|Bytes:109
19:22:13.45 (57844698)|USER_DEBUG|[98]|DEBUG|ow==objectWrapper:[api=name, iconUrl=null, label=Scheduler Name, refName=null, type=STRING, value=SCH-000002]
19:22:13.45 (57851023)|STATEMENT_EXECUTE|[99]
19:22:13.45 (57858470)|HEAP_ALLOCATE|[EXTERNAL]|Bytes:4
19:22:13.45 (57870838)|HEAP_ALLOCATE|[88]|Bytes:5
19:22:13.45 (57890850)|VARIABLE_ASSIGNMENT|[88]|st|null
19:22:13.45 (57900019)|STATEMENT_EXECUTE|[102]
19:22:13.45 (57909782)|SYSTEM_MODE_EXIT|false
19:22:13.57 (57941262)|CUMULATIVE_LIMIT_USAGE
19:22:13.57 (57941262)|LIMIT_USAGE_FOR_NS|(default)|
  Number of SOQL queries: 2 out of 100
  Number of query rows: 2 out of 50000
  Number of SOSL queries: 0 out of 20
  Number of DML statements: 0 out of 150
  Number of DML rows: 0 out of 10000
  Maximum CPU time: 0 out of 10000
  Maximum heap size: 0 out of 6000000
  Number of callouts: 0 out of 100
  Number of Email Invocations: 0 out of 10
  Number of future calls: 0 out of 50
  Number of queueable jobs added to the queue: 0 out of 50
  Number of Mobile Apex push calls: 0 out of 10

19:22:13.57 (57941262)|CUMULATIVE_LIMIT_USAGE_END

19:22:13.45 (57982690)|CODE_UNIT_FINISHED|RecentlyViewedRecords.queryCompactLayout
19:22:13.45 (59099633)|CODE_UNIT_STARTED|[EXTERNAL]|Aura
19:22:13.45 (59156176)|CODE_UNIT_FINISHED|Aura
19:22:13.45 (59192290)|CODE_UNIT_FINISHED|Aura
19:22:13.45 (59970030)|EXECUTION_FINISHED
