40.0 APEX_CODE,FINEST;APEX_PROFILING,INFO;CALLOUT,INFO;DB,INFO;SYSTEM,DEBUG;VALIDATION,INFO;VISUALFORCE,INFO;WAVE,INFO;WORKFLOW,INFO
19:03:35.0 (48734)|USER_INFO|[EXTERNAL]|00528000001JBjQ|ramu.veligeti@yahoo.co.in|Pacific Standard Time|GMT-07:00
19:03:35.0 (75885)|EXECUTION_STARTED
19:03:35.0 (78429)|CODE_UNIT_STARTED|[EXTERNAL]|Aura
19:03:35.0 (12439544)|HEAP_ALLOCATE|[72]|Bytes:3
19:03:35.0 (12474773)|HEAP_ALLOCATE|[77]|Bytes:152
19:03:35.0 (12496003)|HEAP_ALLOCATE|[342]|Bytes:408
19:03:35.0 (12520833)|HEAP_ALLOCATE|[355]|Bytes:408
19:03:35.0 (12542784)|HEAP_ALLOCATE|[467]|Bytes:48
19:03:35.0 (12577548)|HEAP_ALLOCATE|[139]|Bytes:6
19:03:35.0 (12596727)|HEAP_ALLOCATE|[EXTERNAL]|Bytes:18
19:03:35.0 (12638014)|HEAP_ALLOCATE|[EXTERNAL]|Bytes:4
19:03:35.0 (12934282)|HEAP_ALLOCATE|[EXTERNAL]|Bytes:7
19:03:35.0 (12945374)|HEAP_ALLOCATE|[EXTERNAL]|Bytes:7
19:03:35.0 (14201868)|CODE_UNIT_STARTED|[EXTERNAL]|01p2800000FELrp|RecentlyViewedRecords.queryCompactLayout
19:03:35.0 (14256863)|VARIABLE_SCOPE_BEGIN|[2]|RecentlyViewedRecords.FIELDSET_NAME|String|false|true
19:03:35.0 (14273484)|VARIABLE_SCOPE_BEGIN|[3]|RecentlyViewedRecords.private_apiFieldNames|Map<String,Set<String>>|true|true
19:03:35.0 (14284963)|VARIABLE_SCOPE_BEGIN|[5]|RecentlyViewedRecords.rvi|Recently_Viewed__c|true|true
19:03:35.0 (14296009)|VARIABLE_SCOPE_BEGIN|[4]|RecentlyViewedRecords.schemaMap|Map<String,Schema.SObjectType>|true|true
19:03:35.0 (14350223)|HEAP_ALLOCATE|[EXTERNAL]|Bytes:35
19:03:35.0 (14361725)|HEAP_ALLOCATE|[EXTERNAL]|Bytes:20
19:03:35.0 (14367961)|HEAP_ALLOCATE|[EXTERNAL]|Bytes:38
19:03:35.0 (14468004)|METHOD_ENTRY|[1]|01p2800000FELrp|RecentlyViewedRecords.RecentlyViewedRecords()
19:03:35.0 (14479103)|STATEMENT_EXECUTE|[1]
19:03:35.0 (14484021)|STATEMENT_EXECUTE|[1]
19:03:35.0 (14485594)|STATEMENT_EXECUTE|[2]
19:03:35.0 (14489947)|HEAP_ALLOCATE|[2]|Bytes:19
19:03:35.0 (14513191)|VARIABLE_ASSIGNMENT|[2]|RecentlyViewedRecords.FIELDSET_NAME|"RecentlyViewedHover"
19:03:35.0 (14520619)|STATEMENT_EXECUTE|[3]
19:03:35.0 (14525239)|HEAP_ALLOCATE|[3]|Bytes:4
19:03:35.0 (14549003)|VARIABLE_ASSIGNMENT|[3]|RecentlyViewedRecords.private_apiFieldNames|{}|0x6f168ce
19:03:35.0 (14557519)|STATEMENT_EXECUTE|[4]
19:03:35.0 (14613137)|HEAP_ALLOCATE|[50]|Bytes:5
19:03:35.0 (14635609)|HEAP_ALLOCATE|[56]|Bytes:5
19:03:35.0 (14646557)|HEAP_ALLOCATE|[64]|Bytes:7
19:03:35.0 (32272517)|HEAP_ALLOCATE|[4]|Bytes:1456
19:03:35.0 (32592214)|VARIABLE_ASSIGNMENT|[4]|RecentlyViewedRecords.schemaMap|"{acceptedeventrelation=AcceptedEventRelation, acchierarchy__account_hierarchy__mdt=accHierarchy__Account_Hierarchy__mdt, acchierarchy__account_hierarchy_setup__c=accHierarchy__Account_Hierarchy_Setup__c, account=Account, accountcleaninfo=AccountCleanInfo, accountcontactrole=AccountContactRole, accountfeed=AccountFeed, accounthistory=AccountHistory, accountpartner=AccountPartner, accountshare=AccountShare, ...}"|0x35e6e5a9
19:03:35.0 (32618224)|STATEMENT_EXECUTE|[5]
19:03:35.0 (33680235)|HEAP_ALLOCATE|[5]|Bytes:20
19:03:35.0 (33724199)|VARIABLE_ASSIGNMENT|[5]|RecentlyViewedRecords.rvi|{"IsDeleted":false,"Name":"a0d28000002ZKNz","SetupOwnerId":"00528000001JBjQAAW","Records_to_Display__ (1 more) ...":"20"}|0x2c8f30b9
19:03:35.0 (33737042)|STATEMENT_EXECUTE|[147]
19:03:35.0 (33738981)|STATEMENT_EXECUTE|[167]
19:03:35.0 (33746600)|METHOD_EXIT|[1]|RecentlyViewedRecords
19:03:35.0 (33756847)|HEAP_ALLOCATE|[EXTERNAL]|Bytes:4
19:03:35.0 (33762031)|HEAP_ALLOCATE|[EXTERNAL]|Bytes:7
19:03:35.0 (33771098)|SYSTEM_MODE_ENTER|false
19:03:35.0 (33781406)|VARIABLE_SCOPE_BEGIN|[33]|rvId|Id|false|false
19:03:35.0 (33865975)|VARIABLE_ASSIGNMENT|[33]|rvId|"0032800000tktEdAAI"
19:03:35.0 (33875310)|VARIABLE_SCOPE_BEGIN|[33]|objName|String|false|false
19:03:35.0 (33886769)|VARIABLE_ASSIGNMENT|[33]|objName|"Contact"
19:03:35.0 (33897143)|STATEMENT_EXECUTE|[33]
19:03:35.0 (33898935)|STATEMENT_EXECUTE|[34]
19:03:35.0 (33907812)|HEAP_ALLOCATE|[34]|Bytes:4
19:03:35.0 (33924448)|VARIABLE_SCOPE_BEGIN|[34]|objMap|Map<String,String>|true|false
19:03:35.0 (33947527)|VARIABLE_ASSIGNMENT|[34]|objMap|{}|0x21358afe
19:03:35.0 (33957146)|STATEMENT_EXECUTE|[35]
19:03:35.0 (34105997)|HEAP_ALLOCATE|[35]|Bytes:4
19:03:35.0 (34186665)|VARIABLE_SCOPE_BEGIN|[35]|owList|List<RecentlyViewedRecords.objectWrapper>|true|false
19:03:35.0 (34231189)|HEAP_ALLOCATE|[EXTERNAL]|Bytes:4
19:03:35.0 (34243944)|VARIABLE_ASSIGNMENT|[35]|owList|[]|0x237cf8dc
19:03:35.0 (34253109)|STATEMENT_EXECUTE|[36]
19:03:35.0 (45786367)|HEAP_ALLOCATE|[36]|Bytes:1628
19:03:35.0 (45822131)|VARIABLE_SCOPE_BEGIN|[36]|globalDescribeMap|Map<String,Schema.SObjectType>|true|false
19:03:35.0 (46107745)|VARIABLE_ASSIGNMENT|[36]|globalDescribeMap|"{acceptedeventrelation=AcceptedEventRelation, acchierarchy__account_hierarchy__mdt=accHierarchy__Account_Hierarchy__mdt, acchierarchy__account_hierarchy_setup__c=accHierarchy__Account_Hierarchy_Setup__c, account=Account, accountcleaninfo=AccountCleanInfo, accountcontactrole=AccountContactRole, accountfeed=AccountFeed, accounthistory=AccountHistory, accountpartner=AccountPartner, accountshare=AccountShare, ...}"|0x7c183617
19:03:35.0 (46124125)|STATEMENT_EXECUTE|[37]
19:03:35.0 (46197932)|VARIABLE_SCOPE_BEGIN|[37]|SObjectTypeObj|Schema.SObjectType|true|false
19:03:35.0 (46251460)|VARIABLE_ASSIGNMENT|[37]|SObjectTypeObj|"common.apex.runtime.impl.ApexSObjectTypeToken@29c7cbd5"|0x29c7cbd5
19:03:35.0 (46258787)|STATEMENT_EXECUTE|[38]
19:03:35.0 (46513487)|HEAP_ALLOCATE|[38]|Bytes:4
19:03:35.0 (46540611)|VARIABLE_SCOPE_BEGIN|[38]|describeSObjectResultObj|Schema.DescribeSObjectResult|true|false
19:03:35.0 (46608018)|VARIABLE_ASSIGNMENT|[38]|describeSObjectResultObj|"common.api.soap.wsdl.DescribeSObjectResult@36bd9e2e"|0x5dc35abb
19:03:35.0 (46616290)|STATEMENT_EXECUTE|[39]
19:03:35.0 (46621174)|HEAP_ALLOCATE|[39]|Bytes:15
19:03:35.0 (46630953)|HEAP_ALLOCATE|[39]|Bytes:2
19:03:35.0 (46762214)|HEAP_ALLOCATE|[39]|Bytes:369
19:03:35.0 (46784281)|HEAP_ALLOCATE|[39]|Bytes:405
19:03:35.0 (46810013)|USER_DEBUG|[39]|DEBUG|FIELDSET_NAME==RecentlyViewedHover==Schema.DescribeSObjectResult[getHasSubtypes=false;getKeyPrefix=003;getLabel=Contact;getLabelPlural=Contacts;getName=Contact;isAccessible=true;isCreateable=true;isCustom=false;isCustomSetting=false;isDeletable=true;isDeprecatedAndHidden=false;isFeedEnabled=true;isMergeable=true;isMruEnabled=true;isQueryable=true;isSearchable=true;isUndeletable=true;isUpdateable=true;]
19:03:35.0 (46824139)|STATEMENT_EXECUTE|[40]
19:03:35.0 (48326558)|HEAP_ALLOCATE|[40]|Bytes:12
19:03:35.0 (48379726)|VARIABLE_SCOPE_BEGIN|[40]|fieldSetObj|Schema.FieldSet|true|false
19:03:35.0 (48396662)|VARIABLE_ASSIGNMENT|[40]|fieldSetObj|null|
19:03:35.0 (48401550)|STATEMENT_EXECUTE|[41]
19:03:35.0 (48405311)|HEAP_ALLOCATE|[41]|Bytes:13
19:03:35.0 (48459343)|HEAP_ALLOCATE|[41]|Bytes:17
19:03:35.0 (48474685)|USER_DEBUG|[41]|DEBUG|fieldSetObj==null
19:03:35.0 (48481735)|STATEMENT_EXECUTE|[42]
19:03:35.0 (48491017)|HEAP_ALLOCATE|[42]|Bytes:4
19:03:35.0 (48518743)|VARIABLE_SCOPE_BEGIN|[42]|fieldApis|List<String>|true|false
19:03:35.0 (48544149)|HEAP_ALLOCATE|[EXTERNAL]|Bytes:4
19:03:35.0 (48556552)|VARIABLE_ASSIGNMENT|[42]|fieldApis|[]|0x7b305595
19:03:35.0 (48561903)|STATEMENT_EXECUTE|[43]
19:03:35.0 (48570318)|HEAP_ALLOCATE|[43]|Bytes:4
19:03:35.0 (48593979)|VARIABLE_SCOPE_BEGIN|[43]|refFieldToIgnore|Set<String>|true|false
19:03:35.0 (48617759)|VARIABLE_ASSIGNMENT|[43]|refFieldToIgnore|[]|0x3ce1ceca
19:03:35.0 (48624110)|STATEMENT_EXECUTE|[44]
19:03:35.0 (48629070)|HEAP_ALLOCATE|[44]|Bytes:4
19:03:35.0 (48636344)|VARIABLE_SCOPE_BEGIN|[44]|refMap|Map<String,String>|true|false
19:03:35.0 (48650138)|VARIABLE_ASSIGNMENT|[44]|refMap|{}|0x1bd6daf0
19:03:35.0 (48655008)|STATEMENT_EXECUTE|[45]
19:03:35.0 (48657586)|VARIABLE_SCOPE_BEGIN|[45]|query|String|false|false
19:03:35.0 (48665342)|VARIABLE_ASSIGNMENT|[45]|query|null
19:03:35.0 (48669937)|STATEMENT_EXECUTE|[66]
19:03:35.0 (48673003)|HEAP_ALLOCATE|[67]|Bytes:4
19:03:35.0 (48709533)|STATEMENT_EXECUTE|[67]
19:03:35.0 (48711086)|STATEMENT_EXECUTE|[68]
19:03:35.0 (48713634)|HEAP_ALLOCATE|[68]|Bytes:4
19:03:35.0 (48736801)|HEAP_ALLOCATE|[EXTERNAL]|Bytes:4
19:03:35.0 (48743359)|STATEMENT_EXECUTE|[69]
19:03:35.0 (48745483)|HEAP_ALLOCATE|[69]|Bytes:20
19:03:35.0 (48749334)|HEAP_ALLOCATE|[69]|Bytes:13
19:03:35.0 (48765570)|HEAP_ALLOCATE|[69]|Bytes:18
19:03:35.0 (48773498)|HEAP_ALLOCATE|[69]|Bytes:1
19:03:35.0 (48781728)|HEAP_ALLOCATE|[69]|Bytes:59
19:03:35.0 (48791093)|VARIABLE_ASSIGNMENT|[69]|query|"Select Id,Name from  (39 more) ..."
19:03:35.0 (48795442)|STATEMENT_EXECUTE|[85]
19:03:35.0 (48797289)|HEAP_ALLOCATE|[85]|Bytes:7
19:03:35.0 (48803105)|HEAP_ALLOCATE|[85]|Bytes:66
19:03:35.0 (48824394)|USER_DEBUG|[85]|DEBUG|query==Select Id,Name from Contact where Id = '0032800000tktEdAAI'
19:03:35.0 (48834017)|STATEMENT_EXECUTE|[86]
19:03:35.0 (49169653)|SOQL_EXECUTE_BEGIN|[86]|Aggregations:0|Select Id,Name from Contact where Id = '0032800000tktEdAAI'
19:03:35.0 (51990594)|SOQL_EXECUTE_END|[86]|Rows:1
19:03:35.0 (52012776)|HEAP_ALLOCATE|[86]|Bytes:8
19:03:35.0 (52027712)|HEAP_ALLOCATE|[86]|Bytes:50
19:03:35.0 (52092795)|HEAP_ALLOCATE|[86]|Bytes:8
19:03:35.0 (52109787)|HEAP_ALLOCATE|[86]|Bytes:33
19:03:35.0 (52166599)|HEAP_ALLOCATE|[86]|Bytes:12
19:03:35.0 (52174637)|VARIABLE_SCOPE_BEGIN|[86]|so|SObject|true|false
19:03:35.0 (52196497)|VARIABLE_ASSIGNMENT|[86]|so|{"Id":"0032800000tktEdAAI","Name":"Ramu Veligeti"}|0x29d17b88
19:03:35.0 (52203614)|STATEMENT_EXECUTE|[87]
19:03:35.0 (52206451)|HEAP_ALLOCATE|[87]|Bytes:4
19:03:35.0 (52264286)|HEAP_ALLOCATE|[87]|Bytes:51
19:03:35.0 (52281454)|HEAP_ALLOCATE|[87]|Bytes:55
19:03:35.0 (52295425)|USER_DEBUG|[87]|DEBUG|so==Contact:{Id=0032800000tktEdAAI, Name=Ramu Veligeti}
19:03:35.0 (52385909)|HEAP_ALLOCATE|[88]|Bytes:5
19:03:35.0 (52400423)|HEAP_ALLOCATE|[88]|Bytes:4
19:03:35.0 (52407992)|VARIABLE_SCOPE_BEGIN|[88]|st|String|false|false
19:03:35.0 (52417975)|VARIABLE_ASSIGNMENT|[88]|st|"name"
19:03:35.0 (52422898)|STATEMENT_EXECUTE|[88]
19:03:35.0 (52458841)|STATEMENT_EXECUTE|[89]
19:03:35.0 (52460336)|STATEMENT_EXECUTE|[90]
19:03:35.0 (52473045)|METHOD_ENTRY|[90]|01p2800000FELrp|RecentlyViewedRecords.findFieldInfo(String, String)
19:03:35.0 (52492854)|VARIABLE_SCOPE_BEGIN|[136]|objName|String|false|false
19:03:35.0 (52502190)|VARIABLE_ASSIGNMENT|[136]|objName|"Contact"
19:03:35.0 (52506403)|VARIABLE_SCOPE_BEGIN|[136]|fieldApi|String|false|false
19:03:35.0 (52512523)|VARIABLE_ASSIGNMENT|[136]|fieldApi|"name"
19:03:35.0 (52517963)|STATEMENT_EXECUTE|[136]
19:03:35.0 (52519189)|STATEMENT_EXECUTE|[137]
19:03:35.0 (52550532)|VARIABLE_SCOPE_BEGIN|[137]|leadSchema|Schema.SObjectType|true|false
19:03:35.0 (52672434)|VARIABLE_ASSIGNMENT|[137]|leadSchema|"common.apex.runtime.impl.ApexSObjectTypeToken@29c7cbd5"|0x29c7cbd5
19:03:35.0 (52682312)|STATEMENT_EXECUTE|[138]
19:03:35.0 (52726599)|HEAP_ALLOCATE|[138]|Bytes:4
19:03:35.0 (53127263)|HEAP_ALLOCATE|[138]|Bytes:276
19:03:35.0 (53142254)|METHOD_EXIT|[90]|01p2800000FELrp|RecentlyViewedRecords.findFieldInfo(String, String)
19:03:35.0 (53149939)|VARIABLE_SCOPE_BEGIN|[90]|fieldMap|Map<String,Schema.SObjectField>|true|false
19:03:35.0 (53314801)|VARIABLE_ASSIGNMENT|[90]|fieldMap|"{accountid=AccountId, assistantname=AssistantName, assistantphone=AssistantPhone, birthdate=Birthdate, bksl2__critical_notification__c=BKSL2__Critical_Notification__c, bksl2__facebook_content__c=BKSL2__Facebook_Content__c, bksl2__facebook_id__c=BKSL2__Facebook_ID__c, bksl2__gender__c=BKSL2__Gender__c, cleanstatus=CleanStatus, createdbyid=CreatedById, ...}"|0x870932c
19:03:35.0 (53327526)|STATEMENT_EXECUTE|[91]
19:03:35.0 (53344799)|HEAP_ALLOCATE|[91]|Bytes:180
19:03:35.0 (53352283)|HEAP_ALLOCATE|[91]|Bytes:23
19:03:35.0 (53360902)|HEAP_ALLOCATE|[91]|Bytes:28
19:03:35.0 (53373600)|CONSTRUCTOR_ENTRY|[91]|01p2800000FELrp|<init>()
19:03:35.0 (53395076)|VARIABLE_SCOPE_BEGIN|[167]|this|RecentlyViewedRecords.objectWrapper|true|false
19:03:35.0 (53422629)|VARIABLE_ASSIGNMENT|[167]|this|{}|0x62d33aae
19:03:35.0 (53432794)|HEAP_ALLOCATE|[EXTERNAL]|Bytes:6
19:03:35.0 (53461648)|STATEMENT_EXECUTE|[167]
19:03:35.0 (53463258)|STATEMENT_EXECUTE|[169]
19:03:35.0 (53464627)|STATEMENT_EXECUTE|[171]
19:03:35.0 (53465429)|STATEMENT_EXECUTE|[173]
19:03:35.0 (53466331)|STATEMENT_EXECUTE|[175]
19:03:35.0 (53467235)|STATEMENT_EXECUTE|[177]
19:03:35.0 (53468435)|STATEMENT_EXECUTE|[179]
19:03:35.0 (53472167)|CONSTRUCTOR_EXIT|[91]|01p2800000FELrp|<init>()
19:03:35.0 (53478369)|VARIABLE_SCOPE_BEGIN|[91]|ow|RecentlyViewedRecords.objectWrapper|true|false
19:03:35.0 (53500169)|VARIABLE_ASSIGNMENT|[91]|ow|{}|0x62d33aae
19:03:35.0 (53505263)|STATEMENT_EXECUTE|[92]
19:03:35.0 (53779451)|HEAP_ALLOCATE|[92]|Bytes:8
19:03:35.0 (53802812)|HEAP_ALLOCATE|[92]|Bytes:9
19:03:35.0 (53834475)|VARIABLE_ASSIGNMENT|[EXTERNAL]|this|{}|0x62d33aae
19:03:35.0 (53843195)|VARIABLE_ASSIGNMENT|[EXTERNAL]|value|"Full Name"
19:03:35.0 (53853730)|VARIABLE_ASSIGNMENT|[169]|this.label|"Full Name"|0x62d33aae
19:03:35.0 (53861987)|STATEMENT_EXECUTE|[93]
19:03:35.0 (53918724)|HEAP_ALLOCATE|[93]|Bytes:13
19:03:35.0 (53938926)|HEAP_ALLOCATE|[93]|Bytes:13
19:03:35.0 (53968213)|VARIABLE_ASSIGNMENT|[EXTERNAL]|this|{"label":"Full Name"}|0x62d33aae
19:03:35.0 (53976318)|VARIABLE_ASSIGNMENT|[EXTERNAL]|value|"Ramu Veligeti"
19:03:35.0 (53983711)|VARIABLE_ASSIGNMENT|[171]|this.value|"Ramu Veligeti"|0x62d33aae
19:03:35.0 (53991008)|STATEMENT_EXECUTE|[94]
19:03:35.0 (54035362)|VARIABLE_ASSIGNMENT|[EXTERNAL]|this|{"label":"Full Name","value":"Ramu Veligeti"}|0x62d33aae
19:03:35.0 (54044573)|VARIABLE_ASSIGNMENT|[EXTERNAL]|value|null
19:03:35.0 (54054588)|VARIABLE_ASSIGNMENT|[173]|this.refName|null|0x62d33aae
19:03:35.0 (54061829)|STATEMENT_EXECUTE|[95]
19:03:35.0 (54092174)|VARIABLE_ASSIGNMENT|[EXTERNAL]|this|{"label":"Full Name","value":"Ramu Veligeti"}|0x62d33aae
19:03:35.0 (54099649)|VARIABLE_ASSIGNMENT|[EXTERNAL]|value|"name"
19:03:35.0 (54106541)|VARIABLE_ASSIGNMENT|[175]|this.api|"name"|0x62d33aae
19:03:35.0 (54114067)|STATEMENT_EXECUTE|[96]
19:03:35.0 (54164161)|HEAP_ALLOCATE|[96]|Bytes:8
19:03:35.0 (54906735)|HEAP_ALLOCATE|[96]|Bytes:12
19:03:35.0 (54936383)|HEAP_ALLOCATE|[96]|Bytes:6
19:03:35.0 (54972081)|VARIABLE_ASSIGNMENT|[EXTERNAL]|this|{"api":"name","label":"Full Name","value":"Ramu Veligeti"}|0x62d33aae
19:03:35.0 (54980114)|VARIABLE_ASSIGNMENT|[EXTERNAL]|value|"STRING"
19:03:35.0 (54987960)|VARIABLE_ASSIGNMENT|[177]|this.type|"STRING"|0x62d33aae
19:03:35.0 (54996102)|STATEMENT_EXECUTE|[98]
19:03:35.0 (54998799)|HEAP_ALLOCATE|[98]|Bytes:4
19:03:35.0 (55038993)|HEAP_ALLOCATE|[98]|Bytes:103
19:03:35.0 (55053450)|HEAP_ALLOCATE|[98]|Bytes:107
19:03:35.0 (55063978)|USER_DEBUG|[98]|DEBUG|ow==objectWrapper:[api=name, iconUrl=null, label=Full Name, refName=null, type=STRING, value=Ramu Veligeti]
19:03:35.0 (55071218)|STATEMENT_EXECUTE|[99]
19:03:35.0 (55098015)|HEAP_ALLOCATE|[EXTERNAL]|Bytes:4
19:03:35.0 (55117645)|HEAP_ALLOCATE|[88]|Bytes:5
19:03:35.0 (55128771)|VARIABLE_ASSIGNMENT|[88]|st|null
19:03:35.0 (55136609)|STATEMENT_EXECUTE|[102]
19:03:35.0 (55142822)|SYSTEM_MODE_EXIT|false
19:03:35.55 (55160063)|CUMULATIVE_LIMIT_USAGE
19:03:35.55 (55160063)|LIMIT_USAGE_FOR_NS|(default)|
  Number of SOQL queries: 1 out of 100
  Number of query rows: 1 out of 50000
  Number of SOSL queries: 0 out of 20
  Number of DML statements: 0 out of 150
  Number of DML rows: 0 out of 10000
  Maximum CPU time: 0 out of 10000
  Maximum heap size: 0 out of 6000000
  Number of callouts: 0 out of 100
  Number of Email Invocations: 0 out of 10
  Number of future calls: 0 out of 50
  Number of queueable jobs added to the queue: 0 out of 50
  Number of Mobile Apex push calls: 0 out of 10

19:03:35.55 (55160063)|CUMULATIVE_LIMIT_USAGE_END

19:03:35.0 (55188984)|CODE_UNIT_FINISHED|RecentlyViewedRecords.queryCompactLayout
19:03:35.0 (56258648)|CODE_UNIT_STARTED|[EXTERNAL]|Aura
19:03:35.0 (56291159)|CODE_UNIT_FINISHED|Aura
19:03:35.0 (56318919)|CODE_UNIT_FINISHED|Aura
19:03:35.0 (57000529)|EXECUTION_FINISHED
