40.0 APEX_CODE,FINEST;APEX_PROFILING,INFO;CALLOUT,INFO;DB,INFO;SYSTEM,DEBUG;VALIDATION,INFO;VISUALFORCE,INFO;WAVE,INFO;WORKFLOW,INFO
18:57:57.0 (57634)|USER_INFO|[EXTERNAL]|00528000001JBjQ|ramu.veligeti@yahoo.co.in|Pacific Standard Time|GMT-07:00
18:57:57.0 (87097)|EXECUTION_STARTED
18:57:57.0 (90149)|CODE_UNIT_STARTED|[EXTERNAL]|Aura
18:57:57.0 (10463358)|HEAP_ALLOCATE|[72]|Bytes:3
18:57:57.0 (10490200)|HEAP_ALLOCATE|[77]|Bytes:152
18:57:57.0 (10503855)|HEAP_ALLOCATE|[342]|Bytes:408
18:57:57.0 (10518289)|HEAP_ALLOCATE|[355]|Bytes:408
18:57:57.0 (10530780)|HEAP_ALLOCATE|[467]|Bytes:48
18:57:57.0 (10552498)|HEAP_ALLOCATE|[139]|Bytes:6
18:57:57.0 (10564610)|HEAP_ALLOCATE|[EXTERNAL]|Bytes:18
18:57:57.0 (10572348)|HEAP_ALLOCATE|[EXTERNAL]|Bytes:4
18:57:57.0 (10761703)|HEAP_ALLOCATE|[EXTERNAL]|Bytes:12
18:57:57.0 (10768485)|HEAP_ALLOCATE|[EXTERNAL]|Bytes:12
18:57:57.0 (11899543)|CODE_UNIT_STARTED|[EXTERNAL]|01p2800000FELrp|RecentlyViewedRecords.queryCompactLayout
18:57:57.0 (11947369)|VARIABLE_SCOPE_BEGIN|[2]|RecentlyViewedRecords.FIELDSET_NAME|String|false|true
18:57:57.0 (11957708)|VARIABLE_SCOPE_BEGIN|[3]|RecentlyViewedRecords.private_apiFieldNames|Map<String,Set<String>>|true|true
18:57:57.0 (11965714)|VARIABLE_SCOPE_BEGIN|[5]|RecentlyViewedRecords.rvi|Recently_Viewed__c|true|true
18:57:57.0 (11972458)|VARIABLE_SCOPE_BEGIN|[4]|RecentlyViewedRecords.schemaMap|Map<String,Schema.SObjectType>|true|true
18:57:57.0 (12022821)|HEAP_ALLOCATE|[EXTERNAL]|Bytes:35
18:57:57.0 (12031555)|HEAP_ALLOCATE|[EXTERNAL]|Bytes:20
18:57:57.0 (12035816)|HEAP_ALLOCATE|[EXTERNAL]|Bytes:38
18:57:57.0 (12092779)|METHOD_ENTRY|[1]|01p2800000FELrp|RecentlyViewedRecords.RecentlyViewedRecords()
18:57:57.0 (12099213)|STATEMENT_EXECUTE|[1]
18:57:57.0 (12103111)|STATEMENT_EXECUTE|[1]
18:57:57.0 (12104126)|STATEMENT_EXECUTE|[2]
18:57:57.0 (12107104)|HEAP_ALLOCATE|[2]|Bytes:19
18:57:57.0 (12128259)|VARIABLE_ASSIGNMENT|[2]|RecentlyViewedRecords.FIELDSET_NAME|"RecentlyViewedHover"
18:57:57.0 (12132838)|STATEMENT_EXECUTE|[3]
18:57:57.0 (12137480)|HEAP_ALLOCATE|[3]|Bytes:4
18:57:57.0 (12158951)|VARIABLE_ASSIGNMENT|[3]|RecentlyViewedRecords.private_apiFieldNames|{}|0x698f8e57
18:57:57.0 (12164297)|STATEMENT_EXECUTE|[4]
18:57:57.0 (12194735)|HEAP_ALLOCATE|[50]|Bytes:5
18:57:57.0 (12212959)|HEAP_ALLOCATE|[56]|Bytes:5
18:57:57.0 (12219835)|HEAP_ALLOCATE|[64]|Bytes:7
18:57:57.0 (28317863)|HEAP_ALLOCATE|[4]|Bytes:1456
18:57:57.0 (28615968)|VARIABLE_ASSIGNMENT|[4]|RecentlyViewedRecords.schemaMap|"{acceptedeventrelation=AcceptedEventRelation, acchierarchy__account_hierarchy__mdt=accHierarchy__Account_Hierarchy__mdt, acchierarchy__account_hierarchy_setup__c=accHierarchy__Account_Hierarchy_Setup__c, account=Account, accountcleaninfo=AccountCleanInfo, accountcontactrole=AccountContactRole, accountfeed=AccountFeed, accounthistory=AccountHistory, accountpartner=AccountPartner, accountshare=AccountShare, ...}"|0x39a9c795
18:57:57.0 (28638456)|STATEMENT_EXECUTE|[5]
18:57:57.0 (29657414)|HEAP_ALLOCATE|[5]|Bytes:20
18:57:57.0 (29710763)|VARIABLE_ASSIGNMENT|[5]|RecentlyViewedRecords.rvi|{"IsDeleted":false,"Name":"a0d28000002ZKNz","SetupOwnerId":"00528000001JBjQAAW","Records_to_Display__ (1 more) ...":"20"}|0x52654d90
18:57:57.0 (29719068)|STATEMENT_EXECUTE|[147]
18:57:57.0 (29720531)|STATEMENT_EXECUTE|[167]
18:57:57.0 (29727300)|METHOD_EXIT|[1]|RecentlyViewedRecords
18:57:57.0 (29734472)|HEAP_ALLOCATE|[EXTERNAL]|Bytes:4
18:57:57.0 (29738350)|HEAP_ALLOCATE|[EXTERNAL]|Bytes:12
18:57:57.0 (29743913)|SYSTEM_MODE_ENTER|false
18:57:57.0 (29753401)|VARIABLE_SCOPE_BEGIN|[33]|rvId|Id|false|false
18:57:57.0 (29809051)|VARIABLE_ASSIGNMENT|[33]|rvId|"a0f28000008b0AbAAI"
18:57:57.0 (29815639)|VARIABLE_SCOPE_BEGIN|[33]|objName|String|false|false
18:57:57.0 (29823811)|VARIABLE_ASSIGNMENT|[33]|objName|"Scheduler__c"
18:57:57.0 (29834933)|STATEMENT_EXECUTE|[33]
18:57:57.0 (29836325)|STATEMENT_EXECUTE|[34]
18:57:57.0 (29843828)|HEAP_ALLOCATE|[34]|Bytes:4
18:57:57.0 (29856070)|VARIABLE_SCOPE_BEGIN|[34]|objMap|Map<String,String>|true|false
18:57:57.0 (29872089)|VARIABLE_ASSIGNMENT|[34]|objMap|{}|0x478d9cbd
18:57:57.0 (29880920)|STATEMENT_EXECUTE|[35]
18:57:57.0 (29999212)|HEAP_ALLOCATE|[35]|Bytes:4
18:57:57.0 (30072433)|VARIABLE_SCOPE_BEGIN|[35]|owList|List<RecentlyViewedRecords.objectWrapper>|true|false
18:57:57.0 (30104559)|HEAP_ALLOCATE|[EXTERNAL]|Bytes:4
18:57:57.0 (30117854)|VARIABLE_ASSIGNMENT|[35]|owList|[]|0x306f7eb6
18:57:57.0 (30127657)|STATEMENT_EXECUTE|[36]
18:57:57.0 (38412258)|HEAP_ALLOCATE|[36]|Bytes:1628
18:57:57.0 (38435382)|VARIABLE_SCOPE_BEGIN|[36]|globalDescribeMap|Map<String,Schema.SObjectType>|true|false
18:57:57.0 (38624232)|VARIABLE_ASSIGNMENT|[36]|globalDescribeMap|"{acceptedeventrelation=AcceptedEventRelation, acchierarchy__account_hierarchy__mdt=accHierarchy__Account_Hierarchy__mdt, acchierarchy__account_hierarchy_setup__c=accHierarchy__Account_Hierarchy_Setup__c, account=Account, accountcleaninfo=AccountCleanInfo, accountcontactrole=AccountContactRole, accountfeed=AccountFeed, accounthistory=AccountHistory, accountpartner=AccountPartner, accountshare=AccountShare, ...}"|0x4e31ce2
18:57:57.0 (38639035)|STATEMENT_EXECUTE|[37]
18:57:57.0 (38703648)|VARIABLE_SCOPE_BEGIN|[37]|SObjectTypeObj|Schema.SObjectType|true|false
18:57:57.0 (38755349)|VARIABLE_ASSIGNMENT|[37]|SObjectTypeObj|"common.apex.runtime.impl.ApexSObjectTypeToken@7c12d823"|0x7c12d823
18:57:57.0 (38763148)|STATEMENT_EXECUTE|[38]
18:57:57.0 (38931693)|HEAP_ALLOCATE|[38]|Bytes:4
18:57:57.0 (38957006)|VARIABLE_SCOPE_BEGIN|[38]|describeSObjectResultObj|Schema.DescribeSObjectResult|true|false
18:57:57.0 (39015990)|VARIABLE_ASSIGNMENT|[38]|describeSObjectResultObj|"common.api.soap.wsdl.DescribeSObjectResult@315dff72"|0x989e94
18:57:57.0 (39025425)|STATEMENT_EXECUTE|[39]
18:57:57.0 (39029586)|HEAP_ALLOCATE|[39]|Bytes:15
18:57:57.0 (39038400)|HEAP_ALLOCATE|[39]|Bytes:2
18:57:57.0 (39148080)|HEAP_ALLOCATE|[39]|Bytes:378
18:57:57.0 (39169423)|HEAP_ALLOCATE|[39]|Bytes:414
18:57:57.0 (39186300)|USER_DEBUG|[39]|DEBUG|FIELDSET_NAME==RecentlyViewedHover==Schema.DescribeSObjectResult[getHasSubtypes=false;getKeyPrefix=a0f;getLabel=Scheduler;getLabelPlural=Scheduler;getName=Scheduler__c;isAccessible=true;isCreateable=true;isCustom=true;isCustomSetting=false;isDeletable=true;isDeprecatedAndHidden=false;isFeedEnabled=false;isMergeable=false;isMruEnabled=true;isQueryable=true;isSearchable=true;isUndeletable=true;isUpdateable=true;]
18:57:57.0 (39199021)|STATEMENT_EXECUTE|[40]
18:57:57.0 (40439580)|HEAP_ALLOCATE|[40]|Bytes:4
18:57:57.0 (40495279)|VARIABLE_SCOPE_BEGIN|[40]|fieldSetObj|Schema.FieldSet|true|false
18:57:57.0 (40508072)|VARIABLE_ASSIGNMENT|[40]|fieldSetObj|null|
18:57:57.0 (40513176)|STATEMENT_EXECUTE|[41]
18:57:57.0 (40516590)|HEAP_ALLOCATE|[41]|Bytes:13
18:57:57.0 (40559972)|HEAP_ALLOCATE|[41]|Bytes:17
18:57:57.0 (40570859)|USER_DEBUG|[41]|DEBUG|fieldSetObj==null
18:57:57.0 (40577902)|STATEMENT_EXECUTE|[42]
18:57:57.0 (40584735)|HEAP_ALLOCATE|[42]|Bytes:4
18:57:57.0 (40608346)|VARIABLE_SCOPE_BEGIN|[42]|fieldApis|List<String>|true|false
18:57:57.0 (40632972)|HEAP_ALLOCATE|[EXTERNAL]|Bytes:4
18:57:57.0 (40643289)|VARIABLE_ASSIGNMENT|[42]|fieldApis|[]|0x2bc56d92
18:57:57.0 (40649378)|STATEMENT_EXECUTE|[43]
18:57:57.0 (40655042)|HEAP_ALLOCATE|[43]|Bytes:4
18:57:57.0 (40676944)|VARIABLE_SCOPE_BEGIN|[43]|refFieldToIgnore|Set<String>|true|false
18:57:57.0 (40702895)|VARIABLE_ASSIGNMENT|[43]|refFieldToIgnore|[]|0x6fed2a40
18:57:57.0 (40709855)|STATEMENT_EXECUTE|[44]
18:57:57.0 (40713427)|HEAP_ALLOCATE|[44]|Bytes:4
18:57:57.0 (40720649)|VARIABLE_SCOPE_BEGIN|[44]|refMap|Map<String,String>|true|false
18:57:57.0 (40734215)|VARIABLE_ASSIGNMENT|[44]|refMap|{}|0x9c14064
18:57:57.0 (40739326)|STATEMENT_EXECUTE|[45]
18:57:57.0 (40741606)|VARIABLE_SCOPE_BEGIN|[45]|query|String|false|false
18:57:57.0 (40750111)|VARIABLE_ASSIGNMENT|[45]|query|null
18:57:57.0 (40758241)|STATEMENT_EXECUTE|[66]
18:57:57.0 (40760816)|HEAP_ALLOCATE|[67]|Bytes:4
18:57:57.0 (40796230)|STATEMENT_EXECUTE|[67]
18:57:57.0 (40797708)|STATEMENT_EXECUTE|[68]
18:57:57.0 (40800303)|HEAP_ALLOCATE|[68]|Bytes:4
18:57:57.0 (40822653)|HEAP_ALLOCATE|[EXTERNAL]|Bytes:4
18:57:57.0 (40829640)|STATEMENT_EXECUTE|[69]
18:57:57.0 (40831643)|HEAP_ALLOCATE|[69]|Bytes:20
18:57:57.0 (40836131)|HEAP_ALLOCATE|[69]|Bytes:13
18:57:57.0 (40853046)|HEAP_ALLOCATE|[69]|Bytes:18
18:57:57.0 (40862548)|HEAP_ALLOCATE|[69]|Bytes:1
18:57:57.0 (40871377)|HEAP_ALLOCATE|[69]|Bytes:64
18:57:57.0 (40880293)|VARIABLE_ASSIGNMENT|[69]|query|"Select Id,Name from  (44 more) ..."
18:57:57.0 (40885191)|STATEMENT_EXECUTE|[85]
18:57:57.0 (40887496)|HEAP_ALLOCATE|[85]|Bytes:7
18:57:57.0 (40892375)|HEAP_ALLOCATE|[85]|Bytes:71
18:57:57.0 (40909322)|USER_DEBUG|[85]|DEBUG|query==Select Id,Name from Scheduler__c where Id = 'a0f28000008b0AbAAI'
18:57:57.0 (40917801)|STATEMENT_EXECUTE|[86]
18:57:57.0 (41077474)|SOQL_EXECUTE_BEGIN|[86]|Aggregations:0|Select Id,Name from Scheduler__c where Id = 'a0f28000008b0AbAAI'
18:57:57.0 (42488360)|SOQL_EXECUTE_END|[86]|Rows:1
18:57:57.0 (42506309)|HEAP_ALLOCATE|[86]|Bytes:8
18:57:57.0 (42520044)|HEAP_ALLOCATE|[86]|Bytes:47
18:57:57.0 (42564802)|HEAP_ALLOCATE|[86]|Bytes:8
18:57:57.0 (42578854)|HEAP_ALLOCATE|[86]|Bytes:33
18:57:57.0 (42617692)|HEAP_ALLOCATE|[86]|Bytes:12
18:57:57.0 (42624964)|VARIABLE_SCOPE_BEGIN|[86]|so|SObject|true|false
18:57:57.0 (42645469)|VARIABLE_ASSIGNMENT|[86]|so|{"Id":"a0f28000008b0AbAAI","Name":"SCH-000002"}|0x28645d5a
18:57:57.0 (42653103)|STATEMENT_EXECUTE|[87]
18:57:57.0 (42656163)|HEAP_ALLOCATE|[87]|Bytes:4
18:57:57.0 (42719233)|HEAP_ALLOCATE|[87]|Bytes:53
18:57:57.0 (42735274)|HEAP_ALLOCATE|[87]|Bytes:57
18:57:57.0 (42746519)|USER_DEBUG|[87]|DEBUG|so==Scheduler__c:{Id=a0f28000008b0AbAAI, Name=SCH-000002}
18:57:57.0 (42814439)|HEAP_ALLOCATE|[88]|Bytes:5
18:57:57.0 (42825637)|HEAP_ALLOCATE|[88]|Bytes:4
18:57:57.0 (42832698)|VARIABLE_SCOPE_BEGIN|[88]|st|String|false|false
18:57:57.0 (42843360)|VARIABLE_ASSIGNMENT|[88]|st|"name"
18:57:57.0 (42848619)|STATEMENT_EXECUTE|[88]
18:57:57.0 (59904013)|STATEMENT_EXECUTE|[89]
18:57:57.0 (59914140)|STATEMENT_EXECUTE|[90]
18:57:57.0 (59952768)|METHOD_ENTRY|[90]|01p2800000FELrp|RecentlyViewedRecords.findFieldInfo(String, String)
18:57:57.0 (60004482)|VARIABLE_SCOPE_BEGIN|[136]|objName|String|false|false
18:57:57.0 (60031844)|VARIABLE_ASSIGNMENT|[136]|objName|"Scheduler__c"
18:57:57.0 (60041499)|VARIABLE_SCOPE_BEGIN|[136]|fieldApi|String|false|false
18:57:57.0 (60053797)|VARIABLE_ASSIGNMENT|[136]|fieldApi|"name"
18:57:57.0 (60064448)|STATEMENT_EXECUTE|[136]
18:57:57.0 (60066579)|STATEMENT_EXECUTE|[137]
18:57:57.0 (60161827)|VARIABLE_SCOPE_BEGIN|[137]|leadSchema|Schema.SObjectType|true|false
18:57:57.0 (60269599)|VARIABLE_ASSIGNMENT|[137]|leadSchema|"common.apex.runtime.impl.ApexSObjectTypeToken@7c12d823"|0x7c12d823
18:57:57.0 (60284962)|STATEMENT_EXECUTE|[138]
18:57:57.0 (60346449)|HEAP_ALLOCATE|[138]|Bytes:4
18:57:57.0 (60673242)|HEAP_ALLOCATE|[138]|Bytes:64
18:57:57.0 (60692195)|METHOD_EXIT|[90]|01p2800000FELrp|RecentlyViewedRecords.findFieldInfo(String, String)
18:57:57.0 (60710354)|VARIABLE_SCOPE_BEGIN|[90]|fieldMap|Map<String,Schema.SObjectField>|true|false
18:57:57.0 (60913722)|VARIABLE_ASSIGNMENT|[90]|fieldMap|"{createdbyid=CreatedById, createddate=CreatedDate, filter_wrapper_json__c=Filter_Wrapper_JSON__c, id=Id, isdeleted=IsDeleted, lastmodifiedbyid=LastModifiedById, lastmodifieddate=LastModifiedDate, lastreferenceddate=LastReferencedDate, lastvieweddate=LastViewedDate, name=Name, ...}"|0x7bc94549
18:57:57.0 (60936415)|STATEMENT_EXECUTE|[91]
18:57:57.0 (60960502)|HEAP_ALLOCATE|[91]|Bytes:180
18:57:57.0 (60973566)|HEAP_ALLOCATE|[91]|Bytes:23
18:57:57.0 (60989203)|HEAP_ALLOCATE|[91]|Bytes:28
18:57:57.0 (61009769)|CONSTRUCTOR_ENTRY|[91]|01p2800000FELrp|<init>()
18:57:57.0 (61037527)|VARIABLE_SCOPE_BEGIN|[167]|this|RecentlyViewedRecords.objectWrapper|true|false
18:57:57.0 (61092834)|VARIABLE_ASSIGNMENT|[167]|this|{}|0x7997cdd
18:57:57.0 (61109006)|HEAP_ALLOCATE|[EXTERNAL]|Bytes:6
18:57:57.0 (61149831)|STATEMENT_EXECUTE|[167]
18:57:57.0 (61152437)|STATEMENT_EXECUTE|[169]
18:57:57.0 (61154046)|STATEMENT_EXECUTE|[171]
18:57:57.0 (61155363)|STATEMENT_EXECUTE|[173]
18:57:57.0 (61156763)|STATEMENT_EXECUTE|[175]
18:57:57.0 (61158092)|STATEMENT_EXECUTE|[177]
18:57:57.0 (61159515)|STATEMENT_EXECUTE|[179]
18:57:57.0 (61166722)|CONSTRUCTOR_EXIT|[91]|01p2800000FELrp|<init>()
18:57:57.0 (61178594)|VARIABLE_SCOPE_BEGIN|[91]|ow|RecentlyViewedRecords.objectWrapper|true|false
18:57:57.0 (61206562)|VARIABLE_ASSIGNMENT|[91]|ow|{}|0x7997cdd
18:57:57.0 (61216934)|STATEMENT_EXECUTE|[92]
18:57:57.0 (61556193)|HEAP_ALLOCATE|[92]|Bytes:8
18:57:57.0 (61587280)|HEAP_ALLOCATE|[92]|Bytes:14
18:57:57.0 (61634257)|VARIABLE_ASSIGNMENT|[EXTERNAL]|this|{}|0x7997cdd
18:57:57.0 (61648382)|VARIABLE_ASSIGNMENT|[EXTERNAL]|value|"Scheduler Name"
18:57:57.0 (61665585)|VARIABLE_ASSIGNMENT|[169]|this.label|"Scheduler Name"|0x7997cdd
18:57:57.0 (61679742)|STATEMENT_EXECUTE|[93]
18:57:57.0 (61767156)|HEAP_ALLOCATE|[93]|Bytes:10
18:57:57.0 (61798926)|HEAP_ALLOCATE|[93]|Bytes:10
18:57:57.0 (61845440)|VARIABLE_ASSIGNMENT|[EXTERNAL]|this|{"label":"Scheduler Name"}|0x7997cdd
18:57:57.0 (61861509)|VARIABLE_ASSIGNMENT|[EXTERNAL]|value|"SCH-000002"
18:57:57.0 (61874168)|VARIABLE_ASSIGNMENT|[171]|this.value|"SCH-000002"|0x7997cdd
18:57:57.0 (61887835)|STATEMENT_EXECUTE|[94]
18:57:57.0 (61956866)|VARIABLE_ASSIGNMENT|[EXTERNAL]|this|{"label":"Scheduler Name","value":"SCH-000002"}|0x7997cdd
18:57:57.0 (61972693)|VARIABLE_ASSIGNMENT|[EXTERNAL]|value|null
18:57:57.0 (61983962)|VARIABLE_ASSIGNMENT|[173]|this.refName|null|0x7997cdd
18:57:57.0 (61996205)|STATEMENT_EXECUTE|[95]
18:57:57.0 (62036656)|VARIABLE_ASSIGNMENT|[EXTERNAL]|this|{"label":"Scheduler Name","value":"SCH-000002"}|0x7997cdd
18:57:57.0 (62050118)|VARIABLE_ASSIGNMENT|[EXTERNAL]|value|"name"
18:57:57.0 (62063227)|VARIABLE_ASSIGNMENT|[175]|this.api|"name"|0x7997cdd
18:57:57.0 (62077670)|STATEMENT_EXECUTE|[96]
18:57:57.0 (62150894)|HEAP_ALLOCATE|[96]|Bytes:8
18:57:57.0 (63092559)|HEAP_ALLOCATE|[96]|Bytes:12
18:57:57.0 (63129080)|HEAP_ALLOCATE|[96]|Bytes:6
18:57:57.0 (63170039)|VARIABLE_ASSIGNMENT|[EXTERNAL]|this|{"api":"name","label":"Scheduler Name","value":"SCH-000002"}|0x7997cdd
18:57:57.0 (63178890)|VARIABLE_ASSIGNMENT|[EXTERNAL]|value|"STRING"
18:57:57.0 (63187351)|VARIABLE_ASSIGNMENT|[177]|this.type|"STRING"|0x7997cdd
18:57:57.0 (63196281)|STATEMENT_EXECUTE|[98]
18:57:57.0 (63199148)|HEAP_ALLOCATE|[98]|Bytes:4
18:57:57.0 (63246880)|HEAP_ALLOCATE|[98]|Bytes:105
18:57:57.0 (63260865)|HEAP_ALLOCATE|[98]|Bytes:109
18:57:57.0 (63270889)|USER_DEBUG|[98]|DEBUG|ow==objectWrapper:[api=name, iconUrl=null, label=Scheduler Name, refName=null, type=STRING, value=SCH-000002]
18:57:57.0 (63286548)|STATEMENT_EXECUTE|[99]
18:57:57.0 (63312716)|HEAP_ALLOCATE|[EXTERNAL]|Bytes:4
18:57:57.0 (63333323)|HEAP_ALLOCATE|[88]|Bytes:5
18:57:57.0 (63345086)|VARIABLE_ASSIGNMENT|[88]|st|null
18:57:57.0 (63350013)|STATEMENT_EXECUTE|[102]
18:57:57.0 (63357053)|SYSTEM_MODE_EXIT|false
18:57:57.63 (63381996)|CUMULATIVE_LIMIT_USAGE
18:57:57.63 (63381996)|LIMIT_USAGE_FOR_NS|(default)|
  Number of SOQL queries: 1 out of 100
  Number of query rows: 1 out of 50000
  Number of SOSL queries: 0 out of 20
  Number of DML statements: 0 out of 150
  Number of DML rows: 0 out of 10000
  Maximum CPU time: 0 out of 10000
  Maximum heap size: 0 out of 6000000
  Number of callouts: 0 out of 100
  Number of Email Invocations: 0 out of 10
  Number of future calls: 0 out of 50
  Number of queueable jobs added to the queue: 0 out of 50
  Number of Mobile Apex push calls: 0 out of 10

18:57:57.63 (63381996)|CUMULATIVE_LIMIT_USAGE_END

18:57:57.0 (63414920)|CODE_UNIT_FINISHED|RecentlyViewedRecords.queryCompactLayout
18:57:57.0 (65204209)|CODE_UNIT_STARTED|[EXTERNAL]|Aura
18:57:57.0 (65243192)|CODE_UNIT_FINISHED|Aura
18:57:57.0 (65266906)|CODE_UNIT_FINISHED|Aura
18:57:57.0 (65971352)|EXECUTION_FINISHED
18:57:57.68 (68128981)|USER_INFO|[EXTERNAL]|00528000001JBjQ|ramu.veligeti@yahoo.co.in|Pacific Standard Time|GMT-07:00
18:57:57.68 (68145033)|EXECUTION_STARTED
18:57:57.68 (68147922)|CODE_UNIT_STARTED|[EXTERNAL]|Aura
18:57:57.68 (68261718)|HEAP_ALLOCATE|[EXTERNAL]|Bytes:18
18:57:57.68 (68273194)|HEAP_ALLOCATE|[EXTERNAL]|Bytes:4
18:57:57.68 (68311826)|HEAP_ALLOCATE|[EXTERNAL]|Bytes:12
18:57:57.68 (68317288)|HEAP_ALLOCATE|[EXTERNAL]|Bytes:12
18:57:57.68 (68967152)|CODE_UNIT_STARTED|[EXTERNAL]|01p2800000FELrp|RecentlyViewedRecords.queryCompactLayout
18:57:57.68 (69000564)|HEAP_ALLOCATE|[EXTERNAL]|Bytes:4
18:57:57.68 (69005777)|HEAP_ALLOCATE|[EXTERNAL]|Bytes:12
18:57:57.68 (69013068)|SYSTEM_MODE_ENTER|false
18:57:57.68 (69022478)|VARIABLE_SCOPE_BEGIN|[33]|rvId|Id|false|false
18:57:57.68 (69101476)|VARIABLE_ASSIGNMENT|[33]|rvId|"a0f28000008b0AbAAI"
18:57:57.68 (69108002)|VARIABLE_SCOPE_BEGIN|[33]|objName|String|false|false
18:57:57.68 (69117931)|VARIABLE_ASSIGNMENT|[33]|objName|"Scheduler__c"
18:57:57.68 (69126265)|STATEMENT_EXECUTE|[33]
18:57:57.68 (69127610)|STATEMENT_EXECUTE|[34]
18:57:57.68 (69131405)|HEAP_ALLOCATE|[34]|Bytes:4
18:57:57.68 (69141505)|VARIABLE_SCOPE_BEGIN|[34]|objMap|Map<String,String>|true|false
18:57:57.68 (69157625)|VARIABLE_ASSIGNMENT|[34]|objMap|{}|0x62564258
18:57:57.68 (69163060)|STATEMENT_EXECUTE|[35]
18:57:57.68 (69166017)|HEAP_ALLOCATE|[35]|Bytes:4
18:57:57.68 (69178290)|VARIABLE_SCOPE_BEGIN|[35]|owList|List<RecentlyViewedRecords.objectWrapper>|true|false
18:57:57.68 (69202738)|HEAP_ALLOCATE|[EXTERNAL]|Bytes:4
18:57:57.68 (69211342)|VARIABLE_ASSIGNMENT|[35]|owList|[]|0x767d6333
18:57:57.68 (69216477)|STATEMENT_EXECUTE|[36]
18:57:57.68 (74471731)|HEAP_ALLOCATE|[36]|Bytes:1628
18:57:57.68 (74491972)|VARIABLE_SCOPE_BEGIN|[36]|globalDescribeMap|Map<String,Schema.SObjectType>|true|false
18:57:57.68 (74667868)|VARIABLE_ASSIGNMENT|[36]|globalDescribeMap|"{acceptedeventrelation=AcceptedEventRelation, acchierarchy__account_hierarchy__mdt=accHierarchy__Account_Hierarchy__mdt, acchierarchy__account_hierarchy_setup__c=accHierarchy__Account_Hierarchy_Setup__c, account=Account, accountcleaninfo=AccountCleanInfo, accountcontactrole=AccountContactRole, accountfeed=AccountFeed, accounthistory=AccountHistory, accountpartner=AccountPartner, accountshare=AccountShare, ...}"|0x3dc36546
18:57:57.68 (74685328)|STATEMENT_EXECUTE|[37]
18:57:57.68 (74710675)|VARIABLE_SCOPE_BEGIN|[37]|SObjectTypeObj|Schema.SObjectType|true|false
18:57:57.68 (74758990)|VARIABLE_ASSIGNMENT|[37]|SObjectTypeObj|"common.apex.runtime.impl.ApexSObjectTypeToken@7c12d823"|0x7c12d823
18:57:57.68 (74768036)|STATEMENT_EXECUTE|[38]
18:57:57.68 (74790160)|HEAP_ALLOCATE|[38]|Bytes:4
18:57:57.68 (74798858)|VARIABLE_SCOPE_BEGIN|[38]|describeSObjectResultObj|Schema.DescribeSObjectResult|true|false
18:57:57.68 (74849464)|VARIABLE_ASSIGNMENT|[38]|describeSObjectResultObj|"common.api.soap.wsdl.DescribeSObjectResult@315dff72"|0x4947186
18:57:57.68 (74856230)|STATEMENT_EXECUTE|[39]
18:57:57.68 (74945756)|HEAP_ALLOCATE|[39]|Bytes:378
18:57:57.68 (74962808)|HEAP_ALLOCATE|[39]|Bytes:414
18:57:57.68 (74972604)|USER_DEBUG|[39]|DEBUG|FIELDSET_NAME==RecentlyViewedHover==Schema.DescribeSObjectResult[getHasSubtypes=false;getKeyPrefix=a0f;getLabel=Scheduler;getLabelPlural=Scheduler;getName=Scheduler__c;isAccessible=true;isCreateable=true;isCustom=true;isCustomSetting=false;isDeletable=true;isDeprecatedAndHidden=false;isFeedEnabled=false;isMergeable=false;isMruEnabled=true;isQueryable=true;isSearchable=true;isUndeletable=true;isUpdateable=true;]
18:57:57.68 (74986604)|STATEMENT_EXECUTE|[40]
18:57:57.68 (75794186)|HEAP_ALLOCATE|[40]|Bytes:4
18:57:57.68 (75817787)|VARIABLE_SCOPE_BEGIN|[40]|fieldSetObj|Schema.FieldSet|true|false
18:57:57.68 (75829203)|VARIABLE_ASSIGNMENT|[40]|fieldSetObj|null|
18:57:57.68 (75834467)|STATEMENT_EXECUTE|[41]
18:57:57.68 (75853743)|HEAP_ALLOCATE|[41]|Bytes:17
18:57:57.68 (75862485)|USER_DEBUG|[41]|DEBUG|fieldSetObj==null
18:57:57.68 (75868286)|STATEMENT_EXECUTE|[42]
18:57:57.68 (75871751)|HEAP_ALLOCATE|[42]|Bytes:4
18:57:57.68 (75883062)|VARIABLE_SCOPE_BEGIN|[42]|fieldApis|List<String>|true|false
18:57:57.68 (75904096)|HEAP_ALLOCATE|[EXTERNAL]|Bytes:4
18:57:57.68 (75912787)|VARIABLE_ASSIGNMENT|[42]|fieldApis|[]|0x5400b7ce
18:57:57.68 (75918515)|STATEMENT_EXECUTE|[43]
18:57:57.68 (75924390)|HEAP_ALLOCATE|[43]|Bytes:4
18:57:57.68 (75936068)|VARIABLE_SCOPE_BEGIN|[43]|refFieldToIgnore|Set<String>|true|false
18:57:57.68 (75956304)|VARIABLE_ASSIGNMENT|[43]|refFieldToIgnore|[]|0x49793286
18:57:57.68 (75962083)|STATEMENT_EXECUTE|[44]
18:57:57.68 (75965147)|HEAP_ALLOCATE|[44]|Bytes:4
18:57:57.68 (75970463)|VARIABLE_SCOPE_BEGIN|[44]|refMap|Map<String,String>|true|false
18:57:57.68 (75982517)|VARIABLE_ASSIGNMENT|[44]|refMap|{}|0x6f3697ba
18:57:57.68 (75987427)|STATEMENT_EXECUTE|[45]
18:57:57.68 (75989908)|VARIABLE_SCOPE_BEGIN|[45]|query|String|false|false
18:57:57.68 (75997604)|VARIABLE_ASSIGNMENT|[45]|query|null
18:57:57.68 (76001802)|STATEMENT_EXECUTE|[66]
18:57:57.68 (76020880)|STATEMENT_EXECUTE|[67]
18:57:57.68 (76022148)|STATEMENT_EXECUTE|[68]
18:57:57.68 (76028844)|HEAP_ALLOCATE|[EXTERNAL]|Bytes:4
18:57:57.68 (76034233)|STATEMENT_EXECUTE|[69]
18:57:57.68 (76043993)|HEAP_ALLOCATE|[69]|Bytes:18
18:57:57.68 (76055123)|HEAP_ALLOCATE|[69]|Bytes:64
18:57:57.68 (76063027)|VARIABLE_ASSIGNMENT|[69]|query|"Select Id,Name from  (44 more) ..."
18:57:57.68 (76067444)|STATEMENT_EXECUTE|[85]
18:57:57.68 (76071425)|HEAP_ALLOCATE|[85]|Bytes:71
18:57:57.68 (76078589)|USER_DEBUG|[85]|DEBUG|query==Select Id,Name from Scheduler__c where Id = 'a0f28000008b0AbAAI'
18:57:57.68 (76084378)|STATEMENT_EXECUTE|[86]
18:57:57.68 (76229491)|SOQL_EXECUTE_BEGIN|[86]|Aggregations:0|Select Id,Name from Scheduler__c where Id = 'a0f28000008b0AbAAI'
18:57:57.68 (77580394)|SOQL_EXECUTE_END|[86]|Rows:1
18:57:57.68 (77597485)|HEAP_ALLOCATE|[86]|Bytes:8
18:57:57.68 (77609577)|HEAP_ALLOCATE|[86]|Bytes:47
18:57:57.68 (77628202)|HEAP_ALLOCATE|[86]|Bytes:8
18:57:57.68 (77656915)|HEAP_ALLOCATE|[86]|Bytes:12
18:57:57.68 (77664613)|VARIABLE_SCOPE_BEGIN|[86]|so|SObject|true|false
18:57:57.68 (77682314)|VARIABLE_ASSIGNMENT|[86]|so|{"Id":"a0f28000008b0AbAAI","Name":"SCH-000002"}|0x6f7daa4e
18:57:57.68 (77694824)|STATEMENT_EXECUTE|[87]
18:57:57.68 (77732255)|HEAP_ALLOCATE|[87]|Bytes:53
18:57:57.68 (77746829)|HEAP_ALLOCATE|[87]|Bytes:57
18:57:57.68 (77755115)|USER_DEBUG|[87]|DEBUG|so==Scheduler__c:{Id=a0f28000008b0AbAAI, Name=SCH-000002}
18:57:57.68 (77780991)|HEAP_ALLOCATE|[88]|Bytes:5
18:57:57.68 (77790363)|HEAP_ALLOCATE|[88]|Bytes:4
18:57:57.68 (77797720)|VARIABLE_SCOPE_BEGIN|[88]|st|String|false|false
18:57:57.68 (77807255)|VARIABLE_ASSIGNMENT|[88]|st|"name"
18:57:57.68 (77812166)|STATEMENT_EXECUTE|[88]
18:57:57.68 (77823011)|STATEMENT_EXECUTE|[89]
18:57:57.68 (77824409)|STATEMENT_EXECUTE|[90]
18:57:57.68 (77832559)|METHOD_ENTRY|[90]|01p2800000FELrp|RecentlyViewedRecords.findFieldInfo(String, String)
18:57:57.68 (77840272)|VARIABLE_SCOPE_BEGIN|[136]|objName|String|false|false
18:57:57.68 (77847863)|VARIABLE_ASSIGNMENT|[136]|objName|"Scheduler__c"
18:57:57.68 (77851881)|VARIABLE_SCOPE_BEGIN|[136]|fieldApi|String|false|false
18:57:57.68 (77858881)|VARIABLE_ASSIGNMENT|[136]|fieldApi|"name"
18:57:57.68 (77864317)|STATEMENT_EXECUTE|[136]
18:57:57.68 (77865685)|STATEMENT_EXECUTE|[137]
18:57:57.68 (77880731)|VARIABLE_SCOPE_BEGIN|[137]|leadSchema|Schema.SObjectType|true|false
18:57:57.68 (77934918)|VARIABLE_ASSIGNMENT|[137]|leadSchema|"common.apex.runtime.impl.ApexSObjectTypeToken@7c12d823"|0x7c12d823
18:57:57.68 (77942303)|STATEMENT_EXECUTE|[138]
18:57:57.68 (77959615)|HEAP_ALLOCATE|[138]|Bytes:4
18:57:57.68 (78082491)|HEAP_ALLOCATE|[138]|Bytes:64
18:57:57.68 (78093729)|METHOD_EXIT|[90]|01p2800000FELrp|RecentlyViewedRecords.findFieldInfo(String, String)
18:57:57.68 (78101562)|VARIABLE_SCOPE_BEGIN|[90]|fieldMap|Map<String,Schema.SObjectField>|true|false
18:57:57.68 (78220343)|VARIABLE_ASSIGNMENT|[90]|fieldMap|"{createdbyid=CreatedById, createddate=CreatedDate, filter_wrapper_json__c=Filter_Wrapper_JSON__c, id=Id, isdeleted=IsDeleted, lastmodifiedbyid=LastModifiedById, lastmodifieddate=LastModifiedDate, lastreferenceddate=LastReferencedDate, lastvieweddate=LastViewedDate, name=Name, ...}"|0x663276bd
18:57:57.68 (78231828)|STATEMENT_EXECUTE|[91]
18:57:57.68 (78237638)|HEAP_ALLOCATE|[91]|Bytes:28
18:57:57.68 (78246697)|CONSTRUCTOR_ENTRY|[91]|01p2800000FELrp|<init>()
18:57:57.68 (78254410)|VARIABLE_SCOPE_BEGIN|[167]|this|RecentlyViewedRecords.objectWrapper|true|false
18:57:57.68 (78280946)|VARIABLE_ASSIGNMENT|[167]|this|{}|0x7c54d034
18:57:57.68 (78296719)|STATEMENT_EXECUTE|[167]
18:57:57.68 (78297907)|STATEMENT_EXECUTE|[169]
18:57:57.68 (78298877)|STATEMENT_EXECUTE|[171]
18:57:57.68 (78300042)|STATEMENT_EXECUTE|[173]
18:57:57.68 (78301155)|STATEMENT_EXECUTE|[175]
18:57:57.68 (78302043)|STATEMENT_EXECUTE|[177]
18:57:57.68 (78302955)|STATEMENT_EXECUTE|[179]
18:57:57.68 (78306036)|CONSTRUCTOR_EXIT|[91]|01p2800000FELrp|<init>()
18:57:57.68 (78311744)|VARIABLE_SCOPE_BEGIN|[91]|ow|RecentlyViewedRecords.objectWrapper|true|false
18:57:57.68 (78328033)|VARIABLE_ASSIGNMENT|[91]|ow|{}|0x7c54d034
18:57:57.68 (78333801)|STATEMENT_EXECUTE|[92]
18:57:57.68 (78388371)|HEAP_ALLOCATE|[92]|Bytes:8
18:57:57.68 (78400620)|HEAP_ALLOCATE|[92]|Bytes:14
18:57:57.68 (78421067)|VARIABLE_ASSIGNMENT|[EXTERNAL]|this|{}|0x7c54d034
18:57:57.68 (78429394)|VARIABLE_ASSIGNMENT|[EXTERNAL]|value|"Scheduler Name"
18:57:57.68 (78439158)|VARIABLE_ASSIGNMENT|[169]|this.label|"Scheduler Name"|0x7c54d034
18:57:57.68 (78447672)|STATEMENT_EXECUTE|[93]
18:57:57.68 (78478890)|HEAP_ALLOCATE|[93]|Bytes:10
18:57:57.68 (78495124)|HEAP_ALLOCATE|[93]|Bytes:10
18:57:57.68 (78518727)|VARIABLE_ASSIGNMENT|[EXTERNAL]|this|{"label":"Scheduler Name"}|0x7c54d034
18:57:57.68 (78526452)|VARIABLE_ASSIGNMENT|[EXTERNAL]|value|"SCH-000002"
18:57:57.68 (78533686)|VARIABLE_ASSIGNMENT|[171]|this.value|"SCH-000002"|0x7c54d034
18:57:57.68 (78541022)|STATEMENT_EXECUTE|[94]
18:57:57.68 (78566792)|VARIABLE_ASSIGNMENT|[EXTERNAL]|this|{"label":"Scheduler Name","value":"SCH-000002"}|0x7c54d034
18:57:57.68 (78574747)|VARIABLE_ASSIGNMENT|[EXTERNAL]|value|null
18:57:57.68 (78581107)|VARIABLE_ASSIGNMENT|[173]|this.refName|null|0x7c54d034
18:57:57.68 (78587811)|STATEMENT_EXECUTE|[95]
18:57:57.68 (78601960)|VARIABLE_ASSIGNMENT|[EXTERNAL]|this|{"label":"Scheduler Name","value":"SCH-000002"}|0x7c54d034
18:57:57.68 (78608719)|VARIABLE_ASSIGNMENT|[EXTERNAL]|value|"name"
18:57:57.68 (78615318)|VARIABLE_ASSIGNMENT|[175]|this.api|"name"|0x7c54d034
18:57:57.68 (78621645)|STATEMENT_EXECUTE|[96]
18:57:57.68 (78648466)|HEAP_ALLOCATE|[96]|Bytes:8
18:57:57.68 (78696300)|HEAP_ALLOCATE|[96]|Bytes:12
18:57:57.68 (78717125)|HEAP_ALLOCATE|[96]|Bytes:6
18:57:57.68 (78742724)|VARIABLE_ASSIGNMENT|[EXTERNAL]|this|{"api":"name","label":"Scheduler Name","value":"SCH-000002"}|0x7c54d034
18:57:57.68 (78750768)|VARIABLE_ASSIGNMENT|[EXTERNAL]|value|"STRING"
18:57:57.68 (78757568)|VARIABLE_ASSIGNMENT|[177]|this.type|"STRING"|0x7c54d034
18:57:57.68 (78766677)|STATEMENT_EXECUTE|[98]
18:57:57.68 (78792056)|HEAP_ALLOCATE|[98]|Bytes:105
18:57:57.68 (78803112)|HEAP_ALLOCATE|[98]|Bytes:109
18:57:57.68 (78811109)|USER_DEBUG|[98]|DEBUG|ow==objectWrapper:[api=name, iconUrl=null, label=Scheduler Name, refName=null, type=STRING, value=SCH-000002]
18:57:57.68 (78818007)|STATEMENT_EXECUTE|[99]
18:57:57.68 (78825283)|HEAP_ALLOCATE|[EXTERNAL]|Bytes:4
18:57:57.68 (78837109)|HEAP_ALLOCATE|[88]|Bytes:5
18:57:57.68 (78846854)|VARIABLE_ASSIGNMENT|[88]|st|null
18:57:57.68 (78851588)|STATEMENT_EXECUTE|[102]
18:57:57.68 (78858193)|SYSTEM_MODE_EXIT|false
18:57:57.78 (78879852)|CUMULATIVE_LIMIT_USAGE
18:57:57.78 (78879852)|LIMIT_USAGE_FOR_NS|(default)|
  Number of SOQL queries: 2 out of 100
  Number of query rows: 2 out of 50000
  Number of SOSL queries: 0 out of 20
  Number of DML statements: 0 out of 150
  Number of DML rows: 0 out of 10000
  Maximum CPU time: 0 out of 10000
  Maximum heap size: 0 out of 6000000
  Number of callouts: 0 out of 100
  Number of Email Invocations: 0 out of 10
  Number of future calls: 0 out of 50
  Number of queueable jobs added to the queue: 0 out of 50
  Number of Mobile Apex push calls: 0 out of 10

18:57:57.78 (78879852)|CUMULATIVE_LIMIT_USAGE_END

18:57:57.68 (78910409)|CODE_UNIT_FINISHED|RecentlyViewedRecords.queryCompactLayout
18:57:57.68 (79933367)|CODE_UNIT_STARTED|[EXTERNAL]|Aura
18:57:57.68 (79973316)|CODE_UNIT_FINISHED|Aura
18:57:57.68 (79997155)|CODE_UNIT_FINISHED|Aura
18:57:57.68 (80804173)|EXECUTION_FINISHED
