40.0 APEX_CODE,FINEST;APEX_PROFILING,INFO;CALLOUT,INFO;DB,INFO;SYSTEM,DEBUG;VALIDATION,INFO;VISUALFORCE,INFO;WAVE,INFO;WORKFLOW,INFO
19:03:28.0 (84813)|USER_INFO|[EXTERNAL]|00528000001JBjQ|ramu.veligeti@yahoo.co.in|Pacific Standard Time|GMT-07:00
19:03:28.0 (1761200)|ENTERING_MANAGED_PKG|accHierarchy
19:03:28.0 (2128487)|ENTERING_MANAGED_PKG|accHierarchy
19:03:28.0 (8182285)|ENTERING_MANAGED_PKG|accHierarchy
19:03:28.0 (13261571)|SOQL_EXECUTE_BEGIN|[99]|Aggregations:0|SELECT Account_fields__c FROM Account_Hierarchy_Setup__C LIMIT 1
19:03:28.0 (16946415)|SOQL_EXECUTE_END|[99]|Rows:1
19:03:28.0 (20732474)|ENTERING_MANAGED_PKG|accHierarchy
19:03:28.0 (20865393)|ENTERING_MANAGED_PKG|accHierarchy
19:03:28.0 (20952852)|ENTERING_MANAGED_PKG|accHierarchy
19:03:28.0 (21001909)|ENTERING_MANAGED_PKG|accHierarchy
19:03:28.0 (21067020)|ENTERING_MANAGED_PKG|accHierarchy
19:03:28.0 (21554662)|ENTERING_MANAGED_PKG|accHierarchy
19:03:28.0 (21649517)|ENTERING_MANAGED_PKG|accHierarchy
19:03:28.0 (21721799)|ENTERING_MANAGED_PKG|accHierarchy
19:03:28.0 (21758057)|ENTERING_MANAGED_PKG|accHierarchy
19:03:28.0 (21804746)|ENTERING_MANAGED_PKG|accHierarchy
19:03:28.0 (21837717)|ENTERING_MANAGED_PKG|accHierarchy
19:03:28.0 (21887336)|ENTERING_MANAGED_PKG|accHierarchy
19:03:28.0 (23099573)|ENTERING_MANAGED_PKG|accHierarchy
19:03:28.0 (23588812)|ENTERING_MANAGED_PKG|accHierarchy
19:03:28.0 (24478248)|SOQL_EXECUTE_BEGIN|[36]|Aggregations:0|SELECT Id, State, CronJobDetail.Id, CronJobDetail.Name, CronJobDetail.JobType FROM CronTrigger WHERE CronJobDetail.Name = :tmpVar1 LIMIT 1
19:03:28.0 (29038130)|SOQL_EXECUTE_END|[36]|Rows:0
19:03:28.0 (29673226)|SOQL_EXECUTE_BEGIN|[37]|Aggregations:0|SELECT Id FROM ApexClass WHERE Name = :tmpVar1 LIMIT 1
19:03:28.0 (35489607)|SOQL_EXECUTE_END|[37]|Rows:1
19:03:28.0 (36813035)|SOQL_EXECUTE_BEGIN|[38]|Aggregations:0|SELECT Id FROM AsyncApexJob WHERE ((ApexClassID = :tmpVar1 AND Status != 'Aborted' AND Status != 'Completed' AND Status != 'Failed') OR (ApexClassID = :tmpVar2 AND Status = 'Completed' AND CompletedDate <= :tmpVar3 AND CompletedDate >= :tmpVar4)) LIMIT 1
19:03:28.0 (40277242)|SOQL_EXECUTE_END|[38]|Rows:0
19:03:28.0 (40674623)|ENTERING_MANAGED_PKG|accHierarchy
19:03:28.0 (40786176)|ENTERING_MANAGED_PKG|accHierarchy
19:03:28.0 (40827221)|ENTERING_MANAGED_PKG|accHierarchy
19:03:28.0 (40897993)|ENTERING_MANAGED_PKG|accHierarchy
19:03:28.0 (41290914)|ENTERING_MANAGED_PKG|accHierarchy
19:03:28.0 (42091695)|SOQL_EXECUTE_BEGIN|[1189]|Aggregations:0|SELECT hierarchy_parents__C, topParentId__c,Name,Phone,Ownership,BillingCity,NumberOfEmployees,Id,ParentId from Account WHERE id = :accountId LIMIT 1
19:03:28.0 (48941829)|SOQL_EXECUTE_END|[1189]|Rows:1
19:03:28.0 (49210241)|ENTERING_MANAGED_PKG|accHierarchy
19:03:28.0 (49750595)|SOQL_EXECUTE_BEGIN|[1193]|Aggregations:0|SELECT Name,Phone,Ownership,BillingCity,NumberOfEmployees,Id,ParentId from Account WHERE parentId = :accountId LIMIT 4
19:03:28.0 (53674923)|SOQL_EXECUTE_END|[1193]|Rows:0
19:03:28.0 (53811131)|ENTERING_MANAGED_PKG|accHierarchy
19:03:28.0 (54365205)|ENTERING_MANAGED_PKG|accHierarchy
19:03:28.0 (54472651)|ENTERING_MANAGED_PKG|accHierarchy
19:03:28.0 (54539084)|ENTERING_MANAGED_PKG|accHierarchy
19:03:28.0 (54607156)|ENTERING_MANAGED_PKG|accHierarchy
19:03:28.0 (54662488)|ENTERING_MANAGED_PKG|accHierarchy
19:03:28.0 (58125498)|SOQL_EXECUTE_BEGIN|[20]|Aggregations:0|SELECT Profile.PermissionsViewAllData FROM User WHERE Id = :tmpVar1 LIMIT 1
19:03:28.0 (65994407)|SOQL_EXECUTE_END|[20]|Rows:1
19:03:28.0 (66305787)|ENTERING_MANAGED_PKG|accHierarchy
19:03:28.0 (66399178)|ENTERING_MANAGED_PKG|accHierarchy
19:03:28.0 (66440832)|ENTERING_MANAGED_PKG|accHierarchy
19:03:28.0 (66489529)|ENTERING_MANAGED_PKG|accHierarchy
19:03:28.0 (66556462)|ENTERING_MANAGED_PKG|accHierarchy
19:03:28.0 (66601885)|ENTERING_MANAGED_PKG|accHierarchy
19:03:28.0 (66659679)|ENTERING_MANAGED_PKG|accHierarchy
19:03:28.0 (66705964)|ENTERING_MANAGED_PKG|accHierarchy
19:03:28.0 (66745868)|ENTERING_MANAGED_PKG|accHierarchy
19:03:28.0 (66800903)|ENTERING_MANAGED_PKG|accHierarchy
19:03:28.0 (67039704)|ENTERING_MANAGED_PKG|accHierarchy
19:03:28.0 (67094667)|ENTERING_MANAGED_PKG|accHierarchy
19:03:28.0 (67140183)|ENTERING_MANAGED_PKG|accHierarchy
19:03:28.0 (67188556)|ENTERING_MANAGED_PKG|accHierarchy
19:03:28.0 (67226524)|ENTERING_MANAGED_PKG|accHierarchy
19:03:28.0 (67285098)|ENTERING_MANAGED_PKG|accHierarchy
19:03:28.0 (67319392)|ENTERING_MANAGED_PKG|accHierarchy
19:03:28.0 (67611837)|ENTERING_MANAGED_PKG|accHierarchy
19:03:28.0 (67641474)|ENTERING_MANAGED_PKG|accHierarchy
19:03:28.0 (67671003)|ENTERING_MANAGED_PKG|accHierarchy
19:03:28.0 (67722741)|ENTERING_MANAGED_PKG|accHierarchy
19:03:28.0 (67844161)|ENTERING_MANAGED_PKG|accHierarchy
19:03:28.0 (67894507)|ENTERING_MANAGED_PKG|accHierarchy
19:03:28.0 (67917010)|ENTERING_MANAGED_PKG|accHierarchy
19:03:28.0 (68000009)|ENTERING_MANAGED_PKG|accHierarchy
19:03:28.0 (68024120)|ENTERING_MANAGED_PKG|accHierarchy
19:03:28.0 (68037759)|ENTERING_MANAGED_PKG|accHierarchy
19:03:28.0 (68048387)|ENTERING_MANAGED_PKG|accHierarchy
19:03:28.0 (68059067)|ENTERING_MANAGED_PKG|accHierarchy
19:03:28.0 (68069984)|ENTERING_MANAGED_PKG|accHierarchy
19:03:28.0 (68079668)|ENTERING_MANAGED_PKG|accHierarchy
19:03:28.0 (68217719)|ENTERING_MANAGED_PKG|accHierarchy
19:03:28.0 (68247261)|ENTERING_MANAGED_PKG|accHierarchy
19:03:28.0 (68269723)|ENTERING_MANAGED_PKG|accHierarchy
19:03:28.0 (68295735)|ENTERING_MANAGED_PKG|accHierarchy
19:03:28.0 (68318343)|ENTERING_MANAGED_PKG|accHierarchy
19:03:28.0 (68399096)|ENTERING_MANAGED_PKG|accHierarchy
19:03:28.0 (68437935)|ENTERING_MANAGED_PKG|accHierarchy
19:03:28.0 (68455627)|ENTERING_MANAGED_PKG|accHierarchy
19:03:28.0 (68521390)|ENTERING_MANAGED_PKG|accHierarchy
19:03:28.0 (68541527)|ENTERING_MANAGED_PKG|accHierarchy
19:03:28.0 (68553499)|ENTERING_MANAGED_PKG|accHierarchy
19:03:28.0 (68564354)|ENTERING_MANAGED_PKG|accHierarchy
19:03:28.0 (68575296)|ENTERING_MANAGED_PKG|accHierarchy
19:03:28.0 (68585315)|ENTERING_MANAGED_PKG|accHierarchy
19:03:28.0 (68596102)|ENTERING_MANAGED_PKG|accHierarchy
19:03:28.0 (68723004)|ENTERING_MANAGED_PKG|accHierarchy
19:03:28.0 (68741329)|ENTERING_MANAGED_PKG|accHierarchy
19:03:28.0 (68759942)|ENTERING_MANAGED_PKG|accHierarchy
19:03:28.0 (68779099)|ENTERING_MANAGED_PKG|accHierarchy
19:03:28.0 (68796389)|ENTERING_MANAGED_PKG|accHierarchy
19:03:28.0 (68861126)|ENTERING_MANAGED_PKG|accHierarchy
19:03:28.0 (68889259)|ENTERING_MANAGED_PKG|accHierarchy
19:03:28.0 (68901453)|ENTERING_MANAGED_PKG|accHierarchy
19:03:28.0 (68960330)|ENTERING_MANAGED_PKG|accHierarchy
19:03:28.0 (68980874)|ENTERING_MANAGED_PKG|accHierarchy
19:03:28.0 (68992570)|ENTERING_MANAGED_PKG|accHierarchy
19:03:28.0 (69002848)|ENTERING_MANAGED_PKG|accHierarchy
19:03:28.0 (69014065)|ENTERING_MANAGED_PKG|accHierarchy
19:03:28.0 (69024413)|ENTERING_MANAGED_PKG|accHierarchy
19:03:28.0 (69034466)|ENTERING_MANAGED_PKG|accHierarchy
19:03:28.0 (69156238)|ENTERING_MANAGED_PKG|accHierarchy
19:03:28.0 (69174259)|ENTERING_MANAGED_PKG|accHierarchy
19:03:28.0 (69195276)|ENTERING_MANAGED_PKG|accHierarchy
19:03:28.0 (69214867)|ENTERING_MANAGED_PKG|accHierarchy
19:03:28.0 (69227561)|ENTERING_MANAGED_PKG|accHierarchy
19:03:28.0 (69291080)|ENTERING_MANAGED_PKG|accHierarchy
19:03:28.0 (69324749)|ENTERING_MANAGED_PKG|accHierarchy
19:03:28.0 (69338725)|ENTERING_MANAGED_PKG|accHierarchy
19:03:28.0 (69397675)|ENTERING_MANAGED_PKG|accHierarchy
19:03:28.0 (69423506)|ENTERING_MANAGED_PKG|accHierarchy
19:03:28.0 (69436641)|ENTERING_MANAGED_PKG|accHierarchy
19:03:28.0 (69447251)|ENTERING_MANAGED_PKG|accHierarchy
19:03:28.0 (69457508)|ENTERING_MANAGED_PKG|accHierarchy
19:03:28.0 (69468148)|ENTERING_MANAGED_PKG|accHierarchy
19:03:28.0 (69478602)|ENTERING_MANAGED_PKG|accHierarchy
19:03:28.0 (69596260)|ENTERING_MANAGED_PKG|accHierarchy
19:03:28.0 (69614200)|ENTERING_MANAGED_PKG|accHierarchy
19:03:28.0 (69635074)|ENTERING_MANAGED_PKG|accHierarchy
19:03:28.0 (69652467)|ENTERING_MANAGED_PKG|accHierarchy
19:03:28.0 (69665079)|ENTERING_MANAGED_PKG|accHierarchy
19:03:28.0 (69735873)|ENTERING_MANAGED_PKG|accHierarchy
19:03:28.0 (69767554)|ENTERING_MANAGED_PKG|accHierarchy
19:03:28.0 (69780479)|ENTERING_MANAGED_PKG|accHierarchy
19:03:28.0 (69824022)|ENTERING_MANAGED_PKG|accHierarchy
19:03:28.0 (69858941)|ENTERING_MANAGED_PKG|accHierarchy
19:03:28.0 (69886658)|ENTERING_MANAGED_PKG|accHierarchy
19:03:28.0 (69951124)|ENTERING_MANAGED_PKG|accHierarchy
19:03:28.0 (70107845)|ENTERING_MANAGED_PKG|accHierarchy
19:03:28.0 (70130530)|ENTERING_MANAGED_PKG|accHierarchy
19:03:28.0 (70288688)|ENTERING_MANAGED_PKG|accHierarchy
19:03:28.0 (70310889)|ENTERING_MANAGED_PKG|accHierarchy
19:03:28.0 (70349045)|ENTERING_MANAGED_PKG|accHierarchy
19:03:28.0 (70363995)|ENTERING_MANAGED_PKG|accHierarchy
19:03:28.0 (70380747)|ENTERING_MANAGED_PKG|accHierarchy
